#
# A fatal error has been detected by the Java Runtime Environment:
#
#  SIGSEGV (0xb) at pc=0x00007fffac52705d, pid=869, tid=0x0000000000000307
#
# JRE version: Java(TM) SE Runtime Environment (8.0_111-b14) (build 1.8.0_111-b14)
# Java VM: Java HotSpot(TM) 64-Bit Server VM (25.111-b14 mixed mode bsd-amd64 compressed oops)
# Problematic frame:
# C  [libobjc.A.dylib+0x705d]  objc_msgSend+0x1d
#
# Failed to write core dump. Core dumps have been disabled. To enable core dumping, try "ulimit -c unlimited" before starting Java again
#
# If you would like to submit a bug report, please visit:
#   http://bugreport.java.com/bugreport/crash.jsp
# The crash happened outside the Java Virtual Machine in native code.
# See problematic frame for where to report the bug.
#

---------------  T H R E A D  ---------------

Current thread (0x00007f80fd10e000):  JavaThread "AWT-AppKit" daemon [_thread_in_native, id=775, stack(0x00007fff51c48000,0x00007fff52448000)]

siginfo: si_signo: 11 (SIGSEGV), si_code: 1 (SEGV_MAPERR), si_addr: 0x0000000000000018

Registers:
RAX=0x00007f80fc4b2010, RBX=0x00000001588aa450, RCX=0x00007f80fea00030, RDX=0x0000000000000000
RSP=0x00007fff52443308, RBP=0x00007fff524433c0, RSI=0x00007fff95dda134, RDI=0x00007f8101884500
R8 =0x0000000000000018, R9 =0x00007f80fea00050, R10=0x0000000000000000, R11=0x00007fff95dda134
R12=0x0000000000000000, R13=0x00000001606de908, R14=0x00000001588aa440, R15=0x00007f80fd10e000
RIP=0x00007fffac52705d, EFLAGS=0x0000000000010246, ERR=0x0000000000000004
  TRAPNO=0x000000000000000e

Top of Stack: (sp=0x00007fff52443308)
0x00007fff52443308:   00000001588a8157 00007fff52443360
0x00007fff52443318:   0000000000000003 00007fff52443340
0x00007fff52443328:   000000010e3f27be 00000001606de908
0x00007fff52443338:   00000001606de908 00007f80fc4b2010
0x00007fff52443348:   00000001588aa6a0 00000001588aa710
0x00007fff52443358:   00007fffb258b6d0 00007fffb31bb1e0
0x00007fff52443368:   00000001588aa450 00000001588aa690
0x00007fff52443378:   00007f80fc4b2010 00007f8101884500
0x00007fff52443388:   00007f80fc44c5e0 00007f80fc4b2010
0x00007fff52443398:   00007f8101884500 00007fff52443448
0x00007fff524433a8:   00007f80fd10e1f8 00000001606de908
0x00007fff524433b8:   00007fff52443470 00007fff52443438
0x00007fff524433c8:   000000011752f9f4 00000001606de908
0x00007fff524433d8:   00007fff52443470 00007fff52443438
0x00007fff524433e8:   000000011752f787 000000011752f742
0x00007fff524433f8:   00007fff524433f8 00000001606de908
0x00007fff52443408:   00007fff52443470 00000001606e1540
0x00007fff52443418:   0000000000000000 00000001606de908
0x00007fff52443428:   0000000000000000 00007fff52443458
0x00007fff52443438:   00007fff524434b8 00000001175202bd
0x00007fff52443448:   0000000740491a80 0000000117529538
0x00007fff52443458:   00007f80fc4b2010 00007fff524434b8
0x00007fff52443468:   00007f8101884500 000000011752ae02
0x00007fff52443478:   00007fff52443478 00000001606dead2
0x00007fff52443488:   00007fff524434e0 00000001606e1540
0x00007fff52443498:   0000000000000000 00000001606deae0
0x00007fff524434a8:   00007fff52443458 00007fff524434c8
0x00007fff524434b8:   00007fff52443528 00000001175202bd
0x00007fff524434c8:   00007f80fc4b2010 000000074033c0c8
0x00007fff524434d8:   00007f8101884500 000000074033c0c8
0x00007fff524434e8:   00007fff524434e8 000000016328926e
0x00007fff524434f8:   00007fff52443538 0000000163289328 

Instructions: (pc=0x00007fffac52705d)
0x00007fffac52703d:   0f 1f 00 48 85 ff 2e 74 62 40 f6 c7 01 2e 75 66
0x00007fffac52704d:   49 ba f8 ff ff ff ff 7f 00 00 4c 23 17 49 89 f3
0x00007fffac52705d:   45 23 5a 18 49 c1 e3 04 4d 03 5a 10 49 3b 33 75
0x00007fffac52706d:   04 41 ff 63 08 49 83 3b 01 76 0d 49 83 c3 10 49 

Register to memory mapping:

RAX=0x00007f80fc4b2010 is an unknown value
RBX=0x00000001588aa450: Java_jogamp_nativewindow_macosx_OSXUtil_GetScreenRefreshRate0+0x1cf0 in /private/var/folders/99/pp3fz67d34l2n2q9ztrt9jpr0000gn/T/jogamp_0000/file_cache/jln9053429433183178122/jln430088500917537158/libnativewindow_macosx.jnilib at 0x00000001588a3000
RCX=0x00007f80fea00030 is an unknown value
RDX=0x0000000000000000 is an unknown value
RSP=0x00007fff52443308 is pointing into the stack for thread: 0x00007f80fd10e000
RBP=0x00007fff524433c0 is pointing into the stack for thread: 0x00007f80fd10e000
RSI=0x00007fff95dda134: __NSStyleNameIndexTable+0x7fcec in /System/Library/Frameworks/AppKit.framework/Versions/C/AppKit at 0x00007fff9516d000
RDI=0x00007f8101884500 is an unknown value
R8 =0x0000000000000018 is an unknown value
R9 =0x00007f80fea00050 is an unknown value
R10=0x0000000000000000 is an unknown value
R11=0x00007fff95dda134: __NSStyleNameIndexTable+0x7fcec in /System/Library/Frameworks/AppKit.framework/Versions/C/AppKit at 0x00007fff9516d000
R12=0x0000000000000000 is an unknown value
R13={method} {0x00000001606de908} 'UnsetJAWTRootSurfaceLayer0' '(JJ)V' in 'jogamp/nativewindow/jawt/macosx/MacOSXJAWTWindow'
R14=0x00000001588aa440: Java_jogamp_nativewindow_macosx_OSXUtil_GetScreenRefreshRate0+0x1ce0 in /private/var/folders/99/pp3fz67d34l2n2q9ztrt9jpr0000gn/T/jogamp_0000/file_cache/jln9053429433183178122/jln430088500917537158/libnativewindow_macosx.jnilib at 0x00000001588a3000
R15=0x00007f80fd10e000 is a thread


Stack: [0x00007fff51c48000,0x00007fff52448000],  sp=0x00007fff52443308,  free space=8172k
Native frames: (J=compiled Java code, j=interpreted, Vv=VM code, C=native code)
C  [libobjc.A.dylib+0x705d]  objc_msgSend+0x1d
j  jogamp.nativewindow.jawt.macosx.MacOSXJAWTWindow.UnsetJAWTRootSurfaceLayer0(JJ)V+0
j  jogamp.nativewindow.jawt.macosx.MacOSXJAWTWindow.access$200(JJ)V+2
j  jogamp.nativewindow.jawt.macosx.MacOSXJAWTWindow$1.run()V+38
J 2972 C1 com.jogamp.common.util.RunnableTask.run()V (345 bytes) @ 0x0000000117e22c34 [0x0000000117e22aa0+0x194]
v  ~StubRoutines::call_stub
V  [libjvm.dylib+0x2ecf8a]
V  [libjvm.dylib+0x324119]
V  [libjvm.dylib+0x3168e7]
C  [libnativewindow_macosx.jnilib+0x5326]  Java_jogamp_nativewindow_jawt_macosx_MacOSXJAWTWindow_UnsetJAWTRootSurfaceLayer0+0x2b6
C  [Foundation+0x7184a]  __NSThreadPerformPerform+0x146
C  [CoreFoundation+0xa73c1]  __CFRUNLOOP_IS_CALLING_OUT_TO_A_SOURCE0_PERFORM_FUNCTION__+0x11
C  [CoreFoundation+0x88247]  __CFRunLoopDoSources0+0x1a7
C  [CoreFoundation+0x877c6]  __CFRunLoopRun+0x3a6
C  [CoreFoundation+0x871c4]  CFRunLoopRunSpecific+0x1a4
C  [HIToolbox+0x30ebc]  RunCurrentEventLoopInMode+0xf0
C  [HIToolbox+0x30bf9]  ReceiveNextEventCommon+0xb8
C  [HIToolbox+0x30b26]  _BlockUntilNextEventMatchingListInModeWithFilter+0x47
C  [AppKit+0x46e24]  _DPSNextEvent+0x460
C  [AppKit+0x7c285e]  -[NSApplication(NSEvent) _nextEventMatchingEventMask:untilDate:inMode:dequeue:]+0xaec
C  [libosxapp.dylib+0x23aa]  -[NSApplicationAWT nextEventMatchingMask:untilDate:inMode:dequeue:]+0x7c
C  [AppKit+0x3b7ab]  -[NSApplication run]+0x39e
C  [libosxapp.dylib+0x214d]  +[NSApplicationAWT runAWTLoopWithApp:]+0x9c
C  [libawt_lwawt.dylib+0x444b3]  -[AWTStarter starter:]+0x389
C  [Foundation+0x7184a]  __NSThreadPerformPerform+0x146
C  [CoreFoundation+0xa73c1]  __CFRUNLOOP_IS_CALLING_OUT_TO_A_SOURCE0_PERFORM_FUNCTION__+0x11
C  [CoreFoundation+0x882cd]  __CFRunLoopDoSources0+0x22d
C  [CoreFoundation+0x877c6]  __CFRunLoopRun+0x3a6
C  [CoreFoundation+0x871c4]  CFRunLoopRunSpecific+0x1a4
C  [java+0x6465]  CreateExecutionEnvironment+0x367
C  [java+0x218c]  JLI_Launch+0x7a0
C  [java+0x84c2]  main+0x65
C  [java+0x19e4]  start+0x34
C  0x0000000000000007

Java frames: (J=compiled Java code, j=interpreted, Vv=VM code)
j  jogamp.nativewindow.jawt.macosx.MacOSXJAWTWindow.UnsetJAWTRootSurfaceLayer0(JJ)V+0
j  jogamp.nativewindow.jawt.macosx.MacOSXJAWTWindow.access$200(JJ)V+2
j  jogamp.nativewindow.jawt.macosx.MacOSXJAWTWindow$1.run()V+38
J 2972 C1 com.jogamp.common.util.RunnableTask.run()V (345 bytes) @ 0x0000000117e22c34 [0x0000000117e22aa0+0x194]
v  ~StubRoutines::call_stub

---------------  P R O C E S S  ---------------

Java Threads: ( => current thread )
  0x00007f80fd59b000 JavaThread "Thread-49" [_thread_blocked, id=71159, stack(0x000070001043d000,0x000070001053d000)]
  0x00007f80fdda4000 JavaThread "Image Fetcher 2" daemon [_thread_blocked, id=73219, stack(0x0000700010b52000,0x0000700010c52000)]
  0x00007f8102c42800 JavaThread "Image Fetcher 1" daemon [_thread_blocked, id=72707, stack(0x0000700010a4f000,0x0000700010b4f000)]
  0x00007f80fdd9d000 JavaThread "Image Fetcher 0" daemon [_thread_blocked, id=72195, stack(0x000070001094c000,0x0000700010a4c000)]
  0x00007f8102c20800 JavaThread "Keep-Alive-Timer" daemon [_thread_blocked, id=71739, stack(0x0000700010849000,0x0000700010949000)]
  0x00007f80fd920800 JavaThread "AWT-EventQueue-1" [_thread_in_native, id=66575, stack(0x00007000102b7000,0x00007000103b7000)]
  0x00007f80fe1f0800 JavaThread "DestroyJavaVM" [_thread_blocked, id=7171, stack(0x000070000ec6f000,0x000070000ed6f000)]
  0x00007f80fd168000 JavaThread "AWT-EventQueue-0" [_thread_blocked, id=60179, stack(0x00007000100b1000,0x00007000101b1000)]
  0x00007f80fd13e000 JavaThread "Java2D Disposer" daemon [_thread_blocked, id=56847, stack(0x000070000fe28000,0x000070000ff28000)]
  0x00007f80fd140800 JavaThread "Java2D Queue Flusher" daemon [_thread_blocked, id=47663, stack(0x000070000fd25000,0x000070000fe25000)]
  0x00007f80fd122000 JavaThread "AWT-Shutdown" [_thread_blocked, id=29727, stack(0x000070000fb1c000,0x000070000fc1c000)]
=>0x00007f80fd10e000 JavaThread "AWT-AppKit" daemon [_thread_in_native, id=775, stack(0x00007fff51c48000,0x00007fff52448000)]
  0x00007f80fd844800 JavaThread "Service Thread" daemon [_thread_blocked, id=18691, stack(0x000070000f893000,0x000070000f993000)]
  0x00007f80fd819000 JavaThread "C1 CompilerThread2" daemon [_thread_blocked, id=18179, stack(0x000070000f790000,0x000070000f890000)]
  0x00007f80fd80f000 JavaThread "C2 CompilerThread1" daemon [_thread_blocked, id=17667, stack(0x000070000f68d000,0x000070000f78d000)]
  0x00007f80fd80e000 JavaThread "C2 CompilerThread0" daemon [_thread_blocked, id=17155, stack(0x000070000f58a000,0x000070000f68a000)]
  0x00007f80fd80d800 JavaThread "Signal Dispatcher" daemon [_thread_blocked, id=16643, stack(0x000070000f487000,0x000070000f587000)]
  0x00007f80fc801000 JavaThread "Finalizer" daemon [_thread_blocked, id=12547, stack(0x000070000f384000,0x000070000f484000)]
  0x00007f80fe006000 JavaThread "Reference Handler" daemon [_thread_blocked, id=12035, stack(0x000070000f281000,0x000070000f381000)]

Other Threads:
  0x00007f80fd03f000 VMThread [stack: 0x000070000f17e000,0x000070000f27e000] [id=11523]
  0x00007f80fc801800 WatcherThread [stack: 0x000070000f996000,0x000070000fa96000] [id=19203]

VM state:not at safepoint (normal execution)

VM Mutex/Monitor currently owned by a thread: None

Heap:
 PSYoungGen      total 257024K, used 243059K [0x0000000795580000, 0x00000007a6000000, 0x00000007c0000000)
  eden space 244224K, 96% used [0x0000000795580000,0x00000007a3b18d00,0x00000007a4400000)
  from space 12800K, 62% used [0x00000007a5380000,0x00000007a5b44210,0x00000007a6000000)
  to   space 14336K, 0% used [0x00000007a4400000,0x00000007a4400000,0x00000007a5200000)
 ParOldGen       total 54784K, used 26639K [0x0000000740000000, 0x0000000743580000, 0x0000000795580000)
  object space 54784K, 48% used [0x0000000740000000,0x0000000741a03f98,0x0000000743580000)
 Metaspace       used 24466K, capacity 24757K, committed 25088K, reserved 1071104K
  class space    used 2420K, capacity 2517K, committed 2560K, reserved 1048576K

Card table byte_map: [0x000000010f561000,0x000000010f962000] byte_map_base: 0x000000010bb61000

Marking Bits: (ParMarkBitMap*) 0x000000010eaefd20
 Begin Bits: [0x000000010fc0d000, 0x0000000111c0d000)
 End Bits:   [0x0000000111c0d000, 0x0000000113c0d000)

Polling page: 0x000000010d931000

CodeCache: size=245760Kb used=10070Kb max_used=10329Kb free=235689Kb
 bounds [0x0000000117518000, 0x0000000117f48000, 0x0000000126518000]
 total_blobs=3875 nmethods=2951 adapters=837
 compilation: enabled

Compilation events (10 events):
Event: 12.282 Thread 0x00007f80fd819000 3611       3       com.jogamp.opengl.FBObject::bind (85 bytes)
Event: 12.282 Thread 0x00007f80fd819000 nmethod 3611 0x0000000117c97550 code [0x0000000117c97740, 0x0000000117c98178]
Event: 12.282 Thread 0x00007f80fd819000 3612   !   3       jogamp.common.util.locks.RecursiveLockImpl01Unfairish::isOwner (25 bytes)
Event: 12.283 Thread 0x00007f80fd819000 nmethod 3612 0x0000000117c96ed0 code [0x0000000117c97040, 0x0000000117c97408]
Event: 12.285 Thread 0x00007f80fd819000 3613       3       sun.java2d.pipe.RenderBuffer::putFloat (26 bytes)
Event: 12.286 Thread 0x00007f80fd819000 nmethod 3613 0x0000000117c967d0 code [0x0000000117c96940, 0x0000000117c96ad0]
Event: 12.286 Thread 0x00007f80fd819000 3616       3       java.util.IdentityHashMap::get (60 bytes)
Event: 12.286 Thread 0x00007f80fd819000 nmethod 3616 0x0000000117c95f50 code [0x0000000117c96100, 0x0000000117c965a8]
Event: 12.286 Thread 0x00007f80fd819000 3615       1       java.awt.Component::isEnabledImpl (5 bytes)
Event: 12.287 Thread 0x00007f80fd819000 nmethod 3615 0x0000000117daddd0 code [0x0000000117dadf20, 0x0000000117dae030]

GC Heap History (10 events):
Event: 7.358 GC heap before
{Heap before GC invocations=9 (full 1):
 PSYoungGen      total 107520K, used 97835K [0x0000000795580000, 0x00000007a0300000, 0x00000007c0000000)
  eden space 92672K, 100% used [0x0000000795580000,0x000000079b000000,0x000000079b000000)
  from space 14848K, 34% used [0x000000079b000000,0x000000079b50ad10,0x000000079be80000)
  to   space 14336K, 0% used [0x000000079f500000,0x000000079f500000,0x00000007a0300000)
 ParOldGen       total 54784K, used 21516K [0x0000000740000000, 0x0000000743580000, 0x0000000795580000)
  object space 54784K, 39% used [0x0000000740000000,0x0000000741503040,0x0000000743580000)
 Metaspace       used 24123K, capacity 24367K, committed 24576K, reserved 1071104K
  class space    used 2411K, capacity 2516K, committed 2560K, reserved 1048576K
Event: 7.364 GC heap after
Heap after GC invocations=9 (full 1):
 PSYoungGen      total 160256K, used 1328K [0x0000000795580000, 0x00000007a0200000, 0x00000007c0000000)
  eden space 146944K, 0% used [0x0000000795580000,0x0000000795580000,0x000000079e500000)
  from space 13312K, 9% used [0x000000079f500000,0x000000079f64c0a0,0x00000007a0200000)
  to   space 14848K, 0% used [0x000000079e500000,0x000000079e500000,0x000000079f380000)
 ParOldGen       total 54784K, used 25455K [0x0000000740000000, 0x0000000743580000, 0x0000000795580000)
  object space 54784K, 46% used [0x0000000740000000,0x00000007418dbea8,0x0000000743580000)
 Metaspace       used 24123K, capacity 24367K, committed 24576K, reserved 1071104K
  class space    used 2411K, capacity 2516K, committed 2560K, reserved 1048576K
}
Event: 8.336 GC heap before
{Heap before GC invocations=10 (full 1):
 PSYoungGen      total 160256K, used 148272K [0x0000000795580000, 0x00000007a0200000, 0x00000007c0000000)
  eden space 146944K, 100% used [0x0000000795580000,0x000000079e500000,0x000000079e500000)
  from space 13312K, 9% used [0x000000079f500000,0x000000079f64c0a0,0x00000007a0200000)
  to   space 14848K, 0% used [0x000000079e500000,0x000000079e500000,0x000000079f380000)
 ParOldGen       total 54784K, used 25455K [0x0000000740000000, 0x0000000743580000, 0x0000000795580000)
  object space 54784K, 46% used [0x0000000740000000,0x00000007418dbea8,0x0000000743580000)
 Metaspace       used 24194K, capacity 24501K, committed 24832K, reserved 1071104K
  class space    used 2412K, capacity 2517K, committed 2560K, reserved 1048576K
Event: 8.338 GC heap after
Heap after GC invocations=10 (full 1):
 PSYoungGen      total 161792K, used 160K [0x0000000795580000, 0x00000007a3080000, 0x00000007c0000000)
  eden space 146944K, 0% used [0x0000000795580000,0x0000000795580000,0x000000079e500000)
  from space 14848K, 1% used [0x000000079e500000,0x000000079e528000,0x000000079f380000)
  to   space 15360K, 0% used [0x00000007a2180000,0x00000007a2180000,0x00000007a3080000)
 ParOldGen       total 54784K, used 26575K [0x0000000740000000, 0x0000000743580000, 0x0000000795580000)
  object space 54784K, 48% used [0x0000000740000000,0x00000007419f3f98,0x0000000743580000)
 Metaspace       used 24194K, capacity 24501K, committed 24832K, reserved 1071104K
  class space    used 2412K, capacity 2517K, committed 2560K, reserved 1048576K
}
Event: 9.018 GC heap before
{Heap before GC invocations=11 (full 1):
 PSYoungGen      total 161792K, used 147104K [0x0000000795580000, 0x00000007a3080000, 0x00000007c0000000)
  eden space 146944K, 100% used [0x0000000795580000,0x000000079e500000,0x000000079e500000)
  from space 14848K, 1% used [0x000000079e500000,0x000000079e528000,0x000000079f380000)
  to   space 15360K, 0% used [0x00000007a2180000,0x00000007a2180000,0x00000007a3080000)
 ParOldGen       total 54784K, used 26575K [0x0000000740000000, 0x0000000743580000, 0x0000000795580000)
  object space 54784K, 48% used [0x0000000740000000,0x00000007419f3f98,0x0000000743580000)
 Metaspace       used 24266K, capacity 24501K, committed 24832K, reserved 1071104K
  class space    used 2412K, capacity 2517K, committed 2560K, reserved 1048576K
Event: 9.023 GC heap after
Heap after GC invocations=11 (full 1):
 PSYoungGen      total 203776K, used 6992K [0x0000000795580000, 0x00000007a2d80000, 0x00000007c0000000)
  eden space 191488K, 0% used [0x0000000795580000,0x0000000795580000,0x00000007a1080000)
  from space 12288K, 56% used [0x00000007a2180000,0x00000007a28541d0,0x00000007a2d80000)
  to   space 14848K, 0% used [0x00000007a1080000,0x00000007a1080000,0x00000007a1f00000)
 ParOldGen       total 54784K, used 26599K [0x0000000740000000, 0x0000000743580000, 0x0000000795580000)
  object space 54784K, 48% used [0x0000000740000000,0x00000007419f9f98,0x0000000743580000)
 Metaspace       used 24266K, capacity 24501K, committed 24832K, reserved 1071104K
  class space    used 2412K, capacity 2517K, committed 2560K, reserved 1048576K
}
Event: 10.042 GC heap before
{Heap before GC invocations=12 (full 1):
 PSYoungGen      total 203776K, used 198480K [0x0000000795580000, 0x00000007a2d80000, 0x00000007c0000000)
  eden space 191488K, 100% used [0x0000000795580000,0x00000007a1080000,0x00000007a1080000)
  from space 12288K, 56% used [0x00000007a2180000,0x00000007a28541d0,0x00000007a2d80000)
  to   space 14848K, 0% used [0x00000007a1080000,0x00000007a1080000,0x00000007a1f00000)
 ParOldGen       total 54784K, used 26599K [0x0000000740000000, 0x0000000743580000, 0x0000000795580000)
  object space 54784K, 48% used [0x0000000740000000,0x00000007419f9f98,0x0000000743580000)
 Metaspace       used 24322K, capacity 24629K, committed 24832K, reserved 1071104K
  class space    used 2412K, capacity 2517K, committed 2560K, reserved 1048576K
Event: 10.047 GC heap after
Heap after GC invocations=12 (full 1):
 PSYoungGen      total 206336K, used 8048K [0x0000000795580000, 0x00000007a6200000, 0x00000007c0000000)
  eden space 191488K, 0% used [0x0000000795580000,0x0000000795580000,0x00000007a1080000)
  from space 14848K, 54% used [0x00000007a1080000,0x00000007a185c210,0x00000007a1f00000)
  to   space 14848K, 0% used [0x00000007a5380000,0x00000007a5380000,0x00000007a6200000)
 ParOldGen       total 54784K, used 26631K [0x0000000740000000, 0x0000000743580000, 0x0000000795580000)
  object space 54784K, 48% used [0x0000000740000000,0x0000000741a01f98,0x0000000743580000)
 Metaspace       used 24322K, capacity 24629K, committed 24832K, reserved 1071104K
  class space    used 2412K, capacity 2517K, committed 2560K, reserved 1048576K
}
Event: 10.979 GC heap before
{Heap before GC invocations=13 (full 1):
 PSYoungGen      total 206336K, used 199536K [0x0000000795580000, 0x00000007a6200000, 0x00000007c0000000)
  eden space 191488K, 100% used [0x0000000795580000,0x00000007a1080000,0x00000007a1080000)
  from space 14848K, 54% used [0x00000007a1080000,0x00000007a185c210,0x00000007a1f00000)
  to   space 14848K, 0% used [0x00000007a5380000,0x00000007a5380000,0x00000007a6200000)
 ParOldGen       total 54784K, used 26631K [0x0000000740000000, 0x0000000743580000, 0x0000000795580000)
  object space 54784K, 48% used [0x0000000740000000,0x0000000741a01f98,0x0000000743580000)
 Metaspace       used 24366K, capacity 24629K, committed 24832K, reserved 1071104K
  class space    used 2412K, capacity 2517K, committed 2560K, reserved 1048576K
Event: 10.986 GC heap after
Heap after GC invocations=13 (full 1):
 PSYoungGen      total 257024K, used 7952K [0x0000000795580000, 0x00000007a6000000, 0x00000007c0000000)
  eden space 244224K, 0% used [0x0000000795580000,0x0000000795580000,0x00000007a4400000)
  from space 12800K, 62% used [0x00000007a5380000,0x00000007a5b44210,0x00000007a6000000)
  to   space 14336K, 0% used [0x00000007a4400000,0x00000007a4400000,0x00000007a5200000)
 ParOldGen       total 54784K, used 26639K [0x0000000740000000, 0x0000000743580000, 0x0000000795580000)
  object space 54784K, 48% used [0x0000000740000000,0x0000000741a03f98,0x0000000743580000)
 Metaspace       used 24366K, capacity 24629K, committed 24832K, reserved 1071104K
  class space    used 2412K, capacity 2517K, committed 2560K, reserved 1048576K
}

Deoptimization events (10 events):
Event: 8.500 Thread 0x00007f80fd920800 Uncommon trap: reason=unstable_if action=reinterpret pc=0x0000000117b534ec method=java.text.DecimalFormat.subformat(Ljava/lang/StringBuffer;Ljava/text/Format$FieldDelegate;ZZIIII)Ljava/lang/StringBuffer; @ 753
Event: 8.508 Thread 0x00007f80fd920800 Uncommon trap: reason=unstable_if action=reinterpret pc=0x0000000117b76974 method=module6.CommonMarker.draw(Lprocessing/core/PGraphics;FF)V @ 4
Event: 9.558 Thread 0x00007f80fd920800 Uncommon trap: reason=unstable_if action=reinterpret pc=0x0000000117e2b738 method=java.lang.Math.round(F)I @ 36
Event: 9.558 Thread 0x00007f80fd920800 Uncommon trap: reason=unstable_if action=reinterpret pc=0x00000001178bcb24 method=java.lang.Math.round(F)I @ 36
Event: 12.222 Thread 0x00007f80fd920800 Uncommon trap: reason=unstable_if action=reinterpret pc=0x0000000117f0c7e8 method=com.jogamp.common.util.VersionNumber.compareTo(Lcom/jogamp/common/util/VersionNumber;)I @ 21
Event: 12.225 Thread 0x00007f80fd168000 Uncommon trap: reason=unstable_if action=reinterpret pc=0x000000011785b4a8 method=java.awt.font.FontRenderContext.equals(Ljava/awt/font/FontRenderContext;)Z @ 2
Event: 12.271 Thread 0x00007f80fe1dd000 Uncommon trap: reason=class_check action=maybe_recompile pc=0x00000001179c090c method=java.util.HashMap.putVal(ILjava/lang/Object;Ljava/lang/Object;ZZ)Ljava/lang/Object; @ 91
Event: 12.271 Thread 0x00007f80fe1dd000 Uncommon trap: reason=class_check action=maybe_recompile pc=0x00000001179c090c method=java.util.HashMap.putVal(ILjava/lang/Object;Ljava/lang/Object;ZZ)Ljava/lang/Object; @ 91
Event: 12.271 Thread 0x00007f80fe1dd000 Uncommon trap: reason=class_check action=maybe_recompile pc=0x00000001179a7f00 method=java.util.HashMap.putVal(ILjava/lang/Object;Ljava/lang/Object;ZZ)Ljava/lang/Object; @ 91
Event: 12.285 Thread 0x00007f80fd920800 Uncommon trap: reason=unstable_if action=reinterpret pc=0x0000000117caaea8 method=java.security.AccessControlContext.optimize()Ljava/security/AccessControlContext; @ 233

Internal exceptions (10 events):
Event: 0.143 Thread 0x00007f80fc802800 Exception <a 'java/lang/NoSuchFieldError': method resolution failed> (0x0000000795785f98) thrown at [/Users/java_re/workspace/8-2-build-macosx-x86_64/jdk8u111/7883/hotspot/src/share/vm/prims/methodHandles.cpp, line 1146]
Event: 0.146 Thread 0x00007f80fc802800 Exception <a 'java/lang/NoSuchFieldError': method resolution failed> (0x0000000795793768) thrown at [/Users/java_re/workspace/8-2-build-macosx-x86_64/jdk8u111/7883/hotspot/src/share/vm/prims/methodHandles.cpp, line 1146]
Event: 0.341 Thread 0x00007f80fc802800 Exception <a 'java/io/FileNotFoundException'> (0x000000079580ee90) thrown at [/Users/java_re/workspace/8-2-build-macosx-x86_64/jdk8u111/7883/hotspot/src/share/vm/prims/jni.cpp, line 709]
Event: 0.341 Thread 0x00007f80fc802800 Exception <a 'java/io/FileNotFoundException'> (0x000000079580f9f8) thrown at [/Users/java_re/workspace/8-2-build-macosx-x86_64/jdk8u111/7883/hotspot/src/share/vm/prims/jni.cpp, line 709]
Event: 0.449 Thread 0x00007f80fc802800 Exception <a 'java/io/FileNotFoundException'> (0x000000079594b4a0) thrown at [/Users/java_re/workspace/8-2-build-macosx-x86_64/jdk8u111/7883/hotspot/src/share/vm/prims/jni.cpp, line 709]
Event: 2.086 Thread 0x00007f80fcc10000 Exception <a 'java/lang/UnsatisfiedLinkError': com.jogamp.common.util.JarUtil.fixNativeLibAttribs(Ljava/lang/String;)Z> (0x0000000796b72388) thrown at [/Users/java_re/workspace/8-2-build-macosx-x86_64/jdk8u111/7883/hotspot/src/share/vm/prims/nativeLookup.
Event: 2.392 Thread 0x00007f80fc801000 Exception <a 'java/lang/NullPointerException'> (0x00000007956a7878) thrown at [/Users/java_re/workspace/8-2-build-macosx-x86_64/jdk8u111/7883/hotspot/src/share/vm/interpreter/linkResolver.cpp, line 1178]
Event: 2.992 Thread 0x00007f80fd920800 Exception <a 'java/io/FileNotFoundException'> (0x0000000795ee2830) thrown at [/Users/java_re/workspace/8-2-build-macosx-x86_64/jdk8u111/7883/hotspot/src/share/vm/prims/jni.cpp, line 709]
Event: 2.992 Thread 0x00007f80fd920800 Exception <a 'java/io/FileNotFoundException'> (0x0000000795ee8c48) thrown at [/Users/java_re/workspace/8-2-build-macosx-x86_64/jdk8u111/7883/hotspot/src/share/vm/prims/jni.cpp, line 709]
Event: 2.992 Thread 0x00007f80fd920800 Implicit null exception at 0x00000001176b96b6 to 0x00000001176b9a81

Events (10 events):
Event: 12.285 Thread 0x00007f80fd920800 DEOPT UNPACKING pc=0x000000011751d229 sp=0x00007000103b4770 mode 2
Event: 12.285 loading class java/awt/LightweightDispatcher$2
Event: 12.285 loading class java/awt/LightweightDispatcher$2 done
Event: 12.285 loading class java/awt/event/AWTEventListenerProxy
Event: 12.285 loading class java/awt/event/AWTEventListenerProxy done
Event: 12.285 loading class java/awt/Toolkit$ToolkitEventMulticaster
Event: 12.285 loading class java/awt/Toolkit$ToolkitEventMulticaster done
Event: 12.285 Thread 0x00007f80fe1dd000 Thread exited: 0x00007f80fe1dd000
Event: 12.285 loading class java/awt/Window$1DisposeAction
Event: 12.285 loading class java/awt/Window$1DisposeAction done


Dynamic libraries:
0x00000000222bc000 	/System/Library/Frameworks/Cocoa.framework/Versions/A/Cocoa
0x00000000222bc000 	/System/Library/Frameworks/Security.framework/Versions/A/Security
0x00000000222bc000 	/System/Library/Frameworks/ApplicationServices.framework/Versions/A/ApplicationServices
0x00000000222bc000 	/usr/lib/libz.1.dylib
0x00000000222bc000 	/usr/lib/libSystem.B.dylib
0x00000000222bc000 	/usr/lib/libobjc.A.dylib
0x00000000222bc000 	/System/Library/Frameworks/CoreFoundation.framework/Versions/A/CoreFoundation
0x00000000222bc000 	/System/Library/Frameworks/Foundation.framework/Versions/C/Foundation
0x00000000222bc000 	/System/Library/Frameworks/AppKit.framework/Versions/C/AppKit
0x00000000222bc000 	/System/Library/Frameworks/CoreData.framework/Versions/A/CoreData
0x00000000222bc000 	/System/Library/PrivateFrameworks/RemoteViewServices.framework/Versions/A/RemoteViewServices
0x00000000222bc000 	/System/Library/PrivateFrameworks/UIFoundation.framework/Versions/A/UIFoundation
0x00000000222bc000 	/System/Library/PrivateFrameworks/DFRFoundation.framework/Versions/A/DFRFoundation
0x00000000222bc000 	/usr/lib/libenergytrace.dylib
0x00000000222bc000 	/System/Library/PrivateFrameworks/SkyLight.framework/Versions/A/SkyLight
0x00000000222bc000 	/System/Library/Frameworks/CoreGraphics.framework/Versions/A/CoreGraphics
0x00000000222bc000 	/usr/lib/libScreenReader.dylib
0x00000000222bc000 	/System/Library/Frameworks/Accelerate.framework/Versions/A/Accelerate
0x00000000222bc000 	/System/Library/Frameworks/IOSurface.framework/Versions/A/IOSurface
0x00000000222bc000 	/System/Library/Frameworks/AudioToolbox.framework/Versions/A/AudioToolbox
0x00000000222bc000 	/System/Library/Frameworks/AudioUnit.framework/Versions/A/AudioUnit
0x00000000222bc000 	/System/Library/PrivateFrameworks/DataDetectorsCore.framework/Versions/A/DataDetectorsCore
0x00000000222bc000 	/System/Library/PrivateFrameworks/DesktopServicesPriv.framework/Versions/A/DesktopServicesPriv
0x00000000222bc000 	/System/Library/Frameworks/Carbon.framework/Versions/A/Frameworks/HIToolbox.framework/Versions/A/HIToolbox
0x00000000222bc000 	/usr/lib/libicucore.A.dylib
0x00000000222bc000 	/System/Library/Frameworks/QuartzCore.framework/Versions/A/QuartzCore
0x00000000222bc000 	/System/Library/Frameworks/Carbon.framework/Versions/A/Frameworks/SpeechRecognition.framework/Versions/A/SpeechRecognition
0x00000000222bc000 	/usr/lib/libauto.dylib
0x00000000222bc000 	/usr/lib/libxml2.2.dylib
0x00000000222bc000 	/System/Library/PrivateFrameworks/CoreUI.framework/Versions/A/CoreUI
0x00000000222bc000 	/System/Library/Frameworks/CoreAudio.framework/Versions/A/CoreAudio
0x00000000222bc000 	/System/Library/Frameworks/DiskArbitration.framework/Versions/A/DiskArbitration
0x00000000222bc000 	/usr/lib/liblangid.dylib
0x00000000222bc000 	/System/Library/PrivateFrameworks/MultitouchSupport.framework/Versions/A/MultitouchSupport
0x00000000222bc000 	/System/Library/Frameworks/IOKit.framework/Versions/A/IOKit
0x00000000222bc000 	/usr/lib/libDiagnosticMessagesClient.dylib
0x00000000222bc000 	/System/Library/Frameworks/CoreServices.framework/Versions/A/CoreServices
0x00000000222bc000 	/System/Library/PrivateFrameworks/PerformanceAnalysis.framework/Versions/A/PerformanceAnalysis
0x00000000222bc000 	/System/Library/PrivateFrameworks/GenerationalStorage.framework/Versions/A/GenerationalStorage
0x00000000222bc000 	/System/Library/Frameworks/OpenGL.framework/Versions/A/OpenGL
0x00000000222bc000 	/System/Library/Frameworks/CoreImage.framework/Versions/A/CoreImage
0x00000000222bc000 	/System/Library/Frameworks/CoreText.framework/Versions/A/CoreText
0x00000000222bc000 	/System/Library/Frameworks/ImageIO.framework/Versions/A/ImageIO
0x00000000222bc000 	/System/Library/PrivateFrameworks/Backup.framework/Versions/A/Backup
0x00000000222bc000 	/usr/lib/libarchive.2.dylib
0x00000000222bc000 	/System/Library/Frameworks/CFNetwork.framework/Versions/A/CFNetwork
0x00000000222bc000 	/System/Library/Frameworks/SystemConfiguration.framework/Versions/A/SystemConfiguration
0x00000000222bc000 	/usr/lib/libCRFSuite.dylib
0x00000000222bc000 	/usr/lib/libc++.1.dylib
0x00000000222bc000 	/usr/lib/libc++abi.dylib
0x00000000222bc000 	/usr/lib/system/libcache.dylib
0x00000000222bc000 	/usr/lib/system/libcommonCrypto.dylib
0x00000000222bc000 	/usr/lib/system/libcompiler_rt.dylib
0x00000000222bc000 	/usr/lib/system/libcopyfile.dylib
0x00000000222bc000 	/usr/lib/system/libcorecrypto.dylib
0x00000000222bc000 	/usr/lib/system/libdispatch.dylib
0x00000000222bc000 	/usr/lib/system/libdyld.dylib
0x00000000222bc000 	/usr/lib/system/libkeymgr.dylib
0x00000000222bc000 	/usr/lib/system/liblaunch.dylib
0x00000000222bc000 	/usr/lib/system/libmacho.dylib
0x00000000222bc000 	/usr/lib/system/libquarantine.dylib
0x00000000222bc000 	/usr/lib/system/libremovefile.dylib
0x00000000222bc000 	/usr/lib/system/libsystem_asl.dylib
0x00000000222bc000 	/usr/lib/system/libsystem_blocks.dylib
0x00000000222bc000 	/usr/lib/system/libsystem_c.dylib
0x00000000222bc000 	/usr/lib/system/libsystem_configuration.dylib
0x00000000222bc000 	/usr/lib/system/libsystem_coreservices.dylib
0x00000000222bc000 	/usr/lib/system/libsystem_coretls.dylib
0x00000000222bc000 	/usr/lib/system/libsystem_dnssd.dylib
0x00000000222bc000 	/usr/lib/system/libsystem_info.dylib
0x00000000222bc000 	/usr/lib/system/libsystem_kernel.dylib
0x00000000222bc000 	/usr/lib/system/libsystem_m.dylib
0x00000000222bc000 	/usr/lib/system/libsystem_malloc.dylib
0x00000000222bc000 	/usr/lib/system/libsystem_network.dylib
0x00000000222bc000 	/usr/lib/system/libsystem_networkextension.dylib
0x00000000222bc000 	/usr/lib/system/libsystem_notify.dylib
0x00000000222bc000 	/usr/lib/system/libsystem_platform.dylib
0x00000000222bc000 	/usr/lib/system/libsystem_pthread.dylib
0x00000000222bc000 	/usr/lib/system/libsystem_sandbox.dylib
0x00000000222bc000 	/usr/lib/system/libsystem_secinit.dylib
0x00000000222bc000 	/usr/lib/system/libsystem_symptoms.dylib
0x00000000222bc000 	/usr/lib/system/libsystem_trace.dylib
0x00000000222bc000 	/usr/lib/system/libunwind.dylib
0x00000000222bc000 	/usr/lib/system/libxpc.dylib
0x00000000222bc000 	/usr/lib/libbsm.0.dylib
0x00000000222bc000 	/usr/lib/system/libkxld.dylib
0x00000000222bc000 	/usr/lib/libcoretls.dylib
0x00000000222bc000 	/usr/lib/libcoretls_cfhelpers.dylib
0x00000000222bc000 	/usr/lib/libOpenScriptingUtil.dylib
0x00000000222bc000 	/usr/lib/libpam.2.dylib
0x00000000222bc000 	/usr/lib/libsqlite3.dylib
0x00000000222bc000 	/usr/lib/libxar.1.dylib
0x00000000222bc000 	/usr/lib/libbz2.1.0.dylib
0x00000000222bc000 	/usr/lib/liblzma.5.dylib
0x00000000222bc000 	/usr/lib/libnetwork.dylib
0x00000000222bc000 	/usr/lib/libpcap.A.dylib
0x00000000222bc000 	/System/Library/Frameworks/CoreServices.framework/Versions/A/Frameworks/FSEvents.framework/Versions/A/FSEvents
0x00000000222bc000 	/System/Library/Frameworks/CoreServices.framework/Versions/A/Frameworks/CarbonCore.framework/Versions/A/CarbonCore
0x00000000222bc000 	/System/Library/Frameworks/CoreServices.framework/Versions/A/Frameworks/Metadata.framework/Versions/A/Metadata
0x00000000222bc000 	/System/Library/Frameworks/CoreServices.framework/Versions/A/Frameworks/OSServices.framework/Versions/A/OSServices
0x00000000222bc000 	/System/Library/Frameworks/CoreServices.framework/Versions/A/Frameworks/SearchKit.framework/Versions/A/SearchKit
0x00000000222bc000 	/System/Library/Frameworks/CoreServices.framework/Versions/A/Frameworks/AE.framework/Versions/A/AE
0x00000000222bc000 	/System/Library/Frameworks/CoreServices.framework/Versions/A/Frameworks/LaunchServices.framework/Versions/A/LaunchServices
0x00000000222bc000 	/System/Library/Frameworks/CoreServices.framework/Versions/A/Frameworks/DictionaryServices.framework/Versions/A/DictionaryServices
0x00000000222bc000 	/System/Library/Frameworks/CoreServices.framework/Versions/A/Frameworks/SharedFileList.framework/Versions/A/SharedFileList
0x00000000222bc000 	/System/Library/Frameworks/NetFS.framework/Versions/A/NetFS
0x00000000222bc000 	/System/Library/PrivateFrameworks/NetAuth.framework/Versions/A/NetAuth
0x00000000222bc000 	/System/Library/PrivateFrameworks/login.framework/Versions/A/Frameworks/loginsupport.framework/Versions/A/loginsupport
0x00000000222bc000 	/System/Library/PrivateFrameworks/TCC.framework/Versions/A/TCC
0x00000000222bc000 	/usr/lib/libmecabra.dylib
0x00000000222bc000 	/System/Library/Frameworks/ApplicationServices.framework/Versions/A/Frameworks/ATS.framework/Versions/A/ATS
0x00000000222bc000 	/System/Library/Frameworks/ApplicationServices.framework/Versions/A/Frameworks/ColorSync.framework/Versions/A/ColorSync
0x00000000222bc000 	/System/Library/Frameworks/ApplicationServices.framework/Versions/A/Frameworks/HIServices.framework/Versions/A/HIServices
0x00000000222bc000 	/System/Library/Frameworks/ApplicationServices.framework/Versions/A/Frameworks/LangAnalysis.framework/Versions/A/LangAnalysis
0x00000000222bc000 	/System/Library/Frameworks/ApplicationServices.framework/Versions/A/Frameworks/PrintCore.framework/Versions/A/PrintCore
0x00000000222bc000 	/System/Library/Frameworks/ApplicationServices.framework/Versions/A/Frameworks/QD.framework/Versions/A/QD
0x00000000222bc000 	/System/Library/Frameworks/ApplicationServices.framework/Versions/A/Frameworks/SpeechSynthesis.framework/Versions/A/SpeechSynthesis
0x00000000222bc000 	/System/Library/Frameworks/Accelerate.framework/Versions/A/Frameworks/vImage.framework/Versions/A/vImage
0x00000000222bc000 	/System/Library/Frameworks/Accelerate.framework/Versions/A/Frameworks/vecLib.framework/Versions/A/vecLib
0x00000000222bc000 	/System/Library/Frameworks/Accelerate.framework/Versions/A/Frameworks/vecLib.framework/Versions/A/libvDSP.dylib
0x00000000222bc000 	/System/Library/Frameworks/Accelerate.framework/Versions/A/Frameworks/vecLib.framework/Versions/A/libBNNS.dylib
0x00000000222bc000 	/System/Library/Frameworks/Accelerate.framework/Versions/A/Frameworks/vecLib.framework/Versions/A/libQuadrature.dylib
0x00000000222bc000 	/System/Library/Frameworks/Accelerate.framework/Versions/A/Frameworks/vecLib.framework/Versions/A/libvMisc.dylib
0x00000000222bc000 	/System/Library/Frameworks/Accelerate.framework/Versions/A/Frameworks/vecLib.framework/Versions/A/libLAPACK.dylib
0x00000000222bc000 	/System/Library/Frameworks/Accelerate.framework/Versions/A/Frameworks/vecLib.framework/Versions/A/libBLAS.dylib
0x00000000222bc000 	/System/Library/Frameworks/Accelerate.framework/Versions/A/Frameworks/vecLib.framework/Versions/A/libLinearAlgebra.dylib
0x00000000222bc000 	/System/Library/Frameworks/Accelerate.framework/Versions/A/Frameworks/vecLib.framework/Versions/A/libSparseBLAS.dylib
0x00000000222bc000 	/System/Library/Frameworks/ApplicationServices.framework/Versions/A/Frameworks/ATS.framework/Versions/A/Resources/libFontParser.dylib
0x00000000222bc000 	/System/Library/Frameworks/ApplicationServices.framework/Versions/A/Frameworks/ATS.framework/Versions/A/Resources/libFontRegistry.dylib
0x00000000222bc000 	/System/Library/Frameworks/ImageIO.framework/Versions/A/Resources/libJPEG.dylib
0x00000000222bc000 	/System/Library/Frameworks/ImageIO.framework/Versions/A/Resources/libTIFF.dylib
0x00000000222bc000 	/System/Library/Frameworks/ImageIO.framework/Versions/A/Resources/libPng.dylib
0x00000000222bc000 	/System/Library/Frameworks/ImageIO.framework/Versions/A/Resources/libGIF.dylib
0x00000000222bc000 	/System/Library/Frameworks/ImageIO.framework/Versions/A/Resources/libJP2.dylib
0x00000000222bc000 	/System/Library/Frameworks/ImageIO.framework/Versions/A/Resources/libRadiance.dylib
0x00000000222bc000 	/usr/lib/libcompression.dylib
0x00000000222bc000 	/System/Library/PrivateFrameworks/AppleJPEG.framework/Versions/A/AppleJPEG
0x00000000222bc000 	/usr/lib/libcups.2.dylib
0x00000000222bc000 	/System/Library/Frameworks/Kerberos.framework/Versions/A/Kerberos
0x00000000222bc000 	/System/Library/Frameworks/GSS.framework/Versions/A/GSS
0x00000000222bc000 	/usr/lib/libresolv.9.dylib
0x00000000222bc000 	/usr/lib/libiconv.2.dylib
0x00000000222bc000 	/System/Library/PrivateFrameworks/Heimdal.framework/Versions/A/Heimdal
0x00000000222bc000 	/usr/lib/libheimdal-asn1.dylib
0x00000000222bc000 	/System/Library/Frameworks/OpenDirectory.framework/Versions/A/OpenDirectory
0x00000000222bc000 	/System/Library/PrivateFrameworks/CommonAuth.framework/Versions/A/CommonAuth
0x00000000222bc000 	/System/Library/Frameworks/OpenDirectory.framework/Versions/A/Frameworks/CFOpenDirectory.framework/Versions/A/CFOpenDirectory
0x00000000222bc000 	/System/Library/Frameworks/SecurityFoundation.framework/Versions/A/SecurityFoundation
0x00000000222bc000 	/System/Library/PrivateFrameworks/LanguageModeling.framework/Versions/A/LanguageModeling
0x00000000222bc000 	/usr/lib/libmarisa.dylib
0x00000000222bc000 	/usr/lib/libChineseTokenizer.dylib
0x00000000222bc000 	/usr/lib/libcmph.dylib
0x00000000222bc000 	/System/Library/PrivateFrameworks/CoreEmoji.framework/Versions/A/CoreEmoji
0x00000000222bc000 	/System/Library/Frameworks/ServiceManagement.framework/Versions/A/ServiceManagement
0x00000000222bc000 	/usr/lib/libxslt.1.dylib
0x00000000222bc000 	/System/Library/Frameworks/Carbon.framework/Versions/A/Frameworks/Ink.framework/Versions/A/Ink
0x00000000222bc000 	/System/Library/PrivateFrameworks/TextureIO.framework/Versions/A/TextureIO
0x00000000222bc000 	/System/Library/Frameworks/Metal.framework/Versions/A/Metal
0x00000000222bc000 	/usr/lib/libate.dylib
0x00000000222bc000 	/System/Library/PrivateFrameworks/GPUCompiler.framework/libmetal_timestamp.dylib
0x00000000222bc000 	/System/Library/Frameworks/OpenGL.framework/Versions/A/Libraries/libCoreFSCache.dylib
0x00000000222bc000 	/System/Library/PrivateFrameworks/IOAccelerator.framework/Versions/A/IOAccelerator
0x00000000222bc000 	/System/Library/Frameworks/CoreVideo.framework/Versions/A/CoreVideo
0x00000000222bc000 	/usr/lib/libFosl_dynamic.dylib
0x00000000222bc000 	/System/Library/PrivateFrameworks/MetalPerformanceShaders.framework/Versions/A/MetalPerformanceShaders
0x00000000222bc000 	/System/Library/PrivateFrameworks/FaceCore.framework/Versions/A/FaceCore
0x00000000222bc000 	/System/Library/Frameworks/OpenCL.framework/Versions/A/OpenCL
0x00000000222bc000 	/System/Library/Frameworks/OpenGL.framework/Versions/A/Libraries/libGLU.dylib
0x00000000222bc000 	/System/Library/Frameworks/OpenGL.framework/Versions/A/Libraries/libGFXShared.dylib
0x00000000222bc000 	/System/Library/Frameworks/OpenGL.framework/Versions/A/Libraries/libGL.dylib
0x00000000222bc000 	/System/Library/Frameworks/OpenGL.framework/Versions/A/Libraries/libGLImage.dylib
0x00000000222bc000 	/System/Library/Frameworks/OpenGL.framework/Versions/A/Libraries/libCVMSPluginSupport.dylib
0x00000000222bc000 	/System/Library/Frameworks/OpenGL.framework/Versions/A/Libraries/libCoreVMClient.dylib
0x00000000222bc000 	/System/Library/PrivateFrameworks/CrashReporterSupport.framework/Versions/A/CrashReporterSupport
0x00000000222bc000 	/System/Library/PrivateFrameworks/Sharing.framework/Versions/A/Sharing
0x00000000222bc000 	/System/Library/PrivateFrameworks/IconServices.framework/Versions/A/IconServices
0x00000000222bc000 	/System/Library/PrivateFrameworks/ProtocolBuffer.framework/Versions/A/ProtocolBuffer
0x00000000222bc000 	/System/Library/PrivateFrameworks/Apple80211.framework/Versions/A/Apple80211
0x00000000222bc000 	/System/Library/Frameworks/CoreWLAN.framework/Versions/A/CoreWLAN
0x00000000222bc000 	/System/Library/PrivateFrameworks/CoreUtils.framework/Versions/A/CoreUtils
0x00000000222bc000 	/System/Library/Frameworks/IOBluetooth.framework/Versions/A/IOBluetooth
0x00000000222bc000 	/System/Library/PrivateFrameworks/CoreWiFi.framework/Versions/A/CoreWiFi
0x00000000222bc000 	/System/Library/Frameworks/CoreBluetooth.framework/Versions/A/CoreBluetooth
0x00000000222bc000 	/System/Library/Frameworks/CoreDisplay.framework/Versions/A/CoreDisplay
0x00000000222bc000 	/System/Library/PrivateFrameworks/IOPresentment.framework/Versions/A/IOPresentment
0x00000000222bc000 	/System/Library/PrivateFrameworks/DSExternalDisplay.framework/Versions/A/DSExternalDisplay
0x00000000222bc000 	/System/Library/PrivateFrameworks/DebugSymbols.framework/Versions/A/DebugSymbols
0x00000000222bc000 	/System/Library/PrivateFrameworks/CoreSymbolication.framework/Versions/A/CoreSymbolication
0x00000000222bc000 	/System/Library/PrivateFrameworks/Symbolication.framework/Versions/A/Symbolication
0x00000000222bc000 	/System/Library/PrivateFrameworks/AppleFSCompression.framework/Versions/A/AppleFSCompression
0x00000000222bc000 	/System/Library/PrivateFrameworks/SpeechRecognitionCore.framework/Versions/A/SpeechRecognitionCore
0x00000000222bc000 	/System/Library/PrivateFrameworks/ChunkingLibrary.framework/Versions/A/ChunkingLibrary
0x000000010e200000 	/Library/Java/JavaVirtualMachines/jdk1.8.0_111.jdk/Contents/Home/jre/lib/server/libjvm.dylib
0x000000010d835000 	/usr/lib/libstdc++.6.dylib
0x000000010d8ee000 	/Library/Java/JavaVirtualMachines/jdk1.8.0_111.jdk/Contents/Home/jre/lib/libverify.dylib
0x000000010d8fc000 	/Library/Java/JavaVirtualMachines/jdk1.8.0_111.jdk/Contents/Home/jre/lib/libjava.dylib
0x000000010d93b000 	/Library/Java/JavaVirtualMachines/jdk1.8.0_111.jdk/Contents/Home/jre/lib/libzip.dylib
0x0000000115a59000 	/System/Library/Frameworks/JavaVM.framework/Frameworks/JavaRuntimeSupport.framework/JavaRuntimeSupport
0x0000000115a73000 	/System/Library/Frameworks/JavaVM.framework/Versions/A/Frameworks/JavaNativeFoundation.framework/Versions/A/JavaNativeFoundation
0x000000010d9f0000 	/System/Library/Frameworks/JavaVM.framework/Versions/A/JavaVM
0x00000000222bc000 	/System/Library/Frameworks/Carbon.framework/Versions/A/Carbon
0x0000000115a88000 	/System/Library/PrivateFrameworks/JavaLaunching.framework/Versions/A/JavaLaunching
0x00000000222bc000 	/System/Library/Frameworks/Carbon.framework/Versions/A/Frameworks/CommonPanels.framework/Versions/A/CommonPanels
0x00000000222bc000 	/System/Library/Frameworks/Carbon.framework/Versions/A/Frameworks/Help.framework/Versions/A/Help
0x00000000222bc000 	/System/Library/Frameworks/Carbon.framework/Versions/A/Frameworks/ImageCapture.framework/Versions/A/ImageCapture
0x00000000222bc000 	/System/Library/Frameworks/Carbon.framework/Versions/A/Frameworks/OpenScripting.framework/Versions/A/OpenScripting
0x00000000222bc000 	/System/Library/Frameworks/Carbon.framework/Versions/A/Frameworks/Print.framework/Versions/A/Print
0x00000000222bc000 	/System/Library/Frameworks/Carbon.framework/Versions/A/Frameworks/SecurityHI.framework/Versions/A/SecurityHI
0x0000000117395000 	/Library/Java/JavaVirtualMachines/jdk1.8.0_111.jdk/Contents/Home/jre/lib/libawt.dylib
0x0000000126518000 	/Library/Java/JavaVirtualMachines/jdk1.8.0_111.jdk/Contents/Home/jre/lib/./libmlib_image.dylib
0x00000001265e4000 	/Library/Java/JavaVirtualMachines/jdk1.8.0_111.jdk/Contents/Home/jre/lib/libawt_lwawt.dylib
0x000000011743d000 	/Library/Java/JavaVirtualMachines/jdk1.8.0_111.jdk/Contents/Home/jre/lib/./libosxapp.dylib
0x00000000222bc000 	/System/Library/Frameworks/ExceptionHandling.framework/Versions/A/ExceptionHandling
0x00000000222bc000 	/System/Library/PrivateFrameworks/CoreServicesInternal.framework/Versions/A/CoreServicesInternal
0x00000000222bc000 	/System/Library/CoreServices/RawCamera.bundle/Contents/MacOS/RawCamera
0x00000001266e6000 	/System/Library/Frameworks/Accelerate.framework/Frameworks/vImage.framework/Versions/A/Libraries/libCGInterfaces.dylib
0x00000000222bc000 	/System/Library/Frameworks/ApplicationServices.framework/Versions/A/Frameworks/ATS.framework/Versions/A/Resources/libTrueTypeScaler.dylib
0x00000001286a6000 	/System/Library/Frameworks/OpenGL.framework/Resources/GLEngine.bundle/GLEngine
0x00000000222bc000 	/System/Library/Frameworks/OpenGL.framework/Versions/A/Libraries/libGLProgrammability.dylib
0x000000012888b000 	/System/Library/Extensions/AppleIntelBDWGraphicsGLDriver.bundle/Contents/MacOS/AppleIntelBDWGraphicsGLDriver
0x00000000222bc000 	/System/Library/PrivateFrameworks/GPUSupport.framework/Versions/A/Libraries/libGPUSupportMercury.dylib
0x0000000128ff5000 	/System/Library/Frameworks/OpenGL.framework/Resources//GLRendererFloat.bundle/GLRendererFloat
0x00000000222bc000 	/System/Library/Frameworks/OpenCL.framework/Versions/A/Libraries/libcldcpuengine.dylib
0x00000000222bc000 	/usr/lib/libcrypto.0.9.8.dylib
0x00000000222bc000 	/System/Library/PrivateFrameworks/TrustEvaluationAgent.framework/Versions/A/TrustEvaluationAgent
0x0000000129029000 	/System/Library/Extensions/AppleIntelBDWGraphicsMTLDriver.bundle/Contents/MacOS/AppleIntelBDWGraphicsMTLDriver
0x00000000222bc000 	/System/Library/PrivateFrameworks/FamilyControls.framework/Versions/A/FamilyControls
0x00000000222bc000 	/System/Library/PrivateFrameworks/CommerceKit.framework/Versions/A/Frameworks/CommerceCore.framework/Versions/A/CommerceCore
0x00000000222bc000 	/System/Library/PrivateFrameworks/SystemAdministration.framework/Versions/A/SystemAdministration
0x00000000222bc000 	/System/Library/PrivateFrameworks/AppContainer.framework/Versions/A/AppContainer
0x00000000222bc000 	/System/Library/PrivateFrameworks/SecCodeWrapper.framework/Versions/A/SecCodeWrapper
0x00000000222bc000 	/System/Library/Frameworks/DirectoryService.framework/Versions/A/DirectoryService
0x00000000222bc000 	/System/Library/PrivateFrameworks/DiskImages.framework/Versions/A/DiskImages
0x00000000222bc000 	/System/Library/PrivateFrameworks/LoginUIKit.framework/Versions/A/Frameworks/LoginUICore.framework/Versions/A/LoginUICore
0x00000000222bc000 	/usr/lib/libCoreStorage.dylib
0x00000000222bc000 	/usr/lib/libcsfde.dylib
0x00000000222bc000 	/usr/lib/libodfde.dylib
0x00000000222bc000 	/System/Library/Frameworks/DiscRecording.framework/Versions/A/DiscRecording
0x00000000222bc000 	/usr/lib/libcurl.4.dylib
0x00000000222bc000 	/System/Library/PrivateFrameworks/MediaKit.framework/Versions/A/MediaKit
0x00000000222bc000 	/System/Library/PrivateFrameworks/ProtectedCloudStorage.framework/Versions/A/ProtectedCloudStorage
0x00000000222bc000 	/System/Library/PrivateFrameworks/EFILogin.framework/Versions/A/EFILogin
0x00000000222bc000 	/usr/lib/libutil.dylib
0x00000000222bc000 	/System/Library/Frameworks/LDAP.framework/Versions/A/LDAP
0x00000000222bc000 	/usr/lib/libsasl2.2.dylib
0x00000000222bc000 	/System/Library/PrivateFrameworks/CoreDaemon.framework/Versions/B/CoreDaemon
0x00000000222bc000 	/System/Library/PrivateFrameworks/AppleSRP.framework/Versions/A/AppleSRP
0x00000000222bc000 	/System/Library/PrivateFrameworks/APFS.framework/Versions/A/APFS
0x000000012b001000 	/Library/Java/JavaVirtualMachines/jdk1.8.0_111.jdk/Contents/Home/jre/lib/libfontmanager.dylib
0x000000012c3f3000 	/Library/Java/JavaVirtualMachines/jdk1.8.0_111.jdk/Contents/Home/jre/lib/libosxui.dylib
0x00000000222bc000 	/System/Library/PrivateFrameworks/ViewBridge.framework/Versions/A/ViewBridge
0x00000000222bc000 	/System/Library/PrivateFrameworks/XPCService.framework/Versions/A/XPCService
0x00000000222bc000 	/System/Library/PrivateFrameworks/AppSandbox.framework/Versions/A/AppSandbox
0x00000000222bc000 	/usr/lib/libsandbox.1.dylib
0x00000000222bc000 	/usr/lib/libMatch.1.dylib
0x000000012d17a000 	/Library/Java/JavaVirtualMachines/jdk1.8.0_111.jdk/Contents/Home/jre/lib/libnet.dylib
0x000000012d191000 	/Library/Java/JavaVirtualMachines/jdk1.8.0_111.jdk/Contents/Home/jre/lib/libnio.dylib
0x000000012c17a000 	/private/var/folders/99/pp3fz67d34l2n2q9ztrt9jpr0000gn/T/jogamp_0000/file_cache/jln9053429433183178122/jln430088500917537158/libgluegen-rt.jnilib
0x000000012c17e000 	/private/var/folders/99/pp3fz67d34l2n2q9ztrt9jpr0000gn/T/jogamp_0000/file_cache/jln9053429433183178122/jln430088500917537158/libnativewindow_awt.jnilib
0x00000001588a0000 	/Library/Java/JavaVirtualMachines/jdk1.8.0_111.jdk/Contents/Home/jre/lib/libjawt.dylib
0x00000001588a3000 	/private/var/folders/99/pp3fz67d34l2n2q9ztrt9jpr0000gn/T/jogamp_0000/file_cache/jln9053429433183178122/jln430088500917537158/libnativewindow_macosx.jnilib
0x0000000158e3d000 	/private/var/folders/99/pp3fz67d34l2n2q9ztrt9jpr0000gn/T/jogamp_0000/file_cache/jln9053429433183178122/jln430088500917537158/libjogl_desktop.jnilib
0x000000012827b000 	/Library/Java/JavaVirtualMachines/jdk1.8.0_111.jdk/Contents/Home/jre/lib/libsunec.dylib
0x00000001624d2000 	/Library/Java/JavaVirtualMachines/jdk1.8.0_111.jdk/Contents/Home/jre/lib/libt2k.dylib
0x0000000158f05000 	/Library/Java/JavaVirtualMachines/jdk1.8.0_111.jdk/Contents/Home/jre/lib/libjpeg.dylib

VM Arguments:
jvm_args: -Djava.security.policy=java.policy.applet -Dfile.encoding=UTF-8 
java_command: sun.applet.AppletViewer module6.EarthquakeCityMap1492717356630.html
java_class_path (initial): /Users/loris/Documents/workspace/UCSD/UCSDUnfoldingMaps/build:/Users/loris/Documents/workspace/UCSD/UCSDUnfoldingMaps/lib/core.jar:/Users/loris/Documents/workspace/UCSD/UCSDUnfoldingMaps/lib/gluegen-rt.jar:/Users/loris/Documents/workspace/UCSD/UCSDUnfoldingMaps/lib/jogl-all.jar:/Users/loris/Documents/workspace/UCSD/UCSDUnfoldingMaps/lib/log4j-1.2.15.jar:/Users/loris/Documents/workspace/UCSD/UCSDUnfoldingMaps/lib/sqlite-jdbc-3.7.2.jar:/Users/loris/Documents/workspace/UCSD/UCSDUnfoldingMaps/lib/json4processing.jar:/Users/loris/Documents/workspace/UCSD/UCSDUnfoldingMaps/lib/libTUIO.jar:/Users/loris/Documents/workspace/UCSD/UCSDUnfoldingMaps/lib/unfolding.0.9.7-uscd.jar
Launcher Type: SUN_STANDARD

Environment Variables:
PATH=/usr/bin:/bin:/usr/sbin:/sbin
SHELL=/bin/bash

Signal Handlers:
SIGSEGV: [libjvm.dylib+0x5b03ed], sa_mask[0]=11111111011111110111111111111111, sa_flags=SA_ONSTACK|SA_RESTART|SA_SIGINFO
SIGBUS: [libjvm.dylib+0x5b03ed], sa_mask[0]=11111111011111110111111111111111, sa_flags=SA_RESTART|SA_SIGINFO
SIGFPE: [libjvm.dylib+0x48711c], sa_mask[0]=11111111011111110111111111111111, sa_flags=SA_RESTART|SA_SIGINFO
SIGPIPE: [libjvm.dylib+0x48711c], sa_mask[0]=11111111011111110111111111111111, sa_flags=SA_RESTART|SA_SIGINFO
SIGXFSZ: [libjvm.dylib+0x48711c], sa_mask[0]=11111111011111110111111111111111, sa_flags=SA_RESTART|SA_SIGINFO
SIGILL: [libjvm.dylib+0x48711c], sa_mask[0]=11111111011111110111111111111111, sa_flags=SA_RESTART|SA_SIGINFO
SIGUSR1: SIG_DFL, sa_mask[0]=00000000000000000000000000000000, sa_flags=none
SIGUSR2: [libjvm.dylib+0x486c3a], sa_mask[0]=00100000000000000000000000000000, sa_flags=SA_RESTART|SA_SIGINFO
SIGHUP: [libjvm.dylib+0x485211], sa_mask[0]=11111111011111110111111111111111, sa_flags=SA_RESTART|SA_SIGINFO
SIGINT: [libjvm.dylib+0x485211], sa_mask[0]=11111111011111110111111111111111, sa_flags=SA_RESTART|SA_SIGINFO
SIGTERM: [libjvm.dylib+0x485211], sa_mask[0]=11111111011111110111111111111111, sa_flags=SA_RESTART|SA_SIGINFO
SIGQUIT: [libjvm.dylib+0x485211], sa_mask[0]=11111111011111110111111111111111, sa_flags=SA_RESTART|SA_SIGINFO


---------------  S Y S T E M  ---------------

OS:Bsduname:Darwin 16.5.0 Darwin Kernel Version 16.5.0: Fri Mar  3 16:52:33 PST 2017; root:xnu-3789.51.2~3/RELEASE_X86_64 x86_64
rlimit: STACK 8192k, CORE 0k, NPROC 709, NOFILE 10240, AS infinity
load average:2.21 2.13 1.86

CPU:total 4 (2 cores per cpu, 2 threads per core) family 6 model 61 stepping 4, cmov, cx8, fxsr, mmx, sse, sse2, sse3, ssse3, sse4.1, sse4.2, popcnt, avx, avx2, aes, clmul, erms, 3dnowpref, lzcnt, ht, tsc, tscinvbit, bmi1, bmi2, adx

Memory: 4k page, physical 8388608k(215612k free)

/proc/meminfo:


vm_info: Java HotSpot(TM) 64-Bit Server VM (25.111-b14) for bsd-amd64 JRE (1.8.0_111-b14), built on Sep 22 2016 15:31:41 by "java_re" with gcc 4.2.1 (Based on Apple Inc. build 5658) (LLVM build 2336.11.00)

time: Thu Apr 20 21:42:48 2017
elapsed time: 12 seconds (0d 0h 0m 12s)

