#
# A fatal error has been detected by the Java Runtime Environment:
#
#  SIGSEGV (0xb) at pc=0x00007fffb894f05d, pid=750, tid=0x0000000000000307
#
# JRE version: Java(TM) SE Runtime Environment (8.0_111-b14) (build 1.8.0_111-b14)
# Java VM: Java HotSpot(TM) 64-Bit Server VM (25.111-b14 mixed mode bsd-amd64 compressed oops)
# Problematic frame:
# C  [libobjc.A.dylib+0x705d]  objc_msgSend+0x1d
#
# Failed to write core dump. Core dumps have been disabled. To enable core dumping, try "ulimit -c unlimited" before starting Java again
#
# If you would like to submit a bug report, please visit:
#   http://bugreport.java.com/bugreport/crash.jsp
# The crash happened outside the Java Virtual Machine in native code.
# See problematic frame for where to report the bug.
#

---------------  T H R E A D  ---------------

Current thread (0x00007fb4a9084800):  JavaThread "AWT-AppKit" daemon [_thread_in_native, id=775, stack(0x00007fff5144e000,0x00007fff51c4e000)]

siginfo: si_signo: 11 (SIGSEGV), si_code: 1 (SEGV_MAPERR), si_addr: 0x0000000000000018

Registers:
RAX=0x00007fb4ae03ce30, RBX=0x0000000159071450, RCX=0x00007fb4aaa004b0, RDX=0x0000000000000000
RSP=0x00007fff51c49358, RBP=0x00007fff51c49410, RSI=0x00007fffa2202134, RDI=0x00007fb4a85318c0
R8 =0x0000000000000018, R9 =0x00007fb4aaa004d0, R10=0x0000000000000000, R11=0x00007fffa2202134
R12=0x0000000000000000, R13=0x0000000160ef9148, R14=0x0000000159071440, R15=0x00007fb4a9084800
RIP=0x00007fffb894f05d, EFLAGS=0x0000000000010246, ERR=0x0000000000000004
  TRAPNO=0x000000000000000e

Top of Stack: (sp=0x00007fff51c49358)
0x00007fff51c49358:   000000015906f157 00007fff51c493b0
0x00007fff51c49368:   0000000000000003 00007fff51c49390
0x00007fff51c49378:   000000010ebf27be 0000000160ef9148
0x00007fff51c49388:   0000000160ef9148 00007fb4ae03ce30
0x00007fff51c49398:   00000001590716a0 0000000159071710
0x00007fff51c493a8:   00007fffbe9b36d0 00007fffbf5e31e0
0x00007fff51c493b8:   0000000159071450 0000000159071690
0x00007fff51c493c8:   00007fb4ae03ce30 00007fb4a85318c0
0x00007fff51c493d8:   00007fb4a872e4b0 00007fb4ae03ce30
0x00007fff51c493e8:   00007fb4a85318c0 00007fff51c49498
0x00007fff51c493f8:   00007fb4a90849f8 0000000160ef9148
0x00007fff51c49408:   00007fff51c494c0 00007fff51c49488
0x00007fff51c49418:   0000000113f599f4 0000000160ef9148
0x00007fff51c49428:   00007fff51c494c0 00007fff51c49488
0x00007fff51c49438:   0000000113f59787 0000000113f59742
0x00007fff51c49448:   00007fff51c49448 0000000160ef9148
0x00007fff51c49458:   00007fff51c494c0 0000000160efa970
0x00007fff51c49468:   0000000000000000 0000000160ef9148
0x00007fff51c49478:   0000000000000000 00007fff51c494a8
0x00007fff51c49488:   00007fff51c49508 0000000113f4a2bd
0x00007fff51c49498:   00000007405402d0 0000000113f53538
0x00007fff51c494a8:   00007fb4ae03ce30 00007fff51c49508
0x00007fff51c494b8:   00007fb4a85318c0 0000000113f54e02
0x00007fff51c494c8:   00007fff51c494c8 0000000160ef9312
0x00007fff51c494d8:   00007fff51c49530 0000000160efa970
0x00007fff51c494e8:   0000000000000000 0000000160ef9320
0x00007fff51c494f8:   00007fff51c494a8 00007fff51c49518
0x00007fff51c49508:   00007fff51c49578 0000000113f4a2bd
0x00007fff51c49518:   00007fb4ae03ce30 000000074047feb8
0x00007fff51c49528:   00007fb4a85318c0 000000074047feb8
0x00007fff51c49538:   00007fff51c49538 0000000168349eb6
0x00007fff51c49548:   00007fff51c49588 0000000168349f70 

Instructions: (pc=0x00007fffb894f05d)
0x00007fffb894f03d:   0f 1f 00 48 85 ff 2e 74 62 40 f6 c7 01 2e 75 66
0x00007fffb894f04d:   49 ba f8 ff ff ff ff 7f 00 00 4c 23 17 49 89 f3
0x00007fffb894f05d:   45 23 5a 18 49 c1 e3 04 4d 03 5a 10 49 3b 33 75
0x00007fffb894f06d:   04 41 ff 63 08 49 83 3b 01 76 0d 49 83 c3 10 49 

Register to memory mapping:

RAX=0x00007fb4ae03ce30 is an unknown value
RBX=0x0000000159071450: Java_jogamp_nativewindow_macosx_OSXUtil_GetScreenRefreshRate0+0x1cf0 in /private/var/folders/99/pp3fz67d34l2n2q9ztrt9jpr0000gn/T/jogamp_0000/file_cache/jln1195578555926022497/jln3060593195491166158/libnativewindow_macosx.jnilib at 0x000000015906a000
RCX=0x00007fb4aaa004b0 is an unknown value
RDX=0x0000000000000000 is an unknown value
RSP=0x00007fff51c49358 is pointing into the stack for thread: 0x00007fb4a9084800
RBP=0x00007fff51c49410 is pointing into the stack for thread: 0x00007fb4a9084800
RSI=0x00007fffa2202134: __NSStyleNameIndexTable+0x7fcec in /System/Library/Frameworks/AppKit.framework/Versions/C/AppKit at 0x00007fffa1595000
RDI=0x00007fb4a85318c0 is an unknown value
R8 =0x0000000000000018 is an unknown value
R9 =0x00007fb4aaa004d0 is an unknown value
R10=0x0000000000000000 is an unknown value
R11=0x00007fffa2202134: __NSStyleNameIndexTable+0x7fcec in /System/Library/Frameworks/AppKit.framework/Versions/C/AppKit at 0x00007fffa1595000
R12=0x0000000000000000 is an unknown value
R13={method} {0x0000000160ef9148} 'UnsetJAWTRootSurfaceLayer0' '(JJ)V' in 'jogamp/nativewindow/jawt/macosx/MacOSXJAWTWindow'
R14=0x0000000159071440: Java_jogamp_nativewindow_macosx_OSXUtil_GetScreenRefreshRate0+0x1ce0 in /private/var/folders/99/pp3fz67d34l2n2q9ztrt9jpr0000gn/T/jogamp_0000/file_cache/jln1195578555926022497/jln3060593195491166158/libnativewindow_macosx.jnilib at 0x000000015906a000
R15=0x00007fb4a9084800 is a thread


Stack: [0x00007fff5144e000,0x00007fff51c4e000],  sp=0x00007fff51c49358,  free space=8172k
Native frames: (J=compiled Java code, j=interpreted, Vv=VM code, C=native code)
C  [libobjc.A.dylib+0x705d]  objc_msgSend+0x1d
j  jogamp.nativewindow.jawt.macosx.MacOSXJAWTWindow.UnsetJAWTRootSurfaceLayer0(JJ)V+0
j  jogamp.nativewindow.jawt.macosx.MacOSXJAWTWindow.access$200(JJ)V+2
j  jogamp.nativewindow.jawt.macosx.MacOSXJAWTWindow$1.run()V+38
J 1554 C1 com.jogamp.common.util.RunnableTask.run()V (345 bytes) @ 0x0000000114534174 [0x0000000114533fe0+0x194]
v  ~StubRoutines::call_stub
V  [libjvm.dylib+0x2ecf8a]
V  [libjvm.dylib+0x324119]
V  [libjvm.dylib+0x3168e7]
C  [libnativewindow_macosx.jnilib+0x5326]  Java_jogamp_nativewindow_jawt_macosx_MacOSXJAWTWindow_UnsetJAWTRootSurfaceLayer0+0x2b6
C  [Foundation+0x7184a]  __NSThreadPerformPerform+0x146
C  [CoreFoundation+0xa73c1]  __CFRUNLOOP_IS_CALLING_OUT_TO_A_SOURCE0_PERFORM_FUNCTION__+0x11
C  [CoreFoundation+0x88247]  __CFRunLoopDoSources0+0x1a7
C  [CoreFoundation+0x877c6]  __CFRunLoopRun+0x3a6
C  [CoreFoundation+0x871c4]  CFRunLoopRunSpecific+0x1a4
C  [HIToolbox+0x30ebc]  RunCurrentEventLoopInMode+0xf0
C  [HIToolbox+0x30bf9]  ReceiveNextEventCommon+0xb8
C  [HIToolbox+0x30b26]  _BlockUntilNextEventMatchingListInModeWithFilter+0x47
C  [AppKit+0x46e24]  _DPSNextEvent+0x460
C  [AppKit+0x7c285e]  -[NSApplication(NSEvent) _nextEventMatchingEventMask:untilDate:inMode:dequeue:]+0xaec
C  [libosxapp.dylib+0x23aa]  -[NSApplicationAWT nextEventMatchingMask:untilDate:inMode:dequeue:]+0x7c
C  [AppKit+0x3b7ab]  -[NSApplication run]+0x39e
C  [libosxapp.dylib+0x214d]  +[NSApplicationAWT runAWTLoopWithApp:]+0x9c
C  [libawt_lwawt.dylib+0x444b3]  -[AWTStarter starter:]+0x389
C  [Foundation+0x7184a]  __NSThreadPerformPerform+0x146
C  [CoreFoundation+0xa73c1]  __CFRUNLOOP_IS_CALLING_OUT_TO_A_SOURCE0_PERFORM_FUNCTION__+0x11
C  [CoreFoundation+0x882cd]  __CFRunLoopDoSources0+0x22d
C  [CoreFoundation+0x877c6]  __CFRunLoopRun+0x3a6
C  [CoreFoundation+0x871c4]  CFRunLoopRunSpecific+0x1a4
C  [java+0x6465]  CreateExecutionEnvironment+0x367
C  [java+0x218c]  JLI_Launch+0x7a0
C  [java+0x84c2]  main+0x65
C  [java+0x19e4]  start+0x34
C  0x0000000000000007

Java frames: (J=compiled Java code, j=interpreted, Vv=VM code)
j  jogamp.nativewindow.jawt.macosx.MacOSXJAWTWindow.UnsetJAWTRootSurfaceLayer0(JJ)V+0
j  jogamp.nativewindow.jawt.macosx.MacOSXJAWTWindow.access$200(JJ)V+2
j  jogamp.nativewindow.jawt.macosx.MacOSXJAWTWindow$1.run()V+38
J 1554 C1 com.jogamp.common.util.RunnableTask.run()V (345 bytes) @ 0x0000000114534174 [0x0000000114533fe0+0x194]
v  ~StubRoutines::call_stub

---------------  P R O C E S S  ---------------

Java Threads: ( => current thread )
  0x00007fb4af08c000 JavaThread "Thread-185" [_thread_blocked, id=39219, stack(0x000070000b0a2000,0x000070000b1a2000)]
  0x00007fb4a8e6c000 JavaThread "Image Fetcher 1" daemon [_thread_blocked, id=41395, stack(0x000070000b9c3000,0x000070000bac3000)]
  0x00007fb4a9077000 JavaThread "Image Fetcher 0" daemon [_thread_blocked, id=70243, stack(0x000070000bccc000,0x000070000bdcc000)]
  0x00007fb4ae9cf800 JavaThread "Keep-Alive-Timer" daemon [_thread_blocked, id=4871, stack(0x000070000bbc9000,0x000070000bcc9000)]
  0x00007fb4a8bb8000 JavaThread "AWT-EventQueue-1" [_thread_in_native, id=67091, stack(0x000070000b7bd000,0x000070000b8bd000)]
  0x00007fb4a8ba5800 JavaThread "DestroyJavaVM" [_thread_blocked, id=7171, stack(0x000070000a0f2000,0x000070000a1f2000)]
  0x00007fb4a8a29000 JavaThread "AWT-EventQueue-0" [_thread_blocked, id=58135, stack(0x000070000b5b7000,0x000070000b6b7000)]
  0x00007fb4aa0ea000 JavaThread "Java2D Disposer" daemon [_thread_blocked, id=57103, stack(0x000070000b32e000,0x000070000b42e000)]
  0x00007fb4a91e9800 JavaThread "Java2D Queue Flusher" daemon [_thread_blocked, id=55047, stack(0x000070000b22b000,0x000070000b32b000)]
  0x00007fb4a9177000 JavaThread "AWT-Shutdown" [_thread_blocked, id=29471, stack(0x000070000af9f000,0x000070000b09f000)]
=>0x00007fb4a9084800 JavaThread "AWT-AppKit" daemon [_thread_in_native, id=775, stack(0x00007fff5144e000,0x00007fff51c4e000)]
  0x00007fb4aa016800 JavaThread "Service Thread" daemon [_thread_blocked, id=18691, stack(0x000070000ad16000,0x000070000ae16000)]
  0x00007fb4a9041800 JavaThread "C1 CompilerThread2" daemon [_thread_blocked, id=18179, stack(0x000070000ac13000,0x000070000ad13000)]
  0x00007fb4a9829800 JavaThread "C2 CompilerThread1" daemon [_thread_blocked, id=17667, stack(0x000070000ab10000,0x000070000ac10000)]
  0x00007fb4a9803800 JavaThread "C2 CompilerThread0" daemon [_thread_blocked, id=17155, stack(0x000070000aa0d000,0x000070000ab0d000)]
  0x00007fb4a9040800 JavaThread "Signal Dispatcher" daemon [_thread_blocked, id=16643, stack(0x000070000a90a000,0x000070000aa0a000)]
  0x00007fb4a9808800 JavaThread "Finalizer" daemon [_thread_blocked, id=12547, stack(0x000070000a807000,0x000070000a907000)]
  0x00007fb4aa00e800 JavaThread "Reference Handler" daemon [_thread_blocked, id=12035, stack(0x000070000a704000,0x000070000a804000)]

Other Threads:
  0x00007fb4a8821800 VMThread [stack: 0x000070000a601000,0x000070000a701000] [id=11523]
  0x00007fb4a9823800 WatcherThread [stack: 0x000070000ae19000,0x000070000af19000] [id=19203]

VM state:not at safepoint (normal execution)

VM Mutex/Monitor currently owned by a thread: None

Heap:
 PSYoungGen      total 651264K, used 140858K [0x0000000795580000, 0x00000007c0000000, 0x00000007c0000000)
  eden space 612864K, 17% used [0x0000000795580000,0x000000079be4a2f0,0x00000007bac00000)
  from space 38400K, 87% used [0x00000007bda80000,0x00000007bfb44850,0x00000007c0000000)
  to   space 43008K, 0% used [0x00000007bac00000,0x00000007bac00000,0x00000007bd600000)
 ParOldGen       total 57344K, used 37832K [0x0000000740000000, 0x0000000743800000, 0x0000000795580000)
  object space 57344K, 65% used [0x0000000740000000,0x00000007424f2290,0x0000000743800000)
 Metaspace       used 25011K, capacity 25269K, committed 25600K, reserved 1073152K
  class space    used 2422K, capacity 2517K, committed 2560K, reserved 1048576K

Card table byte_map: [0x000000010fd61000,0x0000000110162000] byte_map_base: 0x000000010c361000

Marking Bits: (ParMarkBitMap*) 0x000000010f2efd20
 Begin Bits: [0x0000000122f42000, 0x0000000124f42000)
 End Bits:   [0x0000000124f42000, 0x0000000126f42000)

Polling page: 0x000000010e12b000

CodeCache: size=245760Kb used=12170Kb max_used=12189Kb free=233589Kb
 bounds [0x0000000113f42000, 0x0000000114b52000, 0x0000000122f42000]
 total_blobs=4406 nmethods=3479 adapters=840
 compilation: enabled

Compilation events (10 events):
Event: 52.288 Thread 0x00007fb4a9803800 4318       4       java.security.AccessControlContext::<init> (63 bytes)
Event: 52.290 Thread 0x00007fb4a9803800 nmethod 4318 0x00000001147fdd10 code [0x00000001147fde60, 0x00000001147fdf38]
Event: 52.888 Thread 0x00007fb4a9041800 4319       1       java.util.HashMap::afterNodeRemoval (1 bytes)
Event: 52.888 Thread 0x00007fb4a9041800 nmethod 4319 0x00000001143eaa90 code [0x00000001143eabe0, 0x00000001143eacf0]
Event: 53.523 Thread 0x00007fb4a9041800 4320       1       sun.java2d.SurfaceData::isValid (5 bytes)
Event: 53.523 Thread 0x00007fb4a9041800 nmethod 4320 0x00000001143ea7d0 code [0x00000001143ea920, 0x00000001143eaa30]
Event: 53.525 Thread 0x00007fb4a9041800 4321       3       java.security.CodeSource::matchCerts (254 bytes)
Event: 53.527 Thread 0x00007fb4a9041800 nmethod 4321 0x00000001147fe210 code [0x00000001147fe420, 0x00000001147fefb8]
Event: 53.542 Thread 0x00007fb4a9041800 4322       3       sun.java2d.pipe.RenderBuffer::putFloat (26 bytes)
Event: 53.542 Thread 0x00007fb4a9041800 nmethod 4322 0x00000001149097d0 code [0x0000000114909940, 0x0000000114909ad0]

GC Heap History (10 events):
Event: 42.294 GC heap before
{Heap before GC invocations=35 (full 1):
 PSYoungGen      total 546816K, used 544817K [0x0000000795580000, 0x00000007bc900000, 0x00000007c0000000)
  eden space 522240K, 100% used [0x0000000795580000,0x00000007b5380000,0x00000007b5380000)
  from space 24576K, 91% used [0x00000007b5380000,0x00000007b698c5c0,0x00000007b6b80000)
  to   space 27136K, 0% used [0x00000007bae80000,0x00000007bae80000,0x00000007bc900000)
 ParOldGen       total 57344K, used 37672K [0x0000000740000000, 0x0000000743800000, 0x0000000795580000)
  object space 57344K, 65% used [0x0000000740000000,0x00000007424ca290,0x0000000743800000)
 Metaspace       used 24955K, capacity 25205K, committed 25344K, reserved 1073152K
  class space    used 2414K, capacity 2517K, committed 2560K, reserved 1048576K
Event: 42.307 GC heap after
Heap after GC invocations=35 (full 1):
 PSYoungGen      total 612352K, used 24641K [0x0000000795580000, 0x00000007bcf00000, 0x00000007c0000000)
  eden space 585216K, 0% used [0x0000000795580000,0x0000000795580000,0x00000007b9100000)
  from space 27136K, 90% used [0x00000007bae80000,0x00000007bc690630,0x00000007bc900000)
  to   space 30208K, 0% used [0x00000007b9100000,0x00000007b9100000,0x00000007bae80000)
 ParOldGen       total 57344K, used 37720K [0x0000000740000000, 0x0000000743800000, 0x0000000795580000)
  object space 57344K, 65% used [0x0000000740000000,0x00000007424d6290,0x0000000743800000)
 Metaspace       used 24955K, capacity 25205K, committed 25344K, reserved 1073152K
  class space    used 2414K, capacity 2517K, committed 2560K, reserved 1048576K
}
Event: 44.981 GC heap before
{Heap before GC invocations=36 (full 1):
 PSYoungGen      total 612352K, used 609857K [0x0000000795580000, 0x00000007bcf00000, 0x00000007c0000000)
  eden space 585216K, 100% used [0x0000000795580000,0x00000007b9100000,0x00000007b9100000)
  from space 27136K, 90% used [0x00000007bae80000,0x00000007bc690630,0x00000007bc900000)
  to   space 30208K, 0% used [0x00000007b9100000,0x00000007b9100000,0x00000007bae80000)
 ParOldGen       total 57344K, used 37720K [0x0000000740000000, 0x0000000743800000, 0x0000000795580000)
  object space 57344K, 65% used [0x0000000740000000,0x00000007424d6290,0x0000000743800000)
 Metaspace       used 24955K, capacity 25205K, committed 25344K, reserved 1073152K
  class space    used 2414K, capacity 2517K, committed 2560K, reserved 1048576K
Event: 44.996 GC heap after
Heap after GC invocations=36 (full 1):
 PSYoungGen      total 615424K, used 24641K [0x0000000795580000, 0x00000007c0000000, 0x00000007c0000000)
  eden space 585216K, 0% used [0x0000000795580000,0x0000000795580000,0x00000007b9100000)
  from space 30208K, 81% used [0x00000007b9100000,0x00000007ba910630,0x00000007bae80000)
  to   space 32768K, 0% used [0x00000007be000000,0x00000007be000000,0x00000007c0000000)
 ParOldGen       total 57344K, used 37752K [0x0000000740000000, 0x0000000743800000, 0x0000000795580000)
  object space 57344K, 65% used [0x0000000740000000,0x00000007424de290,0x0000000743800000)
 Metaspace       used 24955K, capacity 25205K, committed 25344K, reserved 1073152K
  class space    used 2414K, capacity 2517K, committed 2560K, reserved 1048576K
}
Event: 47.543 GC heap before
{Heap before GC invocations=37 (full 1):
 PSYoungGen      total 615424K, used 609857K [0x0000000795580000, 0x00000007c0000000, 0x00000007c0000000)
  eden space 585216K, 100% used [0x0000000795580000,0x00000007b9100000,0x00000007b9100000)
  from space 30208K, 81% used [0x00000007b9100000,0x00000007ba910630,0x00000007bae80000)
  to   space 32768K, 0% used [0x00000007be000000,0x00000007be000000,0x00000007c0000000)
 ParOldGen       total 57344K, used 37752K [0x0000000740000000, 0x0000000743800000, 0x0000000795580000)
  object space 57344K, 65% used [0x0000000740000000,0x00000007424de290,0x0000000743800000)
 Metaspace       used 24968K, capacity 25205K, committed 25344K, reserved 1073152K
  class space    used 2414K, capacity 2517K, committed 2560K, reserved 1048576K
Event: 47.559 GC heap after
Heap after GC invocations=37 (full 1):
 PSYoungGen      total 660992K, used 26513K [0x0000000795580000, 0x00000007c0000000, 0x00000007c0000000)
  eden space 628224K, 0% used [0x0000000795580000,0x0000000795580000,0x00000007bbb00000)
  from space 32768K, 80% used [0x00000007be000000,0x00000007bf9e4680,0x00000007c0000000)
  to   space 35328K, 0% used [0x00000007bbb00000,0x00000007bbb00000,0x00000007bdd80000)
 ParOldGen       total 57344K, used 37760K [0x0000000740000000, 0x0000000743800000, 0x0000000795580000)
  object space 57344K, 65% used [0x0000000740000000,0x00000007424e0290,0x0000000743800000)
 Metaspace       used 24968K, capacity 25205K, committed 25344K, reserved 1073152K
  class space    used 2414K, capacity 2517K, committed 2560K, reserved 1048576K
}
Event: 50.073 GC heap before
{Heap before GC invocations=38 (full 1):
 PSYoungGen      total 660992K, used 654737K [0x0000000795580000, 0x00000007c0000000, 0x00000007c0000000)
  eden space 628224K, 100% used [0x0000000795580000,0x00000007bbb00000,0x00000007bbb00000)
  from space 32768K, 80% used [0x00000007be000000,0x00000007bf9e4680,0x00000007c0000000)
  to   space 35328K, 0% used [0x00000007bbb00000,0x00000007bbb00000,0x00000007bdd80000)
 ParOldGen       total 57344K, used 37760K [0x0000000740000000, 0x0000000743800000, 0x0000000795580000)
  object space 57344K, 65% used [0x0000000740000000,0x00000007424e0290,0x0000000743800000)
 Metaspace       used 24975K, capacity 25205K, committed 25344K, reserved 1073152K
  class space    used 2414K, capacity 2517K, committed 2560K, reserved 1048576K
Event: 50.088 GC heap after
Heap after GC invocations=38 (full 1):
 PSYoungGen      total 660480K, used 31745K [0x0000000795580000, 0x00000007c0000000, 0x00000007c0000000)
  eden space 628224K, 0% used [0x0000000795580000,0x0000000795580000,0x00000007bbb00000)
  from space 32256K, 98% used [0x00000007bbb00000,0x00000007bda007f0,0x00000007bda80000)
  to   space 38400K, 0% used [0x00000007bda80000,0x00000007bda80000,0x00000007c0000000)
 ParOldGen       total 57344K, used 37800K [0x0000000740000000, 0x0000000743800000, 0x0000000795580000)
  object space 57344K, 65% used [0x0000000740000000,0x00000007424ea290,0x0000000743800000)
 Metaspace       used 24975K, capacity 25205K, committed 25344K, reserved 1073152K
  class space    used 2414K, capacity 2517K, committed 2560K, reserved 1048576K
}
Event: 53.020 GC heap before
{Heap before GC invocations=39 (full 1):
 PSYoungGen      total 660480K, used 659969K [0x0000000795580000, 0x00000007c0000000, 0x00000007c0000000)
  eden space 628224K, 100% used [0x0000000795580000,0x00000007bbb00000,0x00000007bbb00000)
  from space 32256K, 98% used [0x00000007bbb00000,0x00000007bda007f0,0x00000007bda80000)
  to   space 38400K, 0% used [0x00000007bda80000,0x00000007bda80000,0x00000007c0000000)
 ParOldGen       total 57344K, used 37800K [0x0000000740000000, 0x0000000743800000, 0x0000000795580000)
  object space 57344K, 65% used [0x0000000740000000,0x00000007424ea290,0x0000000743800000)
 Metaspace       used 24976K, capacity 25205K, committed 25344K, reserved 1073152K
  class space    used 2414K, capacity 2517K, committed 2560K, reserved 1048576K
Event: 53.032 GC heap after
Heap after GC invocations=39 (full 1):
 PSYoungGen      total 651264K, used 33554K [0x0000000795580000, 0x00000007c0000000, 0x00000007c0000000)
  eden space 612864K, 0% used [0x0000000795580000,0x0000000795580000,0x00000007bac00000)
  from space 38400K, 87% used [0x00000007bda80000,0x00000007bfb44850,0x00000007c0000000)
  to   space 43008K, 0% used [0x00000007bac00000,0x00000007bac00000,0x00000007bd600000)
 ParOldGen       total 57344K, used 37832K [0x0000000740000000, 0x0000000743800000, 0x0000000795580000)
  object space 57344K, 65% used [0x0000000740000000,0x00000007424f2290,0x0000000743800000)
 Metaspace       used 24976K, capacity 25205K, committed 25344K, reserved 1073152K
  class space    used 2414K, capacity 2517K, committed 2560K, reserved 1048576K
}

Deoptimization events (10 events):
Event: 53.472 Thread 0x00007fb4a8bb8000 Uncommon trap: reason=unstable_if action=reinterpret pc=0x0000000114ace52c method=sun.awt.SunToolkit.getAppContext(Ljava/lang/Object;)Lsun/awt/AppContext; @ 4
Event: 53.472 Thread 0x00007fb4a8bb8000 Uncommon trap: reason=unstable_if action=reinterpret pc=0x0000000114373788 method=java.awt.EventQueue.isDispatchThreadImpl()Z @ 65
Event: 53.473 Thread 0x00007fb4a8a29000 Uncommon trap: reason=unstable_if action=reinterpret pc=0x0000000114b0653c method=java.awt.EventQueue.getPriority(Ljava/awt/AWTEvent;)I @ 71
Event: 53.473 Thread 0x00007fb4a8bb8000 Uncommon trap: reason=unstable_if action=reinterpret pc=0x00000001146e1ea8 method=com.jogamp.common.util.VersionNumber.compareTo(Lcom/jogamp/common/util/VersionNumber;)I @ 21
Event: 53.474 Thread 0x00007fb4a8a29000 Uncommon trap: reason=unstable_if action=reinterpret pc=0x0000000114b34774 method=sun.java2d.pipe.Region.intersectsQuickCheck(Lsun/java2d/pipe/Region;)Z @ 41
Event: 53.475 Thread 0x00007fb4a8a29000 Uncommon trap: reason=unstable_if action=reinterpret pc=0x0000000114889694 method=java.awt.Font.equals(Ljava/lang/Object;)Z @ 2
Event: 53.522 Thread 0x00007fb4a9218800 Uncommon trap: reason=class_check action=maybe_recompile pc=0x00000001143df38c method=java.util.HashMap.putVal(ILjava/lang/Object;Ljava/lang/Object;ZZ)Ljava/lang/Object; @ 91
Event: 53.522 Thread 0x00007fb4a9218800 Uncommon trap: reason=class_check action=maybe_recompile pc=0x00000001143df38c method=java.util.HashMap.putVal(ILjava/lang/Object;Ljava/lang/Object;ZZ)Ljava/lang/Object; @ 91
Event: 53.537 Thread 0x00007fb4a8bb8000 Uncommon trap: reason=unstable_if action=reinterpret pc=0x000000011490bd18 method=java.util.LinkedList$ListItr.<init>(Ljava/util/LinkedList;I)V @ 26
Event: 53.541 Thread 0x00007fb4a8bb8000 Uncommon trap: reason=unstable_if action=reinterpret pc=0x000000011490c268 method=java.util.LinkedList$ListItr.<init>(Ljava/util/LinkedList;I)V @ 26

Internal exceptions (10 events):
Event: 0.181 Thread 0x00007fb4a9005000 Exception <a 'java/lang/NoSuchFieldError': method resolution failed> (0x0000000795793768) thrown at [/Users/java_re/workspace/8-2-build-macosx-x86_64/jdk8u111/7883/hotspot/src/share/vm/prims/methodHandles.cpp, line 1146]
Event: 0.404 Thread 0x00007fb4a9005000 Exception <a 'java/io/FileNotFoundException'> (0x000000079580ec38) thrown at [/Users/java_re/workspace/8-2-build-macosx-x86_64/jdk8u111/7883/hotspot/src/share/vm/prims/jni.cpp, line 709]
Event: 0.404 Thread 0x00007fb4a9005000 Exception <a 'java/io/FileNotFoundException'> (0x000000079580f7a0) thrown at [/Users/java_re/workspace/8-2-build-macosx-x86_64/jdk8u111/7883/hotspot/src/share/vm/prims/jni.cpp, line 709]
Event: 0.635 Thread 0x00007fb4a9005000 Exception <a 'java/io/FileNotFoundException'> (0x000000079594b258) thrown at [/Users/java_re/workspace/8-2-build-macosx-x86_64/jdk8u111/7883/hotspot/src/share/vm/prims/jni.cpp, line 709]
Event: 3.684 Thread 0x00007fb4a9005000 Exception <a 'java/lang/UnsatisfiedLinkError': com.jogamp.common.util.JarUtil.fixNativeLibAttribs(Ljava/lang/String;)Z> (0x0000000796b3d500) thrown at [/Users/java_re/workspace/8-2-build-macosx-x86_64/jdk8u111/7883/hotspot/src/share/vm/prims/nativeLookup.
Event: 4.018 Thread 0x00007fb4a9808800 Exception <a 'java/lang/NullPointerException'> (0x00000007956a4d00) thrown at [/Users/java_re/workspace/8-2-build-macosx-x86_64/jdk8u111/7883/hotspot/src/share/vm/interpreter/linkResolver.cpp, line 1178]
Event: 4.657 Thread 0x00007fb4a8bb8000 Exception <a 'java/io/FileNotFoundException'> (0x0000000795f35760) thrown at [/Users/java_re/workspace/8-2-build-macosx-x86_64/jdk8u111/7883/hotspot/src/share/vm/prims/jni.cpp, line 709]
Event: 4.657 Thread 0x00007fb4a8bb8000 Exception <a 'java/io/FileNotFoundException'> (0x0000000795f3bb78) thrown at [/Users/java_re/workspace/8-2-build-macosx-x86_64/jdk8u111/7883/hotspot/src/share/vm/prims/jni.cpp, line 709]
Event: 4.657 Thread 0x00007fb4a8bb8000 Implicit null exception at 0x00000001140e84b6 to 0x00000001140e8885
Event: 15.687 Thread 0x00007fb4a8bb8000 Implicit null exception at 0x0000000114881eb8 to 0x0000000114882181

Events (10 events):
Event: 53.539 Executing VM operation: Deoptimize
Event: 53.540 Executing VM operation: Deoptimize done
Event: 53.540 loading class java/awt/Toolkit$ToolkitEventMulticaster
Event: 53.540 loading class java/awt/Toolkit$ToolkitEventMulticaster done
Event: 53.541 Thread 0x00007fb4a8bb8000 Uncommon trap: trap_request=0xffffff65 fr.pc=0x000000011490c268
Event: 53.541 Thread 0x00007fb4a8bb8000 DEOPT PACKING pc=0x000000011490c268 sp=0x000070000b8ba950
Event: 53.541 Thread 0x00007fb4a8bb8000 DEOPT UNPACKING pc=0x0000000113f47229 sp=0x000070000b8ba8a8 mode 2
Event: 53.541 Thread 0x00007fb4a9218800 Thread exited: 0x00007fb4a9218800
Event: 53.541 loading class java/awt/Window$1DisposeAction
Event: 53.542 loading class java/awt/Window$1DisposeAction done


Dynamic libraries:
0x000000002e6e4000 	/System/Library/Frameworks/Cocoa.framework/Versions/A/Cocoa
0x000000002e6e4000 	/System/Library/Frameworks/Security.framework/Versions/A/Security
0x000000002e6e4000 	/System/Library/Frameworks/ApplicationServices.framework/Versions/A/ApplicationServices
0x000000002e6e4000 	/usr/lib/libz.1.dylib
0x000000002e6e4000 	/usr/lib/libSystem.B.dylib
0x000000002e6e4000 	/usr/lib/libobjc.A.dylib
0x000000002e6e4000 	/System/Library/Frameworks/CoreFoundation.framework/Versions/A/CoreFoundation
0x000000002e6e4000 	/System/Library/Frameworks/Foundation.framework/Versions/C/Foundation
0x000000002e6e4000 	/System/Library/Frameworks/AppKit.framework/Versions/C/AppKit
0x000000002e6e4000 	/System/Library/Frameworks/CoreData.framework/Versions/A/CoreData
0x000000002e6e4000 	/System/Library/PrivateFrameworks/RemoteViewServices.framework/Versions/A/RemoteViewServices
0x000000002e6e4000 	/System/Library/PrivateFrameworks/UIFoundation.framework/Versions/A/UIFoundation
0x000000002e6e4000 	/System/Library/PrivateFrameworks/DFRFoundation.framework/Versions/A/DFRFoundation
0x000000002e6e4000 	/usr/lib/libenergytrace.dylib
0x000000002e6e4000 	/System/Library/PrivateFrameworks/SkyLight.framework/Versions/A/SkyLight
0x000000002e6e4000 	/System/Library/Frameworks/CoreGraphics.framework/Versions/A/CoreGraphics
0x000000002e6e4000 	/usr/lib/libScreenReader.dylib
0x000000002e6e4000 	/System/Library/Frameworks/Accelerate.framework/Versions/A/Accelerate
0x000000002e6e4000 	/System/Library/Frameworks/IOSurface.framework/Versions/A/IOSurface
0x000000002e6e4000 	/System/Library/Frameworks/AudioToolbox.framework/Versions/A/AudioToolbox
0x000000002e6e4000 	/System/Library/Frameworks/AudioUnit.framework/Versions/A/AudioUnit
0x000000002e6e4000 	/System/Library/PrivateFrameworks/DataDetectorsCore.framework/Versions/A/DataDetectorsCore
0x000000002e6e4000 	/System/Library/PrivateFrameworks/DesktopServicesPriv.framework/Versions/A/DesktopServicesPriv
0x000000002e6e4000 	/System/Library/Frameworks/Carbon.framework/Versions/A/Frameworks/HIToolbox.framework/Versions/A/HIToolbox
0x000000002e6e4000 	/usr/lib/libicucore.A.dylib
0x000000002e6e4000 	/System/Library/Frameworks/QuartzCore.framework/Versions/A/QuartzCore
0x000000002e6e4000 	/System/Library/Frameworks/Carbon.framework/Versions/A/Frameworks/SpeechRecognition.framework/Versions/A/SpeechRecognition
0x000000002e6e4000 	/usr/lib/libauto.dylib
0x000000002e6e4000 	/usr/lib/libxml2.2.dylib
0x000000002e6e4000 	/System/Library/PrivateFrameworks/CoreUI.framework/Versions/A/CoreUI
0x000000002e6e4000 	/System/Library/Frameworks/CoreAudio.framework/Versions/A/CoreAudio
0x000000002e6e4000 	/System/Library/Frameworks/DiskArbitration.framework/Versions/A/DiskArbitration
0x000000002e6e4000 	/usr/lib/liblangid.dylib
0x000000002e6e4000 	/System/Library/PrivateFrameworks/MultitouchSupport.framework/Versions/A/MultitouchSupport
0x000000002e6e4000 	/System/Library/Frameworks/IOKit.framework/Versions/A/IOKit
0x000000002e6e4000 	/usr/lib/libDiagnosticMessagesClient.dylib
0x000000002e6e4000 	/System/Library/Frameworks/CoreServices.framework/Versions/A/CoreServices
0x000000002e6e4000 	/System/Library/PrivateFrameworks/PerformanceAnalysis.framework/Versions/A/PerformanceAnalysis
0x000000002e6e4000 	/System/Library/PrivateFrameworks/GenerationalStorage.framework/Versions/A/GenerationalStorage
0x000000002e6e4000 	/System/Library/Frameworks/OpenGL.framework/Versions/A/OpenGL
0x000000002e6e4000 	/System/Library/Frameworks/CoreImage.framework/Versions/A/CoreImage
0x000000002e6e4000 	/System/Library/Frameworks/CoreText.framework/Versions/A/CoreText
0x000000002e6e4000 	/System/Library/Frameworks/ImageIO.framework/Versions/A/ImageIO
0x000000002e6e4000 	/System/Library/PrivateFrameworks/Backup.framework/Versions/A/Backup
0x000000002e6e4000 	/usr/lib/libarchive.2.dylib
0x000000002e6e4000 	/System/Library/Frameworks/CFNetwork.framework/Versions/A/CFNetwork
0x000000002e6e4000 	/System/Library/Frameworks/SystemConfiguration.framework/Versions/A/SystemConfiguration
0x000000002e6e4000 	/usr/lib/libCRFSuite.dylib
0x000000002e6e4000 	/usr/lib/libc++.1.dylib
0x000000002e6e4000 	/usr/lib/libc++abi.dylib
0x000000002e6e4000 	/usr/lib/system/libcache.dylib
0x000000002e6e4000 	/usr/lib/system/libcommonCrypto.dylib
0x000000002e6e4000 	/usr/lib/system/libcompiler_rt.dylib
0x000000002e6e4000 	/usr/lib/system/libcopyfile.dylib
0x000000002e6e4000 	/usr/lib/system/libcorecrypto.dylib
0x000000002e6e4000 	/usr/lib/system/libdispatch.dylib
0x000000002e6e4000 	/usr/lib/system/libdyld.dylib
0x000000002e6e4000 	/usr/lib/system/libkeymgr.dylib
0x000000002e6e4000 	/usr/lib/system/liblaunch.dylib
0x000000002e6e4000 	/usr/lib/system/libmacho.dylib
0x000000002e6e4000 	/usr/lib/system/libquarantine.dylib
0x000000002e6e4000 	/usr/lib/system/libremovefile.dylib
0x000000002e6e4000 	/usr/lib/system/libsystem_asl.dylib
0x000000002e6e4000 	/usr/lib/system/libsystem_blocks.dylib
0x000000002e6e4000 	/usr/lib/system/libsystem_c.dylib
0x000000002e6e4000 	/usr/lib/system/libsystem_configuration.dylib
0x000000002e6e4000 	/usr/lib/system/libsystem_coreservices.dylib
0x000000002e6e4000 	/usr/lib/system/libsystem_coretls.dylib
0x000000002e6e4000 	/usr/lib/system/libsystem_dnssd.dylib
0x000000002e6e4000 	/usr/lib/system/libsystem_info.dylib
0x000000002e6e4000 	/usr/lib/system/libsystem_kernel.dylib
0x000000002e6e4000 	/usr/lib/system/libsystem_m.dylib
0x000000002e6e4000 	/usr/lib/system/libsystem_malloc.dylib
0x000000002e6e4000 	/usr/lib/system/libsystem_network.dylib
0x000000002e6e4000 	/usr/lib/system/libsystem_networkextension.dylib
0x000000002e6e4000 	/usr/lib/system/libsystem_notify.dylib
0x000000002e6e4000 	/usr/lib/system/libsystem_platform.dylib
0x000000002e6e4000 	/usr/lib/system/libsystem_pthread.dylib
0x000000002e6e4000 	/usr/lib/system/libsystem_sandbox.dylib
0x000000002e6e4000 	/usr/lib/system/libsystem_secinit.dylib
0x000000002e6e4000 	/usr/lib/system/libsystem_symptoms.dylib
0x000000002e6e4000 	/usr/lib/system/libsystem_trace.dylib
0x000000002e6e4000 	/usr/lib/system/libunwind.dylib
0x000000002e6e4000 	/usr/lib/system/libxpc.dylib
0x000000002e6e4000 	/usr/lib/libbsm.0.dylib
0x000000002e6e4000 	/usr/lib/system/libkxld.dylib
0x000000002e6e4000 	/usr/lib/libcoretls.dylib
0x000000002e6e4000 	/usr/lib/libcoretls_cfhelpers.dylib
0x000000002e6e4000 	/usr/lib/libOpenScriptingUtil.dylib
0x000000002e6e4000 	/usr/lib/libpam.2.dylib
0x000000002e6e4000 	/usr/lib/libsqlite3.dylib
0x000000002e6e4000 	/usr/lib/libxar.1.dylib
0x000000002e6e4000 	/usr/lib/libbz2.1.0.dylib
0x000000002e6e4000 	/usr/lib/liblzma.5.dylib
0x000000002e6e4000 	/usr/lib/libnetwork.dylib
0x000000002e6e4000 	/usr/lib/libpcap.A.dylib
0x000000002e6e4000 	/System/Library/Frameworks/CoreServices.framework/Versions/A/Frameworks/FSEvents.framework/Versions/A/FSEvents
0x000000002e6e4000 	/System/Library/Frameworks/CoreServices.framework/Versions/A/Frameworks/CarbonCore.framework/Versions/A/CarbonCore
0x000000002e6e4000 	/System/Library/Frameworks/CoreServices.framework/Versions/A/Frameworks/Metadata.framework/Versions/A/Metadata
0x000000002e6e4000 	/System/Library/Frameworks/CoreServices.framework/Versions/A/Frameworks/OSServices.framework/Versions/A/OSServices
0x000000002e6e4000 	/System/Library/Frameworks/CoreServices.framework/Versions/A/Frameworks/SearchKit.framework/Versions/A/SearchKit
0x000000002e6e4000 	/System/Library/Frameworks/CoreServices.framework/Versions/A/Frameworks/AE.framework/Versions/A/AE
0x000000002e6e4000 	/System/Library/Frameworks/CoreServices.framework/Versions/A/Frameworks/LaunchServices.framework/Versions/A/LaunchServices
0x000000002e6e4000 	/System/Library/Frameworks/CoreServices.framework/Versions/A/Frameworks/DictionaryServices.framework/Versions/A/DictionaryServices
0x000000002e6e4000 	/System/Library/Frameworks/CoreServices.framework/Versions/A/Frameworks/SharedFileList.framework/Versions/A/SharedFileList
0x000000002e6e4000 	/System/Library/Frameworks/NetFS.framework/Versions/A/NetFS
0x000000002e6e4000 	/System/Library/PrivateFrameworks/NetAuth.framework/Versions/A/NetAuth
0x000000002e6e4000 	/System/Library/PrivateFrameworks/login.framework/Versions/A/Frameworks/loginsupport.framework/Versions/A/loginsupport
0x000000002e6e4000 	/System/Library/PrivateFrameworks/TCC.framework/Versions/A/TCC
0x000000002e6e4000 	/usr/lib/libmecabra.dylib
0x000000002e6e4000 	/System/Library/Frameworks/ApplicationServices.framework/Versions/A/Frameworks/ATS.framework/Versions/A/ATS
0x000000002e6e4000 	/System/Library/Frameworks/ApplicationServices.framework/Versions/A/Frameworks/ColorSync.framework/Versions/A/ColorSync
0x000000002e6e4000 	/System/Library/Frameworks/ApplicationServices.framework/Versions/A/Frameworks/HIServices.framework/Versions/A/HIServices
0x000000002e6e4000 	/System/Library/Frameworks/ApplicationServices.framework/Versions/A/Frameworks/LangAnalysis.framework/Versions/A/LangAnalysis
0x000000002e6e4000 	/System/Library/Frameworks/ApplicationServices.framework/Versions/A/Frameworks/PrintCore.framework/Versions/A/PrintCore
0x000000002e6e4000 	/System/Library/Frameworks/ApplicationServices.framework/Versions/A/Frameworks/QD.framework/Versions/A/QD
0x000000002e6e4000 	/System/Library/Frameworks/ApplicationServices.framework/Versions/A/Frameworks/SpeechSynthesis.framework/Versions/A/SpeechSynthesis
0x000000002e6e4000 	/System/Library/Frameworks/Accelerate.framework/Versions/A/Frameworks/vImage.framework/Versions/A/vImage
0x000000002e6e4000 	/System/Library/Frameworks/Accelerate.framework/Versions/A/Frameworks/vecLib.framework/Versions/A/vecLib
0x000000002e6e4000 	/System/Library/Frameworks/Accelerate.framework/Versions/A/Frameworks/vecLib.framework/Versions/A/libvDSP.dylib
0x000000002e6e4000 	/System/Library/Frameworks/Accelerate.framework/Versions/A/Frameworks/vecLib.framework/Versions/A/libBNNS.dylib
0x000000002e6e4000 	/System/Library/Frameworks/Accelerate.framework/Versions/A/Frameworks/vecLib.framework/Versions/A/libQuadrature.dylib
0x000000002e6e4000 	/System/Library/Frameworks/Accelerate.framework/Versions/A/Frameworks/vecLib.framework/Versions/A/libvMisc.dylib
0x000000002e6e4000 	/System/Library/Frameworks/Accelerate.framework/Versions/A/Frameworks/vecLib.framework/Versions/A/libLAPACK.dylib
0x000000002e6e4000 	/System/Library/Frameworks/Accelerate.framework/Versions/A/Frameworks/vecLib.framework/Versions/A/libBLAS.dylib
0x000000002e6e4000 	/System/Library/Frameworks/Accelerate.framework/Versions/A/Frameworks/vecLib.framework/Versions/A/libLinearAlgebra.dylib
0x000000002e6e4000 	/System/Library/Frameworks/Accelerate.framework/Versions/A/Frameworks/vecLib.framework/Versions/A/libSparseBLAS.dylib
0x000000002e6e4000 	/System/Library/Frameworks/ApplicationServices.framework/Versions/A/Frameworks/ATS.framework/Versions/A/Resources/libFontParser.dylib
0x000000002e6e4000 	/System/Library/Frameworks/ApplicationServices.framework/Versions/A/Frameworks/ATS.framework/Versions/A/Resources/libFontRegistry.dylib
0x000000002e6e4000 	/System/Library/Frameworks/ImageIO.framework/Versions/A/Resources/libJPEG.dylib
0x000000002e6e4000 	/System/Library/Frameworks/ImageIO.framework/Versions/A/Resources/libTIFF.dylib
0x000000002e6e4000 	/System/Library/Frameworks/ImageIO.framework/Versions/A/Resources/libPng.dylib
0x000000002e6e4000 	/System/Library/Frameworks/ImageIO.framework/Versions/A/Resources/libGIF.dylib
0x000000002e6e4000 	/System/Library/Frameworks/ImageIO.framework/Versions/A/Resources/libJP2.dylib
0x000000002e6e4000 	/System/Library/Frameworks/ImageIO.framework/Versions/A/Resources/libRadiance.dylib
0x000000002e6e4000 	/usr/lib/libcompression.dylib
0x000000002e6e4000 	/System/Library/PrivateFrameworks/AppleJPEG.framework/Versions/A/AppleJPEG
0x000000002e6e4000 	/usr/lib/libcups.2.dylib
0x000000002e6e4000 	/System/Library/Frameworks/Kerberos.framework/Versions/A/Kerberos
0x000000002e6e4000 	/System/Library/Frameworks/GSS.framework/Versions/A/GSS
0x000000002e6e4000 	/usr/lib/libresolv.9.dylib
0x000000002e6e4000 	/usr/lib/libiconv.2.dylib
0x000000002e6e4000 	/System/Library/PrivateFrameworks/Heimdal.framework/Versions/A/Heimdal
0x000000002e6e4000 	/usr/lib/libheimdal-asn1.dylib
0x000000002e6e4000 	/System/Library/Frameworks/OpenDirectory.framework/Versions/A/OpenDirectory
0x000000002e6e4000 	/System/Library/PrivateFrameworks/CommonAuth.framework/Versions/A/CommonAuth
0x000000002e6e4000 	/System/Library/Frameworks/OpenDirectory.framework/Versions/A/Frameworks/CFOpenDirectory.framework/Versions/A/CFOpenDirectory
0x000000002e6e4000 	/System/Library/Frameworks/SecurityFoundation.framework/Versions/A/SecurityFoundation
0x000000002e6e4000 	/System/Library/PrivateFrameworks/LanguageModeling.framework/Versions/A/LanguageModeling
0x000000002e6e4000 	/usr/lib/libmarisa.dylib
0x000000002e6e4000 	/usr/lib/libChineseTokenizer.dylib
0x000000002e6e4000 	/usr/lib/libcmph.dylib
0x000000002e6e4000 	/System/Library/PrivateFrameworks/CoreEmoji.framework/Versions/A/CoreEmoji
0x000000002e6e4000 	/System/Library/Frameworks/ServiceManagement.framework/Versions/A/ServiceManagement
0x000000002e6e4000 	/usr/lib/libxslt.1.dylib
0x000000002e6e4000 	/System/Library/Frameworks/Carbon.framework/Versions/A/Frameworks/Ink.framework/Versions/A/Ink
0x000000002e6e4000 	/System/Library/PrivateFrameworks/TextureIO.framework/Versions/A/TextureIO
0x000000002e6e4000 	/System/Library/Frameworks/Metal.framework/Versions/A/Metal
0x000000002e6e4000 	/usr/lib/libate.dylib
0x000000002e6e4000 	/System/Library/PrivateFrameworks/GPUCompiler.framework/libmetal_timestamp.dylib
0x000000002e6e4000 	/System/Library/Frameworks/OpenGL.framework/Versions/A/Libraries/libCoreFSCache.dylib
0x000000002e6e4000 	/System/Library/PrivateFrameworks/IOAccelerator.framework/Versions/A/IOAccelerator
0x000000002e6e4000 	/System/Library/Frameworks/CoreVideo.framework/Versions/A/CoreVideo
0x000000002e6e4000 	/usr/lib/libFosl_dynamic.dylib
0x000000002e6e4000 	/System/Library/PrivateFrameworks/MetalPerformanceShaders.framework/Versions/A/MetalPerformanceShaders
0x000000002e6e4000 	/System/Library/PrivateFrameworks/FaceCore.framework/Versions/A/FaceCore
0x000000002e6e4000 	/System/Library/Frameworks/OpenCL.framework/Versions/A/OpenCL
0x000000002e6e4000 	/System/Library/Frameworks/OpenGL.framework/Versions/A/Libraries/libGLU.dylib
0x000000002e6e4000 	/System/Library/Frameworks/OpenGL.framework/Versions/A/Libraries/libGFXShared.dylib
0x000000002e6e4000 	/System/Library/Frameworks/OpenGL.framework/Versions/A/Libraries/libGL.dylib
0x000000002e6e4000 	/System/Library/Frameworks/OpenGL.framework/Versions/A/Libraries/libGLImage.dylib
0x000000002e6e4000 	/System/Library/Frameworks/OpenGL.framework/Versions/A/Libraries/libCVMSPluginSupport.dylib
0x000000002e6e4000 	/System/Library/Frameworks/OpenGL.framework/Versions/A/Libraries/libCoreVMClient.dylib
0x000000002e6e4000 	/System/Library/PrivateFrameworks/CrashReporterSupport.framework/Versions/A/CrashReporterSupport
0x000000002e6e4000 	/System/Library/PrivateFrameworks/Sharing.framework/Versions/A/Sharing
0x000000002e6e4000 	/System/Library/PrivateFrameworks/IconServices.framework/Versions/A/IconServices
0x000000002e6e4000 	/System/Library/PrivateFrameworks/ProtocolBuffer.framework/Versions/A/ProtocolBuffer
0x000000002e6e4000 	/System/Library/PrivateFrameworks/Apple80211.framework/Versions/A/Apple80211
0x000000002e6e4000 	/System/Library/Frameworks/CoreWLAN.framework/Versions/A/CoreWLAN
0x000000002e6e4000 	/System/Library/PrivateFrameworks/CoreUtils.framework/Versions/A/CoreUtils
0x000000002e6e4000 	/System/Library/Frameworks/IOBluetooth.framework/Versions/A/IOBluetooth
0x000000002e6e4000 	/System/Library/PrivateFrameworks/CoreWiFi.framework/Versions/A/CoreWiFi
0x000000002e6e4000 	/System/Library/Frameworks/CoreBluetooth.framework/Versions/A/CoreBluetooth
0x000000002e6e4000 	/System/Library/Frameworks/CoreDisplay.framework/Versions/A/CoreDisplay
0x000000002e6e4000 	/System/Library/PrivateFrameworks/IOPresentment.framework/Versions/A/IOPresentment
0x000000002e6e4000 	/System/Library/PrivateFrameworks/DSExternalDisplay.framework/Versions/A/DSExternalDisplay
0x000000002e6e4000 	/System/Library/PrivateFrameworks/DebugSymbols.framework/Versions/A/DebugSymbols
0x000000002e6e4000 	/System/Library/PrivateFrameworks/CoreSymbolication.framework/Versions/A/CoreSymbolication
0x000000002e6e4000 	/System/Library/PrivateFrameworks/Symbolication.framework/Versions/A/Symbolication
0x000000002e6e4000 	/System/Library/PrivateFrameworks/AppleFSCompression.framework/Versions/A/AppleFSCompression
0x000000002e6e4000 	/System/Library/PrivateFrameworks/SpeechRecognitionCore.framework/Versions/A/SpeechRecognitionCore
0x000000002e6e4000 	/System/Library/PrivateFrameworks/ChunkingLibrary.framework/Versions/A/ChunkingLibrary
0x000000010ea00000 	/Library/Java/JavaVirtualMachines/jdk1.8.0_111.jdk/Contents/Home/jre/lib/server/libjvm.dylib
0x000000010e02f000 	/usr/lib/libstdc++.6.dylib
0x000000010e0e8000 	/Library/Java/JavaVirtualMachines/jdk1.8.0_111.jdk/Contents/Home/jre/lib/libverify.dylib
0x000000010e0f6000 	/Library/Java/JavaVirtualMachines/jdk1.8.0_111.jdk/Contents/Home/jre/lib/libjava.dylib
0x000000010e135000 	/Library/Java/JavaVirtualMachines/jdk1.8.0_111.jdk/Contents/Home/jre/lib/libzip.dylib
0x0000000112259000 	/System/Library/Frameworks/JavaVM.framework/Frameworks/JavaRuntimeSupport.framework/JavaRuntimeSupport
0x000000010e1ea000 	/System/Library/Frameworks/JavaVM.framework/Versions/A/Frameworks/JavaNativeFoundation.framework/Versions/A/JavaNativeFoundation
0x0000000112273000 	/System/Library/Frameworks/JavaVM.framework/Versions/A/JavaVM
0x000000002e6e4000 	/System/Library/Frameworks/Carbon.framework/Versions/A/Carbon
0x0000000112280000 	/System/Library/PrivateFrameworks/JavaLaunching.framework/Versions/A/JavaLaunching
0x000000002e6e4000 	/System/Library/Frameworks/Carbon.framework/Versions/A/Frameworks/CommonPanels.framework/Versions/A/CommonPanels
0x000000002e6e4000 	/System/Library/Frameworks/Carbon.framework/Versions/A/Frameworks/Help.framework/Versions/A/Help
0x000000002e6e4000 	/System/Library/Frameworks/Carbon.framework/Versions/A/Frameworks/ImageCapture.framework/Versions/A/ImageCapture
0x000000002e6e4000 	/System/Library/Frameworks/Carbon.framework/Versions/A/Frameworks/OpenScripting.framework/Versions/A/OpenScripting
0x000000002e6e4000 	/System/Library/Frameworks/Carbon.framework/Versions/A/Frameworks/Print.framework/Versions/A/Print
0x000000002e6e4000 	/System/Library/Frameworks/Carbon.framework/Versions/A/Frameworks/SecurityHI.framework/Versions/A/SecurityHI
0x0000000113b8f000 	/Library/Java/JavaVirtualMachines/jdk1.8.0_111.jdk/Contents/Home/jre/lib/libawt.dylib
0x0000000113c37000 	/Library/Java/JavaVirtualMachines/jdk1.8.0_111.jdk/Contents/Home/jre/lib/./libmlib_image.dylib
0x0000000113d03000 	/Library/Java/JavaVirtualMachines/jdk1.8.0_111.jdk/Contents/Home/jre/lib/libawt_lwawt.dylib
0x0000000113db8000 	/Library/Java/JavaVirtualMachines/jdk1.8.0_111.jdk/Contents/Home/jre/lib/./libosxapp.dylib
0x000000002e6e4000 	/System/Library/Frameworks/ExceptionHandling.framework/Versions/A/ExceptionHandling
0x000000002e6e4000 	/System/Library/PrivateFrameworks/CoreServicesInternal.framework/Versions/A/CoreServicesInternal
0x000000002e6e4000 	/System/Library/CoreServices/RawCamera.bundle/Contents/MacOS/RawCamera
0x0000000113e53000 	/System/Library/Frameworks/Accelerate.framework/Frameworks/vImage.framework/Versions/A/Libraries/libCGInterfaces.dylib
0x000000002e6e4000 	/System/Library/Frameworks/ApplicationServices.framework/Versions/A/Frameworks/ATS.framework/Versions/A/Resources/libTrueTypeScaler.dylib
0x0000000128ebe000 	/System/Library/Frameworks/OpenGL.framework/Resources/GLEngine.bundle/GLEngine
0x000000002e6e4000 	/System/Library/Frameworks/OpenGL.framework/Versions/A/Libraries/libGLProgrammability.dylib
0x00000001290a3000 	/System/Library/Extensions/AppleIntelBDWGraphicsGLDriver.bundle/Contents/MacOS/AppleIntelBDWGraphicsGLDriver
0x000000002e6e4000 	/System/Library/PrivateFrameworks/GPUSupport.framework/Versions/A/Libraries/libGPUSupportMercury.dylib
0x000000012980d000 	/System/Library/Frameworks/OpenGL.framework/Resources//GLRendererFloat.bundle/GLRendererFloat
0x000000002e6e4000 	/System/Library/Frameworks/OpenCL.framework/Versions/A/Libraries/libcldcpuengine.dylib
0x000000002e6e4000 	/usr/lib/libcrypto.0.9.8.dylib
0x000000002e6e4000 	/System/Library/PrivateFrameworks/TrustEvaluationAgent.framework/Versions/A/TrustEvaluationAgent
0x0000000129841000 	/System/Library/Extensions/AppleIntelBDWGraphicsMTLDriver.bundle/Contents/MacOS/AppleIntelBDWGraphicsMTLDriver
0x000000002e6e4000 	/System/Library/PrivateFrameworks/FamilyControls.framework/Versions/A/FamilyControls
0x000000002e6e4000 	/System/Library/PrivateFrameworks/CommerceKit.framework/Versions/A/Frameworks/CommerceCore.framework/Versions/A/CommerceCore
0x000000002e6e4000 	/System/Library/PrivateFrameworks/SystemAdministration.framework/Versions/A/SystemAdministration
0x000000002e6e4000 	/System/Library/PrivateFrameworks/AppContainer.framework/Versions/A/AppContainer
0x000000002e6e4000 	/System/Library/PrivateFrameworks/SecCodeWrapper.framework/Versions/A/SecCodeWrapper
0x000000002e6e4000 	/System/Library/Frameworks/DirectoryService.framework/Versions/A/DirectoryService
0x000000002e6e4000 	/System/Library/PrivateFrameworks/DiskImages.framework/Versions/A/DiskImages
0x000000002e6e4000 	/System/Library/PrivateFrameworks/LoginUIKit.framework/Versions/A/Frameworks/LoginUICore.framework/Versions/A/LoginUICore
0x000000002e6e4000 	/usr/lib/libCoreStorage.dylib
0x000000002e6e4000 	/usr/lib/libcsfde.dylib
0x000000002e6e4000 	/usr/lib/libodfde.dylib
0x000000002e6e4000 	/System/Library/Frameworks/DiscRecording.framework/Versions/A/DiscRecording
0x000000002e6e4000 	/usr/lib/libcurl.4.dylib
0x000000002e6e4000 	/System/Library/PrivateFrameworks/MediaKit.framework/Versions/A/MediaKit
0x000000002e6e4000 	/System/Library/PrivateFrameworks/ProtectedCloudStorage.framework/Versions/A/ProtectedCloudStorage
0x000000002e6e4000 	/System/Library/PrivateFrameworks/EFILogin.framework/Versions/A/EFILogin
0x000000002e6e4000 	/usr/lib/libutil.dylib
0x000000002e6e4000 	/System/Library/Frameworks/LDAP.framework/Versions/A/LDAP
0x000000002e6e4000 	/usr/lib/libsasl2.2.dylib
0x000000002e6e4000 	/System/Library/PrivateFrameworks/CoreDaemon.framework/Versions/B/CoreDaemon
0x000000002e6e4000 	/System/Library/PrivateFrameworks/AppleSRP.framework/Versions/A/AppleSRP
0x000000002e6e4000 	/System/Library/PrivateFrameworks/APFS.framework/Versions/A/APFS
0x000000012b81d000 	/Library/Java/JavaVirtualMachines/jdk1.8.0_111.jdk/Contents/Home/jre/lib/libfontmanager.dylib
0x000000002e6e4000 	/System/Library/PrivateFrameworks/ViewBridge.framework/Versions/A/ViewBridge
0x000000002e6e4000 	/System/Library/PrivateFrameworks/XPCService.framework/Versions/A/XPCService
0x000000002e6e4000 	/System/Library/PrivateFrameworks/AppSandbox.framework/Versions/A/AppSandbox
0x000000002e6e4000 	/usr/lib/libsandbox.1.dylib
0x000000002e6e4000 	/usr/lib/libMatch.1.dylib
0x000000012cc0f000 	/Library/Java/JavaVirtualMachines/jdk1.8.0_111.jdk/Contents/Home/jre/lib/libosxui.dylib
0x000000012d98e000 	/Library/Java/JavaVirtualMachines/jdk1.8.0_111.jdk/Contents/Home/jre/lib/libnet.dylib
0x000000012d9a5000 	/Library/Java/JavaVirtualMachines/jdk1.8.0_111.jdk/Contents/Home/jre/lib/libnio.dylib
0x000000012c996000 	/private/var/folders/99/pp3fz67d34l2n2q9ztrt9jpr0000gn/T/jogamp_0000/file_cache/jln1195578555926022497/jln3060593195491166158/libgluegen-rt.jnilib
0x000000012c99a000 	/private/var/folders/99/pp3fz67d34l2n2q9ztrt9jpr0000gn/T/jogamp_0000/file_cache/jln1195578555926022497/jln3060593195491166158/libnativewindow_awt.jnilib
0x000000012d726000 	/Library/Java/JavaVirtualMachines/jdk1.8.0_111.jdk/Contents/Home/jre/lib/libjawt.dylib
0x000000015906a000 	/private/var/folders/99/pp3fz67d34l2n2q9ztrt9jpr0000gn/T/jogamp_0000/file_cache/jln1195578555926022497/jln3060593195491166158/libnativewindow_macosx.jnilib
0x0000000161017000 	/private/var/folders/99/pp3fz67d34l2n2q9ztrt9jpr0000gn/T/jogamp_0000/file_cache/jln1195578555926022497/jln3060593195491166158/libjogl_desktop.jnilib
0x00000001630ea000 	/Library/Java/JavaVirtualMachines/jdk1.8.0_111.jdk/Contents/Home/jre/lib/libsunec.dylib
0x0000000163092000 	/Library/Java/JavaVirtualMachines/jdk1.8.0_111.jdk/Contents/Home/jre/lib/libt2k.dylib
0x00000001667a4000 	/Library/Java/JavaVirtualMachines/jdk1.8.0_111.jdk/Contents/Home/jre/lib/libjpeg.dylib

VM Arguments:
jvm_args: -Djava.security.policy=java.policy.applet -Dfile.encoding=UTF-8 
java_command: sun.applet.AppletViewer module6.EarthquakeCityMap1492849953252.html
java_class_path (initial): /Users/loris/Documents/workspace/UCSD/UCSDUnfoldingMaps/build:/Users/loris/Documents/workspace/UCSD/UCSDUnfoldingMaps/lib/core.jar:/Users/loris/Documents/workspace/UCSD/UCSDUnfoldingMaps/lib/gluegen-rt.jar:/Users/loris/Documents/workspace/UCSD/UCSDUnfoldingMaps/lib/jogl-all.jar:/Users/loris/Documents/workspace/UCSD/UCSDUnfoldingMaps/lib/log4j-1.2.15.jar:/Users/loris/Documents/workspace/UCSD/UCSDUnfoldingMaps/lib/sqlite-jdbc-3.7.2.jar:/Users/loris/Documents/workspace/UCSD/UCSDUnfoldingMaps/lib/json4processing.jar:/Users/loris/Documents/workspace/UCSD/UCSDUnfoldingMaps/lib/libTUIO.jar:/Users/loris/Documents/workspace/UCSD/UCSDUnfoldingMaps/lib/unfolding.0.9.7-uscd.jar
Launcher Type: SUN_STANDARD

Environment Variables:
PATH=/usr/bin:/bin:/usr/sbin:/sbin
SHELL=/bin/bash

Signal Handlers:
SIGSEGV: [libjvm.dylib+0x5b03ed], sa_mask[0]=11111111011111110111111111111111, sa_flags=SA_ONSTACK|SA_RESTART|SA_SIGINFO
SIGBUS: [libjvm.dylib+0x5b03ed], sa_mask[0]=11111111011111110111111111111111, sa_flags=SA_RESTART|SA_SIGINFO
SIGFPE: [libjvm.dylib+0x48711c], sa_mask[0]=11111111011111110111111111111111, sa_flags=SA_RESTART|SA_SIGINFO
SIGPIPE: [libjvm.dylib+0x48711c], sa_mask[0]=11111111011111110111111111111111, sa_flags=SA_RESTART|SA_SIGINFO
SIGXFSZ: [libjvm.dylib+0x48711c], sa_mask[0]=11111111011111110111111111111111, sa_flags=SA_RESTART|SA_SIGINFO
SIGILL: [libjvm.dylib+0x48711c], sa_mask[0]=11111111011111110111111111111111, sa_flags=SA_RESTART|SA_SIGINFO
SIGUSR1: SIG_DFL, sa_mask[0]=00000000000000000000000000000000, sa_flags=none
SIGUSR2: [libjvm.dylib+0x486c3a], sa_mask[0]=00100000000000000000000000000000, sa_flags=SA_RESTART|SA_SIGINFO
SIGHUP: [libjvm.dylib+0x485211], sa_mask[0]=11111111011111110111111111111111, sa_flags=SA_RESTART|SA_SIGINFO
SIGINT: [libjvm.dylib+0x485211], sa_mask[0]=11111111011111110111111111111111, sa_flags=SA_RESTART|SA_SIGINFO
SIGTERM: [libjvm.dylib+0x485211], sa_mask[0]=11111111011111110111111111111111, sa_flags=SA_RESTART|SA_SIGINFO
SIGQUIT: [libjvm.dylib+0x485211], sa_mask[0]=11111111011111110111111111111111, sa_flags=SA_RESTART|SA_SIGINFO


---------------  S Y S T E M  ---------------

OS:Bsduname:Darwin 16.5.0 Darwin Kernel Version 16.5.0: Fri Mar  3 16:52:33 PST 2017; root:xnu-3789.51.2~3/RELEASE_X86_64 x86_64
rlimit: STACK 8192k, CORE 0k, NPROC 709, NOFILE 10240, AS infinity
load average:2.47 1.74 1.58

CPU:total 4 (2 cores per cpu, 2 threads per core) family 6 model 61 stepping 4, cmov, cx8, fxsr, mmx, sse, sse2, sse3, ssse3, sse4.1, sse4.2, popcnt, avx, avx2, aes, clmul, erms, 3dnowpref, lzcnt, ht, tsc, tscinvbit, bmi1, bmi2, adx

Memory: 4k page, physical 8388608k(187356k free)

/proc/meminfo:


vm_info: Java HotSpot(TM) 64-Bit Server VM (25.111-b14) for bsd-amd64 JRE (1.8.0_111-b14), built on Sep 22 2016 15:31:41 by "java_re" with gcc 4.2.1 (Based on Apple Inc. build 5658) (LLVM build 2336.11.00)

time: Sat Apr 22 10:33:26 2017
elapsed time: 53 seconds (0d 0h 0m 53s)

