#
# A fatal error has been detected by the Java Runtime Environment:
#
#  SIGSEGV (0xb) at pc=0x00007fffb894f05d, pid=778, tid=0x0000000000000307
#
# JRE version: Java(TM) SE Runtime Environment (8.0_111-b14) (build 1.8.0_111-b14)
# Java VM: Java HotSpot(TM) 64-Bit Server VM (25.111-b14 mixed mode bsd-amd64 compressed oops)
# Problematic frame:
# C  [libobjc.A.dylib+0x705d]  objc_msgSend+0x1d
#
# Failed to write core dump. Core dumps have been disabled. To enable core dumping, try "ulimit -c unlimited" before starting Java again
#
# If you would like to submit a bug report, please visit:
#   http://bugreport.java.com/bugreport/crash.jsp
# The crash happened outside the Java Virtual Machine in native code.
# See problematic frame for where to report the bug.
#

---------------  T H R E A D  ---------------

Current thread (0x00007fe4710f9000):  JavaThread "AWT-AppKit" daemon [_thread_in_native, id=775, stack(0x00007fff5cf8a000,0x00007fff5d78a000)]

siginfo: si_signo: 11 (SIGSEGV), si_code: 1 (SEGV_MAPERR), si_addr: 0x0000000000000018

Registers:
RAX=0x00007fe475bcf7e0, RBX=0x000000014d537450, RCX=0x00007fe472300af0, RDX=0x0000000000000000
RSP=0x00007fff5d785358, RBP=0x00007fff5d785410, RSI=0x00007fffa2202134, RDI=0x00007fe475bccd10
R8 =0x0000000000000018, R9 =0x00007fe472300800, R10=0x0000000000000000, R11=0x00007fffa2202134
R12=0x0000000000000000, R13=0x000000015465eb20, R14=0x000000014d537440, R15=0x00007fe4710f9000
RIP=0x00007fffb894f05d, EFLAGS=0x0000000000010246, ERR=0x0000000000000004
  TRAPNO=0x000000000000000e

Top of Stack: (sp=0x00007fff5d785358)
0x00007fff5d785358:   000000014d535157 00007fff5d7853b0
0x00007fff5d785368:   0000000000000003 00007fff5d785390
0x00007fff5d785378:   0000000102ff27be 000000015465eb20
0x00007fff5d785388:   000000015465eb20 00007fe475bcf7e0
0x00007fff5d785398:   000000014d5376a0 000000014d537710
0x00007fff5d7853a8:   00007fffbe9b36d0 00007fffbf5e31e0
0x00007fff5d7853b8:   000000014d537450 000000014d537690
0x00007fff5d7853c8:   00007fe475bcf7e0 00007fe475bccd10
0x00007fff5d7853d8:   00007fe4758f35c0 00007fe475bcf7e0
0x00007fff5d7853e8:   00007fe475bccd10 00007fff5d785498
0x00007fff5d7853f8:   00007fe4710f91f8 000000015465eb20
0x00007fff5d785408:   00007fff5d7854c0 00007fff5d785488
0x00007fff5d785418:   000000010c36b9f4 000000015465eb20
0x00007fff5d785428:   00007fff5d7854c0 00007fff5d785488
0x00007fff5d785438:   000000010c36b787 000000010c36b742
0x00007fff5d785448:   00007fff5d785448 000000015465eb20
0x00007fff5d785458:   00007fff5d7854c0 000000015463c228
0x00007fff5d785468:   0000000000000000 000000015465eb20
0x00007fff5d785478:   0000000000000000 00007fff5d7854a8
0x00007fff5d785488:   00007fff5d785508 000000010c35c2bd
0x00007fff5d785498:   0000000740448de0 000000010c365538
0x00007fff5d7854a8:   00007fe475bcf7e0 00007fff5d785508
0x00007fff5d7854b8:   00007fe475bccd10 000000010c366e02
0x00007fff5d7854c8:   00007fff5d7854c8 000000015465ecea
0x00007fff5d7854d8:   00007fff5d785530 000000015463c228
0x00007fff5d7854e8:   0000000000000000 000000015465ecf8
0x00007fff5d7854f8:   00007fff5d7854a8 00007fff5d785518
0x00007fff5d785508:   00007fff5d785578 000000010c35c2bd
0x00007fff5d785518:   00007fe475bcf7e0 0000000740494000
0x00007fff5d785528:   00007fe475bccd10 0000000740494000
0x00007fff5d785538:   00007fff5d785538 0000000157047c4e
0x00007fff5d785548:   00007fff5d785588 0000000157047d08 

Instructions: (pc=0x00007fffb894f05d)
0x00007fffb894f03d:   0f 1f 00 48 85 ff 2e 74 62 40 f6 c7 01 2e 75 66
0x00007fffb894f04d:   49 ba f8 ff ff ff ff 7f 00 00 4c 23 17 49 89 f3
0x00007fffb894f05d:   45 23 5a 18 49 c1 e3 04 4d 03 5a 10 49 3b 33 75
0x00007fffb894f06d:   04 41 ff 63 08 49 83 3b 01 76 0d 49 83 c3 10 49 

Register to memory mapping:

RAX=0x00007fe475bcf7e0 is an unknown value
RBX=0x000000014d537450: Java_jogamp_nativewindow_macosx_OSXUtil_GetScreenRefreshRate0+0x1cf0 in /private/var/folders/99/pp3fz67d34l2n2q9ztrt9jpr0000gn/T/jogamp_0000/file_cache/jln9165408380843064882/jln1493439470154770897/libnativewindow_macosx.jnilib at 0x000000014d530000
RCX=0x00007fe472300af0 is an unknown value
RDX=0x0000000000000000 is an unknown value
RSP=0x00007fff5d785358 is pointing into the stack for thread: 0x00007fe4710f9000
RBP=0x00007fff5d785410 is pointing into the stack for thread: 0x00007fe4710f9000
RSI=0x00007fffa2202134: __NSStyleNameIndexTable+0x7fcec in /System/Library/Frameworks/AppKit.framework/Versions/C/AppKit at 0x00007fffa1595000
RDI=0x00007fe475bccd10 is an unknown value
R8 =0x0000000000000018 is an unknown value
R9 =0x00007fe472300800 is an unknown value
R10=0x0000000000000000 is an unknown value
R11=0x00007fffa2202134: __NSStyleNameIndexTable+0x7fcec in /System/Library/Frameworks/AppKit.framework/Versions/C/AppKit at 0x00007fffa1595000
R12=0x0000000000000000 is an unknown value
R13={method} {0x000000015465eb20} 'UnsetJAWTRootSurfaceLayer0' '(JJ)V' in 'jogamp/nativewindow/jawt/macosx/MacOSXJAWTWindow'
R14=0x000000014d537440: Java_jogamp_nativewindow_macosx_OSXUtil_GetScreenRefreshRate0+0x1ce0 in /private/var/folders/99/pp3fz67d34l2n2q9ztrt9jpr0000gn/T/jogamp_0000/file_cache/jln9165408380843064882/jln1493439470154770897/libnativewindow_macosx.jnilib at 0x000000014d530000
R15=0x00007fe4710f9000 is a thread


Stack: [0x00007fff5cf8a000,0x00007fff5d78a000],  sp=0x00007fff5d785358,  free space=8172k
Native frames: (J=compiled Java code, j=interpreted, Vv=VM code, C=native code)
C  [libobjc.A.dylib+0x705d]  objc_msgSend+0x1d
j  jogamp.nativewindow.jawt.macosx.MacOSXJAWTWindow.UnsetJAWTRootSurfaceLayer0(JJ)V+0
j  jogamp.nativewindow.jawt.macosx.MacOSXJAWTWindow.access$200(JJ)V+2
j  jogamp.nativewindow.jawt.macosx.MacOSXJAWTWindow$1.run()V+38
J 3127 C1 com.jogamp.common.util.RunnableTask.run()V (345 bytes) @ 0x000000010c8de7f4 [0x000000010c8de660+0x194]
v  ~StubRoutines::call_stub
V  [libjvm.dylib+0x2ecf8a]  JavaCalls::call_helper(JavaValue*, methodHandle*, JavaCallArguments*, Thread*)+0x6ae
V  [libjvm.dylib+0x324119]  jni_invoke_nonstatic(JNIEnv_*, JavaValue*, _jobject*, JNICallType, _jmethodID*, JNI_ArgumentPusher*, Thread*)+0x2ec
V  [libjvm.dylib+0x3168e7]  jni_CallVoidMethod+0x16b
C  [libnativewindow_macosx.jnilib+0x5326]  Java_jogamp_nativewindow_jawt_macosx_MacOSXJAWTWindow_UnsetJAWTRootSurfaceLayer0+0x2b6
C  [Foundation+0x7184a]  __NSThreadPerformPerform+0x146
C  [CoreFoundation+0xa73c1]  __CFRUNLOOP_IS_CALLING_OUT_TO_A_SOURCE0_PERFORM_FUNCTION__+0x11
C  [CoreFoundation+0x882cd]  __CFRunLoopDoSources0+0x22d
C  [CoreFoundation+0x877c6]  __CFRunLoopRun+0x3a6
C  [CoreFoundation+0x871c4]  CFRunLoopRunSpecific+0x1a4
C  [HIToolbox+0x30ebc]  RunCurrentEventLoopInMode+0xf0
C  [HIToolbox+0x30bf9]  ReceiveNextEventCommon+0xb8
C  [HIToolbox+0x30b26]  _BlockUntilNextEventMatchingListInModeWithFilter+0x47
C  [AppKit+0x46e24]  _DPSNextEvent+0x460
C  [AppKit+0x7c285e]  -[NSApplication(NSEvent) _nextEventMatchingEventMask:untilDate:inMode:dequeue:]+0xaec
C  [libosxapp.dylib+0x23aa]  -[NSApplicationAWT nextEventMatchingMask:untilDate:inMode:dequeue:]+0x7c
C  [AppKit+0x3b7ab]  -[NSApplication run]+0x39e
C  [libosxapp.dylib+0x214d]  +[NSApplicationAWT runAWTLoopWithApp:]+0x9c
C  [libawt_lwawt.dylib+0x444b3]  -[AWTStarter starter:]+0x389
C  [Foundation+0x7184a]  __NSThreadPerformPerform+0x146
C  [CoreFoundation+0xa73c1]  __CFRUNLOOP_IS_CALLING_OUT_TO_A_SOURCE0_PERFORM_FUNCTION__+0x11
C  [CoreFoundation+0x882cd]  __CFRunLoopDoSources0+0x22d
C  [CoreFoundation+0x877c6]  __CFRunLoopRun+0x3a6
C  [CoreFoundation+0x871c4]  CFRunLoopRunSpecific+0x1a4
C  [java+0x6465]  CreateExecutionEnvironment+0x367
C  [java+0x218c]  JLI_Launch+0x7a0
C  [java+0x84c2]  main+0x65
C  [java+0x19e4]  start+0x34
C  0x0000000000000007

Java frames: (J=compiled Java code, j=interpreted, Vv=VM code)
j  jogamp.nativewindow.jawt.macosx.MacOSXJAWTWindow.UnsetJAWTRootSurfaceLayer0(JJ)V+0
j  jogamp.nativewindow.jawt.macosx.MacOSXJAWTWindow.access$200(JJ)V+2
j  jogamp.nativewindow.jawt.macosx.MacOSXJAWTWindow$1.run()V+38
J 3127 C1 com.jogamp.common.util.RunnableTask.run()V (345 bytes) @ 0x000000010c8de7f4 [0x000000010c8de660+0x194]
v  ~StubRoutines::call_stub

---------------  P R O C E S S  ---------------

Java Threads: ( => current thread )
  0x00007fe4763ca800 JavaThread "Thread-44" [_thread_blocked, id=4455, stack(0x00007000117fc000,0x00007000118fc000)]
  0x00007fe4764b4000 JavaThread "Image Fetcher 1" daemon [_thread_blocked, id=70663, stack(0x00007000116f9000,0x00007000117f9000)]
  0x00007fe4764b2800 JavaThread "Image Fetcher 0" daemon [_thread_blocked, id=72195, stack(0x0000700011c08000,0x0000700011d08000)]
  0x00007fe471ac5000 JavaThread "Keep-Alive-Timer" daemon [_thread_blocked, id=71783, stack(0x0000700011b05000,0x0000700011c05000)]
  0x00007fe470456000 JavaThread "AWT-EventQueue-1" [_thread_in_native, id=66323, stack(0x0000700011573000,0x0000700011673000)]
  0x00007fe4718d4000 JavaThread "DestroyJavaVM" [_thread_blocked, id=7171, stack(0x000070000ff2b000,0x000070001002b000)]
  0x00007fe4702a9000 JavaThread "AWT-EventQueue-0" [_thread_blocked, id=59923, stack(0x000070001136d000,0x000070001146d000)]
  0x00007fe4718a7000 JavaThread "Java2D Disposer" daemon [_thread_blocked, id=56591, stack(0x00007000110e4000,0x00007000111e4000)]
  0x00007fe4718a0000 JavaThread "Java2D Queue Flusher" daemon [_thread_blocked, id=47411, stack(0x0000700010fe1000,0x00007000110e1000)]
  0x00007fe471861000 JavaThread "AWT-Shutdown" [_thread_blocked, id=29727, stack(0x0000700010dd8000,0x0000700010ed8000)]
=>0x00007fe4710f9000 JavaThread "AWT-AppKit" daemon [_thread_in_native, id=775, stack(0x00007fff5cf8a000,0x00007fff5d78a000)]
  0x00007fe47006a000 JavaThread "Service Thread" daemon [_thread_blocked, id=18435, stack(0x0000700010b4f000,0x0000700010c4f000)]
  0x00007fe470066000 JavaThread "C1 CompilerThread2" daemon [_thread_blocked, id=17923, stack(0x0000700010a4c000,0x0000700010b4c000)]
  0x00007fe47084f800 JavaThread "C2 CompilerThread1" daemon [_thread_blocked, id=17411, stack(0x0000700010949000,0x0000700010a49000)]
  0x00007fe470815000 JavaThread "C2 CompilerThread0" daemon [_thread_blocked, id=16899, stack(0x0000700010846000,0x0000700010946000)]
  0x00007fe470814800 JavaThread "Signal Dispatcher" daemon [_thread_blocked, id=16387, stack(0x0000700010743000,0x0000700010843000)]
  0x00007fe470836800 JavaThread "Finalizer" daemon [_thread_blocked, id=12547, stack(0x0000700010640000,0x0000700010740000)]
  0x00007fe470033800 JavaThread "Reference Handler" daemon [_thread_blocked, id=12035, stack(0x000070001053d000,0x000070001063d000)]

Other Threads:
  0x00007fe470802800 VMThread [stack: 0x000070001043a000,0x000070001053a000] [id=11523]
  0x00007fe471005800 WatcherThread [stack: 0x0000700010c52000,0x0000700010d52000] [id=18947]

VM state:not at safepoint (normal execution)

VM Mutex/Monitor currently owned by a thread: None

Heap:
 PSYoungGen      total 209920K, used 14653K [0x0000000795580000, 0x00000007a6680000, 0x00000007c0000000)
  eden space 196096K, 5% used [0x0000000795580000,0x00000007960af380,0x00000007a1500000)
  from space 13824K, 23% used [0x00000007a1500000,0x00000007a18200c0,0x00000007a2280000)
  to   space 13824K, 0% used [0x00000007a5900000,0x00000007a5900000,0x00000007a6680000)
 ParOldGen       total 54272K, used 32092K [0x0000000740000000, 0x0000000743500000, 0x0000000795580000)
  object space 54272K, 59% used [0x0000000740000000,0x0000000741f571a0,0x0000000743500000)
 Metaspace       used 24357K, capacity 24629K, committed 24832K, reserved 1071104K
  class space    used 2422K, capacity 2517K, committed 2560K, reserved 1048576K

Card table byte_map: [0x000000010416a000,0x000000010456b000] byte_map_base: 0x000000010076a000

Marking Bits: (ParMarkBitMap*) 0x00000001036efd20
 Begin Bits: [0x0000000104816000, 0x0000000106816000)
 End Bits:   [0x0000000106816000, 0x0000000108816000)

Polling page: 0x00000001025ef000

CodeCache: size=245760Kb used=9423Kb max_used=9792Kb free=236336Kb
 bounds [0x000000010c354000, 0x000000010cd04000, 0x000000011b354000]
 total_blobs=3739 nmethods=2815 adapters=837
 compilation: enabled

Compilation events (10 events):
Event: 9.866 Thread 0x00007fe470066000 nmethod 3486 0x000000010ca6d990 code [0x000000010ca6db40, 0x000000010ca6e448]
Event: 9.866 Thread 0x00007fe470066000 3488       1       sun.java2d.SurfaceData::isValid (5 bytes)
Event: 9.866 Thread 0x00007fe470066000 nmethod 3488 0x000000010cbb9ed0 code [0x000000010cbba020, 0x000000010cbba130]
Event: 9.867 Thread 0x00007fe470066000 3489       3       java.security.CodeSource::matchCerts (254 bytes)
Event: 9.869 Thread 0x00007fe47084f800 3490  s!   4       sun.misc.URLClassPath::getLoader (197 bytes)
Event: 9.869 Thread 0x00007fe470066000 nmethod 3489 0x000000010cc1b8d0 code [0x000000010cc1bae0, 0x000000010cc1c678]
Event: 9.875 Thread 0x00007fe47084f800 nmethod 3490 0x000000010cc694d0 code [0x000000010cc69640, 0x000000010cc69e18]
Event: 9.877 Thread 0x00007fe470815000 3491  s    4       sun.misc.URLClassPath::getNextLoader (88 bytes)
Event: 9.882 Thread 0x00007fe470066000 3492       3       sun.java2d.pipe.RenderBuffer::putFloat (26 bytes)
Event: 9.883 Thread 0x00007fe470066000 nmethod 3492 0x000000010cc1b510 code [0x000000010cc1b680, 0x000000010cc1b810]

GC Heap History (10 events):
Event: 6.602 GC heap before
{Heap before GC invocations=8 (full 1):
 PSYoungGen      total 109056K, used 100682K [0x0000000795580000, 0x000000079de80000, 0x00000007c0000000)
  eden space 94208K, 100% used [0x0000000795580000,0x000000079b180000,0x000000079b180000)
  from space 14848K, 43% used [0x000000079c000000,0x000000079c652890,0x000000079ce80000)
  to   space 14848K, 0% used [0x000000079b180000,0x000000079b180000,0x000000079c000000)
 ParOldGen       total 54272K, used 22164K [0x0000000740000000, 0x0000000743500000, 0x0000000795580000)
  object space 54272K, 40% used [0x0000000740000000,0x00000007415a5350,0x0000000743500000)
 Metaspace       used 24064K, capacity 24367K, committed 24576K, reserved 1071104K
  class space    used 2414K, capacity 2516K, committed 2560K, reserved 1048576K
Event: 6.607 GC heap after
Heap after GC invocations=8 (full 1):
 PSYoungGen      total 109056K, used 6442K [0x0000000795580000, 0x00000007a0700000, 0x00000007c0000000)
  eden space 94208K, 0% used [0x0000000795580000,0x0000000795580000,0x000000079b180000)
  from space 14848K, 43% used [0x000000079b180000,0x000000079b7ca890,0x000000079c000000)
  to   space 14336K, 0% used [0x000000079f900000,0x000000079f900000,0x00000007a0700000)
 ParOldGen       total 54272K, used 22164K [0x0000000740000000, 0x0000000743500000, 0x0000000795580000)
  object space 54272K, 40% used [0x0000000740000000,0x00000007415a5350,0x0000000743500000)
 Metaspace       used 24064K, capacity 24367K, committed 24576K, reserved 1071104K
  class space    used 2414K, capacity 2516K, committed 2560K, reserved 1048576K
}
Event: 7.230 GC heap before
{Heap before GC invocations=9 (full 1):
 PSYoungGen      total 109056K, used 100650K [0x0000000795580000, 0x00000007a0700000, 0x00000007c0000000)
  eden space 94208K, 100% used [0x0000000795580000,0x000000079b180000,0x000000079b180000)
  from space 14848K, 43% used [0x000000079b180000,0x000000079b7ca890,0x000000079c000000)
  to   space 14336K, 0% used [0x000000079f900000,0x000000079f900000,0x00000007a0700000)
 ParOldGen       total 54272K, used 22164K [0x0000000740000000, 0x0000000743500000, 0x0000000795580000)
  object space 54272K, 40% used [0x0000000740000000,0x00000007415a5350,0x0000000743500000)
 Metaspace       used 24111K, capacity 24373K, committed 24576K, reserved 1071104K
  class space    used 2414K, capacity 2517K, committed 2560K, reserved 1048576K
Event: 7.235 GC heap after
Heap after GC invocations=9 (full 1):
 PSYoungGen      total 162304K, used 2560K [0x0000000795580000, 0x00000007a0500000, 0x00000007c0000000)
  eden space 150016K, 0% used [0x0000000795580000,0x0000000795580000,0x000000079e800000)
  from space 12288K, 20% used [0x000000079f900000,0x000000079fb800b0,0x00000007a0500000)
  to   space 14848K, 0% used [0x000000079e800000,0x000000079e800000,0x000000079f680000)
 ParOldGen       total 54272K, used 26083K [0x0000000740000000, 0x0000000743500000, 0x0000000795580000)
  object space 54272K, 48% used [0x0000000740000000,0x0000000741978ef0,0x0000000743500000)
 Metaspace       used 24111K, capacity 24373K, committed 24576K, reserved 1071104K
  class space    used 2414K, capacity 2517K, committed 2560K, reserved 1048576K
}
Event: 8.026 GC heap before
{Heap before GC invocations=10 (full 1):
 PSYoungGen      total 162304K, used 152576K [0x0000000795580000, 0x00000007a0500000, 0x00000007c0000000)
  eden space 150016K, 100% used [0x0000000795580000,0x000000079e800000,0x000000079e800000)
  from space 12288K, 20% used [0x000000079f900000,0x000000079fb800b0,0x00000007a0500000)
  to   space 14848K, 0% used [0x000000079e800000,0x000000079e800000,0x000000079f680000)
 ParOldGen       total 54272K, used 26083K [0x0000000740000000, 0x0000000743500000, 0x0000000795580000)
  object space 54272K, 48% used [0x0000000740000000,0x0000000741978ef0,0x0000000743500000)
 Metaspace       used 24191K, capacity 24501K, committed 24832K, reserved 1071104K
  class space    used 2414K, capacity 2517K, committed 2560K, reserved 1048576K
Event: 8.029 GC heap after
Heap after GC invocations=10 (full 1):
 PSYoungGen      total 164864K, used 4736K [0x0000000795580000, 0x00000007a3400000, 0x00000007c0000000)
  eden space 150016K, 0% used [0x0000000795580000,0x0000000795580000,0x000000079e800000)
  from space 14848K, 31% used [0x000000079e800000,0x000000079eca0150,0x000000079f680000)
  to   space 14336K, 0% used [0x00000007a2600000,0x00000007a2600000,0x00000007a3400000)
 ParOldGen       total 54272K, used 28523K [0x0000000740000000, 0x0000000743500000, 0x0000000795580000)
  object space 54272K, 52% used [0x0000000740000000,0x0000000741bdafe0,0x0000000743500000)
 Metaspace       used 24191K, capacity 24501K, committed 24832K, reserved 1071104K
  class space    used 2414K, capacity 2517K, committed 2560K, reserved 1048576K
}
Event: 8.690 GC heap before
{Heap before GC invocations=11 (full 1):
 PSYoungGen      total 164864K, used 154752K [0x0000000795580000, 0x00000007a3400000, 0x00000007c0000000)
  eden space 150016K, 100% used [0x0000000795580000,0x000000079e800000,0x000000079e800000)
  from space 14848K, 31% used [0x000000079e800000,0x000000079eca0150,0x000000079f680000)
  to   space 14336K, 0% used [0x00000007a2600000,0x00000007a2600000,0x00000007a3400000)
 ParOldGen       total 54272K, used 28523K [0x0000000740000000, 0x0000000743500000, 0x0000000795580000)
  object space 54272K, 52% used [0x0000000740000000,0x0000000741bdafe0,0x0000000743500000)
 Metaspace       used 24270K, capacity 24501K, committed 24832K, reserved 1071104K
  class space    used 2414K, capacity 2517K, committed 2560K, reserved 1048576K
Event: 8.694 GC heap after
Heap after GC invocations=11 (full 1):
 PSYoungGen      total 206336K, used 6784K [0x0000000795580000, 0x00000007a3000000, 0x00000007c0000000)
  eden space 196096K, 0% used [0x0000000795580000,0x0000000795580000,0x00000007a1500000)
  from space 10240K, 66% used [0x00000007a2600000,0x00000007a2ca01d0,0x00000007a3000000)
  to   space 13824K, 0% used [0x00000007a1500000,0x00000007a1500000,0x00000007a2280000)
 ParOldGen       total 54272K, used 28563K [0x0000000740000000, 0x0000000743500000, 0x0000000795580000)
  object space 54272K, 52% used [0x0000000740000000,0x0000000741be4fe0,0x0000000743500000)
 Metaspace       used 24270K, capacity 24501K, committed 24832K, reserved 1071104K
  class space    used 2414K, capacity 2517K, committed 2560K, reserved 1048576K
}
Event: 9.788 GC heap before
{Heap before GC invocations=12 (full 1):
 PSYoungGen      total 206336K, used 202880K [0x0000000795580000, 0x00000007a3000000, 0x00000007c0000000)
  eden space 196096K, 100% used [0x0000000795580000,0x00000007a1500000,0x00000007a1500000)
  from space 10240K, 66% used [0x00000007a2600000,0x00000007a2ca01d0,0x00000007a3000000)
  to   space 13824K, 0% used [0x00000007a1500000,0x00000007a1500000,0x00000007a2280000)
 ParOldGen       total 54272K, used 28563K [0x0000000740000000, 0x0000000743500000, 0x0000000795580000)
  object space 54272K, 52% used [0x0000000740000000,0x0000000741be4fe0,0x0000000743500000)
 Metaspace       used 24323K, capacity 24629K, committed 24832K, reserved 1071104K
  class space    used 2416K, capacity 2517K, committed 2560K, reserved 1048576K
Event: 9.793 GC heap after
Heap after GC invocations=12 (full 1):
 PSYoungGen      total 209920K, used 3200K [0x0000000795580000, 0x00000007a6680000, 0x00000007c0000000)
  eden space 196096K, 0% used [0x0000000795580000,0x0000000795580000,0x00000007a1500000)
  from space 13824K, 23% used [0x00000007a1500000,0x00000007a18200c0,0x00000007a2280000)
  to   space 13824K, 0% used [0x00000007a5900000,0x00000007a5900000,0x00000007a6680000)
 ParOldGen       total 54272K, used 32092K [0x0000000740000000, 0x0000000743500000, 0x0000000795580000)
  object space 54272K, 59% used [0x0000000740000000,0x0000000741f571a0,0x0000000743500000)
 Metaspace       used 24323K, capacity 24629K, committed 24832K, reserved 1071104K
  class space    used 2416K, capacity 2517K, committed 2560K, reserved 1048576K
}

Deoptimization events (10 events):
Event: 7.550 Thread 0x00007fe470456000 Uncommon trap: reason=unstable_if action=reinterpret pc=0x000000010cba6bf8 method=java.text.DigitList.getDataChars(I)[C @ 13
Event: 7.550 Thread 0x00007fe470456000 Uncommon trap: reason=unstable_if action=reinterpret pc=0x000000010c5a293c method=java.text.DecimalFormat.subformat(Ljava/lang/StringBuffer;Ljava/text/Format$FieldDelegate;ZZIIII)Ljava/lang/StringBuffer; @ 753
Event: 7.557 Thread 0x00007fe470456000 Uncommon trap: reason=unstable_if action=reinterpret pc=0x000000010c8b4eb4 method=module6.CommonMarker.draw(Lprocessing/core/PGraphics;FF)V @ 4
Event: 8.405 Thread 0x00007fe470456000 Uncommon trap: reason=unstable_if action=reinterpret pc=0x000000010cb6ab78 method=java.lang.Math.round(F)I @ 36
Event: 8.405 Thread 0x00007fe470456000 Uncommon trap: reason=unstable_if action=reinterpret pc=0x000000010c7f9664 method=java.lang.Math.round(F)I @ 36
Event: 9.814 Thread 0x00007fe470456000 Uncommon trap: reason=unstable_if action=reinterpret pc=0x000000010cbf2c28 method=com.jogamp.common.util.VersionNumber.compareTo(Lcom/jogamp/common/util/VersionNumber;)I @ 21
Event: 9.817 Thread 0x00007fe4702a9000 Uncommon trap: reason=unstable_if action=reinterpret pc=0x000000010cb27b24 method=java.awt.font.FontRenderContext.equals(Ljava/awt/font/FontRenderContext;)Z @ 2
Event: 9.864 Thread 0x00007fe47029a000 Uncommon trap: reason=class_check action=maybe_recompile pc=0x000000010c7f0f6c method=java.util.HashMap.putVal(ILjava/lang/Object;Ljava/lang/Object;ZZ)Ljava/lang/Object; @ 91
Event: 9.864 Thread 0x00007fe47029a000 Uncommon trap: reason=class_check action=maybe_recompile pc=0x000000010c7f0f6c method=java.util.HashMap.putVal(ILjava/lang/Object;Ljava/lang/Object;ZZ)Ljava/lang/Object; @ 91
Event: 9.864 Thread 0x00007fe47029a000 Uncommon trap: reason=class_check action=maybe_recompile pc=0x000000010c7db9c0 method=java.util.HashMap.putVal(ILjava/lang/Object;Ljava/lang/Object;ZZ)Ljava/lang/Object; @ 91

Internal exceptions (10 events):
Event: 0.151 Thread 0x00007fe470803000 Exception <a 'java/lang/NoSuchFieldError': method resolution failed> (0x0000000795785f98) thrown at [/Users/java_re/workspace/8-2-build-macosx-x86_64/jdk8u111/7883/hotspot/src/share/vm/prims/methodHandles.cpp, line 1146]
Event: 0.153 Thread 0x00007fe470803000 Exception <a 'java/lang/NoSuchFieldError': method resolution failed> (0x0000000795793768) thrown at [/Users/java_re/workspace/8-2-build-macosx-x86_64/jdk8u111/7883/hotspot/src/share/vm/prims/methodHandles.cpp, line 1146]
Event: 0.341 Thread 0x00007fe470803000 Exception <a 'java/io/FileNotFoundException'> (0x000000079580ec38) thrown at [/Users/java_re/workspace/8-2-build-macosx-x86_64/jdk8u111/7883/hotspot/src/share/vm/prims/jni.cpp, line 709]
Event: 0.341 Thread 0x00007fe470803000 Exception <a 'java/io/FileNotFoundException'> (0x000000079580f7a0) thrown at [/Users/java_re/workspace/8-2-build-macosx-x86_64/jdk8u111/7883/hotspot/src/share/vm/prims/jni.cpp, line 709]
Event: 0.473 Thread 0x00007fe470803000 Exception <a 'java/io/FileNotFoundException'> (0x000000079594b258) thrown at [/Users/java_re/workspace/8-2-build-macosx-x86_64/jdk8u111/7883/hotspot/src/share/vm/prims/jni.cpp, line 709]
Event: 2.114 Thread 0x00007fe4702ee000 Exception <a 'java/lang/UnsatisfiedLinkError': com.jogamp.common.util.JarUtil.fixNativeLibAttribs(Ljava/lang/String;)Z> (0x0000000796bd9040) thrown at [/Users/java_re/workspace/8-2-build-macosx-x86_64/jdk8u111/7883/hotspot/src/share/vm/prims/nativeLookup.
Event: 2.398 Thread 0x00007fe470836800 Exception <a 'java/lang/NullPointerException'> (0x00000007956a6db8) thrown at [/Users/java_re/workspace/8-2-build-macosx-x86_64/jdk8u111/7883/hotspot/src/share/vm/interpreter/linkResolver.cpp, line 1178]
Event: 3.001 Thread 0x00007fe470456000 Exception <a 'java/io/FileNotFoundException'> (0x0000000795f37bc0) thrown at [/Users/java_re/workspace/8-2-build-macosx-x86_64/jdk8u111/7883/hotspot/src/share/vm/prims/jni.cpp, line 709]
Event: 3.001 Thread 0x00007fe470456000 Exception <a 'java/io/FileNotFoundException'> (0x0000000795f3dfd8) thrown at [/Users/java_re/workspace/8-2-build-macosx-x86_64/jdk8u111/7883/hotspot/src/share/vm/prims/jni.cpp, line 709]
Event: 3.002 Thread 0x00007fe470456000 Implicit null exception at 0x000000010c4f87b6 to 0x000000010c4f8b85

Events (10 events):
Event: 9.878 loading class jogamp/nativewindow/jawt/macosx/MacOSXJAWTWindow$1 done
Event: 9.879 loading class java/awt/LightweightDispatcher$2
Event: 9.879 loading class java/awt/LightweightDispatcher$2 done
Event: 9.879 loading class java/awt/event/AWTEventListenerProxy
Event: 9.879 loading class java/awt/event/AWTEventListenerProxy done
Event: 9.879 loading class java/awt/Toolkit$ToolkitEventMulticaster
Event: 9.879 loading class java/awt/Toolkit$ToolkitEventMulticaster done
Event: 9.880 Thread 0x00007fe47029a000 Thread exited: 0x00007fe47029a000
Event: 9.881 loading class java/awt/Window$1DisposeAction
Event: 9.881 loading class java/awt/Window$1DisposeAction done


Dynamic libraries:
0x000000002e6e4000 	/System/Library/Frameworks/Cocoa.framework/Versions/A/Cocoa
0x000000002e6e4000 	/System/Library/Frameworks/Security.framework/Versions/A/Security
0x000000002e6e4000 	/System/Library/Frameworks/ApplicationServices.framework/Versions/A/ApplicationServices
0x000000002e6e4000 	/usr/lib/libz.1.dylib
0x000000002e6e4000 	/usr/lib/libSystem.B.dylib
0x000000002e6e4000 	/usr/lib/libobjc.A.dylib
0x000000002e6e4000 	/System/Library/Frameworks/CoreFoundation.framework/Versions/A/CoreFoundation
0x000000002e6e4000 	/System/Library/Frameworks/Foundation.framework/Versions/C/Foundation
0x000000002e6e4000 	/System/Library/Frameworks/AppKit.framework/Versions/C/AppKit
0x000000002e6e4000 	/System/Library/Frameworks/CoreData.framework/Versions/A/CoreData
0x000000002e6e4000 	/System/Library/PrivateFrameworks/RemoteViewServices.framework/Versions/A/RemoteViewServices
0x000000002e6e4000 	/System/Library/PrivateFrameworks/UIFoundation.framework/Versions/A/UIFoundation
0x000000002e6e4000 	/System/Library/PrivateFrameworks/DFRFoundation.framework/Versions/A/DFRFoundation
0x000000002e6e4000 	/usr/lib/libenergytrace.dylib
0x000000002e6e4000 	/System/Library/PrivateFrameworks/SkyLight.framework/Versions/A/SkyLight
0x000000002e6e4000 	/System/Library/Frameworks/CoreGraphics.framework/Versions/A/CoreGraphics
0x000000002e6e4000 	/usr/lib/libScreenReader.dylib
0x000000002e6e4000 	/System/Library/Frameworks/Accelerate.framework/Versions/A/Accelerate
0x000000002e6e4000 	/System/Library/Frameworks/IOSurface.framework/Versions/A/IOSurface
0x000000002e6e4000 	/System/Library/Frameworks/AudioToolbox.framework/Versions/A/AudioToolbox
0x000000002e6e4000 	/System/Library/Frameworks/AudioUnit.framework/Versions/A/AudioUnit
0x000000002e6e4000 	/System/Library/PrivateFrameworks/DataDetectorsCore.framework/Versions/A/DataDetectorsCore
0x000000002e6e4000 	/System/Library/PrivateFrameworks/DesktopServicesPriv.framework/Versions/A/DesktopServicesPriv
0x000000002e6e4000 	/System/Library/Frameworks/Carbon.framework/Versions/A/Frameworks/HIToolbox.framework/Versions/A/HIToolbox
0x000000002e6e4000 	/usr/lib/libicucore.A.dylib
0x000000002e6e4000 	/System/Library/Frameworks/QuartzCore.framework/Versions/A/QuartzCore
0x000000002e6e4000 	/System/Library/Frameworks/Carbon.framework/Versions/A/Frameworks/SpeechRecognition.framework/Versions/A/SpeechRecognition
0x000000002e6e4000 	/usr/lib/libauto.dylib
0x000000002e6e4000 	/usr/lib/libxml2.2.dylib
0x000000002e6e4000 	/System/Library/PrivateFrameworks/CoreUI.framework/Versions/A/CoreUI
0x000000002e6e4000 	/System/Library/Frameworks/CoreAudio.framework/Versions/A/CoreAudio
0x000000002e6e4000 	/System/Library/Frameworks/DiskArbitration.framework/Versions/A/DiskArbitration
0x000000002e6e4000 	/usr/lib/liblangid.dylib
0x000000002e6e4000 	/System/Library/PrivateFrameworks/MultitouchSupport.framework/Versions/A/MultitouchSupport
0x000000002e6e4000 	/System/Library/Frameworks/IOKit.framework/Versions/A/IOKit
0x000000002e6e4000 	/usr/lib/libDiagnosticMessagesClient.dylib
0x000000002e6e4000 	/System/Library/Frameworks/CoreServices.framework/Versions/A/CoreServices
0x000000002e6e4000 	/System/Library/PrivateFrameworks/PerformanceAnalysis.framework/Versions/A/PerformanceAnalysis
0x000000002e6e4000 	/System/Library/PrivateFrameworks/GenerationalStorage.framework/Versions/A/GenerationalStorage
0x000000002e6e4000 	/System/Library/Frameworks/OpenGL.framework/Versions/A/OpenGL
0x000000002e6e4000 	/System/Library/Frameworks/CoreImage.framework/Versions/A/CoreImage
0x000000002e6e4000 	/System/Library/Frameworks/CoreText.framework/Versions/A/CoreText
0x000000002e6e4000 	/System/Library/Frameworks/ImageIO.framework/Versions/A/ImageIO
0x000000002e6e4000 	/System/Library/PrivateFrameworks/Backup.framework/Versions/A/Backup
0x000000002e6e4000 	/usr/lib/libarchive.2.dylib
0x000000002e6e4000 	/System/Library/Frameworks/CFNetwork.framework/Versions/A/CFNetwork
0x000000002e6e4000 	/System/Library/Frameworks/SystemConfiguration.framework/Versions/A/SystemConfiguration
0x000000002e6e4000 	/usr/lib/libCRFSuite.dylib
0x000000002e6e4000 	/usr/lib/libc++.1.dylib
0x000000002e6e4000 	/usr/lib/libc++abi.dylib
0x000000002e6e4000 	/usr/lib/system/libcache.dylib
0x000000002e6e4000 	/usr/lib/system/libcommonCrypto.dylib
0x000000002e6e4000 	/usr/lib/system/libcompiler_rt.dylib
0x000000002e6e4000 	/usr/lib/system/libcopyfile.dylib
0x000000002e6e4000 	/usr/lib/system/libcorecrypto.dylib
0x000000002e6e4000 	/usr/lib/system/libdispatch.dylib
0x000000002e6e4000 	/usr/lib/system/libdyld.dylib
0x000000002e6e4000 	/usr/lib/system/libkeymgr.dylib
0x000000002e6e4000 	/usr/lib/system/liblaunch.dylib
0x000000002e6e4000 	/usr/lib/system/libmacho.dylib
0x000000002e6e4000 	/usr/lib/system/libquarantine.dylib
0x000000002e6e4000 	/usr/lib/system/libremovefile.dylib
0x000000002e6e4000 	/usr/lib/system/libsystem_asl.dylib
0x000000002e6e4000 	/usr/lib/system/libsystem_blocks.dylib
0x000000002e6e4000 	/usr/lib/system/libsystem_c.dylib
0x000000002e6e4000 	/usr/lib/system/libsystem_configuration.dylib
0x000000002e6e4000 	/usr/lib/system/libsystem_coreservices.dylib
0x000000002e6e4000 	/usr/lib/system/libsystem_coretls.dylib
0x000000002e6e4000 	/usr/lib/system/libsystem_dnssd.dylib
0x000000002e6e4000 	/usr/lib/system/libsystem_info.dylib
0x000000002e6e4000 	/usr/lib/system/libsystem_kernel.dylib
0x000000002e6e4000 	/usr/lib/system/libsystem_m.dylib
0x000000002e6e4000 	/usr/lib/system/libsystem_malloc.dylib
0x000000002e6e4000 	/usr/lib/system/libsystem_network.dylib
0x000000002e6e4000 	/usr/lib/system/libsystem_networkextension.dylib
0x000000002e6e4000 	/usr/lib/system/libsystem_notify.dylib
0x000000002e6e4000 	/usr/lib/system/libsystem_platform.dylib
0x000000002e6e4000 	/usr/lib/system/libsystem_pthread.dylib
0x000000002e6e4000 	/usr/lib/system/libsystem_sandbox.dylib
0x000000002e6e4000 	/usr/lib/system/libsystem_secinit.dylib
0x000000002e6e4000 	/usr/lib/system/libsystem_symptoms.dylib
0x000000002e6e4000 	/usr/lib/system/libsystem_trace.dylib
0x000000002e6e4000 	/usr/lib/system/libunwind.dylib
0x000000002e6e4000 	/usr/lib/system/libxpc.dylib
0x000000002e6e4000 	/usr/lib/libbsm.0.dylib
0x000000002e6e4000 	/usr/lib/system/libkxld.dylib
0x000000002e6e4000 	/usr/lib/libcoretls.dylib
0x000000002e6e4000 	/usr/lib/libcoretls_cfhelpers.dylib
0x000000002e6e4000 	/usr/lib/libOpenScriptingUtil.dylib
0x000000002e6e4000 	/usr/lib/libpam.2.dylib
0x000000002e6e4000 	/usr/lib/libsqlite3.dylib
0x000000002e6e4000 	/usr/lib/libxar.1.dylib
0x000000002e6e4000 	/usr/lib/libbz2.1.0.dylib
0x000000002e6e4000 	/usr/lib/liblzma.5.dylib
0x000000002e6e4000 	/usr/lib/libnetwork.dylib
0x000000002e6e4000 	/usr/lib/libpcap.A.dylib
0x000000002e6e4000 	/System/Library/Frameworks/CoreServices.framework/Versions/A/Frameworks/FSEvents.framework/Versions/A/FSEvents
0x000000002e6e4000 	/System/Library/Frameworks/CoreServices.framework/Versions/A/Frameworks/CarbonCore.framework/Versions/A/CarbonCore
0x000000002e6e4000 	/System/Library/Frameworks/CoreServices.framework/Versions/A/Frameworks/Metadata.framework/Versions/A/Metadata
0x000000002e6e4000 	/System/Library/Frameworks/CoreServices.framework/Versions/A/Frameworks/OSServices.framework/Versions/A/OSServices
0x000000002e6e4000 	/System/Library/Frameworks/CoreServices.framework/Versions/A/Frameworks/SearchKit.framework/Versions/A/SearchKit
0x000000002e6e4000 	/System/Library/Frameworks/CoreServices.framework/Versions/A/Frameworks/AE.framework/Versions/A/AE
0x000000002e6e4000 	/System/Library/Frameworks/CoreServices.framework/Versions/A/Frameworks/LaunchServices.framework/Versions/A/LaunchServices
0x000000002e6e4000 	/System/Library/Frameworks/CoreServices.framework/Versions/A/Frameworks/DictionaryServices.framework/Versions/A/DictionaryServices
0x000000002e6e4000 	/System/Library/Frameworks/CoreServices.framework/Versions/A/Frameworks/SharedFileList.framework/Versions/A/SharedFileList
0x000000002e6e4000 	/System/Library/Frameworks/NetFS.framework/Versions/A/NetFS
0x000000002e6e4000 	/System/Library/PrivateFrameworks/NetAuth.framework/Versions/A/NetAuth
0x000000002e6e4000 	/System/Library/PrivateFrameworks/login.framework/Versions/A/Frameworks/loginsupport.framework/Versions/A/loginsupport
0x000000002e6e4000 	/System/Library/PrivateFrameworks/TCC.framework/Versions/A/TCC
0x000000002e6e4000 	/usr/lib/libmecabra.dylib
0x000000002e6e4000 	/System/Library/Frameworks/ApplicationServices.framework/Versions/A/Frameworks/ATS.framework/Versions/A/ATS
0x000000002e6e4000 	/System/Library/Frameworks/ApplicationServices.framework/Versions/A/Frameworks/ColorSync.framework/Versions/A/ColorSync
0x000000002e6e4000 	/System/Library/Frameworks/ApplicationServices.framework/Versions/A/Frameworks/HIServices.framework/Versions/A/HIServices
0x000000002e6e4000 	/System/Library/Frameworks/ApplicationServices.framework/Versions/A/Frameworks/LangAnalysis.framework/Versions/A/LangAnalysis
0x000000002e6e4000 	/System/Library/Frameworks/ApplicationServices.framework/Versions/A/Frameworks/PrintCore.framework/Versions/A/PrintCore
0x000000002e6e4000 	/System/Library/Frameworks/ApplicationServices.framework/Versions/A/Frameworks/QD.framework/Versions/A/QD
0x000000002e6e4000 	/System/Library/Frameworks/ApplicationServices.framework/Versions/A/Frameworks/SpeechSynthesis.framework/Versions/A/SpeechSynthesis
0x000000002e6e4000 	/System/Library/Frameworks/Accelerate.framework/Versions/A/Frameworks/vImage.framework/Versions/A/vImage
0x000000002e6e4000 	/System/Library/Frameworks/Accelerate.framework/Versions/A/Frameworks/vecLib.framework/Versions/A/vecLib
0x000000002e6e4000 	/System/Library/Frameworks/Accelerate.framework/Versions/A/Frameworks/vecLib.framework/Versions/A/libvDSP.dylib
0x000000002e6e4000 	/System/Library/Frameworks/Accelerate.framework/Versions/A/Frameworks/vecLib.framework/Versions/A/libBNNS.dylib
0x000000002e6e4000 	/System/Library/Frameworks/Accelerate.framework/Versions/A/Frameworks/vecLib.framework/Versions/A/libQuadrature.dylib
0x000000002e6e4000 	/System/Library/Frameworks/Accelerate.framework/Versions/A/Frameworks/vecLib.framework/Versions/A/libvMisc.dylib
0x000000002e6e4000 	/System/Library/Frameworks/Accelerate.framework/Versions/A/Frameworks/vecLib.framework/Versions/A/libLAPACK.dylib
0x000000002e6e4000 	/System/Library/Frameworks/Accelerate.framework/Versions/A/Frameworks/vecLib.framework/Versions/A/libBLAS.dylib
0x000000002e6e4000 	/System/Library/Frameworks/Accelerate.framework/Versions/A/Frameworks/vecLib.framework/Versions/A/libLinearAlgebra.dylib
0x000000002e6e4000 	/System/Library/Frameworks/Accelerate.framework/Versions/A/Frameworks/vecLib.framework/Versions/A/libSparseBLAS.dylib
0x000000002e6e4000 	/System/Library/Frameworks/ApplicationServices.framework/Versions/A/Frameworks/ATS.framework/Versions/A/Resources/libFontParser.dylib
0x000000002e6e4000 	/System/Library/Frameworks/ApplicationServices.framework/Versions/A/Frameworks/ATS.framework/Versions/A/Resources/libFontRegistry.dylib
0x000000002e6e4000 	/System/Library/Frameworks/ImageIO.framework/Versions/A/Resources/libJPEG.dylib
0x000000002e6e4000 	/System/Library/Frameworks/ImageIO.framework/Versions/A/Resources/libTIFF.dylib
0x000000002e6e4000 	/System/Library/Frameworks/ImageIO.framework/Versions/A/Resources/libPng.dylib
0x000000002e6e4000 	/System/Library/Frameworks/ImageIO.framework/Versions/A/Resources/libGIF.dylib
0x000000002e6e4000 	/System/Library/Frameworks/ImageIO.framework/Versions/A/Resources/libJP2.dylib
0x000000002e6e4000 	/System/Library/Frameworks/ImageIO.framework/Versions/A/Resources/libRadiance.dylib
0x000000002e6e4000 	/usr/lib/libcompression.dylib
0x000000002e6e4000 	/System/Library/PrivateFrameworks/AppleJPEG.framework/Versions/A/AppleJPEG
0x000000002e6e4000 	/usr/lib/libcups.2.dylib
0x000000002e6e4000 	/System/Library/Frameworks/Kerberos.framework/Versions/A/Kerberos
0x000000002e6e4000 	/System/Library/Frameworks/GSS.framework/Versions/A/GSS
0x000000002e6e4000 	/usr/lib/libresolv.9.dylib
0x000000002e6e4000 	/usr/lib/libiconv.2.dylib
0x000000002e6e4000 	/System/Library/PrivateFrameworks/Heimdal.framework/Versions/A/Heimdal
0x000000002e6e4000 	/usr/lib/libheimdal-asn1.dylib
0x000000002e6e4000 	/System/Library/Frameworks/OpenDirectory.framework/Versions/A/OpenDirectory
0x000000002e6e4000 	/System/Library/PrivateFrameworks/CommonAuth.framework/Versions/A/CommonAuth
0x000000002e6e4000 	/System/Library/Frameworks/OpenDirectory.framework/Versions/A/Frameworks/CFOpenDirectory.framework/Versions/A/CFOpenDirectory
0x000000002e6e4000 	/System/Library/Frameworks/SecurityFoundation.framework/Versions/A/SecurityFoundation
0x000000002e6e4000 	/System/Library/PrivateFrameworks/LanguageModeling.framework/Versions/A/LanguageModeling
0x000000002e6e4000 	/usr/lib/libmarisa.dylib
0x000000002e6e4000 	/usr/lib/libChineseTokenizer.dylib
0x000000002e6e4000 	/usr/lib/libcmph.dylib
0x000000002e6e4000 	/System/Library/PrivateFrameworks/CoreEmoji.framework/Versions/A/CoreEmoji
0x000000002e6e4000 	/System/Library/Frameworks/ServiceManagement.framework/Versions/A/ServiceManagement
0x000000002e6e4000 	/usr/lib/libxslt.1.dylib
0x000000002e6e4000 	/System/Library/Frameworks/Carbon.framework/Versions/A/Frameworks/Ink.framework/Versions/A/Ink
0x000000002e6e4000 	/System/Library/PrivateFrameworks/TextureIO.framework/Versions/A/TextureIO
0x000000002e6e4000 	/System/Library/Frameworks/Metal.framework/Versions/A/Metal
0x000000002e6e4000 	/usr/lib/libate.dylib
0x000000002e6e4000 	/System/Library/PrivateFrameworks/GPUCompiler.framework/libmetal_timestamp.dylib
0x000000002e6e4000 	/System/Library/Frameworks/OpenGL.framework/Versions/A/Libraries/libCoreFSCache.dylib
0x000000002e6e4000 	/System/Library/PrivateFrameworks/IOAccelerator.framework/Versions/A/IOAccelerator
0x000000002e6e4000 	/System/Library/Frameworks/CoreVideo.framework/Versions/A/CoreVideo
0x000000002e6e4000 	/usr/lib/libFosl_dynamic.dylib
0x000000002e6e4000 	/System/Library/PrivateFrameworks/MetalPerformanceShaders.framework/Versions/A/MetalPerformanceShaders
0x000000002e6e4000 	/System/Library/PrivateFrameworks/FaceCore.framework/Versions/A/FaceCore
0x000000002e6e4000 	/System/Library/Frameworks/OpenCL.framework/Versions/A/OpenCL
0x000000002e6e4000 	/System/Library/Frameworks/OpenGL.framework/Versions/A/Libraries/libGLU.dylib
0x000000002e6e4000 	/System/Library/Frameworks/OpenGL.framework/Versions/A/Libraries/libGFXShared.dylib
0x000000002e6e4000 	/System/Library/Frameworks/OpenGL.framework/Versions/A/Libraries/libGL.dylib
0x000000002e6e4000 	/System/Library/Frameworks/OpenGL.framework/Versions/A/Libraries/libGLImage.dylib
0x000000002e6e4000 	/System/Library/Frameworks/OpenGL.framework/Versions/A/Libraries/libCVMSPluginSupport.dylib
0x000000002e6e4000 	/System/Library/Frameworks/OpenGL.framework/Versions/A/Libraries/libCoreVMClient.dylib
0x000000002e6e4000 	/System/Library/PrivateFrameworks/CrashReporterSupport.framework/Versions/A/CrashReporterSupport
0x000000002e6e4000 	/System/Library/PrivateFrameworks/Sharing.framework/Versions/A/Sharing
0x000000002e6e4000 	/System/Library/PrivateFrameworks/IconServices.framework/Versions/A/IconServices
0x000000002e6e4000 	/System/Library/PrivateFrameworks/ProtocolBuffer.framework/Versions/A/ProtocolBuffer
0x000000002e6e4000 	/System/Library/PrivateFrameworks/Apple80211.framework/Versions/A/Apple80211
0x000000002e6e4000 	/System/Library/Frameworks/CoreWLAN.framework/Versions/A/CoreWLAN
0x000000002e6e4000 	/System/Library/PrivateFrameworks/CoreUtils.framework/Versions/A/CoreUtils
0x000000002e6e4000 	/System/Library/Frameworks/IOBluetooth.framework/Versions/A/IOBluetooth
0x000000002e6e4000 	/System/Library/PrivateFrameworks/CoreWiFi.framework/Versions/A/CoreWiFi
0x000000002e6e4000 	/System/Library/Frameworks/CoreBluetooth.framework/Versions/A/CoreBluetooth
0x000000002e6e4000 	/System/Library/Frameworks/CoreDisplay.framework/Versions/A/CoreDisplay
0x000000002e6e4000 	/System/Library/PrivateFrameworks/IOPresentment.framework/Versions/A/IOPresentment
0x000000002e6e4000 	/System/Library/PrivateFrameworks/DSExternalDisplay.framework/Versions/A/DSExternalDisplay
0x000000002e6e4000 	/System/Library/PrivateFrameworks/DebugSymbols.framework/Versions/A/DebugSymbols
0x000000002e6e4000 	/System/Library/PrivateFrameworks/CoreSymbolication.framework/Versions/A/CoreSymbolication
0x000000002e6e4000 	/System/Library/PrivateFrameworks/Symbolication.framework/Versions/A/Symbolication
0x000000002e6e4000 	/System/Library/PrivateFrameworks/AppleFSCompression.framework/Versions/A/AppleFSCompression
0x000000002e6e4000 	/System/Library/PrivateFrameworks/SpeechRecognitionCore.framework/Versions/A/SpeechRecognitionCore
0x000000002e6e4000 	/System/Library/PrivateFrameworks/ChunkingLibrary.framework/Versions/A/ChunkingLibrary
0x0000000102e00000 	/Library/Java/JavaVirtualMachines/jdk1.8.0_111.jdk/Contents/Home/jre/lib/server/libjvm.dylib
0x00000001024f3000 	/usr/lib/libstdc++.6.dylib
0x00000001025ac000 	/Library/Java/JavaVirtualMachines/jdk1.8.0_111.jdk/Contents/Home/jre/lib/libverify.dylib
0x00000001025ba000 	/Library/Java/JavaVirtualMachines/jdk1.8.0_111.jdk/Contents/Home/jre/lib/libjava.dylib
0x0000000103da1000 	/Library/Java/JavaVirtualMachines/jdk1.8.0_111.jdk/Contents/Home/jre/lib/libzip.dylib
0x000000010a70d000 	/System/Library/Frameworks/JavaVM.framework/Frameworks/JavaRuntimeSupport.framework/JavaRuntimeSupport
0x000000010a727000 	/System/Library/Frameworks/JavaVM.framework/Versions/A/Frameworks/JavaNativeFoundation.framework/Versions/A/JavaNativeFoundation
0x000000010a73c000 	/System/Library/Frameworks/JavaVM.framework/Versions/A/JavaVM
0x000000002e6e4000 	/System/Library/Frameworks/Carbon.framework/Versions/A/Carbon
0x000000010a749000 	/System/Library/PrivateFrameworks/JavaLaunching.framework/Versions/A/JavaLaunching
0x000000002e6e4000 	/System/Library/Frameworks/Carbon.framework/Versions/A/Frameworks/CommonPanels.framework/Versions/A/CommonPanels
0x000000002e6e4000 	/System/Library/Frameworks/Carbon.framework/Versions/A/Frameworks/Help.framework/Versions/A/Help
0x000000002e6e4000 	/System/Library/Frameworks/Carbon.framework/Versions/A/Frameworks/ImageCapture.framework/Versions/A/ImageCapture
0x000000002e6e4000 	/System/Library/Frameworks/Carbon.framework/Versions/A/Frameworks/OpenScripting.framework/Versions/A/OpenScripting
0x000000002e6e4000 	/System/Library/Frameworks/Carbon.framework/Versions/A/Frameworks/Print.framework/Versions/A/Print
0x000000002e6e4000 	/System/Library/Frameworks/Carbon.framework/Versions/A/Frameworks/SecurityHI.framework/Versions/A/SecurityHI
0x000000010c052000 	/Library/Java/JavaVirtualMachines/jdk1.8.0_111.jdk/Contents/Home/jre/lib/libawt.dylib
0x000000010c0fa000 	/Library/Java/JavaVirtualMachines/jdk1.8.0_111.jdk/Contents/Home/jre/lib/./libmlib_image.dylib
0x000000010c1c6000 	/Library/Java/JavaVirtualMachines/jdk1.8.0_111.jdk/Contents/Home/jre/lib/libawt_lwawt.dylib
0x000000010c27b000 	/Library/Java/JavaVirtualMachines/jdk1.8.0_111.jdk/Contents/Home/jre/lib/./libosxapp.dylib
0x000000002e6e4000 	/System/Library/Frameworks/ExceptionHandling.framework/Versions/A/ExceptionHandling
0x000000002e6e4000 	/System/Library/PrivateFrameworks/CoreServicesInternal.framework/Versions/A/CoreServicesInternal
0x000000002e6e4000 	/System/Library/CoreServices/RawCamera.bundle/Contents/MacOS/RawCamera
0x000000011b3b0000 	/System/Library/Frameworks/Accelerate.framework/Frameworks/vImage.framework/Versions/A/Libraries/libCGInterfaces.dylib
0x000000002e6e4000 	/System/Library/Frameworks/ApplicationServices.framework/Versions/A/Frameworks/ATS.framework/Versions/A/Resources/libTrueTypeScaler.dylib
0x000000011d392000 	/System/Library/Frameworks/OpenGL.framework/Resources/GLEngine.bundle/GLEngine
0x000000002e6e4000 	/System/Library/Frameworks/OpenGL.framework/Versions/A/Libraries/libGLProgrammability.dylib
0x000000011d577000 	/System/Library/Extensions/AppleIntelBDWGraphicsGLDriver.bundle/Contents/MacOS/AppleIntelBDWGraphicsGLDriver
0x000000002e6e4000 	/System/Library/PrivateFrameworks/GPUSupport.framework/Versions/A/Libraries/libGPUSupportMercury.dylib
0x000000011dce1000 	/System/Library/Frameworks/OpenGL.framework/Resources//GLRendererFloat.bundle/GLRendererFloat
0x000000002e6e4000 	/System/Library/Frameworks/OpenCL.framework/Versions/A/Libraries/libcldcpuengine.dylib
0x000000002e6e4000 	/usr/lib/libcrypto.0.9.8.dylib
0x000000002e6e4000 	/System/Library/PrivateFrameworks/TrustEvaluationAgent.framework/Versions/A/TrustEvaluationAgent
0x000000011dd15000 	/System/Library/Extensions/AppleIntelBDWGraphicsMTLDriver.bundle/Contents/MacOS/AppleIntelBDWGraphicsMTLDriver
0x000000002e6e4000 	/System/Library/PrivateFrameworks/FamilyControls.framework/Versions/A/FamilyControls
0x000000002e6e4000 	/System/Library/PrivateFrameworks/CommerceKit.framework/Versions/A/Frameworks/CommerceCore.framework/Versions/A/CommerceCore
0x000000002e6e4000 	/System/Library/PrivateFrameworks/SystemAdministration.framework/Versions/A/SystemAdministration
0x000000002e6e4000 	/System/Library/PrivateFrameworks/AppContainer.framework/Versions/A/AppContainer
0x000000002e6e4000 	/System/Library/PrivateFrameworks/SecCodeWrapper.framework/Versions/A/SecCodeWrapper
0x000000002e6e4000 	/System/Library/Frameworks/DirectoryService.framework/Versions/A/DirectoryService
0x000000002e6e4000 	/System/Library/PrivateFrameworks/DiskImages.framework/Versions/A/DiskImages
0x000000002e6e4000 	/System/Library/PrivateFrameworks/LoginUIKit.framework/Versions/A/Frameworks/LoginUICore.framework/Versions/A/LoginUICore
0x000000002e6e4000 	/usr/lib/libCoreStorage.dylib
0x000000002e6e4000 	/usr/lib/libcsfde.dylib
0x000000002e6e4000 	/usr/lib/libodfde.dylib
0x000000002e6e4000 	/System/Library/Frameworks/DiscRecording.framework/Versions/A/DiscRecording
0x000000002e6e4000 	/usr/lib/libcurl.4.dylib
0x000000002e6e4000 	/System/Library/PrivateFrameworks/MediaKit.framework/Versions/A/MediaKit
0x000000002e6e4000 	/System/Library/PrivateFrameworks/ProtectedCloudStorage.framework/Versions/A/ProtectedCloudStorage
0x000000002e6e4000 	/System/Library/PrivateFrameworks/EFILogin.framework/Versions/A/EFILogin
0x000000002e6e4000 	/usr/lib/libutil.dylib
0x000000002e6e4000 	/System/Library/Frameworks/LDAP.framework/Versions/A/LDAP
0x000000002e6e4000 	/usr/lib/libsasl2.2.dylib
0x000000002e6e4000 	/System/Library/PrivateFrameworks/CoreDaemon.framework/Versions/B/CoreDaemon
0x000000002e6e4000 	/System/Library/PrivateFrameworks/AppleSRP.framework/Versions/A/AppleSRP
0x000000002e6e4000 	/System/Library/PrivateFrameworks/APFS.framework/Versions/A/APFS
0x000000011fcdf000 	/Library/Java/JavaVirtualMachines/jdk1.8.0_111.jdk/Contents/Home/jre/lib/libfontmanager.dylib
0x00000001210d1000 	/Library/Java/JavaVirtualMachines/jdk1.8.0_111.jdk/Contents/Home/jre/lib/libosxui.dylib
0x000000002e6e4000 	/System/Library/PrivateFrameworks/ViewBridge.framework/Versions/A/ViewBridge
0x000000002e6e4000 	/System/Library/PrivateFrameworks/XPCService.framework/Versions/A/XPCService
0x000000002e6e4000 	/System/Library/PrivateFrameworks/AppSandbox.framework/Versions/A/AppSandbox
0x000000002e6e4000 	/usr/lib/libsandbox.1.dylib
0x000000002e6e4000 	/usr/lib/libMatch.1.dylib
0x0000000121e51000 	/Library/Java/JavaVirtualMachines/jdk1.8.0_111.jdk/Contents/Home/jre/lib/libnet.dylib
0x0000000121e68000 	/Library/Java/JavaVirtualMachines/jdk1.8.0_111.jdk/Contents/Home/jre/lib/libnio.dylib
0x0000000120e58000 	/private/var/folders/99/pp3fz67d34l2n2q9ztrt9jpr0000gn/T/jogamp_0000/file_cache/jln9165408380843064882/jln1493439470154770897/libgluegen-rt.jnilib
0x0000000121be8000 	/private/var/folders/99/pp3fz67d34l2n2q9ztrt9jpr0000gn/T/jogamp_0000/file_cache/jln9165408380843064882/jln1493439470154770897/libnativewindow_awt.jnilib
0x0000000123bb9000 	/Library/Java/JavaVirtualMachines/jdk1.8.0_111.jdk/Contents/Home/jre/lib/libjawt.dylib
0x000000014d530000 	/private/var/folders/99/pp3fz67d34l2n2q9ztrt9jpr0000gn/T/jogamp_0000/file_cache/jln9165408380843064882/jln1493439470154770897/libnativewindow_macosx.jnilib
0x000000014d56d000 	/private/var/folders/99/pp3fz67d34l2n2q9ztrt9jpr0000gn/T/jogamp_0000/file_cache/jln9165408380843064882/jln1493439470154770897/libjogl_desktop.jnilib
0x000000015679d000 	/Library/Java/JavaVirtualMachines/jdk1.8.0_111.jdk/Contents/Home/jre/lib/libsunec.dylib
0x0000000156503000 	/Library/Java/JavaVirtualMachines/jdk1.8.0_111.jdk/Contents/Home/jre/lib/libt2k.dylib
0x000000015935d000 	/Library/Java/JavaVirtualMachines/jdk1.8.0_111.jdk/Contents/Home/jre/lib/libjpeg.dylib

VM Arguments:
jvm_args: -Djava.security.policy=java.policy.applet -Dfile.encoding=UTF-8 
java_command: sun.applet.AppletViewer module6.EarthquakeCityMap1492852391074.html
java_class_path (initial): /Users/loris/Documents/workspace/UCSD/UCSDUnfoldingMaps/build:/Users/loris/Documents/workspace/UCSD/UCSDUnfoldingMaps/lib/core.jar:/Users/loris/Documents/workspace/UCSD/UCSDUnfoldingMaps/lib/gluegen-rt.jar:/Users/loris/Documents/workspace/UCSD/UCSDUnfoldingMaps/lib/jogl-all.jar:/Users/loris/Documents/workspace/UCSD/UCSDUnfoldingMaps/lib/log4j-1.2.15.jar:/Users/loris/Documents/workspace/UCSD/UCSDUnfoldingMaps/lib/sqlite-jdbc-3.7.2.jar:/Users/loris/Documents/workspace/UCSD/UCSDUnfoldingMaps/lib/json4processing.jar:/Users/loris/Documents/workspace/UCSD/UCSDUnfoldingMaps/lib/libTUIO.jar:/Users/loris/Documents/workspace/UCSD/UCSDUnfoldingMaps/lib/unfolding.0.9.7-uscd.jar
Launcher Type: SUN_STANDARD

Environment Variables:
PATH=/usr/bin:/bin:/usr/sbin:/sbin
SHELL=/bin/bash

Signal Handlers:
SIGSEGV: [libjvm.dylib+0x5b03ed], sa_mask[0]=11111111011111110111111111111111, sa_flags=SA_ONSTACK|SA_RESTART|SA_SIGINFO
SIGBUS: [libjvm.dylib+0x5b03ed], sa_mask[0]=11111111011111110111111111111111, sa_flags=SA_RESTART|SA_SIGINFO
SIGFPE: [libjvm.dylib+0x48711c], sa_mask[0]=11111111011111110111111111111111, sa_flags=SA_RESTART|SA_SIGINFO
SIGPIPE: [libjvm.dylib+0x48711c], sa_mask[0]=11111111011111110111111111111111, sa_flags=SA_RESTART|SA_SIGINFO
SIGXFSZ: [libjvm.dylib+0x48711c], sa_mask[0]=11111111011111110111111111111111, sa_flags=SA_RESTART|SA_SIGINFO
SIGILL: [libjvm.dylib+0x48711c], sa_mask[0]=11111111011111110111111111111111, sa_flags=SA_RESTART|SA_SIGINFO
SIGUSR1: SIG_DFL, sa_mask[0]=00000000000000000000000000000000, sa_flags=none
SIGUSR2: [libjvm.dylib+0x486c3a], sa_mask[0]=00100000000000000000000000000000, sa_flags=SA_RESTART|SA_SIGINFO
SIGHUP: [libjvm.dylib+0x485211], sa_mask[0]=11111111011111110111111111111111, sa_flags=SA_RESTART|SA_SIGINFO
SIGINT: [libjvm.dylib+0x485211], sa_mask[0]=11111111011111110111111111111111, sa_flags=SA_RESTART|SA_SIGINFO
SIGTERM: [libjvm.dylib+0x485211], sa_mask[0]=11111111011111110111111111111111, sa_flags=SA_RESTART|SA_SIGINFO
SIGQUIT: [libjvm.dylib+0x485211], sa_mask[0]=11111111011111110111111111111111, sa_flags=SA_RESTART|SA_SIGINFO


---------------  S Y S T E M  ---------------

OS:Bsduname:Darwin 16.5.0 Darwin Kernel Version 16.5.0: Fri Mar  3 16:52:33 PST 2017; root:xnu-3789.51.2~3/RELEASE_X86_64 x86_64
rlimit: STACK 8192k, CORE 0k, NPROC 709, NOFILE 10240, AS infinity
load average:1.58 1.52 1.49

CPU:total 4 (2 cores per cpu, 2 threads per core) family 6 model 61 stepping 4, cmov, cx8, fxsr, mmx, sse, sse2, sse3, ssse3, sse4.1, sse4.2, popcnt, avx, avx2, aes, clmul, erms, 3dnowpref, lzcnt, ht, tsc, tscinvbit, bmi1, bmi2, adx

Memory: 4k page, physical 8388608k(521196k free)

/proc/meminfo:


vm_info: Java HotSpot(TM) 64-Bit Server VM (25.111-b14) for bsd-amd64 JRE (1.8.0_111-b14), built on Sep 22 2016 15:31:41 by "java_re" with gcc 4.2.1 (Based on Apple Inc. build 5658) (LLVM build 2336.11.00)

time: Sat Apr 22 11:13:21 2017
elapsed time: 9 seconds (0d 0h 0m 9s)

