#
# A fatal error has been detected by the Java Runtime Environment:
#
#  SIGSEGV (0xb) at pc=0x00007fffac52705d, pid=860, tid=0x0000000000000307
#
# JRE version: Java(TM) SE Runtime Environment (8.0_111-b14) (build 1.8.0_111-b14)
# Java VM: Java HotSpot(TM) 64-Bit Server VM (25.111-b14 mixed mode bsd-amd64 compressed oops)
# Problematic frame:
# C  [libobjc.A.dylib+0x705d]  objc_msgSend+0x1d
#
# Failed to write core dump. Core dumps have been disabled. To enable core dumping, try "ulimit -c unlimited" before starting Java again
#
# If you would like to submit a bug report, please visit:
#   http://bugreport.java.com/bugreport/crash.jsp
# The crash happened outside the Java Virtual Machine in native code.
# See problematic frame for where to report the bug.
#

---------------  T H R E A D  ---------------

Current thread (0x00007f8ef0045000):  JavaThread "AWT-AppKit" daemon [_thread_in_native, id=775, stack(0x00007fff58135000,0x00007fff58935000)]

siginfo: si_signo: 11 (SIGSEGV), si_code: 1 (SEGV_MAPERR), si_addr: 0x0000000000000018

Registers:
RAX=0x00007f8ef589add0, RBX=0x00000001523ac450, RCX=0x00007f8ef2500e90, RDX=0x0000000000000000
RSP=0x00007fff58930308, RBP=0x00007fff589303c0, RSI=0x00007fff95dda134, RDI=0x00007f8ef5a75ab0
R8 =0x0000000000000018, R9 =0x00007f8ef2501980, R10=0x0000000000000000, R11=0x00007fff95dda134
R12=0x0000000000000000, R13=0x00000001594d3d28, R14=0x00000001523ac440, R15=0x00007f8ef0045000
RIP=0x00007fffac52705d, EFLAGS=0x0000000000010246, ERR=0x0000000000000004
  TRAPNO=0x000000000000000e

Top of Stack: (sp=0x00007fff58930308)
0x00007fff58930308:   00000001523aa157 00007fff58930360
0x00007fff58930318:   0000000000000003 00007fff58930340
0x00007fff58930328:   0000000107df27be 00000001594d3d28
0x00007fff58930338:   00000001594d3d28 00007f8ef589add0
0x00007fff58930348:   00000001523ac6a0 00000001523ac710
0x00007fff58930358:   00007fffb258b6d0 00007fffb31bb1e0
0x00007fff58930368:   00000001523ac450 00000001523ac690
0x00007fff58930378:   00007f8ef589add0 00007f8ef5a75ab0
0x00007fff58930388:   00007f8eefd337d0 00007f8ef589add0
0x00007fff58930398:   00007f8ef5a75ab0 00007fff58930448
0x00007fff589303a8:   00007f8ef00451f8 00000001594d3d28
0x00007fff589303b8:   00007fff58930470 00007fff58930438
0x00007fff589303c8:   000000010b7dd9f4 00000001594d3d28
0x00007fff589303d8:   00007fff58930470 00007fff58930438
0x00007fff589303e8:   000000010b7dd787 000000010b7dd742
0x00007fff589303f8:   00007fff589303f8 00000001594d3d28
0x00007fff58930408:   00007fff58930470 00000001594d5550
0x00007fff58930418:   0000000000000000 00000001594d3d28
0x00007fff58930428:   0000000000000000 00007fff58930458
0x00007fff58930438:   00007fff589304b8 000000010b7ce2bd
0x00007fff58930448:   00000007403702c8 000000010b7d7538
0x00007fff58930458:   00007f8ef589add0 00007fff589304b8
0x00007fff58930468:   00007f8ef5a75ab0 000000010b7d8e02
0x00007fff58930478:   00007fff58930478 00000001594d3ef2
0x00007fff58930488:   00007fff589304e0 00000001594d5550
0x00007fff58930498:   0000000000000000 00000001594d3f00
0x00007fff589304a8:   00007fff58930458 00007fff589304c8
0x00007fff589304b8:   00007fff58930528 000000010b7ce2bd
0x00007fff589304c8:   00007f8ef589add0 00000007403c2870
0x00007fff589304d8:   00007f8ef5a75ab0 00000007403c2870
0x00007fff589304e8:   00007fff589304e8 000000015b8912be
0x00007fff589304f8:   00007fff58930538 000000015b891378 

Instructions: (pc=0x00007fffac52705d)
0x00007fffac52703d:   0f 1f 00 48 85 ff 2e 74 62 40 f6 c7 01 2e 75 66
0x00007fffac52704d:   49 ba f8 ff ff ff ff 7f 00 00 4c 23 17 49 89 f3
0x00007fffac52705d:   45 23 5a 18 49 c1 e3 04 4d 03 5a 10 49 3b 33 75
0x00007fffac52706d:   04 41 ff 63 08 49 83 3b 01 76 0d 49 83 c3 10 49 

Register to memory mapping:

RAX=0x00007f8ef589add0 is an unknown value
RBX=0x00000001523ac450: Java_jogamp_nativewindow_macosx_OSXUtil_GetScreenRefreshRate0+0x1cf0 in /private/var/folders/99/pp3fz67d34l2n2q9ztrt9jpr0000gn/T/jogamp_0000/file_cache/jln1272764835084035628/jln3546118167006060682/libnativewindow_macosx.jnilib at 0x00000001523a5000
RCX=0x00007f8ef2500e90 is an unknown value
RDX=0x0000000000000000 is an unknown value
RSP=0x00007fff58930308 is pointing into the stack for thread: 0x00007f8ef0045000
RBP=0x00007fff589303c0 is pointing into the stack for thread: 0x00007f8ef0045000
RSI=0x00007fff95dda134: __NSStyleNameIndexTable+0x7fcec in /System/Library/Frameworks/AppKit.framework/Versions/C/AppKit at 0x00007fff9516d000
RDI=0x00007f8ef5a75ab0 is an unknown value
R8 =0x0000000000000018 is an unknown value
R9 =0x00007f8ef2501980 is an unknown value
R10=0x0000000000000000 is an unknown value
R11=0x00007fff95dda134: __NSStyleNameIndexTable+0x7fcec in /System/Library/Frameworks/AppKit.framework/Versions/C/AppKit at 0x00007fff9516d000
R12=0x0000000000000000 is an unknown value
R13={method} {0x00000001594d3d28} 'UnsetJAWTRootSurfaceLayer0' '(JJ)V' in 'jogamp/nativewindow/jawt/macosx/MacOSXJAWTWindow'
R14=0x00000001523ac440: Java_jogamp_nativewindow_macosx_OSXUtil_GetScreenRefreshRate0+0x1ce0 in /private/var/folders/99/pp3fz67d34l2n2q9ztrt9jpr0000gn/T/jogamp_0000/file_cache/jln1272764835084035628/jln3546118167006060682/libnativewindow_macosx.jnilib at 0x00000001523a5000
R15=0x00007f8ef0045000 is a thread


Stack: [0x00007fff58135000,0x00007fff58935000],  sp=0x00007fff58930308,  free space=8172k
Native frames: (J=compiled Java code, j=interpreted, Vv=VM code, C=native code)
C  [libobjc.A.dylib+0x705d]  objc_msgSend+0x1d
j  jogamp.nativewindow.jawt.macosx.MacOSXJAWTWindow.UnsetJAWTRootSurfaceLayer0(JJ)V+0
j  jogamp.nativewindow.jawt.macosx.MacOSXJAWTWindow.access$200(JJ)V+2
j  jogamp.nativewindow.jawt.macosx.MacOSXJAWTWindow$1.run()V+38
J 2630 C1 com.jogamp.common.util.RunnableTask.run()V (345 bytes) @ 0x000000010be249b4 [0x000000010be24820+0x194]
v  ~StubRoutines::call_stub
V  [libjvm.dylib+0x2ecf8a]  JavaCalls::call_helper(JavaValue*, methodHandle*, JavaCallArguments*, Thread*)+0x6ae
V  [libjvm.dylib+0x324119]  jni_invoke_nonstatic(JNIEnv_*, JavaValue*, _jobject*, JNICallType, _jmethodID*, JNI_ArgumentPusher*, Thread*)+0x2ec
V  [libjvm.dylib+0x3168e7]  jni_CallVoidMethod+0x16b
C  [libnativewindow_macosx.jnilib+0x5326]  Java_jogamp_nativewindow_jawt_macosx_MacOSXJAWTWindow_UnsetJAWTRootSurfaceLayer0+0x2b6
C  [Foundation+0x7184a]  __NSThreadPerformPerform+0x146
C  [CoreFoundation+0xa73c1]  __CFRUNLOOP_IS_CALLING_OUT_TO_A_SOURCE0_PERFORM_FUNCTION__+0x11
C  [CoreFoundation+0x882cd]  __CFRunLoopDoSources0+0x22d
C  [CoreFoundation+0x877c6]  __CFRunLoopRun+0x3a6
C  [CoreFoundation+0x871c4]  CFRunLoopRunSpecific+0x1a4
C  [HIToolbox+0x30ebc]  RunCurrentEventLoopInMode+0xf0
C  [HIToolbox+0x30bf9]  ReceiveNextEventCommon+0xb8
C  [HIToolbox+0x30b26]  _BlockUntilNextEventMatchingListInModeWithFilter+0x47
C  [AppKit+0x46e24]  _DPSNextEvent+0x460
C  [AppKit+0x7c285e]  -[NSApplication(NSEvent) _nextEventMatchingEventMask:untilDate:inMode:dequeue:]+0xaec
C  [libosxapp.dylib+0x23aa]  -[NSApplicationAWT nextEventMatchingMask:untilDate:inMode:dequeue:]+0x7c
C  [AppKit+0x3b7ab]  -[NSApplication run]+0x39e
C  [libosxapp.dylib+0x214d]  +[NSApplicationAWT runAWTLoopWithApp:]+0x9c
C  [libawt_lwawt.dylib+0x444b3]  -[AWTStarter starter:]+0x389
C  [Foundation+0x7184a]  __NSThreadPerformPerform+0x146
C  [CoreFoundation+0xa73c1]  __CFRUNLOOP_IS_CALLING_OUT_TO_A_SOURCE0_PERFORM_FUNCTION__+0x11
C  [CoreFoundation+0x882cd]  __CFRunLoopDoSources0+0x22d
C  [CoreFoundation+0x877c6]  __CFRunLoopRun+0x3a6
C  [CoreFoundation+0x871c4]  CFRunLoopRunSpecific+0x1a4
C  [java+0x6465]  CreateExecutionEnvironment+0x367
C  [java+0x218c]  JLI_Launch+0x7a0
C  [java+0x84c2]  main+0x65
C  [java+0x19e4]  start+0x34
C  0x0000000000000007

Java frames: (J=compiled Java code, j=interpreted, Vv=VM code)
j  jogamp.nativewindow.jawt.macosx.MacOSXJAWTWindow.UnsetJAWTRootSurfaceLayer0(JJ)V+0
j  jogamp.nativewindow.jawt.macosx.MacOSXJAWTWindow.access$200(JJ)V+2
j  jogamp.nativewindow.jawt.macosx.MacOSXJAWTWindow$1.run()V+38
J 2630 C1 com.jogamp.common.util.RunnableTask.run()V (345 bytes) @ 0x000000010be249b4 [0x000000010be24820+0x194]
v  ~StubRoutines::call_stub

---------------  P R O C E S S  ---------------

Java Threads: ( => current thread )
  0x00007f8ef156b800 JavaThread "Thread-19" [_thread_blocked, id=4483, stack(0x000070000fd4a000,0x000070000fe4a000)]
  0x00007f8ef70d4000 JavaThread "Image Fetcher 3" daemon [_thread_blocked, id=73731, stack(0x0000700010562000,0x0000700010662000)]
  0x00007f8ef6ab0800 JavaThread "Image Fetcher 2" daemon [_thread_blocked, id=73219, stack(0x000070001045f000,0x000070001055f000)]
  0x00007f8ef1a7d000 JavaThread "Image Fetcher 1" daemon [_thread_blocked, id=72707, stack(0x000070001035c000,0x000070001045c000)]
  0x00007f8ef7000800 JavaThread "Image Fetcher 0" daemon [_thread_blocked, id=72195, stack(0x0000700010259000,0x0000700010359000)]
  0x00007f8ef1a81800 JavaThread "Keep-Alive-Timer" daemon [_thread_blocked, id=71747, stack(0x0000700010156000,0x0000700010256000)]
  0x00007f8ef0a91000 JavaThread "AWT-EventQueue-1" [_thread_in_native, id=66575, stack(0x000070000fbc4000,0x000070000fcc4000)]
  0x00007f8ef0803000 JavaThread "DestroyJavaVM" [_thread_blocked, id=7171, stack(0x000070000e57c000,0x000070000e67c000)]
  0x00007f8ef09c7800 JavaThread "AWT-EventQueue-0" [_thread_blocked, id=60163, stack(0x000070000f9be000,0x000070000fabe000)]
  0x00007f8ef01b6800 JavaThread "Java2D Disposer" daemon [_thread_blocked, id=56847, stack(0x000070000f735000,0x000070000f835000)]
  0x00007f8ef1112000 JavaThread "Java2D Queue Flusher" daemon [_thread_blocked, id=47663, stack(0x000070000f632000,0x000070000f732000)]
  0x00007f8ef08e8000 JavaThread "AWT-Shutdown" [_thread_blocked, id=29727, stack(0x000070000f429000,0x000070000f529000)]
=>0x00007f8ef0045000 JavaThread "AWT-AppKit" daemon [_thread_in_native, id=775, stack(0x00007fff58135000,0x00007fff58935000)]
  0x00007f8ef0858000 JavaThread "Service Thread" daemon [_thread_blocked, id=18691, stack(0x000070000f1a0000,0x000070000f2a0000)]
  0x00007f8ef0021000 JavaThread "C1 CompilerThread2" daemon [_thread_blocked, id=18179, stack(0x000070000f09d000,0x000070000f19d000)]
  0x00007f8ef181f800 JavaThread "C2 CompilerThread1" daemon [_thread_blocked, id=17667, stack(0x000070000ef9a000,0x000070000f09a000)]
  0x00007f8ef001f800 JavaThread "C2 CompilerThread0" daemon [_thread_blocked, id=17155, stack(0x000070000ee97000,0x000070000ef97000)]
  0x00007f8ef001f000 JavaThread "Signal Dispatcher" daemon [_thread_blocked, id=16643, stack(0x000070000ed94000,0x000070000ee94000)]
  0x00007f8ef1007800 JavaThread "Finalizer" daemon [_thread_blocked, id=12547, stack(0x000070000ec91000,0x000070000ed91000)]
  0x00007f8ef1805000 JavaThread "Reference Handler" daemon [_thread_blocked, id=12035, stack(0x000070000eb8e000,0x000070000ec8e000)]

Other Threads:
  0x00007f8ef0014000 VMThread [stack: 0x000070000ea8b000,0x000070000eb8b000] [id=11523]
  0x00007f8ef1003000 WatcherThread [stack: 0x000070000f2a3000,0x000070000f3a3000] [id=19203]

VM state:not at safepoint (normal execution)

VM Mutex/Monitor currently owned by a thread: None

Heap:
 PSYoungGen      total 71680K, used 22680K [0x0000000795580000, 0x000000079cc80000, 0x00000007c0000000)
  eden space 66560K, 27% used [0x0000000795580000,0x0000000796723070,0x0000000799680000)
  from space 5120K, 90% used [0x0000000799680000,0x0000000799b03368,0x0000000799b80000)
  to   space 14848K, 0% used [0x000000079be00000,0x000000079be00000,0x000000079cc80000)
 ParOldGen       total 54272K, used 19707K [0x0000000740000000, 0x0000000743500000, 0x0000000795580000)
  object space 54272K, 36% used [0x0000000740000000,0x000000074133eeb0,0x0000000743500000)
 Metaspace       used 24074K, capacity 24341K, committed 24576K, reserved 1071104K
  class space    used 2398K, capacity 2485K, committed 2560K, reserved 1048576K

Card table byte_map: [0x000000010901a000,0x000000010941b000] byte_map_base: 0x000000010561a000

Marking Bits: (ParMarkBitMap*) 0x00000001084efd20
 Begin Bits: [0x000000011a7c6000, 0x000000011c7c6000)
 End Bits:   [0x000000011c7c6000, 0x000000011e7c6000)

Polling page: 0x000000010738b000

CodeCache: size=245760Kb used=9105Kb max_used=9105Kb free=236654Kb
 bounds [0x000000010b7c6000, 0x000000010c0b6000, 0x000000011a7c6000]
 total_blobs=3569 nmethods=2645 adapters=837
 compilation: enabled

Compilation events (10 events):
Event: 8.054 Thread 0x00007f8ef0021000 2969       3       java.awt.Component::getParent (5 bytes)
Event: 8.054 Thread 0x00007f8ef0021000 nmethod 2969 0x000000010c0a88d0 code [0x000000010c0a8a40, 0x000000010c0a8c30]
Event: 8.054 Thread 0x00007f8ef0021000 2970       3       sun.java2d.SunGraphics2D::setColor (108 bytes)
Event: 8.054 Thread 0x00007f8ef0021000 nmethod 2970 0x000000010c0a80d0 code [0x000000010c0a8260, 0x000000010c0a8798]
Event: 8.055 Thread 0x00007f8ef0021000 2971       3       java.awt.Component::isVisible (5 bytes)
Event: 8.055 Thread 0x00007f8ef0021000 nmethod 2971 0x000000010c0b0cd0 code [0x000000010c0b0e40, 0x000000010c0b1030]
Event: 8.056 Thread 0x00007f8ef0021000 2972   !   3       sun.lwawt.LWComponentPeer::isShowing (49 bytes)
Event: 8.057 Thread 0x00007f8ef0021000 nmethod 2972 0x000000010c0aff50 code [0x000000010c0b0100, 0x000000010c0b0a08]
Event: 8.103 Thread 0x00007f8ef0021000 2974       1       sun.java2d.SurfaceData::isValid (5 bytes)
Event: 8.103 Thread 0x00007f8ef0021000 nmethod 2974 0x000000010c0af910 code [0x000000010c0afa60, 0x000000010c0afb70]

GC Heap History (10 events):
Event: 3.749 GC heap before
{Heap before GC invocations=2 (full 0):
 PSYoungGen      total 38400K, used 38357K [0x0000000795580000, 0x0000000798000000, 0x00000007c0000000)
  eden space 33280K, 100% used [0x0000000795580000,0x0000000797600000,0x0000000797600000)
  from space 5120K, 99% used [0x0000000797600000,0x0000000797af5760,0x0000000797b00000)
  to   space 5120K, 0% used [0x0000000797b00000,0x0000000797b00000,0x0000000798000000)
 ParOldGen       total 87552K, used 8K [0x0000000740000000, 0x0000000745580000, 0x0000000795580000)
  object space 87552K, 0% used [0x0000000740000000,0x0000000740002000,0x0000000745580000)
 Metaspace       used 20568K, capacity 20851K, committed 20992K, reserved 1069056K
  class space    used 2110K, capacity 2224K, committed 2304K, reserved 1048576K
Event: 3.770 GC heap after
Heap after GC invocations=2 (full 0):
 PSYoungGen      total 38400K, used 5104K [0x0000000795580000, 0x0000000798000000, 0x00000007c0000000)
  eden space 33280K, 0% used [0x0000000795580000,0x0000000795580000,0x0000000797600000)
  from space 5120K, 99% used [0x0000000797b00000,0x0000000797ffc070,0x0000000798000000)
  to   space 5120K, 0% used [0x0000000797600000,0x0000000797600000,0x0000000797b00000)
 ParOldGen       total 87552K, used 3718K [0x0000000740000000, 0x0000000745580000, 0x0000000795580000)
  object space 87552K, 4% used [0x0000000740000000,0x00000007403a1a70,0x0000000745580000)
 Metaspace       used 20568K, capacity 20851K, committed 20992K, reserved 1069056K
  class space    used 2110K, capacity 2224K, committed 2304K, reserved 1048576K
}
Event: 3.864 GC heap before
{Heap before GC invocations=3 (full 0):
 PSYoungGen      total 38400K, used 6903K [0x0000000795580000, 0x0000000798000000, 0x00000007c0000000)
  eden space 33280K, 5% used [0x0000000795580000,0x0000000795741df8,0x0000000797600000)
  from space 5120K, 99% used [0x0000000797b00000,0x0000000797ffc070,0x0000000798000000)
  to   space 5120K, 0% used [0x0000000797600000,0x0000000797600000,0x0000000797b00000)
 ParOldGen       total 87552K, used 3718K [0x0000000740000000, 0x0000000745580000, 0x0000000795580000)
  object space 87552K, 4% used [0x0000000740000000,0x00000007403a1a70,0x0000000745580000)
 Metaspace       used 20897K, capacity 21139K, committed 21248K, reserved 1069056K
  class space    used 2142K, capacity 2256K, committed 2304K, reserved 1048576K
Event: 3.870 GC heap after
Heap after GC invocations=3 (full 0):
 PSYoungGen      total 38400K, used 5105K [0x0000000795580000, 0x000000079a080000, 0x00000007c0000000)
  eden space 33280K, 0% used [0x0000000795580000,0x0000000795580000,0x0000000797600000)
  from space 5120K, 99% used [0x0000000797600000,0x0000000797afc4b0,0x0000000797b00000)
  to   space 5120K, 0% used [0x0000000799b80000,0x0000000799b80000,0x000000079a080000)
 ParOldGen       total 87552K, used 3992K [0x0000000740000000, 0x0000000745580000, 0x0000000795580000)
  object space 87552K, 4% used [0x0000000740000000,0x00000007403e6328,0x0000000745580000)
 Metaspace       used 20897K, capacity 21139K, committed 21248K, reserved 1069056K
  class space    used 2142K, capacity 2256K, committed 2304K, reserved 1048576K
}
Event: 3.870 GC heap before
{Heap before GC invocations=4 (full 1):
 PSYoungGen      total 38400K, used 5105K [0x0000000795580000, 0x000000079a080000, 0x00000007c0000000)
  eden space 33280K, 0% used [0x0000000795580000,0x0000000795580000,0x0000000797600000)
  from space 5120K, 99% used [0x0000000797600000,0x0000000797afc4b0,0x0000000797b00000)
  to   space 5120K, 0% used [0x0000000799b80000,0x0000000799b80000,0x000000079a080000)
 ParOldGen       total 87552K, used 3992K [0x0000000740000000, 0x0000000745580000, 0x0000000795580000)
  object space 87552K, 4% used [0x0000000740000000,0x00000007403e6328,0x0000000745580000)
 Metaspace       used 20897K, capacity 21139K, committed 21248K, reserved 1069056K
  class space    used 2142K, capacity 2256K, committed 2304K, reserved 1048576K
Event: 3.906 GC heap after
Heap after GC invocations=4 (full 1):
 PSYoungGen      total 38400K, used 0K [0x0000000795580000, 0x000000079a080000, 0x00000007c0000000)
  eden space 33280K, 0% used [0x0000000795580000,0x0000000795580000,0x0000000797600000)
  from space 5120K, 0% used [0x0000000797600000,0x0000000797600000,0x0000000797b00000)
  to   space 5120K, 0% used [0x0000000799b80000,0x0000000799b80000,0x000000079a080000)
 ParOldGen       total 54272K, used 7359K [0x0000000740000000, 0x0000000743500000, 0x0000000795580000)
  object space 54272K, 13% used [0x0000000740000000,0x000000074072fe50,0x0000000743500000)
 Metaspace       used 20897K, capacity 21139K, committed 21248K, reserved 1069056K
  class space    used 2142K, capacity 2256K, committed 2304K, reserved 1048576K
}
Event: 5.439 GC heap before
{Heap before GC invocations=5 (full 1):
 PSYoungGen      total 38400K, used 33280K [0x0000000795580000, 0x000000079a080000, 0x00000007c0000000)
  eden space 33280K, 100% used [0x0000000795580000,0x0000000797600000,0x0000000797600000)
  from space 5120K, 0% used [0x0000000797600000,0x0000000797600000,0x0000000797b00000)
  to   space 5120K, 0% used [0x0000000799b80000,0x0000000799b80000,0x000000079a080000)
 ParOldGen       total 54272K, used 7359K [0x0000000740000000, 0x0000000743500000, 0x0000000795580000)
  object space 54272K, 13% used [0x0000000740000000,0x000000074072fe50,0x0000000743500000)
 Metaspace       used 23634K, capacity 23945K, committed 24320K, reserved 1071104K
  class space    used 2388K, capacity 2483K, committed 2560K, reserved 1048576K
Event: 5.448 GC heap after
Heap after GC invocations=5 (full 1):
 PSYoungGen      total 61440K, used 5110K [0x0000000795580000, 0x000000079a080000, 0x00000007c0000000)
  eden space 56320K, 0% used [0x0000000795580000,0x0000000795580000,0x0000000798c80000)
  from space 5120K, 99% used [0x0000000799b80000,0x000000079a07da88,0x000000079a080000)
  to   space 5120K, 0% used [0x0000000799680000,0x0000000799680000,0x0000000799b80000)
 ParOldGen       total 54272K, used 16281K [0x0000000740000000, 0x0000000743500000, 0x0000000795580000)
  object space 54272K, 30% used [0x0000000740000000,0x0000000740fe66c0,0x0000000743500000)
 Metaspace       used 23634K, capacity 23945K, committed 24320K, reserved 1071104K
  class space    used 2388K, capacity 2483K, committed 2560K, reserved 1048576K
}
Event: 7.438 GC heap before
{Heap before GC invocations=6 (full 1):
 PSYoungGen      total 61440K, used 61430K [0x0000000795580000, 0x000000079a080000, 0x00000007c0000000)
  eden space 56320K, 100% used [0x0000000795580000,0x0000000798c80000,0x0000000798c80000)
  from space 5120K, 99% used [0x0000000799b80000,0x000000079a07da88,0x000000079a080000)
  to   space 5120K, 0% used [0x0000000799680000,0x0000000799680000,0x0000000799b80000)
 ParOldGen       total 54272K, used 16281K [0x0000000740000000, 0x0000000743500000, 0x0000000795580000)
  object space 54272K, 30% used [0x0000000740000000,0x0000000740fe66c0,0x0000000743500000)
 Metaspace       used 23956K, capacity 24213K, committed 24576K, reserved 1071104K
  class space    used 2390K, capacity 2485K, committed 2560K, reserved 1048576K
Event: 7.446 GC heap after
Heap after GC invocations=6 (full 1):
 PSYoungGen      total 71680K, used 4620K [0x0000000795580000, 0x000000079cc80000, 0x00000007c0000000)
  eden space 66560K, 0% used [0x0000000795580000,0x0000000795580000,0x0000000799680000)
  from space 5120K, 90% used [0x0000000799680000,0x0000000799b03368,0x0000000799b80000)
  to   space 14848K, 0% used [0x000000079be00000,0x000000079be00000,0x000000079cc80000)
 ParOldGen       total 54272K, used 19707K [0x0000000740000000, 0x0000000743500000, 0x0000000795580000)
  object space 54272K, 36% used [0x0000000740000000,0x000000074133eeb0,0x0000000743500000)
 Metaspace       used 23956K, capacity 24213K, committed 24576K, reserved 1071104K
  class space    used 2390K, capacity 2485K, committed 2560K, reserved 1048576K
}

Deoptimization events (10 events):
Event: 6.689 Thread 0x00007f8ef0a91000 Uncommon trap: reason=unstable_if action=reinterpret pc=0x000000010bf23fe8 method=java.awt.font.FontRenderContext.equals(Ljava/awt/font/FontRenderContext;)Z @ 2
Event: 6.691 Thread 0x00007f8ef0a91000 Uncommon trap: reason=unstable_if action=reinterpret pc=0x000000010bd2bd98 method=processing.core.PGraphics.text([CIIFF)V @ 41
Event: 6.695 Thread 0x00007f8ef0a91000 Uncommon trap: reason=unstable_if action=reinterpret pc=0x000000010be0a2b0 method=processing.core.PFont.indexActual(C)I @ 4
Event: 6.875 Thread 0x00007f8ef0a91000 Uncommon trap: reason=class_check action=maybe_recompile pc=0x000000010bb65798 method=module6.CommonMarker.draw(Lprocessing/core/PGraphics;FF)V @ 25
Event: 6.939 Thread 0x00007f8ef0a91000 Uncommon trap: reason=class_check action=maybe_recompile pc=0x000000010bb65798 method=module6.CommonMarker.draw(Lprocessing/core/PGraphics;FF)V @ 25
Event: 8.054 Thread 0x00007f8ef0a91000 Uncommon trap: reason=unstable_if action=reinterpret pc=0x000000010b97d068 method=com.jogamp.common.util.VersionNumber.compareTo(Lcom/jogamp/common/util/VersionNumber;)I @ 21
Event: 8.057 Thread 0x00007f8ef09c7800 Uncommon trap: reason=unstable_if action=reinterpret pc=0x000000010bd4d694 method=java.awt.Font.equals(Ljava/lang/Object;)Z @ 2
Event: 8.101 Thread 0x00007f8ef0996000 Uncommon trap: reason=class_check action=maybe_recompile pc=0x000000010bdfdf6c method=java.util.HashMap.putVal(ILjava/lang/Object;Ljava/lang/Object;ZZ)Ljava/lang/Object; @ 91
Event: 8.102 Thread 0x00007f8ef0996000 Uncommon trap: reason=class_check action=maybe_recompile pc=0x000000010bdfdf6c method=java.util.HashMap.putVal(ILjava/lang/Object;Ljava/lang/Object;ZZ)Ljava/lang/Object; @ 91
Event: 8.102 Thread 0x00007f8ef0996000 Uncommon trap: reason=class_check action=maybe_recompile pc=0x000000010bcd02c8 method=java.util.HashMap.putVal(ILjava/lang/Object;Ljava/lang/Object;ZZ)Ljava/lang/Object; @ 91

Internal exceptions (10 events):
Event: 0.201 Thread 0x00007f8ef0803000 Exception <a 'java/lang/NoSuchFieldError': method resolution failed> (0x0000000795785f98) thrown at [/Users/java_re/workspace/8-2-build-macosx-x86_64/jdk8u111/7883/hotspot/src/share/vm/prims/methodHandles.cpp, line 1146]
Event: 0.204 Thread 0x00007f8ef0803000 Exception <a 'java/lang/NoSuchFieldError': method resolution failed> (0x0000000795793768) thrown at [/Users/java_re/workspace/8-2-build-macosx-x86_64/jdk8u111/7883/hotspot/src/share/vm/prims/methodHandles.cpp, line 1146]
Event: 0.445 Thread 0x00007f8ef0803000 Exception <a 'java/io/FileNotFoundException'> (0x000000079580ee90) thrown at [/Users/java_re/workspace/8-2-build-macosx-x86_64/jdk8u111/7883/hotspot/src/share/vm/prims/jni.cpp, line 709]
Event: 0.446 Thread 0x00007f8ef0803000 Exception <a 'java/io/FileNotFoundException'> (0x000000079580f9f8) thrown at [/Users/java_re/workspace/8-2-build-macosx-x86_64/jdk8u111/7883/hotspot/src/share/vm/prims/jni.cpp, line 709]
Event: 0.570 Thread 0x00007f8ef0803000 Exception <a 'java/io/FileNotFoundException'> (0x000000079594b4a0) thrown at [/Users/java_re/workspace/8-2-build-macosx-x86_64/jdk8u111/7883/hotspot/src/share/vm/prims/jni.cpp, line 709]
Event: 2.287 Thread 0x00007f8ef0bf8000 Exception <a 'java/lang/UnsatisfiedLinkError': com.jogamp.common.util.JarUtil.fixNativeLibAttribs(Ljava/lang/String;)Z> (0x0000000796b66938) thrown at [/Users/java_re/workspace/8-2-build-macosx-x86_64/jdk8u111/7883/hotspot/src/share/vm/prims/nativeLookup.
Event: 2.595 Thread 0x00007f8ef1007800 Exception <a 'java/lang/NullPointerException'> (0x00000007956a7be8) thrown at [/Users/java_re/workspace/8-2-build-macosx-x86_64/jdk8u111/7883/hotspot/src/share/vm/interpreter/linkResolver.cpp, line 1178]
Event: 3.190 Thread 0x00007f8ef0a91000 Exception <a 'java/io/FileNotFoundException'> (0x0000000795e5f2b8) thrown at [/Users/java_re/workspace/8-2-build-macosx-x86_64/jdk8u111/7883/hotspot/src/share/vm/prims/jni.cpp, line 709]
Event: 3.190 Thread 0x00007f8ef0a91000 Exception <a 'java/io/FileNotFoundException'> (0x0000000795e656d0) thrown at [/Users/java_re/workspace/8-2-build-macosx-x86_64/jdk8u111/7883/hotspot/src/share/vm/prims/jni.cpp, line 709]
Event: 3.190 Thread 0x00007f8ef0a91000 Implicit null exception at 0x000000010b9731f6 to 0x000000010b9735c5

Events (10 events):
Event: 8.114 loading class jogamp/nativewindow/jawt/macosx/MacOSXJAWTWindow$1 done
Event: 8.115 loading class java/awt/LightweightDispatcher$2
Event: 8.116 loading class java/awt/LightweightDispatcher$2 done
Event: 8.116 loading class java/awt/event/AWTEventListenerProxy
Event: 8.116 loading class java/awt/event/AWTEventListenerProxy done
Event: 8.116 loading class java/awt/Toolkit$ToolkitEventMulticaster
Event: 8.116 loading class java/awt/Toolkit$ToolkitEventMulticaster done
Event: 8.116 Thread 0x00007f8ef0996000 Thread exited: 0x00007f8ef0996000
Event: 8.116 loading class java/awt/Window$1DisposeAction
Event: 8.117 loading class java/awt/Window$1DisposeAction done


Dynamic libraries:
0x00000000222bc000 	/System/Library/Frameworks/Cocoa.framework/Versions/A/Cocoa
0x00000000222bc000 	/System/Library/Frameworks/Security.framework/Versions/A/Security
0x00000000222bc000 	/System/Library/Frameworks/ApplicationServices.framework/Versions/A/ApplicationServices
0x00000000222bc000 	/usr/lib/libz.1.dylib
0x00000000222bc000 	/usr/lib/libSystem.B.dylib
0x00000000222bc000 	/usr/lib/libobjc.A.dylib
0x00000000222bc000 	/System/Library/Frameworks/CoreFoundation.framework/Versions/A/CoreFoundation
0x00000000222bc000 	/System/Library/Frameworks/Foundation.framework/Versions/C/Foundation
0x00000000222bc000 	/System/Library/Frameworks/AppKit.framework/Versions/C/AppKit
0x00000000222bc000 	/System/Library/Frameworks/CoreData.framework/Versions/A/CoreData
0x00000000222bc000 	/System/Library/PrivateFrameworks/RemoteViewServices.framework/Versions/A/RemoteViewServices
0x00000000222bc000 	/System/Library/PrivateFrameworks/UIFoundation.framework/Versions/A/UIFoundation
0x00000000222bc000 	/System/Library/PrivateFrameworks/DFRFoundation.framework/Versions/A/DFRFoundation
0x00000000222bc000 	/usr/lib/libenergytrace.dylib
0x00000000222bc000 	/System/Library/PrivateFrameworks/SkyLight.framework/Versions/A/SkyLight
0x00000000222bc000 	/System/Library/Frameworks/CoreGraphics.framework/Versions/A/CoreGraphics
0x00000000222bc000 	/usr/lib/libScreenReader.dylib
0x00000000222bc000 	/System/Library/Frameworks/Accelerate.framework/Versions/A/Accelerate
0x00000000222bc000 	/System/Library/Frameworks/IOSurface.framework/Versions/A/IOSurface
0x00000000222bc000 	/System/Library/Frameworks/AudioToolbox.framework/Versions/A/AudioToolbox
0x00000000222bc000 	/System/Library/Frameworks/AudioUnit.framework/Versions/A/AudioUnit
0x00000000222bc000 	/System/Library/PrivateFrameworks/DataDetectorsCore.framework/Versions/A/DataDetectorsCore
0x00000000222bc000 	/System/Library/PrivateFrameworks/DesktopServicesPriv.framework/Versions/A/DesktopServicesPriv
0x00000000222bc000 	/System/Library/Frameworks/Carbon.framework/Versions/A/Frameworks/HIToolbox.framework/Versions/A/HIToolbox
0x00000000222bc000 	/usr/lib/libicucore.A.dylib
0x00000000222bc000 	/System/Library/Frameworks/QuartzCore.framework/Versions/A/QuartzCore
0x00000000222bc000 	/System/Library/Frameworks/Carbon.framework/Versions/A/Frameworks/SpeechRecognition.framework/Versions/A/SpeechRecognition
0x00000000222bc000 	/usr/lib/libauto.dylib
0x00000000222bc000 	/usr/lib/libxml2.2.dylib
0x00000000222bc000 	/System/Library/PrivateFrameworks/CoreUI.framework/Versions/A/CoreUI
0x00000000222bc000 	/System/Library/Frameworks/CoreAudio.framework/Versions/A/CoreAudio
0x00000000222bc000 	/System/Library/Frameworks/DiskArbitration.framework/Versions/A/DiskArbitration
0x00000000222bc000 	/usr/lib/liblangid.dylib
0x00000000222bc000 	/System/Library/PrivateFrameworks/MultitouchSupport.framework/Versions/A/MultitouchSupport
0x00000000222bc000 	/System/Library/Frameworks/IOKit.framework/Versions/A/IOKit
0x00000000222bc000 	/usr/lib/libDiagnosticMessagesClient.dylib
0x00000000222bc000 	/System/Library/Frameworks/CoreServices.framework/Versions/A/CoreServices
0x00000000222bc000 	/System/Library/PrivateFrameworks/PerformanceAnalysis.framework/Versions/A/PerformanceAnalysis
0x00000000222bc000 	/System/Library/PrivateFrameworks/GenerationalStorage.framework/Versions/A/GenerationalStorage
0x00000000222bc000 	/System/Library/Frameworks/OpenGL.framework/Versions/A/OpenGL
0x00000000222bc000 	/System/Library/Frameworks/CoreImage.framework/Versions/A/CoreImage
0x00000000222bc000 	/System/Library/Frameworks/CoreText.framework/Versions/A/CoreText
0x00000000222bc000 	/System/Library/Frameworks/ImageIO.framework/Versions/A/ImageIO
0x00000000222bc000 	/System/Library/PrivateFrameworks/Backup.framework/Versions/A/Backup
0x00000000222bc000 	/usr/lib/libarchive.2.dylib
0x00000000222bc000 	/System/Library/Frameworks/CFNetwork.framework/Versions/A/CFNetwork
0x00000000222bc000 	/System/Library/Frameworks/SystemConfiguration.framework/Versions/A/SystemConfiguration
0x00000000222bc000 	/usr/lib/libCRFSuite.dylib
0x00000000222bc000 	/usr/lib/libc++.1.dylib
0x00000000222bc000 	/usr/lib/libc++abi.dylib
0x00000000222bc000 	/usr/lib/system/libcache.dylib
0x00000000222bc000 	/usr/lib/system/libcommonCrypto.dylib
0x00000000222bc000 	/usr/lib/system/libcompiler_rt.dylib
0x00000000222bc000 	/usr/lib/system/libcopyfile.dylib
0x00000000222bc000 	/usr/lib/system/libcorecrypto.dylib
0x00000000222bc000 	/usr/lib/system/libdispatch.dylib
0x00000000222bc000 	/usr/lib/system/libdyld.dylib
0x00000000222bc000 	/usr/lib/system/libkeymgr.dylib
0x00000000222bc000 	/usr/lib/system/liblaunch.dylib
0x00000000222bc000 	/usr/lib/system/libmacho.dylib
0x00000000222bc000 	/usr/lib/system/libquarantine.dylib
0x00000000222bc000 	/usr/lib/system/libremovefile.dylib
0x00000000222bc000 	/usr/lib/system/libsystem_asl.dylib
0x00000000222bc000 	/usr/lib/system/libsystem_blocks.dylib
0x00000000222bc000 	/usr/lib/system/libsystem_c.dylib
0x00000000222bc000 	/usr/lib/system/libsystem_configuration.dylib
0x00000000222bc000 	/usr/lib/system/libsystem_coreservices.dylib
0x00000000222bc000 	/usr/lib/system/libsystem_coretls.dylib
0x00000000222bc000 	/usr/lib/system/libsystem_dnssd.dylib
0x00000000222bc000 	/usr/lib/system/libsystem_info.dylib
0x00000000222bc000 	/usr/lib/system/libsystem_kernel.dylib
0x00000000222bc000 	/usr/lib/system/libsystem_m.dylib
0x00000000222bc000 	/usr/lib/system/libsystem_malloc.dylib
0x00000000222bc000 	/usr/lib/system/libsystem_network.dylib
0x00000000222bc000 	/usr/lib/system/libsystem_networkextension.dylib
0x00000000222bc000 	/usr/lib/system/libsystem_notify.dylib
0x00000000222bc000 	/usr/lib/system/libsystem_platform.dylib
0x00000000222bc000 	/usr/lib/system/libsystem_pthread.dylib
0x00000000222bc000 	/usr/lib/system/libsystem_sandbox.dylib
0x00000000222bc000 	/usr/lib/system/libsystem_secinit.dylib
0x00000000222bc000 	/usr/lib/system/libsystem_symptoms.dylib
0x00000000222bc000 	/usr/lib/system/libsystem_trace.dylib
0x00000000222bc000 	/usr/lib/system/libunwind.dylib
0x00000000222bc000 	/usr/lib/system/libxpc.dylib
0x00000000222bc000 	/usr/lib/libbsm.0.dylib
0x00000000222bc000 	/usr/lib/system/libkxld.dylib
0x00000000222bc000 	/usr/lib/libcoretls.dylib
0x00000000222bc000 	/usr/lib/libcoretls_cfhelpers.dylib
0x00000000222bc000 	/usr/lib/libOpenScriptingUtil.dylib
0x00000000222bc000 	/usr/lib/libpam.2.dylib
0x00000000222bc000 	/usr/lib/libsqlite3.dylib
0x00000000222bc000 	/usr/lib/libxar.1.dylib
0x00000000222bc000 	/usr/lib/libbz2.1.0.dylib
0x00000000222bc000 	/usr/lib/liblzma.5.dylib
0x00000000222bc000 	/usr/lib/libnetwork.dylib
0x00000000222bc000 	/usr/lib/libpcap.A.dylib
0x00000000222bc000 	/System/Library/Frameworks/CoreServices.framework/Versions/A/Frameworks/FSEvents.framework/Versions/A/FSEvents
0x00000000222bc000 	/System/Library/Frameworks/CoreServices.framework/Versions/A/Frameworks/CarbonCore.framework/Versions/A/CarbonCore
0x00000000222bc000 	/System/Library/Frameworks/CoreServices.framework/Versions/A/Frameworks/Metadata.framework/Versions/A/Metadata
0x00000000222bc000 	/System/Library/Frameworks/CoreServices.framework/Versions/A/Frameworks/OSServices.framework/Versions/A/OSServices
0x00000000222bc000 	/System/Library/Frameworks/CoreServices.framework/Versions/A/Frameworks/SearchKit.framework/Versions/A/SearchKit
0x00000000222bc000 	/System/Library/Frameworks/CoreServices.framework/Versions/A/Frameworks/AE.framework/Versions/A/AE
0x00000000222bc000 	/System/Library/Frameworks/CoreServices.framework/Versions/A/Frameworks/LaunchServices.framework/Versions/A/LaunchServices
0x00000000222bc000 	/System/Library/Frameworks/CoreServices.framework/Versions/A/Frameworks/DictionaryServices.framework/Versions/A/DictionaryServices
0x00000000222bc000 	/System/Library/Frameworks/CoreServices.framework/Versions/A/Frameworks/SharedFileList.framework/Versions/A/SharedFileList
0x00000000222bc000 	/System/Library/Frameworks/NetFS.framework/Versions/A/NetFS
0x00000000222bc000 	/System/Library/PrivateFrameworks/NetAuth.framework/Versions/A/NetAuth
0x00000000222bc000 	/System/Library/PrivateFrameworks/login.framework/Versions/A/Frameworks/loginsupport.framework/Versions/A/loginsupport
0x00000000222bc000 	/System/Library/PrivateFrameworks/TCC.framework/Versions/A/TCC
0x00000000222bc000 	/usr/lib/libmecabra.dylib
0x00000000222bc000 	/System/Library/Frameworks/ApplicationServices.framework/Versions/A/Frameworks/ATS.framework/Versions/A/ATS
0x00000000222bc000 	/System/Library/Frameworks/ApplicationServices.framework/Versions/A/Frameworks/ColorSync.framework/Versions/A/ColorSync
0x00000000222bc000 	/System/Library/Frameworks/ApplicationServices.framework/Versions/A/Frameworks/HIServices.framework/Versions/A/HIServices
0x00000000222bc000 	/System/Library/Frameworks/ApplicationServices.framework/Versions/A/Frameworks/LangAnalysis.framework/Versions/A/LangAnalysis
0x00000000222bc000 	/System/Library/Frameworks/ApplicationServices.framework/Versions/A/Frameworks/PrintCore.framework/Versions/A/PrintCore
0x00000000222bc000 	/System/Library/Frameworks/ApplicationServices.framework/Versions/A/Frameworks/QD.framework/Versions/A/QD
0x00000000222bc000 	/System/Library/Frameworks/ApplicationServices.framework/Versions/A/Frameworks/SpeechSynthesis.framework/Versions/A/SpeechSynthesis
0x00000000222bc000 	/System/Library/Frameworks/Accelerate.framework/Versions/A/Frameworks/vImage.framework/Versions/A/vImage
0x00000000222bc000 	/System/Library/Frameworks/Accelerate.framework/Versions/A/Frameworks/vecLib.framework/Versions/A/vecLib
0x00000000222bc000 	/System/Library/Frameworks/Accelerate.framework/Versions/A/Frameworks/vecLib.framework/Versions/A/libvDSP.dylib
0x00000000222bc000 	/System/Library/Frameworks/Accelerate.framework/Versions/A/Frameworks/vecLib.framework/Versions/A/libBNNS.dylib
0x00000000222bc000 	/System/Library/Frameworks/Accelerate.framework/Versions/A/Frameworks/vecLib.framework/Versions/A/libQuadrature.dylib
0x00000000222bc000 	/System/Library/Frameworks/Accelerate.framework/Versions/A/Frameworks/vecLib.framework/Versions/A/libvMisc.dylib
0x00000000222bc000 	/System/Library/Frameworks/Accelerate.framework/Versions/A/Frameworks/vecLib.framework/Versions/A/libLAPACK.dylib
0x00000000222bc000 	/System/Library/Frameworks/Accelerate.framework/Versions/A/Frameworks/vecLib.framework/Versions/A/libBLAS.dylib
0x00000000222bc000 	/System/Library/Frameworks/Accelerate.framework/Versions/A/Frameworks/vecLib.framework/Versions/A/libLinearAlgebra.dylib
0x00000000222bc000 	/System/Library/Frameworks/Accelerate.framework/Versions/A/Frameworks/vecLib.framework/Versions/A/libSparseBLAS.dylib
0x00000000222bc000 	/System/Library/Frameworks/ApplicationServices.framework/Versions/A/Frameworks/ATS.framework/Versions/A/Resources/libFontParser.dylib
0x00000000222bc000 	/System/Library/Frameworks/ApplicationServices.framework/Versions/A/Frameworks/ATS.framework/Versions/A/Resources/libFontRegistry.dylib
0x00000000222bc000 	/System/Library/Frameworks/ImageIO.framework/Versions/A/Resources/libJPEG.dylib
0x00000000222bc000 	/System/Library/Frameworks/ImageIO.framework/Versions/A/Resources/libTIFF.dylib
0x00000000222bc000 	/System/Library/Frameworks/ImageIO.framework/Versions/A/Resources/libPng.dylib
0x00000000222bc000 	/System/Library/Frameworks/ImageIO.framework/Versions/A/Resources/libGIF.dylib
0x00000000222bc000 	/System/Library/Frameworks/ImageIO.framework/Versions/A/Resources/libJP2.dylib
0x00000000222bc000 	/System/Library/Frameworks/ImageIO.framework/Versions/A/Resources/libRadiance.dylib
0x00000000222bc000 	/usr/lib/libcompression.dylib
0x00000000222bc000 	/System/Library/PrivateFrameworks/AppleJPEG.framework/Versions/A/AppleJPEG
0x00000000222bc000 	/usr/lib/libcups.2.dylib
0x00000000222bc000 	/System/Library/Frameworks/Kerberos.framework/Versions/A/Kerberos
0x00000000222bc000 	/System/Library/Frameworks/GSS.framework/Versions/A/GSS
0x00000000222bc000 	/usr/lib/libresolv.9.dylib
0x00000000222bc000 	/usr/lib/libiconv.2.dylib
0x00000000222bc000 	/System/Library/PrivateFrameworks/Heimdal.framework/Versions/A/Heimdal
0x00000000222bc000 	/usr/lib/libheimdal-asn1.dylib
0x00000000222bc000 	/System/Library/Frameworks/OpenDirectory.framework/Versions/A/OpenDirectory
0x00000000222bc000 	/System/Library/PrivateFrameworks/CommonAuth.framework/Versions/A/CommonAuth
0x00000000222bc000 	/System/Library/Frameworks/OpenDirectory.framework/Versions/A/Frameworks/CFOpenDirectory.framework/Versions/A/CFOpenDirectory
0x00000000222bc000 	/System/Library/Frameworks/SecurityFoundation.framework/Versions/A/SecurityFoundation
0x00000000222bc000 	/System/Library/PrivateFrameworks/LanguageModeling.framework/Versions/A/LanguageModeling
0x00000000222bc000 	/usr/lib/libmarisa.dylib
0x00000000222bc000 	/usr/lib/libChineseTokenizer.dylib
0x00000000222bc000 	/usr/lib/libcmph.dylib
0x00000000222bc000 	/System/Library/PrivateFrameworks/CoreEmoji.framework/Versions/A/CoreEmoji
0x00000000222bc000 	/System/Library/Frameworks/ServiceManagement.framework/Versions/A/ServiceManagement
0x00000000222bc000 	/usr/lib/libxslt.1.dylib
0x00000000222bc000 	/System/Library/Frameworks/Carbon.framework/Versions/A/Frameworks/Ink.framework/Versions/A/Ink
0x00000000222bc000 	/System/Library/PrivateFrameworks/TextureIO.framework/Versions/A/TextureIO
0x00000000222bc000 	/System/Library/Frameworks/Metal.framework/Versions/A/Metal
0x00000000222bc000 	/usr/lib/libate.dylib
0x00000000222bc000 	/System/Library/PrivateFrameworks/GPUCompiler.framework/libmetal_timestamp.dylib
0x00000000222bc000 	/System/Library/Frameworks/OpenGL.framework/Versions/A/Libraries/libCoreFSCache.dylib
0x00000000222bc000 	/System/Library/PrivateFrameworks/IOAccelerator.framework/Versions/A/IOAccelerator
0x00000000222bc000 	/System/Library/Frameworks/CoreVideo.framework/Versions/A/CoreVideo
0x00000000222bc000 	/usr/lib/libFosl_dynamic.dylib
0x00000000222bc000 	/System/Library/PrivateFrameworks/MetalPerformanceShaders.framework/Versions/A/MetalPerformanceShaders
0x00000000222bc000 	/System/Library/PrivateFrameworks/FaceCore.framework/Versions/A/FaceCore
0x00000000222bc000 	/System/Library/Frameworks/OpenCL.framework/Versions/A/OpenCL
0x00000000222bc000 	/System/Library/Frameworks/OpenGL.framework/Versions/A/Libraries/libGLU.dylib
0x00000000222bc000 	/System/Library/Frameworks/OpenGL.framework/Versions/A/Libraries/libGFXShared.dylib
0x00000000222bc000 	/System/Library/Frameworks/OpenGL.framework/Versions/A/Libraries/libGL.dylib
0x00000000222bc000 	/System/Library/Frameworks/OpenGL.framework/Versions/A/Libraries/libGLImage.dylib
0x00000000222bc000 	/System/Library/Frameworks/OpenGL.framework/Versions/A/Libraries/libCVMSPluginSupport.dylib
0x00000000222bc000 	/System/Library/Frameworks/OpenGL.framework/Versions/A/Libraries/libCoreVMClient.dylib
0x00000000222bc000 	/System/Library/PrivateFrameworks/CrashReporterSupport.framework/Versions/A/CrashReporterSupport
0x00000000222bc000 	/System/Library/PrivateFrameworks/Sharing.framework/Versions/A/Sharing
0x00000000222bc000 	/System/Library/PrivateFrameworks/IconServices.framework/Versions/A/IconServices
0x00000000222bc000 	/System/Library/PrivateFrameworks/ProtocolBuffer.framework/Versions/A/ProtocolBuffer
0x00000000222bc000 	/System/Library/PrivateFrameworks/Apple80211.framework/Versions/A/Apple80211
0x00000000222bc000 	/System/Library/Frameworks/CoreWLAN.framework/Versions/A/CoreWLAN
0x00000000222bc000 	/System/Library/PrivateFrameworks/CoreUtils.framework/Versions/A/CoreUtils
0x00000000222bc000 	/System/Library/Frameworks/IOBluetooth.framework/Versions/A/IOBluetooth
0x00000000222bc000 	/System/Library/PrivateFrameworks/CoreWiFi.framework/Versions/A/CoreWiFi
0x00000000222bc000 	/System/Library/Frameworks/CoreBluetooth.framework/Versions/A/CoreBluetooth
0x00000000222bc000 	/System/Library/Frameworks/CoreDisplay.framework/Versions/A/CoreDisplay
0x00000000222bc000 	/System/Library/PrivateFrameworks/IOPresentment.framework/Versions/A/IOPresentment
0x00000000222bc000 	/System/Library/PrivateFrameworks/DSExternalDisplay.framework/Versions/A/DSExternalDisplay
0x00000000222bc000 	/System/Library/PrivateFrameworks/DebugSymbols.framework/Versions/A/DebugSymbols
0x00000000222bc000 	/System/Library/PrivateFrameworks/CoreSymbolication.framework/Versions/A/CoreSymbolication
0x00000000222bc000 	/System/Library/PrivateFrameworks/Symbolication.framework/Versions/A/Symbolication
0x00000000222bc000 	/System/Library/PrivateFrameworks/AppleFSCompression.framework/Versions/A/AppleFSCompression
0x00000000222bc000 	/System/Library/PrivateFrameworks/SpeechRecognitionCore.framework/Versions/A/SpeechRecognitionCore
0x00000000222bc000 	/System/Library/PrivateFrameworks/ChunkingLibrary.framework/Versions/A/ChunkingLibrary
0x0000000107c00000 	/Library/Java/JavaVirtualMachines/jdk1.8.0_111.jdk/Contents/Home/jre/lib/server/libjvm.dylib
0x0000000108ba1000 	/usr/lib/libstdc++.6.dylib
0x0000000107348000 	/Library/Java/JavaVirtualMachines/jdk1.8.0_111.jdk/Contents/Home/jre/lib/libverify.dylib
0x0000000107356000 	/Library/Java/JavaVirtualMachines/jdk1.8.0_111.jdk/Contents/Home/jre/lib/libjava.dylib
0x0000000107395000 	/Library/Java/JavaVirtualMachines/jdk1.8.0_111.jdk/Contents/Home/jre/lib/libzip.dylib
0x000000010b56d000 	/System/Library/Frameworks/JavaVM.framework/Frameworks/JavaRuntimeSupport.framework/JavaRuntimeSupport
0x000000010b587000 	/System/Library/Frameworks/JavaVM.framework/Versions/A/Frameworks/JavaNativeFoundation.framework/Versions/A/JavaNativeFoundation
0x00000001073ef000 	/System/Library/Frameworks/JavaVM.framework/Versions/A/JavaVM
0x00000000222bc000 	/System/Library/Frameworks/Carbon.framework/Versions/A/Carbon
0x000000010b59c000 	/System/Library/PrivateFrameworks/JavaLaunching.framework/Versions/A/JavaLaunching
0x00000000222bc000 	/System/Library/Frameworks/Carbon.framework/Versions/A/Frameworks/CommonPanels.framework/Versions/A/CommonPanels
0x00000000222bc000 	/System/Library/Frameworks/Carbon.framework/Versions/A/Frameworks/Help.framework/Versions/A/Help
0x00000000222bc000 	/System/Library/Frameworks/Carbon.framework/Versions/A/Frameworks/ImageCapture.framework/Versions/A/ImageCapture
0x00000000222bc000 	/System/Library/Frameworks/Carbon.framework/Versions/A/Frameworks/OpenScripting.framework/Versions/A/OpenScripting
0x00000000222bc000 	/System/Library/Frameworks/Carbon.framework/Versions/A/Frameworks/Print.framework/Versions/A/Print
0x00000000222bc000 	/System/Library/Frameworks/Carbon.framework/Versions/A/Frameworks/SecurityHI.framework/Versions/A/SecurityHI
0x000000010b5ee000 	/Library/Java/JavaVirtualMachines/jdk1.8.0_111.jdk/Contents/Home/jre/lib/libawt.dylib
0x000000012007f000 	/Library/Java/JavaVirtualMachines/jdk1.8.0_111.jdk/Contents/Home/jre/lib/./libmlib_image.dylib
0x000000012014b000 	/Library/Java/JavaVirtualMachines/jdk1.8.0_111.jdk/Contents/Home/jre/lib/libawt_lwawt.dylib
0x000000010b696000 	/Library/Java/JavaVirtualMachines/jdk1.8.0_111.jdk/Contents/Home/jre/lib/./libosxapp.dylib
0x00000000222bc000 	/System/Library/Frameworks/ExceptionHandling.framework/Versions/A/ExceptionHandling
0x00000000222bc000 	/System/Library/PrivateFrameworks/CoreServicesInternal.framework/Versions/A/CoreServicesInternal
0x00000000222bc000 	/System/Library/CoreServices/RawCamera.bundle/Contents/MacOS/RawCamera
0x0000000120200000 	/System/Library/Frameworks/Accelerate.framework/Frameworks/vImage.framework/Versions/A/Libraries/libCGInterfaces.dylib
0x00000000222bc000 	/System/Library/Frameworks/ApplicationServices.framework/Versions/A/Frameworks/ATS.framework/Versions/A/Resources/libTrueTypeScaler.dylib
0x00000001221b8000 	/System/Library/Frameworks/OpenGL.framework/Resources/GLEngine.bundle/GLEngine
0x00000000222bc000 	/System/Library/Frameworks/OpenGL.framework/Versions/A/Libraries/libGLProgrammability.dylib
0x000000012239d000 	/System/Library/Extensions/AppleIntelBDWGraphicsGLDriver.bundle/Contents/MacOS/AppleIntelBDWGraphicsGLDriver
0x00000000222bc000 	/System/Library/PrivateFrameworks/GPUSupport.framework/Versions/A/Libraries/libGPUSupportMercury.dylib
0x0000000122b07000 	/System/Library/Frameworks/OpenGL.framework/Resources//GLRendererFloat.bundle/GLRendererFloat
0x00000000222bc000 	/System/Library/Frameworks/OpenCL.framework/Versions/A/Libraries/libcldcpuengine.dylib
0x00000000222bc000 	/usr/lib/libcrypto.0.9.8.dylib
0x00000000222bc000 	/System/Library/PrivateFrameworks/TrustEvaluationAgent.framework/Versions/A/TrustEvaluationAgent
0x0000000122b3b000 	/System/Library/Extensions/AppleIntelBDWGraphicsMTLDriver.bundle/Contents/MacOS/AppleIntelBDWGraphicsMTLDriver
0x00000000222bc000 	/System/Library/PrivateFrameworks/FamilyControls.framework/Versions/A/FamilyControls
0x00000000222bc000 	/System/Library/PrivateFrameworks/CommerceKit.framework/Versions/A/Frameworks/CommerceCore.framework/Versions/A/CommerceCore
0x00000000222bc000 	/System/Library/PrivateFrameworks/SystemAdministration.framework/Versions/A/SystemAdministration
0x00000000222bc000 	/System/Library/PrivateFrameworks/AppContainer.framework/Versions/A/AppContainer
0x00000000222bc000 	/System/Library/PrivateFrameworks/SecCodeWrapper.framework/Versions/A/SecCodeWrapper
0x00000000222bc000 	/System/Library/Frameworks/DirectoryService.framework/Versions/A/DirectoryService
0x00000000222bc000 	/System/Library/PrivateFrameworks/DiskImages.framework/Versions/A/DiskImages
0x00000000222bc000 	/System/Library/PrivateFrameworks/LoginUIKit.framework/Versions/A/Frameworks/LoginUICore.framework/Versions/A/LoginUICore
0x00000000222bc000 	/usr/lib/libCoreStorage.dylib
0x00000000222bc000 	/usr/lib/libcsfde.dylib
0x00000000222bc000 	/usr/lib/libodfde.dylib
0x00000000222bc000 	/System/Library/Frameworks/DiscRecording.framework/Versions/A/DiscRecording
0x00000000222bc000 	/usr/lib/libcurl.4.dylib
0x00000000222bc000 	/System/Library/PrivateFrameworks/MediaKit.framework/Versions/A/MediaKit
0x00000000222bc000 	/System/Library/PrivateFrameworks/ProtectedCloudStorage.framework/Versions/A/ProtectedCloudStorage
0x00000000222bc000 	/System/Library/PrivateFrameworks/EFILogin.framework/Versions/A/EFILogin
0x00000000222bc000 	/usr/lib/libutil.dylib
0x00000000222bc000 	/System/Library/Frameworks/LDAP.framework/Versions/A/LDAP
0x00000000222bc000 	/usr/lib/libsasl2.2.dylib
0x00000000222bc000 	/System/Library/PrivateFrameworks/CoreDaemon.framework/Versions/B/CoreDaemon
0x00000000222bc000 	/System/Library/PrivateFrameworks/AppleSRP.framework/Versions/A/AppleSRP
0x00000000222bc000 	/System/Library/PrivateFrameworks/APFS.framework/Versions/A/APFS
0x0000000124b35000 	/Library/Java/JavaVirtualMachines/jdk1.8.0_111.jdk/Contents/Home/jre/lib/libfontmanager.dylib
0x0000000125f42000 	/Library/Java/JavaVirtualMachines/jdk1.8.0_111.jdk/Contents/Home/jre/lib/libosxui.dylib
0x00000000222bc000 	/System/Library/PrivateFrameworks/ViewBridge.framework/Versions/A/ViewBridge
0x00000000222bc000 	/System/Library/PrivateFrameworks/XPCService.framework/Versions/A/XPCService
0x00000000222bc000 	/System/Library/PrivateFrameworks/AppSandbox.framework/Versions/A/AppSandbox
0x00000000222bc000 	/usr/lib/libsandbox.1.dylib
0x00000000222bc000 	/usr/lib/libMatch.1.dylib
0x0000000126ccf000 	/Library/Java/JavaVirtualMachines/jdk1.8.0_111.jdk/Contents/Home/jre/lib/libnet.dylib
0x0000000126ce6000 	/Library/Java/JavaVirtualMachines/jdk1.8.0_111.jdk/Contents/Home/jre/lib/libnio.dylib
0x0000000125cc9000 	/private/var/folders/99/pp3fz67d34l2n2q9ztrt9jpr0000gn/T/jogamp_0000/file_cache/jln1272764835084035628/jln3546118167006060682/libgluegen-rt.jnilib
0x0000000125ccd000 	/private/var/folders/99/pp3fz67d34l2n2q9ztrt9jpr0000gn/T/jogamp_0000/file_cache/jln1272764835084035628/jln3546118167006060682/libnativewindow_awt.jnilib
0x0000000126a95000 	/Library/Java/JavaVirtualMachines/jdk1.8.0_111.jdk/Contents/Home/jre/lib/libjawt.dylib
0x00000001523a5000 	/private/var/folders/99/pp3fz67d34l2n2q9ztrt9jpr0000gn/T/jogamp_0000/file_cache/jln1272764835084035628/jln3546118167006060682/libnativewindow_macosx.jnilib
0x0000000152a3b000 	/private/var/folders/99/pp3fz67d34l2n2q9ztrt9jpr0000gn/T/jogamp_0000/file_cache/jln1272764835084035628/jln3546118167006060682/libjogl_desktop.jnilib
0x000000015b63b000 	/Library/Java/JavaVirtualMachines/jdk1.8.0_111.jdk/Contents/Home/jre/lib/libsunec.dylib
0x000000015b4a9000 	/Library/Java/JavaVirtualMachines/jdk1.8.0_111.jdk/Contents/Home/jre/lib/libt2k.dylib
0x00000001523af000 	/Library/Java/JavaVirtualMachines/jdk1.8.0_111.jdk/Contents/Home/jre/lib/libjpeg.dylib

VM Arguments:
jvm_args: -Djava.security.policy=java.policy.applet -Dfile.encoding=UTF-8 
java_command: sun.applet.AppletViewer module6.EarthquakeCityMap1492717156409.html
java_class_path (initial): /Users/loris/Documents/workspace/UCSD/UCSDUnfoldingMaps/build:/Users/loris/Documents/workspace/UCSD/UCSDUnfoldingMaps/lib/core.jar:/Users/loris/Documents/workspace/UCSD/UCSDUnfoldingMaps/lib/gluegen-rt.jar:/Users/loris/Documents/workspace/UCSD/UCSDUnfoldingMaps/lib/jogl-all.jar:/Users/loris/Documents/workspace/UCSD/UCSDUnfoldingMaps/lib/log4j-1.2.15.jar:/Users/loris/Documents/workspace/UCSD/UCSDUnfoldingMaps/lib/sqlite-jdbc-3.7.2.jar:/Users/loris/Documents/workspace/UCSD/UCSDUnfoldingMaps/lib/json4processing.jar:/Users/loris/Documents/workspace/UCSD/UCSDUnfoldingMaps/lib/libTUIO.jar:/Users/loris/Documents/workspace/UCSD/UCSDUnfoldingMaps/lib/unfolding.0.9.7-uscd.jar
Launcher Type: SUN_STANDARD

Environment Variables:
PATH=/usr/bin:/bin:/usr/sbin:/sbin
SHELL=/bin/bash

Signal Handlers:
SIGSEGV: [libjvm.dylib+0x5b03ed], sa_mask[0]=11111111011111110111111111111111, sa_flags=SA_ONSTACK|SA_RESTART|SA_SIGINFO
SIGBUS: [libjvm.dylib+0x5b03ed], sa_mask[0]=11111111011111110111111111111111, sa_flags=SA_RESTART|SA_SIGINFO
SIGFPE: [libjvm.dylib+0x48711c], sa_mask[0]=11111111011111110111111111111111, sa_flags=SA_RESTART|SA_SIGINFO
SIGPIPE: [libjvm.dylib+0x48711c], sa_mask[0]=11111111011111110111111111111111, sa_flags=SA_RESTART|SA_SIGINFO
SIGXFSZ: [libjvm.dylib+0x48711c], sa_mask[0]=11111111011111110111111111111111, sa_flags=SA_RESTART|SA_SIGINFO
SIGILL: [libjvm.dylib+0x48711c], sa_mask[0]=11111111011111110111111111111111, sa_flags=SA_RESTART|SA_SIGINFO
SIGUSR1: SIG_DFL, sa_mask[0]=00000000000000000000000000000000, sa_flags=none
SIGUSR2: [libjvm.dylib+0x486c3a], sa_mask[0]=00100000000000000000000000000000, sa_flags=SA_RESTART|SA_SIGINFO
SIGHUP: [libjvm.dylib+0x485211], sa_mask[0]=11111111011111110111111111111111, sa_flags=SA_RESTART|SA_SIGINFO
SIGINT: [libjvm.dylib+0x485211], sa_mask[0]=11111111011111110111111111111111, sa_flags=SA_RESTART|SA_SIGINFO
SIGTERM: [libjvm.dylib+0x485211], sa_mask[0]=11111111011111110111111111111111, sa_flags=SA_RESTART|SA_SIGINFO
SIGQUIT: [libjvm.dylib+0x485211], sa_mask[0]=11111111011111110111111111111111, sa_flags=SA_RESTART|SA_SIGINFO


---------------  S Y S T E M  ---------------

OS:Bsduname:Darwin 16.5.0 Darwin Kernel Version 16.5.0: Fri Mar  3 16:52:33 PST 2017; root:xnu-3789.51.2~3/RELEASE_X86_64 x86_64
rlimit: STACK 8192k, CORE 0k, NPROC 709, NOFILE 10240, AS infinity
load average:2.22 1.90 1.73

CPU:total 4 (2 cores per cpu, 2 threads per core) family 6 model 61 stepping 4, cmov, cx8, fxsr, mmx, sse, sse2, sse3, ssse3, sse4.1, sse4.2, popcnt, avx, avx2, aes, clmul, erms, 3dnowpref, lzcnt, ht, tsc, tscinvbit, bmi1, bmi2, adx

Memory: 4k page, physical 8388608k(438612k free)

/proc/meminfo:


vm_info: Java HotSpot(TM) 64-Bit Server VM (25.111-b14) for bsd-amd64 JRE (1.8.0_111-b14), built on Sep 22 2016 15:31:41 by "java_re" with gcc 4.2.1 (Based on Apple Inc. build 5658) (LLVM build 2336.11.00)

time: Thu Apr 20 21:39:24 2017
elapsed time: 8 seconds (0d 0h 0m 8s)

