#
# A fatal error has been detected by the Java Runtime Environment:
#
#  SIGSEGV (0xb) at pc=0x00007fffe302e05d, pid=684, tid=0x0000000000000307
#
# JRE version: Java(TM) SE Runtime Environment (8.0_111-b14) (build 1.8.0_111-b14)
# Java VM: Java HotSpot(TM) 64-Bit Server VM (25.111-b14 mixed mode bsd-amd64 compressed oops)
# Problematic frame:
# C  [libobjc.A.dylib+0x705d]  objc_msgSend+0x1d
#
# Failed to write core dump. Core dumps have been disabled. To enable core dumping, try "ulimit -c unlimited" before starting Java again
#
# If you would like to submit a bug report, please visit:
#   http://bugreport.java.com/bugreport/crash.jsp
# The crash happened outside the Java Virtual Machine in native code.
# See problematic frame for where to report the bug.
#

---------------  T H R E A D  ---------------

Current thread (0x00007ff87c8c8000):  JavaThread "AWT-AppKit" daemon [_thread_in_native, id=775, stack(0x00007fff53cd9000,0x00007fff544d9000)]

siginfo: si_signo: 11 (SIGSEGV), si_code: 1 (SEGV_MAPERR), si_addr: 0x0000000000000018

Registers:
RAX=0x00007ff88095f450, RBX=0x000000015676d450, RCX=0x00007ff87da00480, RDX=0x0000000000000000
RSP=0x00007fff544d4358, RBP=0x00007fff544d4410, RSI=0x00007fffcc8e1134, RDI=0x00007ff88081a600
R8 =0x0000000000000018, R9 =0x00007ff87da004a0, R10=0x0000000000000000, R11=0x00007fffcc8e1134
R12=0x0000000000000000, R13=0x000000015e644cc8, R14=0x000000015676d440, R15=0x00007ff87c8c8000
RIP=0x00007fffe302e05d, EFLAGS=0x0000000000010246, ERR=0x0000000000000004
  TRAPNO=0x000000000000000e

Top of Stack: (sp=0x00007fff544d4358)
0x00007fff544d4358:   000000015676b157 00007fff544d43b0
0x00007fff544d4368:   0000000000000003 00007fff544d4390
0x00007fff544d4378:   000000010b9967be 000000015e644cc8
0x00007fff544d4388:   000000015e644cc8 00007ff88095f450
0x00007fff544d4398:   000000015676d6a0 000000015676d710
0x00007fff544d43a8:   00007fffe90926d0 00007fffe9cc21e0
0x00007fff544d43b8:   000000015676d450 000000015676d690
0x00007fff544d43c8:   00007ff88095f450 00007ff88081a600
0x00007fff544d43d8:   00007ff87b524720 00007ff88095f450
0x00007fff544d43e8:   00007ff88081a600 00007fff544d4498
0x00007fff544d43f8:   00007ff87c8c81f8 000000015e644cc8
0x00007fff544d4408:   00007fff544d44c0 00007fff544d4488
0x00007fff544d4418:   000000011b6529f4 000000015e644cc8
0x00007fff544d4428:   00007fff544d44c0 00007fff544d4488
0x00007fff544d4438:   000000011b652787 000000011b652742
0x00007fff544d4448:   00007fff544d4448 000000015e644cc8
0x00007fff544d4458:   00007fff544d44c0 000000015e6463b8
0x00007fff544d4468:   0000000000000000 000000015e644cc8
0x00007fff544d4478:   0000000000000000 00007fff544d44a8
0x00007fff544d4488:   00007fff544d4508 000000011b6432bd
0x00007fff544d4498:   000000074043b670 000000011b64c538
0x00007fff544d44a8:   00007ff88095f450 00007fff544d4508
0x00007fff544d44b8:   00007ff88081a600 000000011b64de02
0x00007fff544d44c8:   00007fff544d44c8 000000015e644e92
0x00007fff544d44d8:   00007fff544d4530 000000015e6463b8
0x00007fff544d44e8:   0000000000000000 000000015e644ea0
0x00007fff544d44f8:   00007fff544d44a8 00007fff544d4518
0x00007fff544d4508:   00007fff544d4578 000000011b6432bd
0x00007fff544d4518:   00007ff88095f450 0000000740364788
0x00007fff544d4528:   00007ff88081a600 0000000740364788
0x00007fff544d4538:   00007fff544d4538 00000001603fc3a6
0x00007fff544d4548:   00007fff544d4588 00000001603fc460 

Instructions: (pc=0x00007fffe302e05d)
0x00007fffe302e03d:   0f 1f 00 48 85 ff 2e 74 62 40 f6 c7 01 2e 75 66
0x00007fffe302e04d:   49 ba f8 ff ff ff ff 7f 00 00 4c 23 17 49 89 f3
0x00007fffe302e05d:   45 23 5a 18 49 c1 e3 04 4d 03 5a 10 49 3b 33 75
0x00007fffe302e06d:   04 41 ff 63 08 49 83 3b 01 76 0d 49 83 c3 10 49 

Register to memory mapping:

RAX=0x00007ff88095f450 is an unknown value
RBX=0x000000015676d450: Java_jogamp_nativewindow_macosx_OSXUtil_GetScreenRefreshRate0+0x1cf0 in /private/var/folders/99/pp3fz67d34l2n2q9ztrt9jpr0000gn/T/jogamp_0000/file_cache/jln3992004754399554692/jln7966882426184183503/libnativewindow_macosx.jnilib at 0x0000000156766000
RCX=0x00007ff87da00480 is an unknown value
RDX=0x0000000000000000 is an unknown value
RSP=0x00007fff544d4358 is pointing into the stack for thread: 0x00007ff87c8c8000
RBP=0x00007fff544d4410 is pointing into the stack for thread: 0x00007ff87c8c8000
RSI=0x00007fffcc8e1134: __NSStyleNameIndexTable+0x7fcec in /System/Library/Frameworks/AppKit.framework/Versions/C/AppKit at 0x00007fffcbc74000
RDI=0x00007ff88081a600 is an unknown value
R8 =0x0000000000000018 is an unknown value
R9 =0x00007ff87da004a0 is an unknown value
R10=0x0000000000000000 is an unknown value
R11=0x00007fffcc8e1134: __NSStyleNameIndexTable+0x7fcec in /System/Library/Frameworks/AppKit.framework/Versions/C/AppKit at 0x00007fffcbc74000
R12=0x0000000000000000 is an unknown value
R13={method} {0x000000015e644cc8} 'UnsetJAWTRootSurfaceLayer0' '(JJ)V' in 'jogamp/nativewindow/jawt/macosx/MacOSXJAWTWindow'
R14=0x000000015676d440: Java_jogamp_nativewindow_macosx_OSXUtil_GetScreenRefreshRate0+0x1ce0 in /private/var/folders/99/pp3fz67d34l2n2q9ztrt9jpr0000gn/T/jogamp_0000/file_cache/jln3992004754399554692/jln7966882426184183503/libnativewindow_macosx.jnilib at 0x0000000156766000
R15=0x00007ff87c8c8000 is a thread


Stack: [0x00007fff53cd9000,0x00007fff544d9000],  sp=0x00007fff544d4358,  free space=8172k
Native frames: (J=compiled Java code, j=interpreted, Vv=VM code, C=native code)
C  [libobjc.A.dylib+0x705d]  objc_msgSend+0x1d
j  jogamp.nativewindow.jawt.macosx.MacOSXJAWTWindow.UnsetJAWTRootSurfaceLayer0(JJ)V+0
j  jogamp.nativewindow.jawt.macosx.MacOSXJAWTWindow.access$200(JJ)V+2
j  jogamp.nativewindow.jawt.macosx.MacOSXJAWTWindow$1.run()V+38
J 3479 C1 com.jogamp.common.util.RunnableTask.run()V (345 bytes) @ 0x000000011c093df4 [0x000000011c093c60+0x194]
v  ~StubRoutines::call_stub
V  [libjvm.dylib+0x2ecf8a]  JavaCalls::call_helper(JavaValue*, methodHandle*, JavaCallArguments*, Thread*)+0x6ae
V  [libjvm.dylib+0x324119]  jni_invoke_nonstatic(JNIEnv_*, JavaValue*, _jobject*, JNICallType, _jmethodID*, JNI_ArgumentPusher*, Thread*)+0x2ec
V  [libjvm.dylib+0x3168e7]  jni_CallVoidMethod+0x16b
C  [libnativewindow_macosx.jnilib+0x5326]  Java_jogamp_nativewindow_jawt_macosx_MacOSXJAWTWindow_UnsetJAWTRootSurfaceLayer0+0x2b6
C  [Foundation+0x7184a]  __NSThreadPerformPerform+0x146
C  [CoreFoundation+0xa73c1]  __CFRUNLOOP_IS_CALLING_OUT_TO_A_SOURCE0_PERFORM_FUNCTION__+0x11
C  [CoreFoundation+0x882cd]  __CFRunLoopDoSources0+0x22d
C  [CoreFoundation+0x877c6]  __CFRunLoopRun+0x3a6
C  [CoreFoundation+0x871c4]  CFRunLoopRunSpecific+0x1a4
C  [HIToolbox+0x30ebc]  RunCurrentEventLoopInMode+0xf0
C  [HIToolbox+0x30bf9]  ReceiveNextEventCommon+0xb8
C  [HIToolbox+0x30b26]  _BlockUntilNextEventMatchingListInModeWithFilter+0x47
C  [AppKit+0x46e24]  _DPSNextEvent+0x460
C  [AppKit+0x7c285e]  -[NSApplication(NSEvent) _nextEventMatchingEventMask:untilDate:inMode:dequeue:]+0xaec
C  [libosxapp.dylib+0x23aa]  -[NSApplicationAWT nextEventMatchingMask:untilDate:inMode:dequeue:]+0x7c
C  [AppKit+0x3b7ab]  -[NSApplication run]+0x39e
C  [libosxapp.dylib+0x214d]  +[NSApplicationAWT runAWTLoopWithApp:]+0x9c
C  [libawt_lwawt.dylib+0x444b3]  -[AWTStarter starter:]+0x389
C  [Foundation+0x7184a]  __NSThreadPerformPerform+0x146
C  [CoreFoundation+0xa73c1]  __CFRUNLOOP_IS_CALLING_OUT_TO_A_SOURCE0_PERFORM_FUNCTION__+0x11
C  [CoreFoundation+0x882cd]  __CFRunLoopDoSources0+0x22d
C  [CoreFoundation+0x877c6]  __CFRunLoopRun+0x3a6
C  [CoreFoundation+0x871c4]  CFRunLoopRunSpecific+0x1a4
C  [java+0x6465]  CreateExecutionEnvironment+0x367
C  [java+0x218c]  JLI_Launch+0x7a0
C  [java+0x84c2]  main+0x65
C  [java+0x19e4]  start+0x34
C  0x0000000000000007

Java frames: (J=compiled Java code, j=interpreted, Vv=VM code)
j  jogamp.nativewindow.jawt.macosx.MacOSXJAWTWindow.UnsetJAWTRootSurfaceLayer0(JJ)V+0
j  jogamp.nativewindow.jawt.macosx.MacOSXJAWTWindow.access$200(JJ)V+2
j  jogamp.nativewindow.jawt.macosx.MacOSXJAWTWindow$1.run()V+38
J 3479 C1 com.jogamp.common.util.RunnableTask.run()V (345 bytes) @ 0x000000011c093df4 [0x000000011c093c60+0x194]
v  ~StubRoutines::call_stub

---------------  P R O C E S S  ---------------

Java Threads: ( => current thread )
  0x00007ff87c12b000 JavaThread "Thread-23" [_thread_blocked, id=15703, stack(0x000070000968f000,0x000070000978f000)]
  0x00007ff87bfd8000 JavaThread "Keep-Alive-Timer" daemon [_thread_blocked, id=71739, stack(0x0000700009a9b000,0x0000700009b9b000)]
  0x00007ff87cb4b000 JavaThread "AWT-EventQueue-1" [_thread_in_native, id=66575, stack(0x0000700009509000,0x0000700009609000)]
  0x00007ff87c9e3800 JavaThread "DestroyJavaVM" [_thread_blocked, id=7171, stack(0x0000700007ec1000,0x0000700007fc1000)]
  0x00007ff87c9bb800 JavaThread "AWT-EventQueue-0" [_thread_blocked, id=64275, stack(0x0000700009303000,0x0000700009403000)]
  0x00007ff87b98f800 JavaThread "Java2D Disposer" daemon [_thread_blocked, id=56847, stack(0x000070000907a000,0x000070000917a000)]
  0x00007ff87c90d800 JavaThread "Java2D Queue Flusher" daemon [_thread_blocked, id=54791, stack(0x0000700008f77000,0x0000700009077000)]
  0x00007ff87c141000 JavaThread "AWT-Shutdown" [_thread_blocked, id=29727, stack(0x0000700008d6e000,0x0000700008e6e000)]
=>0x00007ff87c8c8000 JavaThread "AWT-AppKit" daemon [_thread_in_native, id=775, stack(0x00007fff53cd9000,0x00007fff544d9000)]
  0x00007ff87b82d800 JavaThread "Service Thread" daemon [_thread_blocked, id=18947, stack(0x0000700008b68000,0x0000700008c68000)]
  0x00007ff87b82c800 JavaThread "C1 CompilerThread2" daemon [_thread_blocked, id=18435, stack(0x0000700008a65000,0x0000700008b65000)]
  0x00007ff87c041000 JavaThread "C2 CompilerThread1" daemon [_thread_blocked, id=17923, stack(0x0000700008962000,0x0000700008a62000)]
  0x00007ff87c004800 JavaThread "C2 CompilerThread0" daemon [_thread_blocked, id=17411, stack(0x000070000885f000,0x000070000895f000)]
  0x00007ff87d000800 JavaThread "Signal Dispatcher" daemon [_thread_blocked, id=16899, stack(0x000070000875c000,0x000070000885c000)]
  0x00007ff87c83b800 JavaThread "Finalizer" daemon [_thread_blocked, id=12547, stack(0x00007000085d6000,0x00007000086d6000)]
  0x00007ff87d006800 JavaThread "Reference Handler" daemon [_thread_blocked, id=12035, stack(0x00007000084d3000,0x00007000085d3000)]

Other Threads:
  0x00007ff87c83b000 VMThread [stack: 0x00007000083d0000,0x00007000084d0000] [id=11523]
  0x00007ff87c83d800 WatcherThread [stack: 0x0000700008c6b000,0x0000700008d6b000] [id=19459]

VM state:not at safepoint (normal execution)

VM Mutex/Monitor currently owned by a thread: None

Heap:
 PSYoungGen      total 350720K, used 47878K [0x0000000795580000, 0x00000007b1380000, 0x00000007c0000000)
  eden space 335872K, 14% used [0x0000000795580000,0x0000000798419848,0x00000007a9d80000)
  from space 14848K, 1% used [0x00000007a9d80000,0x00000007a9da8000,0x00000007aac00000)
  to   space 14848K, 0% used [0x00000007b0500000,0x00000007b0500000,0x00000007b1380000)
 ParOldGen       total 50688K, used 28670K [0x0000000740000000, 0x0000000743180000, 0x0000000795580000)
  object space 50688K, 56% used [0x0000000740000000,0x0000000741bffa08,0x0000000743180000)
 Metaspace       used 24539K, capacity 24757K, committed 25088K, reserved 1071104K
  class space    used 2425K, capacity 2517K, committed 2560K, reserved 1048576K

Card table byte_map: [0x000000010d414000,0x000000010d815000] byte_map_base: 0x0000000109a14000

Marking Bits: (ParMarkBitMap*) 0x000000010c093d20
 Begin Bits: [0x000000010dac0000, 0x000000010fac0000)
 End Bits:   [0x000000010fac0000, 0x0000000111ac0000)

Polling page: 0x000000010c7fe000

CodeCache: size=245760Kb used=11429Kb max_used=11429Kb free=234330Kb
 bounds [0x000000011b63b000, 0x000000011c17b000, 0x000000012a63b000]
 total_blobs=4286 nmethods=3362 adapters=837
 compilation: enabled

Compilation events (10 events):
Event: 14.949 Thread 0x00007ff87b82c800 3755       3       java.util.concurrent.locks.AbstractQueuedSynchronizer::doReleaseShared (79 bytes)
Event: 14.950 Thread 0x00007ff87b82c800 nmethod 3755 0x000000011c166390 code [0x000000011c166540, 0x000000011c166b08]
Event: 15.104 Thread 0x00007ff87b82c800 3756   !   3       jogamp.common.util.locks.RecursiveLockImpl01Unfairish::validateLocked (147 bytes)
Event: 15.106 Thread 0x00007ff87b82c800 nmethod 3756 0x000000011c16b7d0 code [0x000000011c16bb40, 0x000000011c16db78]
Event: 15.216 Thread 0x00007ff87b82c800 3757       3       java.util.concurrent.locks.AbstractQueuedSynchronizer$ConditionObject::doSignalAll (36 bytes)
Event: 15.216 Thread 0x00007ff87b82c800 nmethod 3757 0x000000011c16b210 code [0x000000011c16b380, 0x000000011c16b688]
Event: 15.217 Thread 0x00007ff87b82c800 3758   !   3       sun.lwawt.LWComponentPeer::isShowing (49 bytes)
Event: 15.218 Thread 0x00007ff87b82c800 nmethod 3758 0x000000011c172590 code [0x000000011c172740, 0x000000011c173048]
Event: 15.270 Thread 0x00007ff87b82c800 3759       1       sun.java2d.SurfaceData::isValid (5 bytes)
Event: 15.270 Thread 0x00007ff87b82c800 nmethod 3759 0x000000011c1660d0 code [0x000000011c166220, 0x000000011c166330]

GC Heap History (10 events):
Event: 10.358 GC heap before
{Heap before GC invocations=10 (full 1):
 PSYoungGen      total 196608K, used 191056K [0x0000000795580000, 0x00000007a2680000, 0x00000007c0000000)
  eden space 186368K, 100% used [0x0000000795580000,0x00000007a0b80000,0x00000007a0b80000)
  from space 10240K, 45% used [0x00000007a1c80000,0x00000007a2114130,0x00000007a2680000)
  to   space 13824K, 0% used [0x00000007a0b80000,0x00000007a0b80000,0x00000007a1900000)
 ParOldGen       total 50688K, used 22960K [0x0000000740000000, 0x0000000743180000, 0x0000000795580000)
  object space 50688K, 45% used [0x0000000740000000,0x000000074166c3c8,0x0000000743180000)
 Metaspace       used 24221K, capacity 24501K, committed 24832K, reserved 1071104K
  class space    used 2415K, capacity 2517K, committed 2560K, reserved 1048576K
Event: 10.365 GC heap after
Heap after GC invocations=10 (full 1):
 PSYoungGen      total 200192K, used 1232K [0x0000000795580000, 0x00000007a7100000, 0x00000007c0000000)
  eden space 186368K, 0% used [0x0000000795580000,0x0000000795580000,0x00000007a0b80000)
  from space 13824K, 8% used [0x00000007a0b80000,0x00000007a0cb4050,0x00000007a1900000)
  to   space 14336K, 0% used [0x00000007a6300000,0x00000007a6300000,0x00000007a7100000)
 ParOldGen       total 50688K, used 27478K [0x0000000740000000, 0x0000000743180000, 0x0000000795580000)
  object space 50688K, 54% used [0x0000000740000000,0x0000000741ad5968,0x0000000743180000)
 Metaspace       used 24221K, capacity 24501K, committed 24832K, reserved 1071104K
  class space    used 2415K, capacity 2517K, committed 2560K, reserved 1048576K
}
Event: 11.132 GC heap before
{Heap before GC invocations=11 (full 1):
 PSYoungGen      total 200192K, used 187600K [0x0000000795580000, 0x00000007a7100000, 0x00000007c0000000)
  eden space 186368K, 100% used [0x0000000795580000,0x00000007a0b80000,0x00000007a0b80000)
  from space 13824K, 8% used [0x00000007a0b80000,0x00000007a0cb4050,0x00000007a1900000)
  to   space 14336K, 0% used [0x00000007a6300000,0x00000007a6300000,0x00000007a7100000)
 ParOldGen       total 50688K, used 27478K [0x0000000740000000, 0x0000000743180000, 0x0000000795580000)
  object space 50688K, 54% used [0x0000000740000000,0x0000000741ad5968,0x0000000743180000)
 Metaspace       used 24272K, capacity 24501K, committed 24832K, reserved 1071104K
  class space    used 2415K, capacity 2517K, committed 2560K, reserved 1048576K
Event: 11.134 GC heap after
Heap after GC invocations=11 (full 1):
 PSYoungGen      total 266752K, used 1264K [0x0000000795580000, 0x00000007a6d00000, 0x00000007c0000000)
  eden space 256512K, 0% used [0x0000000795580000,0x0000000795580000,0x00000007a5000000)
  from space 10240K, 12% used [0x00000007a6300000,0x00000007a643c050,0x00000007a6d00000)
  to   space 14848K, 0% used [0x00000007a5000000,0x00000007a5000000,0x00000007a5e80000)
 ParOldGen       total 50688K, used 27534K [0x0000000740000000, 0x0000000743180000, 0x0000000795580000)
  object space 50688K, 54% used [0x0000000740000000,0x0000000741ae3968,0x0000000743180000)
 Metaspace       used 24272K, capacity 24501K, committed 24832K, reserved 1071104K
  class space    used 2415K, capacity 2517K, committed 2560K, reserved 1048576K
}
Event: 12.274 GC heap before
{Heap before GC invocations=12 (full 1):
 PSYoungGen      total 266752K, used 257776K [0x0000000795580000, 0x00000007a6d00000, 0x00000007c0000000)
  eden space 256512K, 100% used [0x0000000795580000,0x00000007a5000000,0x00000007a5000000)
  from space 10240K, 12% used [0x00000007a6300000,0x00000007a643c050,0x00000007a6d00000)
  to   space 14848K, 0% used [0x00000007a5000000,0x00000007a5000000,0x00000007a5e80000)
 ParOldGen       total 50688K, used 27534K [0x0000000740000000, 0x0000000743180000, 0x0000000795580000)
  object space 50688K, 54% used [0x0000000740000000,0x0000000741ae3968,0x0000000743180000)
 Metaspace       used 24309K, capacity 24629K, committed 24832K, reserved 1071104K
  class space    used 2415K, capacity 2517K, committed 2560K, reserved 1048576K
Event: 12.279 GC heap after
Heap after GC invocations=12 (full 1):
 PSYoungGen      total 271360K, used 96K [0x0000000795580000, 0x00000007ac400000, 0x00000007c0000000)
  eden space 256512K, 0% used [0x0000000795580000,0x0000000795580000,0x00000007a5000000)
  from space 14848K, 0% used [0x00000007a5000000,0x00000007a5018000,0x00000007a5e80000)
  to   space 14848K, 0% used [0x00000007ab580000,0x00000007ab580000,0x00000007ac400000)
 ParOldGen       total 50688K, used 28638K [0x0000000740000000, 0x0000000743180000, 0x0000000795580000)
  object space 50688K, 56% used [0x0000000740000000,0x0000000741bf7a08,0x0000000743180000)
 Metaspace       used 24309K, capacity 24629K, committed 24832K, reserved 1071104K
  class space    used 2415K, capacity 2517K, committed 2560K, reserved 1048576K
}
Event: 13.480 GC heap before
{Heap before GC invocations=13 (full 1):
 PSYoungGen      total 271360K, used 256608K [0x0000000795580000, 0x00000007ac400000, 0x00000007c0000000)
  eden space 256512K, 100% used [0x0000000795580000,0x00000007a5000000,0x00000007a5000000)
  from space 14848K, 0% used [0x00000007a5000000,0x00000007a5018000,0x00000007a5e80000)
  to   space 14848K, 0% used [0x00000007ab580000,0x00000007ab580000,0x00000007ac400000)
 ParOldGen       total 50688K, used 28638K [0x0000000740000000, 0x0000000743180000, 0x0000000795580000)
  object space 50688K, 56% used [0x0000000740000000,0x0000000741bf7a08,0x0000000743180000)
 Metaspace       used 24457K, capacity 24693K, committed 24832K, reserved 1071104K
  class space    used 2415K, capacity 2517K, committed 2560K, reserved 1048576K
Event: 13.481 GC heap after
Heap after GC invocations=13 (full 1):
 PSYoungGen      total 340992K, used 160K [0x0000000795580000, 0x00000007aba80000, 0x00000007c0000000)
  eden space 335872K, 0% used [0x0000000795580000,0x0000000795580000,0x00000007a9d80000)
  from space 5120K, 3% used [0x00000007ab580000,0x00000007ab5a8000,0x00000007aba80000)
  to   space 14848K, 0% used [0x00000007a9d80000,0x00000007a9d80000,0x00000007aac00000)
 ParOldGen       total 50688K, used 28654K [0x0000000740000000, 0x0000000743180000, 0x0000000795580000)
  object space 50688K, 56% used [0x0000000740000000,0x0000000741bfba08,0x0000000743180000)
 Metaspace       used 24457K, capacity 24693K, committed 24832K, reserved 1071104K
  class space    used 2415K, capacity 2517K, committed 2560K, reserved 1048576K
}
Event: 15.072 GC heap before
{Heap before GC invocations=14 (full 1):
 PSYoungGen      total 340992K, used 336032K [0x0000000795580000, 0x00000007aba80000, 0x00000007c0000000)
  eden space 335872K, 100% used [0x0000000795580000,0x00000007a9d80000,0x00000007a9d80000)
  from space 5120K, 3% used [0x00000007ab580000,0x00000007ab5a8000,0x00000007aba80000)
  to   space 14848K, 0% used [0x00000007a9d80000,0x00000007a9d80000,0x00000007aac00000)
 ParOldGen       total 50688K, used 28654K [0x0000000740000000, 0x0000000743180000, 0x0000000795580000)
  object space 50688K, 56% used [0x0000000740000000,0x0000000741bfba08,0x0000000743180000)
 Metaspace       used 24502K, capacity 24757K, committed 25088K, reserved 1071104K
  class space    used 2417K, capacity 2517K, committed 2560K, reserved 1048576K
Event: 15.073 GC heap after
Heap after GC invocations=14 (full 1):
 PSYoungGen      total 350720K, used 160K [0x0000000795580000, 0x00000007b1380000, 0x00000007c0000000)
  eden space 335872K, 0% used [0x0000000795580000,0x0000000795580000,0x00000007a9d80000)
  from space 14848K, 1% used [0x00000007a9d80000,0x00000007a9da8000,0x00000007aac00000)
  to   space 14848K, 0% used [0x00000007b0500000,0x00000007b0500000,0x00000007b1380000)
 ParOldGen       total 50688K, used 28670K [0x0000000740000000, 0x0000000743180000, 0x0000000795580000)
  object space 50688K, 56% used [0x0000000740000000,0x0000000741bffa08,0x0000000743180000)
 Metaspace       used 24502K, capacity 24757K, committed 25088K, reserved 1071104K
  class space    used 2417K, capacity 2517K, committed 2560K, reserved 1048576K
}

Deoptimization events (10 events):
Event: 14.603 Thread 0x00007ff87cb4b000 Uncommon trap: reason=bimorphic action=maybe_recompile pc=0x000000011baf4d70 method=java.util.regex.Pattern$BmpCharProperty.match(Ljava/util/regex/Matcher;ILjava/lang/CharSequence;)Z @ 16
Event: 14.603 Thread 0x00007ff87cb4b000 Uncommon trap: reason=class_check action=maybe_recompile pc=0x000000011bd55ef8 method=java.util.regex.Pattern$CharProperty.match(Ljava/util/regex/Matcher;ILjava/lang/CharSequence;)Z @ 18
Event: 14.638 Thread 0x00007ff87cb4b000 Uncommon trap: reason=bimorphic action=maybe_recompile pc=0x000000011c02af84 method=module6.CommonMarker.draw(Lprocessing/core/PGraphics;FF)V @ 25
Event: 14.642 Thread 0x00007ff87cb4b000 Uncommon trap: reason=class_check action=maybe_recompile pc=0x000000011bd55ef8 method=java.util.regex.Pattern$CharProperty.match(Ljava/util/regex/Matcher;ILjava/lang/CharSequence;)Z @ 18
Event: 14.685 Thread 0x00007ff87cb4b000 Uncommon trap: reason=bimorphic action=maybe_recompile pc=0x000000011c02af84 method=module6.CommonMarker.draw(Lprocessing/core/PGraphics;FF)V @ 25
Event: 14.685 Thread 0x00007ff87cb4b000 Uncommon trap: reason=class_check action=maybe_recompile pc=0x000000011bd55ef8 method=java.util.regex.Pattern$CharProperty.match(Ljava/util/regex/Matcher;ILjava/lang/CharSequence;)Z @ 18
Event: 15.220 Thread 0x00007ff87c9bb800 Uncommon trap: reason=unstable_if action=reinterpret pc=0x000000011be4ce94 method=java.awt.Font.equals(Ljava/lang/Object;)Z @ 2
Event: 15.268 Thread 0x00007ff87c156800 Uncommon trap: reason=class_check action=maybe_recompile pc=0x000000011bae9a74 method=java.util.HashMap.putVal(ILjava/lang/Object;Ljava/lang/Object;ZZ)Ljava/lang/Object; @ 91
Event: 15.268 Thread 0x00007ff87c156800 Uncommon trap: reason=class_check action=maybe_recompile pc=0x000000011bae9a74 method=java.util.HashMap.putVal(ILjava/lang/Object;Ljava/lang/Object;ZZ)Ljava/lang/Object; @ 91
Event: 15.268 Thread 0x00007ff87c156800 Uncommon trap: reason=class_check action=maybe_recompile pc=0x000000011bad2540 method=java.util.HashMap.putVal(ILjava/lang/Object;Ljava/lang/Object;ZZ)Ljava/lang/Object; @ 91

Internal exceptions (10 events):
Event: 1.023 Thread 0x00007ff87c006800 Exception <a 'java/io/FileNotFoundException'> (0x000000079594b258) thrown at [/Users/java_re/workspace/8-2-build-macosx-x86_64/jdk8u111/7883/hotspot/src/share/vm/prims/jni.cpp, line 709]
Event: 3.543 Thread 0x00007ff87c900000 Exception <a 'java/lang/UnsatisfiedLinkError': com.jogamp.common.util.JarUtil.fixNativeLibAttribs(Ljava/lang/String;)Z> (0x0000000796b53b78) thrown at [/Users/java_re/workspace/8-2-build-macosx-x86_64/jdk8u111/7883/hotspot/src/share/vm/prims/nativeLookup.
Event: 3.897 Thread 0x00007ff87c83b800 Exception <a 'java/lang/NullPointerException'> (0x00000007956a96c8) thrown at [/Users/java_re/workspace/8-2-build-macosx-x86_64/jdk8u111/7883/hotspot/src/share/vm/interpreter/linkResolver.cpp, line 1178]
Event: 4.514 Thread 0x00007ff87cb4b000 Exception <a 'java/io/FileNotFoundException'> (0x0000000795e5bff0) thrown at [/Users/java_re/workspace/8-2-build-macosx-x86_64/jdk8u111/7883/hotspot/src/share/vm/prims/jni.cpp, line 709]
Event: 4.514 Thread 0x00007ff87cb4b000 Exception <a 'java/io/FileNotFoundException'> (0x0000000795e62408) thrown at [/Users/java_re/workspace/8-2-build-macosx-x86_64/jdk8u111/7883/hotspot/src/share/vm/prims/jni.cpp, line 709]
Event: 4.514 Thread 0x00007ff87cb4b000 Implicit null exception at 0x000000011b7e5176 to 0x000000011b7e5545
Event: 6.746 Thread 0x00007ff87cb4b000 Implicit null exception at 0x000000011be364aa to 0x000000011be36515
Event: 14.570 Thread 0x00007ff87cb4b000 Exception <a 'java/lang/ArrayIndexOutOfBoundsException': 85> (0x00000007a50f7848) thrown at [/Users/java_re/workspace/8-2-build-macosx-x86_64/jdk8u111/7883/hotspot/src/share/vm/interpreter/interpreterRuntime.cpp, line 366]
Event: 14.602 Thread 0x00007ff87cb4b000 Exception <a 'java/lang/ArrayIndexOutOfBoundsException': 85> (0x00000007a5563ac8) thrown at [/Users/java_re/workspace/8-2-build-macosx-x86_64/jdk8u111/7883/hotspot/src/share/vm/interpreter/interpreterRuntime.cpp, line 366]
Event: 14.638 Thread 0x00007ff87cb4b000 Exception <a 'java/lang/ArrayIndexOutOfBoundsException': 85> (0x00000007a6058018) thrown at [/Users/java_re/workspace/8-2-build-macosx-x86_64/jdk8u111/7883/hotspot/src/share/vm/interpreter/interpreterRuntime.cpp, line 366]

Events (10 events):
Event: 15.282 loading class jogamp/nativewindow/jawt/macosx/MacOSXJAWTWindow$1
Event: 15.282 loading class jogamp/nativewindow/jawt/macosx/MacOSXJAWTWindow$1 done
Event: 15.283 Executing VM operation: RevokeBias
Event: 15.283 Executing VM operation: RevokeBias done
Event: 15.284 loading class java/awt/LightweightDispatcher$2
Event: 15.284 loading class java/awt/LightweightDispatcher$2 done
Event: 15.284 loading class java/awt/event/AWTEventListenerProxy
Event: 15.284 loading class java/awt/event/AWTEventListenerProxy done
Event: 15.284 loading class java/awt/Toolkit$ToolkitEventMulticaster
Event: 15.285 loading class java/awt/Toolkit$ToolkitEventMulticaster done


Dynamic libraries:
0x0000000058dc3000 	/System/Library/Frameworks/Cocoa.framework/Versions/A/Cocoa
0x0000000058dc3000 	/System/Library/Frameworks/Security.framework/Versions/A/Security
0x0000000058dc3000 	/System/Library/Frameworks/ApplicationServices.framework/Versions/A/ApplicationServices
0x0000000058dc3000 	/usr/lib/libz.1.dylib
0x0000000058dc3000 	/usr/lib/libSystem.B.dylib
0x0000000058dc3000 	/usr/lib/libobjc.A.dylib
0x0000000058dc3000 	/System/Library/Frameworks/CoreFoundation.framework/Versions/A/CoreFoundation
0x0000000058dc3000 	/System/Library/Frameworks/Foundation.framework/Versions/C/Foundation
0x0000000058dc3000 	/System/Library/Frameworks/AppKit.framework/Versions/C/AppKit
0x0000000058dc3000 	/System/Library/Frameworks/CoreData.framework/Versions/A/CoreData
0x0000000058dc3000 	/System/Library/PrivateFrameworks/RemoteViewServices.framework/Versions/A/RemoteViewServices
0x0000000058dc3000 	/System/Library/PrivateFrameworks/UIFoundation.framework/Versions/A/UIFoundation
0x0000000058dc3000 	/System/Library/PrivateFrameworks/DFRFoundation.framework/Versions/A/DFRFoundation
0x0000000058dc3000 	/usr/lib/libenergytrace.dylib
0x0000000058dc3000 	/System/Library/PrivateFrameworks/SkyLight.framework/Versions/A/SkyLight
0x0000000058dc3000 	/System/Library/Frameworks/CoreGraphics.framework/Versions/A/CoreGraphics
0x0000000058dc3000 	/usr/lib/libScreenReader.dylib
0x0000000058dc3000 	/System/Library/Frameworks/Accelerate.framework/Versions/A/Accelerate
0x0000000058dc3000 	/System/Library/Frameworks/IOSurface.framework/Versions/A/IOSurface
0x0000000058dc3000 	/System/Library/Frameworks/AudioToolbox.framework/Versions/A/AudioToolbox
0x0000000058dc3000 	/System/Library/Frameworks/AudioUnit.framework/Versions/A/AudioUnit
0x0000000058dc3000 	/System/Library/PrivateFrameworks/DataDetectorsCore.framework/Versions/A/DataDetectorsCore
0x0000000058dc3000 	/System/Library/PrivateFrameworks/DesktopServicesPriv.framework/Versions/A/DesktopServicesPriv
0x0000000058dc3000 	/System/Library/Frameworks/Carbon.framework/Versions/A/Frameworks/HIToolbox.framework/Versions/A/HIToolbox
0x0000000058dc3000 	/usr/lib/libicucore.A.dylib
0x0000000058dc3000 	/System/Library/Frameworks/QuartzCore.framework/Versions/A/QuartzCore
0x0000000058dc3000 	/System/Library/Frameworks/Carbon.framework/Versions/A/Frameworks/SpeechRecognition.framework/Versions/A/SpeechRecognition
0x0000000058dc3000 	/usr/lib/libauto.dylib
0x0000000058dc3000 	/usr/lib/libxml2.2.dylib
0x0000000058dc3000 	/System/Library/PrivateFrameworks/CoreUI.framework/Versions/A/CoreUI
0x0000000058dc3000 	/System/Library/Frameworks/CoreAudio.framework/Versions/A/CoreAudio
0x0000000058dc3000 	/System/Library/Frameworks/DiskArbitration.framework/Versions/A/DiskArbitration
0x0000000058dc3000 	/usr/lib/liblangid.dylib
0x0000000058dc3000 	/System/Library/PrivateFrameworks/MultitouchSupport.framework/Versions/A/MultitouchSupport
0x0000000058dc3000 	/System/Library/Frameworks/IOKit.framework/Versions/A/IOKit
0x0000000058dc3000 	/usr/lib/libDiagnosticMessagesClient.dylib
0x0000000058dc3000 	/System/Library/Frameworks/CoreServices.framework/Versions/A/CoreServices
0x0000000058dc3000 	/System/Library/PrivateFrameworks/PerformanceAnalysis.framework/Versions/A/PerformanceAnalysis
0x0000000058dc3000 	/System/Library/PrivateFrameworks/GenerationalStorage.framework/Versions/A/GenerationalStorage
0x0000000058dc3000 	/System/Library/Frameworks/OpenGL.framework/Versions/A/OpenGL
0x0000000058dc3000 	/System/Library/Frameworks/CoreImage.framework/Versions/A/CoreImage
0x0000000058dc3000 	/System/Library/Frameworks/CoreText.framework/Versions/A/CoreText
0x0000000058dc3000 	/System/Library/Frameworks/ImageIO.framework/Versions/A/ImageIO
0x0000000058dc3000 	/System/Library/PrivateFrameworks/Backup.framework/Versions/A/Backup
0x0000000058dc3000 	/usr/lib/libarchive.2.dylib
0x0000000058dc3000 	/System/Library/Frameworks/CFNetwork.framework/Versions/A/CFNetwork
0x0000000058dc3000 	/System/Library/Frameworks/SystemConfiguration.framework/Versions/A/SystemConfiguration
0x0000000058dc3000 	/usr/lib/libCRFSuite.dylib
0x0000000058dc3000 	/usr/lib/libc++.1.dylib
0x0000000058dc3000 	/usr/lib/libc++abi.dylib
0x0000000058dc3000 	/usr/lib/system/libcache.dylib
0x0000000058dc3000 	/usr/lib/system/libcommonCrypto.dylib
0x0000000058dc3000 	/usr/lib/system/libcompiler_rt.dylib
0x0000000058dc3000 	/usr/lib/system/libcopyfile.dylib
0x0000000058dc3000 	/usr/lib/system/libcorecrypto.dylib
0x0000000058dc3000 	/usr/lib/system/libdispatch.dylib
0x0000000058dc3000 	/usr/lib/system/libdyld.dylib
0x0000000058dc3000 	/usr/lib/system/libkeymgr.dylib
0x0000000058dc3000 	/usr/lib/system/liblaunch.dylib
0x0000000058dc3000 	/usr/lib/system/libmacho.dylib
0x0000000058dc3000 	/usr/lib/system/libquarantine.dylib
0x0000000058dc3000 	/usr/lib/system/libremovefile.dylib
0x0000000058dc3000 	/usr/lib/system/libsystem_asl.dylib
0x0000000058dc3000 	/usr/lib/system/libsystem_blocks.dylib
0x0000000058dc3000 	/usr/lib/system/libsystem_c.dylib
0x0000000058dc3000 	/usr/lib/system/libsystem_configuration.dylib
0x0000000058dc3000 	/usr/lib/system/libsystem_coreservices.dylib
0x0000000058dc3000 	/usr/lib/system/libsystem_coretls.dylib
0x0000000058dc3000 	/usr/lib/system/libsystem_dnssd.dylib
0x0000000058dc3000 	/usr/lib/system/libsystem_info.dylib
0x0000000058dc3000 	/usr/lib/system/libsystem_kernel.dylib
0x0000000058dc3000 	/usr/lib/system/libsystem_m.dylib
0x0000000058dc3000 	/usr/lib/system/libsystem_malloc.dylib
0x0000000058dc3000 	/usr/lib/system/libsystem_network.dylib
0x0000000058dc3000 	/usr/lib/system/libsystem_networkextension.dylib
0x0000000058dc3000 	/usr/lib/system/libsystem_notify.dylib
0x0000000058dc3000 	/usr/lib/system/libsystem_platform.dylib
0x0000000058dc3000 	/usr/lib/system/libsystem_pthread.dylib
0x0000000058dc3000 	/usr/lib/system/libsystem_sandbox.dylib
0x0000000058dc3000 	/usr/lib/system/libsystem_secinit.dylib
0x0000000058dc3000 	/usr/lib/system/libsystem_symptoms.dylib
0x0000000058dc3000 	/usr/lib/system/libsystem_trace.dylib
0x0000000058dc3000 	/usr/lib/system/libunwind.dylib
0x0000000058dc3000 	/usr/lib/system/libxpc.dylib
0x0000000058dc3000 	/usr/lib/libbsm.0.dylib
0x0000000058dc3000 	/usr/lib/system/libkxld.dylib
0x0000000058dc3000 	/usr/lib/libcoretls.dylib
0x0000000058dc3000 	/usr/lib/libcoretls_cfhelpers.dylib
0x0000000058dc3000 	/usr/lib/libOpenScriptingUtil.dylib
0x0000000058dc3000 	/usr/lib/libpam.2.dylib
0x0000000058dc3000 	/usr/lib/libsqlite3.dylib
0x0000000058dc3000 	/usr/lib/libxar.1.dylib
0x0000000058dc3000 	/usr/lib/libbz2.1.0.dylib
0x0000000058dc3000 	/usr/lib/liblzma.5.dylib
0x0000000058dc3000 	/usr/lib/libnetwork.dylib
0x0000000058dc3000 	/usr/lib/libpcap.A.dylib
0x0000000058dc3000 	/System/Library/Frameworks/CoreServices.framework/Versions/A/Frameworks/FSEvents.framework/Versions/A/FSEvents
0x0000000058dc3000 	/System/Library/Frameworks/CoreServices.framework/Versions/A/Frameworks/CarbonCore.framework/Versions/A/CarbonCore
0x0000000058dc3000 	/System/Library/Frameworks/CoreServices.framework/Versions/A/Frameworks/Metadata.framework/Versions/A/Metadata
0x0000000058dc3000 	/System/Library/Frameworks/CoreServices.framework/Versions/A/Frameworks/OSServices.framework/Versions/A/OSServices
0x0000000058dc3000 	/System/Library/Frameworks/CoreServices.framework/Versions/A/Frameworks/SearchKit.framework/Versions/A/SearchKit
0x0000000058dc3000 	/System/Library/Frameworks/CoreServices.framework/Versions/A/Frameworks/AE.framework/Versions/A/AE
0x0000000058dc3000 	/System/Library/Frameworks/CoreServices.framework/Versions/A/Frameworks/LaunchServices.framework/Versions/A/LaunchServices
0x0000000058dc3000 	/System/Library/Frameworks/CoreServices.framework/Versions/A/Frameworks/DictionaryServices.framework/Versions/A/DictionaryServices
0x0000000058dc3000 	/System/Library/Frameworks/CoreServices.framework/Versions/A/Frameworks/SharedFileList.framework/Versions/A/SharedFileList
0x0000000058dc3000 	/System/Library/Frameworks/NetFS.framework/Versions/A/NetFS
0x0000000058dc3000 	/System/Library/PrivateFrameworks/NetAuth.framework/Versions/A/NetAuth
0x0000000058dc3000 	/System/Library/PrivateFrameworks/login.framework/Versions/A/Frameworks/loginsupport.framework/Versions/A/loginsupport
0x0000000058dc3000 	/System/Library/PrivateFrameworks/TCC.framework/Versions/A/TCC
0x0000000058dc3000 	/usr/lib/libmecabra.dylib
0x0000000058dc3000 	/System/Library/Frameworks/ApplicationServices.framework/Versions/A/Frameworks/ATS.framework/Versions/A/ATS
0x0000000058dc3000 	/System/Library/Frameworks/ApplicationServices.framework/Versions/A/Frameworks/ColorSync.framework/Versions/A/ColorSync
0x0000000058dc3000 	/System/Library/Frameworks/ApplicationServices.framework/Versions/A/Frameworks/HIServices.framework/Versions/A/HIServices
0x0000000058dc3000 	/System/Library/Frameworks/ApplicationServices.framework/Versions/A/Frameworks/LangAnalysis.framework/Versions/A/LangAnalysis
0x0000000058dc3000 	/System/Library/Frameworks/ApplicationServices.framework/Versions/A/Frameworks/PrintCore.framework/Versions/A/PrintCore
0x0000000058dc3000 	/System/Library/Frameworks/ApplicationServices.framework/Versions/A/Frameworks/QD.framework/Versions/A/QD
0x0000000058dc3000 	/System/Library/Frameworks/ApplicationServices.framework/Versions/A/Frameworks/SpeechSynthesis.framework/Versions/A/SpeechSynthesis
0x0000000058dc3000 	/System/Library/Frameworks/Accelerate.framework/Versions/A/Frameworks/vImage.framework/Versions/A/vImage
0x0000000058dc3000 	/System/Library/Frameworks/Accelerate.framework/Versions/A/Frameworks/vecLib.framework/Versions/A/vecLib
0x0000000058dc3000 	/System/Library/Frameworks/Accelerate.framework/Versions/A/Frameworks/vecLib.framework/Versions/A/libvDSP.dylib
0x0000000058dc3000 	/System/Library/Frameworks/Accelerate.framework/Versions/A/Frameworks/vecLib.framework/Versions/A/libBNNS.dylib
0x0000000058dc3000 	/System/Library/Frameworks/Accelerate.framework/Versions/A/Frameworks/vecLib.framework/Versions/A/libQuadrature.dylib
0x0000000058dc3000 	/System/Library/Frameworks/Accelerate.framework/Versions/A/Frameworks/vecLib.framework/Versions/A/libvMisc.dylib
0x0000000058dc3000 	/System/Library/Frameworks/Accelerate.framework/Versions/A/Frameworks/vecLib.framework/Versions/A/libLAPACK.dylib
0x0000000058dc3000 	/System/Library/Frameworks/Accelerate.framework/Versions/A/Frameworks/vecLib.framework/Versions/A/libBLAS.dylib
0x0000000058dc3000 	/System/Library/Frameworks/Accelerate.framework/Versions/A/Frameworks/vecLib.framework/Versions/A/libLinearAlgebra.dylib
0x0000000058dc3000 	/System/Library/Frameworks/Accelerate.framework/Versions/A/Frameworks/vecLib.framework/Versions/A/libSparseBLAS.dylib
0x0000000058dc3000 	/System/Library/Frameworks/ApplicationServices.framework/Versions/A/Frameworks/ATS.framework/Versions/A/Resources/libFontParser.dylib
0x0000000058dc3000 	/System/Library/Frameworks/ApplicationServices.framework/Versions/A/Frameworks/ATS.framework/Versions/A/Resources/libFontRegistry.dylib
0x0000000058dc3000 	/System/Library/Frameworks/ImageIO.framework/Versions/A/Resources/libJPEG.dylib
0x0000000058dc3000 	/System/Library/Frameworks/ImageIO.framework/Versions/A/Resources/libTIFF.dylib
0x0000000058dc3000 	/System/Library/Frameworks/ImageIO.framework/Versions/A/Resources/libPng.dylib
0x0000000058dc3000 	/System/Library/Frameworks/ImageIO.framework/Versions/A/Resources/libGIF.dylib
0x0000000058dc3000 	/System/Library/Frameworks/ImageIO.framework/Versions/A/Resources/libJP2.dylib
0x0000000058dc3000 	/System/Library/Frameworks/ImageIO.framework/Versions/A/Resources/libRadiance.dylib
0x0000000058dc3000 	/usr/lib/libcompression.dylib
0x0000000058dc3000 	/System/Library/PrivateFrameworks/AppleJPEG.framework/Versions/A/AppleJPEG
0x0000000058dc3000 	/usr/lib/libcups.2.dylib
0x0000000058dc3000 	/System/Library/Frameworks/Kerberos.framework/Versions/A/Kerberos
0x0000000058dc3000 	/System/Library/Frameworks/GSS.framework/Versions/A/GSS
0x0000000058dc3000 	/usr/lib/libresolv.9.dylib
0x0000000058dc3000 	/usr/lib/libiconv.2.dylib
0x0000000058dc3000 	/System/Library/PrivateFrameworks/Heimdal.framework/Versions/A/Heimdal
0x0000000058dc3000 	/usr/lib/libheimdal-asn1.dylib
0x0000000058dc3000 	/System/Library/Frameworks/OpenDirectory.framework/Versions/A/OpenDirectory
0x0000000058dc3000 	/System/Library/PrivateFrameworks/CommonAuth.framework/Versions/A/CommonAuth
0x0000000058dc3000 	/System/Library/Frameworks/OpenDirectory.framework/Versions/A/Frameworks/CFOpenDirectory.framework/Versions/A/CFOpenDirectory
0x0000000058dc3000 	/System/Library/Frameworks/SecurityFoundation.framework/Versions/A/SecurityFoundation
0x0000000058dc3000 	/System/Library/PrivateFrameworks/LanguageModeling.framework/Versions/A/LanguageModeling
0x0000000058dc3000 	/usr/lib/libmarisa.dylib
0x0000000058dc3000 	/usr/lib/libChineseTokenizer.dylib
0x0000000058dc3000 	/usr/lib/libcmph.dylib
0x0000000058dc3000 	/System/Library/PrivateFrameworks/CoreEmoji.framework/Versions/A/CoreEmoji
0x0000000058dc3000 	/System/Library/Frameworks/ServiceManagement.framework/Versions/A/ServiceManagement
0x0000000058dc3000 	/usr/lib/libxslt.1.dylib
0x0000000058dc3000 	/System/Library/Frameworks/Carbon.framework/Versions/A/Frameworks/Ink.framework/Versions/A/Ink
0x0000000058dc3000 	/System/Library/PrivateFrameworks/TextureIO.framework/Versions/A/TextureIO
0x0000000058dc3000 	/System/Library/Frameworks/Metal.framework/Versions/A/Metal
0x0000000058dc3000 	/usr/lib/libate.dylib
0x0000000058dc3000 	/System/Library/PrivateFrameworks/GPUCompiler.framework/libmetal_timestamp.dylib
0x0000000058dc3000 	/System/Library/Frameworks/OpenGL.framework/Versions/A/Libraries/libCoreFSCache.dylib
0x0000000058dc3000 	/System/Library/PrivateFrameworks/IOAccelerator.framework/Versions/A/IOAccelerator
0x0000000058dc3000 	/System/Library/Frameworks/CoreVideo.framework/Versions/A/CoreVideo
0x0000000058dc3000 	/usr/lib/libFosl_dynamic.dylib
0x0000000058dc3000 	/System/Library/PrivateFrameworks/MetalPerformanceShaders.framework/Versions/A/MetalPerformanceShaders
0x0000000058dc3000 	/System/Library/PrivateFrameworks/FaceCore.framework/Versions/A/FaceCore
0x0000000058dc3000 	/System/Library/Frameworks/OpenCL.framework/Versions/A/OpenCL
0x0000000058dc3000 	/System/Library/Frameworks/OpenGL.framework/Versions/A/Libraries/libGLU.dylib
0x0000000058dc3000 	/System/Library/Frameworks/OpenGL.framework/Versions/A/Libraries/libGFXShared.dylib
0x0000000058dc3000 	/System/Library/Frameworks/OpenGL.framework/Versions/A/Libraries/libGL.dylib
0x0000000058dc3000 	/System/Library/Frameworks/OpenGL.framework/Versions/A/Libraries/libGLImage.dylib
0x0000000058dc3000 	/System/Library/Frameworks/OpenGL.framework/Versions/A/Libraries/libCVMSPluginSupport.dylib
0x0000000058dc3000 	/System/Library/Frameworks/OpenGL.framework/Versions/A/Libraries/libCoreVMClient.dylib
0x0000000058dc3000 	/System/Library/PrivateFrameworks/CrashReporterSupport.framework/Versions/A/CrashReporterSupport
0x0000000058dc3000 	/System/Library/PrivateFrameworks/Sharing.framework/Versions/A/Sharing
0x0000000058dc3000 	/System/Library/PrivateFrameworks/IconServices.framework/Versions/A/IconServices
0x0000000058dc3000 	/System/Library/PrivateFrameworks/ProtocolBuffer.framework/Versions/A/ProtocolBuffer
0x0000000058dc3000 	/System/Library/PrivateFrameworks/Apple80211.framework/Versions/A/Apple80211
0x0000000058dc3000 	/System/Library/Frameworks/CoreWLAN.framework/Versions/A/CoreWLAN
0x0000000058dc3000 	/System/Library/PrivateFrameworks/CoreUtils.framework/Versions/A/CoreUtils
0x0000000058dc3000 	/System/Library/Frameworks/IOBluetooth.framework/Versions/A/IOBluetooth
0x0000000058dc3000 	/System/Library/PrivateFrameworks/CoreWiFi.framework/Versions/A/CoreWiFi
0x0000000058dc3000 	/System/Library/Frameworks/CoreBluetooth.framework/Versions/A/CoreBluetooth
0x0000000058dc3000 	/System/Library/Frameworks/CoreDisplay.framework/Versions/A/CoreDisplay
0x0000000058dc3000 	/System/Library/PrivateFrameworks/IOPresentment.framework/Versions/A/IOPresentment
0x0000000058dc3000 	/System/Library/PrivateFrameworks/DSExternalDisplay.framework/Versions/A/DSExternalDisplay
0x0000000058dc3000 	/System/Library/PrivateFrameworks/DebugSymbols.framework/Versions/A/DebugSymbols
0x0000000058dc3000 	/System/Library/PrivateFrameworks/CoreSymbolication.framework/Versions/A/CoreSymbolication
0x0000000058dc3000 	/System/Library/PrivateFrameworks/Symbolication.framework/Versions/A/Symbolication
0x0000000058dc3000 	/System/Library/PrivateFrameworks/AppleFSCompression.framework/Versions/A/AppleFSCompression
0x0000000058dc3000 	/System/Library/PrivateFrameworks/SpeechRecognitionCore.framework/Versions/A/SpeechRecognitionCore
0x0000000058dc3000 	/System/Library/PrivateFrameworks/ChunkingLibrary.framework/Versions/A/ChunkingLibrary
0x000000010b7a4000 	/Library/Java/JavaVirtualMachines/jdk1.8.0_111.jdk/Contents/Home/jre/lib/server/libjvm.dylib
0x000000010c745000 	/usr/lib/libstdc++.6.dylib
0x000000010d000000 	/Library/Java/JavaVirtualMachines/jdk1.8.0_111.jdk/Contents/Home/jre/lib/libverify.dylib
0x000000010d00e000 	/Library/Java/JavaVirtualMachines/jdk1.8.0_111.jdk/Contents/Home/jre/lib/libjava.dylib
0x000000010d04b000 	/Library/Java/JavaVirtualMachines/jdk1.8.0_111.jdk/Contents/Home/jre/lib/libzip.dylib
0x00000001139b8000 	/System/Library/Frameworks/JavaVM.framework/Frameworks/JavaRuntimeSupport.framework/JavaRuntimeSupport
0x00000001139d2000 	/System/Library/Frameworks/JavaVM.framework/Versions/A/Frameworks/JavaNativeFoundation.framework/Versions/A/JavaNativeFoundation
0x00000001139e7000 	/System/Library/Frameworks/JavaVM.framework/Versions/A/JavaVM
0x0000000058dc3000 	/System/Library/Frameworks/Carbon.framework/Versions/A/Carbon
0x00000001139f4000 	/System/Library/PrivateFrameworks/JavaLaunching.framework/Versions/A/JavaLaunching
0x0000000058dc3000 	/System/Library/Frameworks/Carbon.framework/Versions/A/Frameworks/CommonPanels.framework/Versions/A/CommonPanels
0x0000000058dc3000 	/System/Library/Frameworks/Carbon.framework/Versions/A/Frameworks/Help.framework/Versions/A/Help
0x0000000058dc3000 	/System/Library/Frameworks/Carbon.framework/Versions/A/Frameworks/ImageCapture.framework/Versions/A/ImageCapture
0x0000000058dc3000 	/System/Library/Frameworks/Carbon.framework/Versions/A/Frameworks/OpenScripting.framework/Versions/A/OpenScripting
0x0000000058dc3000 	/System/Library/Frameworks/Carbon.framework/Versions/A/Frameworks/Print.framework/Versions/A/Print
0x0000000058dc3000 	/System/Library/Frameworks/Carbon.framework/Versions/A/Frameworks/SecurityHI.framework/Versions/A/SecurityHI
0x0000000115303000 	/Library/Java/JavaVirtualMachines/jdk1.8.0_111.jdk/Contents/Home/jre/lib/libawt.dylib
0x00000001153ab000 	/Library/Java/JavaVirtualMachines/jdk1.8.0_111.jdk/Contents/Home/jre/lib/./libmlib_image.dylib
0x0000000115477000 	/Library/Java/JavaVirtualMachines/jdk1.8.0_111.jdk/Contents/Home/jre/lib/libawt_lwawt.dylib
0x000000011552c000 	/Library/Java/JavaVirtualMachines/jdk1.8.0_111.jdk/Contents/Home/jre/lib/./libosxapp.dylib
0x0000000058dc3000 	/System/Library/Frameworks/ExceptionHandling.framework/Versions/A/ExceptionHandling
0x0000000058dc3000 	/System/Library/PrivateFrameworks/CoreServicesInternal.framework/Versions/A/CoreServicesInternal
0x0000000058dc3000 	/System/Library/CoreServices/RawCamera.bundle/Contents/MacOS/RawCamera
0x00000001155c8000 	/System/Library/Frameworks/Accelerate.framework/Frameworks/vImage.framework/Versions/A/Libraries/libCGInterfaces.dylib
0x0000000058dc3000 	/System/Library/Frameworks/ApplicationServices.framework/Versions/A/Frameworks/ATS.framework/Versions/A/Resources/libTrueTypeScaler.dylib
0x0000000117581000 	/System/Library/Frameworks/OpenGL.framework/Resources/GLEngine.bundle/GLEngine
0x0000000058dc3000 	/System/Library/Frameworks/OpenGL.framework/Versions/A/Libraries/libGLProgrammability.dylib
0x0000000117766000 	/System/Library/Extensions/AppleIntelBDWGraphicsGLDriver.bundle/Contents/MacOS/AppleIntelBDWGraphicsGLDriver
0x0000000058dc3000 	/System/Library/PrivateFrameworks/GPUSupport.framework/Versions/A/Libraries/libGPUSupportMercury.dylib
0x0000000117ed0000 	/System/Library/Frameworks/OpenGL.framework/Resources//GLRendererFloat.bundle/GLRendererFloat
0x0000000058dc3000 	/System/Library/Frameworks/OpenCL.framework/Versions/A/Libraries/libcldcpuengine.dylib
0x0000000058dc3000 	/usr/lib/libcrypto.0.9.8.dylib
0x0000000058dc3000 	/System/Library/PrivateFrameworks/TrustEvaluationAgent.framework/Versions/A/TrustEvaluationAgent
0x0000000117f04000 	/System/Library/Extensions/AppleIntelBDWGraphicsMTLDriver.bundle/Contents/MacOS/AppleIntelBDWGraphicsMTLDriver
0x0000000058dc3000 	/System/Library/PrivateFrameworks/FamilyControls.framework/Versions/A/FamilyControls
0x0000000058dc3000 	/System/Library/PrivateFrameworks/CommerceKit.framework/Versions/A/Frameworks/CommerceCore.framework/Versions/A/CommerceCore
0x0000000058dc3000 	/System/Library/PrivateFrameworks/SystemAdministration.framework/Versions/A/SystemAdministration
0x0000000058dc3000 	/System/Library/PrivateFrameworks/AppContainer.framework/Versions/A/AppContainer
0x0000000058dc3000 	/System/Library/PrivateFrameworks/SecCodeWrapper.framework/Versions/A/SecCodeWrapper
0x0000000058dc3000 	/System/Library/Frameworks/DirectoryService.framework/Versions/A/DirectoryService
0x0000000058dc3000 	/System/Library/PrivateFrameworks/DiskImages.framework/Versions/A/DiskImages
0x0000000058dc3000 	/System/Library/PrivateFrameworks/LoginUIKit.framework/Versions/A/Frameworks/LoginUICore.framework/Versions/A/LoginUICore
0x0000000058dc3000 	/usr/lib/libCoreStorage.dylib
0x0000000058dc3000 	/usr/lib/libcsfde.dylib
0x0000000058dc3000 	/usr/lib/libodfde.dylib
0x0000000058dc3000 	/System/Library/Frameworks/DiscRecording.framework/Versions/A/DiscRecording
0x0000000058dc3000 	/usr/lib/libcurl.4.dylib
0x0000000058dc3000 	/System/Library/PrivateFrameworks/MediaKit.framework/Versions/A/MediaKit
0x0000000058dc3000 	/System/Library/PrivateFrameworks/ProtectedCloudStorage.framework/Versions/A/ProtectedCloudStorage
0x0000000058dc3000 	/System/Library/PrivateFrameworks/EFILogin.framework/Versions/A/EFILogin
0x0000000058dc3000 	/usr/lib/libutil.dylib
0x0000000058dc3000 	/System/Library/Frameworks/LDAP.framework/Versions/A/LDAP
0x0000000058dc3000 	/usr/lib/libsasl2.2.dylib
0x0000000058dc3000 	/System/Library/PrivateFrameworks/CoreDaemon.framework/Versions/B/CoreDaemon
0x0000000058dc3000 	/System/Library/PrivateFrameworks/AppleSRP.framework/Versions/A/AppleSRP
0x0000000058dc3000 	/System/Library/PrivateFrameworks/APFS.framework/Versions/A/APFS
0x0000000119edd000 	/Library/Java/JavaVirtualMachines/jdk1.8.0_111.jdk/Contents/Home/jre/lib/libfontmanager.dylib
0x0000000058dc3000 	/System/Library/PrivateFrameworks/ViewBridge.framework/Versions/A/ViewBridge
0x0000000058dc3000 	/System/Library/PrivateFrameworks/XPCService.framework/Versions/A/XPCService
0x0000000058dc3000 	/System/Library/PrivateFrameworks/AppSandbox.framework/Versions/A/AppSandbox
0x0000000058dc3000 	/usr/lib/libsandbox.1.dylib
0x0000000058dc3000 	/usr/lib/libMatch.1.dylib
0x000000011b2cf000 	/Library/Java/JavaVirtualMachines/jdk1.8.0_111.jdk/Contents/Home/jre/lib/libosxui.dylib
0x000000011b57f000 	/Library/Java/JavaVirtualMachines/jdk1.8.0_111.jdk/Contents/Home/jre/lib/libnet.dylib
0x000000011b596000 	/Library/Java/JavaVirtualMachines/jdk1.8.0_111.jdk/Contents/Home/jre/lib/libnio.dylib
0x000000011b2c8000 	/private/var/folders/99/pp3fz67d34l2n2q9ztrt9jpr0000gn/T/jogamp_0000/file_cache/jln3992004754399554692/jln7966882426184183503/libgluegen-rt.jnilib
0x000000011b2cc000 	/private/var/folders/99/pp3fz67d34l2n2q9ztrt9jpr0000gn/T/jogamp_0000/file_cache/jln3992004754399554692/jln7966882426184183503/libnativewindow_awt.jnilib
0x000000011b4da000 	/Library/Java/JavaVirtualMachines/jdk1.8.0_111.jdk/Contents/Home/jre/lib/libjawt.dylib
0x0000000156766000 	/private/var/folders/99/pp3fz67d34l2n2q9ztrt9jpr0000gn/T/jogamp_0000/file_cache/jln3992004754399554692/jln7966882426184183503/libnativewindow_macosx.jnilib
0x00000001567a3000 	/private/var/folders/99/pp3fz67d34l2n2q9ztrt9jpr0000gn/T/jogamp_0000/file_cache/jln3992004754399554692/jln7966882426184183503/libjogl_desktop.jnilib
0x000000015fa6a000 	/Library/Java/JavaVirtualMachines/jdk1.8.0_111.jdk/Contents/Home/jre/lib/libsunec.dylib
0x000000015f5cc000 	/Library/Java/JavaVirtualMachines/jdk1.8.0_111.jdk/Contents/Home/jre/lib/libt2k.dylib
0x000000015f812000 	/Library/Java/JavaVirtualMachines/jdk1.8.0_111.jdk/Contents/Home/jre/lib/libjpeg.dylib

VM Arguments:
jvm_args: -Djava.security.policy=java.policy.applet -Dfile.encoding=UTF-8 
java_command: sun.applet.AppletViewer module6.EarthquakeCityMap1492624686782.html
java_class_path (initial): /Users/loris/Documents/workspace/UCSD/UCSDUnfoldingMaps/build:/Users/loris/Documents/workspace/UCSD/UCSDUnfoldingMaps/lib/core.jar:/Users/loris/Documents/workspace/UCSD/UCSDUnfoldingMaps/lib/gluegen-rt.jar:/Users/loris/Documents/workspace/UCSD/UCSDUnfoldingMaps/lib/jogl-all.jar:/Users/loris/Documents/workspace/UCSD/UCSDUnfoldingMaps/lib/log4j-1.2.15.jar:/Users/loris/Documents/workspace/UCSD/UCSDUnfoldingMaps/lib/sqlite-jdbc-3.7.2.jar:/Users/loris/Documents/workspace/UCSD/UCSDUnfoldingMaps/lib/json4processing.jar:/Users/loris/Documents/workspace/UCSD/UCSDUnfoldingMaps/lib/libTUIO.jar:/Users/loris/Documents/workspace/UCSD/UCSDUnfoldingMaps/lib/unfolding.0.9.7-uscd.jar
Launcher Type: SUN_STANDARD

Environment Variables:
PATH=/usr/bin:/bin:/usr/sbin:/sbin
SHELL=/bin/bash

Signal Handlers:
SIGSEGV: [libjvm.dylib+0x5b03ed], sa_mask[0]=11111111011111110111111111111111, sa_flags=SA_ONSTACK|SA_RESTART|SA_SIGINFO
SIGBUS: [libjvm.dylib+0x5b03ed], sa_mask[0]=11111111011111110111111111111111, sa_flags=SA_RESTART|SA_SIGINFO
SIGFPE: [libjvm.dylib+0x48711c], sa_mask[0]=11111111011111110111111111111111, sa_flags=SA_RESTART|SA_SIGINFO
SIGPIPE: [libjvm.dylib+0x48711c], sa_mask[0]=11111111011111110111111111111111, sa_flags=SA_RESTART|SA_SIGINFO
SIGXFSZ: [libjvm.dylib+0x48711c], sa_mask[0]=11111111011111110111111111111111, sa_flags=SA_RESTART|SA_SIGINFO
SIGILL: [libjvm.dylib+0x48711c], sa_mask[0]=11111111011111110111111111111111, sa_flags=SA_RESTART|SA_SIGINFO
SIGUSR1: SIG_DFL, sa_mask[0]=00000000000000000000000000000000, sa_flags=none
SIGUSR2: [libjvm.dylib+0x486c3a], sa_mask[0]=00100000000000000000000000000000, sa_flags=SA_RESTART|SA_SIGINFO
SIGHUP: [libjvm.dylib+0x485211], sa_mask[0]=11111111011111110111111111111111, sa_flags=SA_RESTART|SA_SIGINFO
SIGINT: [libjvm.dylib+0x485211], sa_mask[0]=11111111011111110111111111111111, sa_flags=SA_RESTART|SA_SIGINFO
SIGTERM: [libjvm.dylib+0x485211], sa_mask[0]=11111111011111110111111111111111, sa_flags=SA_RESTART|SA_SIGINFO
SIGQUIT: [libjvm.dylib+0x485211], sa_mask[0]=11111111011111110111111111111111, sa_flags=SA_RESTART|SA_SIGINFO


---------------  S Y S T E M  ---------------

OS:Bsduname:Darwin 16.5.0 Darwin Kernel Version 16.5.0: Fri Mar  3 16:52:33 PST 2017; root:xnu-3789.51.2~3/RELEASE_X86_64 x86_64
rlimit: STACK 8192k, CORE 0k, NPROC 709, NOFILE 10240, AS infinity
load average:1.94 3.12 3.50

CPU:total 4 (2 cores per cpu, 2 threads per core) family 6 model 61 stepping 4, cmov, cx8, fxsr, mmx, sse, sse2, sse3, ssse3, sse4.1, sse4.2, popcnt, avx, avx2, aes, clmul, erms, 3dnowpref, lzcnt, ht, tsc, tscinvbit, bmi1, bmi2, adx

Memory: 4k page, physical 8388608k(23028k free)

/proc/meminfo:


vm_info: Java HotSpot(TM) 64-Bit Server VM (25.111-b14) for bsd-amd64 JRE (1.8.0_111-b14), built on Sep 22 2016 15:31:41 by "java_re" with gcc 4.2.1 (Based on Apple Inc. build 5658) (LLVM build 2336.11.00)

time: Wed Apr 19 19:58:22 2017
elapsed time: 15 seconds (0d 0h 0m 15s)

