#
# A fatal error has been detected by the Java Runtime Environment:
#
#  SIGSEGV (0xb) at pc=0x00007fffac52705d, pid=808, tid=0x0000000000000307
#
# JRE version: Java(TM) SE Runtime Environment (8.0_111-b14) (build 1.8.0_111-b14)
# Java VM: Java HotSpot(TM) 64-Bit Server VM (25.111-b14 mixed mode bsd-amd64 compressed oops)
# Problematic frame:
# C  [libobjc.A.dylib+0x705d]  objc_msgSend+0x1d
#
# Failed to write core dump. Core dumps have been disabled. To enable core dumping, try "ulimit -c unlimited" before starting Java again
#
# If you would like to submit a bug report, please visit:
#   http://bugreport.java.com/bugreport/crash.jsp
# The crash happened outside the Java Virtual Machine in native code.
# See problematic frame for where to report the bug.
#

---------------  T H R E A D  ---------------

Current thread (0x00007ff7ff0f6000):  JavaThread "AWT-AppKit" daemon [_thread_in_native, id=775, stack(0x00007fff55b3b000,0x00007fff5633b000)]

siginfo: si_signo: 11 (SIGSEGV), si_code: 1 (SEGV_MAPERR), si_addr: 0x0000000000000018

Registers:
RAX=0x00007ff7fefd79f0, RBX=0x0000000154965450, RCX=0x00007ff8013003f0, RDX=0x0000000000000000
RSP=0x00007fff56336308, RBP=0x00007fff563363c0, RSI=0x00007fff95dda134, RDI=0x00007ff804021ac0
R8 =0x0000000000000018, R9 =0x00007ff801300410, R10=0x0000000000000000, R11=0x00007fff95dda134
R12=0x0000000000000000, R13=0x000000015bad9de0, R14=0x0000000154965440, R15=0x00007ff7ff0f6000
RIP=0x00007fffac52705d, EFLAGS=0x0000000000010246, ERR=0x0000000000000004
  TRAPNO=0x000000000000000e

Top of Stack: (sp=0x00007fff56336308)
0x00007fff56336308:   0000000154963157 00007fff56336360
0x00007fff56336318:   0000000000000003 00007fff56336340
0x00007fff56336328:   0000000109b347be 000000015bad9de0
0x00007fff56336338:   000000015bad9de0 00007ff7fefd79f0
0x00007fff56336348:   00000001549656a0 0000000154965710
0x00007fff56336358:   00007fffb258b6d0 00007fffb31bb1e0
0x00007fff56336368:   0000000154965450 0000000154965690
0x00007fff56336378:   00007ff7fefd79f0 00007ff804021ac0
0x00007fff56336388:   00007ff7feddfaa0 00007ff7fefd79f0
0x00007fff56336398:   00007ff804021ac0 00007fff56336448
0x00007fff563363a8:   00007ff7ff0f61f8 000000015bad9de0
0x00007fff563363b8:   00007fff56336470 00007fff56336438
0x00007fff563363c8:   00000001164399f4 000000015bad9de0
0x00007fff563363d8:   00007fff56336470 00007fff56336438
0x00007fff563363e8:   0000000116439787 0000000116439742
0x00007fff563363f8:   00007fff563363f8 000000015bad9de0
0x00007fff56336408:   00007fff56336470 0000000154d16f58
0x00007fff56336418:   0000000000000000 000000015bad9de0
0x00007fff56336428:   0000000000000000 00007fff56336458
0x00007fff56336438:   00007fff563364b8 000000011642a2bd
0x00007fff56336448:   000000074042bb18 0000000116433538
0x00007fff56336458:   00007ff7fefd79f0 00007fff563364b8
0x00007fff56336468:   00007ff804021ac0 0000000116434e02
0x00007fff56336478:   00007fff56336478 000000015bad9faa
0x00007fff56336488:   00007fff563364e0 0000000154d16f58
0x00007fff56336498:   0000000000000000 000000015bad9fb8
0x00007fff563364a8:   00007fff56336458 00007fff563364c8
0x00007fff563364b8:   00007fff56336528 000000011642a2bd
0x00007fff563364c8:   00007ff7fefd79f0 0000000740457f00
0x00007fff563364d8:   00007ff804021ac0 0000000740457f00
0x00007fff563364e8:   00007fff563364e8 000000015e4ef4fe
0x00007fff563364f8:   00007fff56336538 000000015e4ef5b8 

Instructions: (pc=0x00007fffac52705d)
0x00007fffac52703d:   0f 1f 00 48 85 ff 2e 74 62 40 f6 c7 01 2e 75 66
0x00007fffac52704d:   49 ba f8 ff ff ff ff 7f 00 00 4c 23 17 49 89 f3
0x00007fffac52705d:   45 23 5a 18 49 c1 e3 04 4d 03 5a 10 49 3b 33 75
0x00007fffac52706d:   04 41 ff 63 08 49 83 3b 01 76 0d 49 83 c3 10 49 

Register to memory mapping:

RAX=0x00007ff7fefd79f0 is an unknown value
RBX=0x0000000154965450: Java_jogamp_nativewindow_macosx_OSXUtil_GetScreenRefreshRate0+0x1cf0 in /private/var/folders/99/pp3fz67d34l2n2q9ztrt9jpr0000gn/T/jogamp_0000/file_cache/jln4223684338367433261/jln9181505677066208714/libnativewindow_macosx.jnilib at 0x000000015495e000
RCX=0x00007ff8013003f0 is an unknown value
RDX=0x0000000000000000 is an unknown value
RSP=0x00007fff56336308 is pointing into the stack for thread: 0x00007ff7ff0f6000
RBP=0x00007fff563363c0 is pointing into the stack for thread: 0x00007ff7ff0f6000
RSI=0x00007fff95dda134: __NSStyleNameIndexTable+0x7fcec in /System/Library/Frameworks/AppKit.framework/Versions/C/AppKit at 0x00007fff9516d000
RDI=0x00007ff804021ac0 is an unknown value
R8 =0x0000000000000018 is an unknown value
R9 =0x00007ff801300410 is an unknown value
R10=0x0000000000000000 is an unknown value
R11=0x00007fff95dda134: __NSStyleNameIndexTable+0x7fcec in /System/Library/Frameworks/AppKit.framework/Versions/C/AppKit at 0x00007fff9516d000
R12=0x0000000000000000 is an unknown value
R13={method} {0x000000015bad9de0} 'UnsetJAWTRootSurfaceLayer0' '(JJ)V' in 'jogamp/nativewindow/jawt/macosx/MacOSXJAWTWindow'
R14=0x0000000154965440: Java_jogamp_nativewindow_macosx_OSXUtil_GetScreenRefreshRate0+0x1ce0 in /private/var/folders/99/pp3fz67d34l2n2q9ztrt9jpr0000gn/T/jogamp_0000/file_cache/jln4223684338367433261/jln9181505677066208714/libnativewindow_macosx.jnilib at 0x000000015495e000
R15=0x00007ff7ff0f6000 is a thread


Stack: [0x00007fff55b3b000,0x00007fff5633b000],  sp=0x00007fff56336308,  free space=8172k
Native frames: (J=compiled Java code, j=interpreted, Vv=VM code, C=native code)
C  [libobjc.A.dylib+0x705d]  objc_msgSend+0x1d
j  jogamp.nativewindow.jawt.macosx.MacOSXJAWTWindow.UnsetJAWTRootSurfaceLayer0(JJ)V+0
j  jogamp.nativewindow.jawt.macosx.MacOSXJAWTWindow.access$200(JJ)V+2
j  jogamp.nativewindow.jawt.macosx.MacOSXJAWTWindow$1.run()V+38
J 3125 C1 com.jogamp.common.util.RunnableTask.run()V (345 bytes) @ 0x0000000116dacef4 [0x0000000116dacd60+0x194]
v  ~StubRoutines::call_stub
V  [libjvm.dylib+0x2ecf8a]
V  [libjvm.dylib+0x324119]
V  [libjvm.dylib+0x3168e7]
C  [libnativewindow_macosx.jnilib+0x5326]  Java_jogamp_nativewindow_jawt_macosx_MacOSXJAWTWindow_UnsetJAWTRootSurfaceLayer0+0x2b6
C  [Foundation+0x7184a]  __NSThreadPerformPerform+0x146
C  [CoreFoundation+0xa73c1]  __CFRUNLOOP_IS_CALLING_OUT_TO_A_SOURCE0_PERFORM_FUNCTION__+0x11
C  [CoreFoundation+0x882cd]  __CFRunLoopDoSources0+0x22d
C  [CoreFoundation+0x877c6]  __CFRunLoopRun+0x3a6
C  [CoreFoundation+0x871c4]  CFRunLoopRunSpecific+0x1a4
C  [HIToolbox+0x30ebc]  RunCurrentEventLoopInMode+0xf0
C  [HIToolbox+0x30bf9]  ReceiveNextEventCommon+0xb8
C  [HIToolbox+0x30b26]  _BlockUntilNextEventMatchingListInModeWithFilter+0x47
C  [AppKit+0x46e24]  _DPSNextEvent+0x460
C  [AppKit+0x7c285e]  -[NSApplication(NSEvent) _nextEventMatchingEventMask:untilDate:inMode:dequeue:]+0xaec
C  [libosxapp.dylib+0x23aa]  -[NSApplicationAWT nextEventMatchingMask:untilDate:inMode:dequeue:]+0x7c
C  [AppKit+0x3b7ab]  -[NSApplication run]+0x39e
C  [libosxapp.dylib+0x214d]  +[NSApplicationAWT runAWTLoopWithApp:]+0x9c
C  [libawt_lwawt.dylib+0x444b3]  -[AWTStarter starter:]+0x389
C  [Foundation+0x7184a]  __NSThreadPerformPerform+0x146
C  [CoreFoundation+0xa73c1]  __CFRUNLOOP_IS_CALLING_OUT_TO_A_SOURCE0_PERFORM_FUNCTION__+0x11
C  [CoreFoundation+0x882cd]  __CFRunLoopDoSources0+0x22d
C  [CoreFoundation+0x877c6]  __CFRunLoopRun+0x3a6
C  [CoreFoundation+0x871c4]  CFRunLoopRunSpecific+0x1a4
C  [java+0x6465]  CreateExecutionEnvironment+0x367
C  [java+0x218c]  JLI_Launch+0x7a0
C  [java+0x84c2]  main+0x65
C  [java+0x19e4]  start+0x34
C  0x0000000000000007

Java frames: (J=compiled Java code, j=interpreted, Vv=VM code)
j  jogamp.nativewindow.jawt.macosx.MacOSXJAWTWindow.UnsetJAWTRootSurfaceLayer0(JJ)V+0
j  jogamp.nativewindow.jawt.macosx.MacOSXJAWTWindow.access$200(JJ)V+2
j  jogamp.nativewindow.jawt.macosx.MacOSXJAWTWindow$1.run()V+38
J 3125 C1 com.jogamp.common.util.RunnableTask.run()V (345 bytes) @ 0x0000000116dacef4 [0x0000000116dacd60+0x194]
v  ~StubRoutines::call_stub

---------------  P R O C E S S  ---------------

Java Threads: ( => current thread )
  0x00007ff800e1b800 JavaThread "Thread-19" [_thread_blocked, id=4347, stack(0x000070000b498000,0x000070000b598000)]
  0x00007ff800357000 JavaThread "Image Fetcher 1" daemon [_thread_blocked, id=73219, stack(0x000070000baaa000,0x000070000bbaa000)]
  0x00007ff7fff10800 JavaThread "Image Fetcher 0" daemon [_thread_blocked, id=72707, stack(0x000070000b9a7000,0x000070000baa7000)]
  0x00007ff800356000 JavaThread "Keep-Alive-Timer" daemon [_thread_blocked, id=72251, stack(0x000070000b8a4000,0x000070000b9a4000)]
  0x00007ff8001ef000 JavaThread "AWT-EventQueue-1" [_thread_in_native, id=66575, stack(0x000070000b28f000,0x000070000b38f000)]
  0x00007ff800119000 JavaThread "DestroyJavaVM" [_thread_blocked, id=6915, stack(0x0000700009c47000,0x0000700009d47000)]
  0x00007ff800910800 JavaThread "AWT-EventQueue-0" [_thread_blocked, id=64003, stack(0x000070000b089000,0x000070000b189000)]
  0x00007ff800976800 JavaThread "Java2D Disposer" daemon [_thread_blocked, id=56847, stack(0x000070000ae00000,0x000070000af00000)]
  0x00007ff7ffa43000 JavaThread "Java2D Queue Flusher" daemon [_thread_blocked, id=54791, stack(0x000070000acfd000,0x000070000adfd000)]
  0x00007ff7ff9de800 JavaThread "AWT-Shutdown" [_thread_blocked, id=29471, stack(0x000070000aaf4000,0x000070000abf4000)]
=>0x00007ff7ff0f6000 JavaThread "AWT-AppKit" daemon [_thread_in_native, id=775, stack(0x00007fff55b3b000,0x00007fff5633b000)]
  0x00007ff7ff03a000 JavaThread "Service Thread" daemon [_thread_blocked, id=18691, stack(0x000070000a86b000,0x000070000a96b000)]
  0x00007ff800822800 JavaThread "C1 CompilerThread2" daemon [_thread_blocked, id=18179, stack(0x000070000a768000,0x000070000a868000)]
  0x00007ff7ff831000 JavaThread "C2 CompilerThread1" daemon [_thread_blocked, id=17667, stack(0x000070000a665000,0x000070000a765000)]
  0x00007ff7ff82f800 JavaThread "C2 CompilerThread0" daemon [_thread_blocked, id=17155, stack(0x000070000a562000,0x000070000a662000)]
  0x00007ff7ff82e800 JavaThread "Signal Dispatcher" daemon [_thread_blocked, id=16643, stack(0x000070000a45f000,0x000070000a55f000)]
  0x00007ff7ff01a800 JavaThread "Finalizer" daemon [_thread_blocked, id=12547, stack(0x000070000a35c000,0x000070000a45c000)]
  0x00007ff7ff018000 JavaThread "Reference Handler" daemon [_thread_blocked, id=12035, stack(0x000070000a259000,0x000070000a359000)]

Other Threads:
  0x00007ff7ff814000 VMThread [stack: 0x000070000a156000,0x000070000a256000] [id=11523]
  0x00007ff7ff88c000 WatcherThread [stack: 0x000070000a96e000,0x000070000aa6e000] [id=19203]

VM state:not at safepoint (normal execution)

VM Mutex/Monitor currently owned by a thread: None

Heap:
 PSYoungGen      total 210432K, used 17145K [0x0000000795580000, 0x00000007a3780000, 0x00000007c0000000)
  eden space 200704K, 8% used [0x0000000795580000,0x0000000796616610,0x00000007a1980000)
  from space 9728K, 1% used [0x00000007a2e00000,0x00000007a2e28000,0x00000007a3780000)
  to   space 15360K, 0% used [0x00000007a1980000,0x00000007a1980000,0x00000007a2880000)
 ParOldGen       total 53248K, used 26700K [0x0000000740000000, 0x0000000743400000, 0x0000000795580000)
  object space 53248K, 50% used [0x0000000740000000,0x0000000741a13178,0x0000000743400000)
 Metaspace       used 24348K, capacity 24625K, committed 24832K, reserved 1071104K
  class space    used 2423K, capacity 2517K, committed 2560K, reserved 1048576K

Card table byte_map: [0x000000010b5c0000,0x000000010b9c1000] byte_map_base: 0x0000000107bc0000

Marking Bits: (ParMarkBitMap*) 0x000000010a231d20
 Begin Bits: [0x000000010bc6c000, 0x000000010dc6c000)
 End Bits:   [0x000000010dc6c000, 0x000000010fc6c000)

Polling page: 0x000000010a9df000

CodeCache: size=245760Kb used=10940Kb max_used=10944Kb free=234819Kb
 bounds [0x0000000116422000, 0x0000000116ee2000, 0x0000000125422000]
 total_blobs=4042 nmethods=3118 adapters=837
 compilation: enabled

Compilation events (10 events):
Event: 9.750 Thread 0x00007ff7ff82f800 3467       4       java.awt.Rectangle::<init> (26 bytes)
Event: 9.751 Thread 0x00007ff800822800 3469       3       sun.java2d.SurfaceData::markDirty (8 bytes)
Event: 9.751 Thread 0x00007ff800822800 nmethod 3469 0x0000000116edbdd0 code [0x0000000116edbf40, 0x0000000116edc190]
Event: 9.751 Thread 0x00007ff800822800 3470       3       sun.java2d.pipe.RenderBuffer::putFloat (26 bytes)
Event: 9.751 Thread 0x00007ff7ff82f800 nmethod 3467 0x0000000116e28490 code [0x0000000116e285e0, 0x0000000116e28658]
Event: 9.751 Thread 0x00007ff800822800 nmethod 3470 0x0000000116ee0110 code [0x0000000116ee0280, 0x0000000116ee0410]
Event: 9.751 Thread 0x00007ff800822800 3468       1       sun.java2d.SurfaceData::isValid (5 bytes)
Event: 9.751 Thread 0x00007ff800822800 nmethod 3468 0x0000000116ed83d0 code [0x0000000116ed8520, 0x0000000116ed8630]
Event: 9.752 Thread 0x00007ff800822800 3471       3       java.security.CodeSource::matchCerts (254 bytes)
Event: 9.754 Thread 0x00007ff800822800 nmethod 3471 0x0000000116edee10 code [0x0000000116edf020, 0x0000000116edfbb8]

GC Heap History (10 events):
Event: 6.130 GC heap before
{Heap before GC invocations=7 (full 1):
 PSYoungGen      total 71680K, used 71674K [0x0000000795580000, 0x000000079d180000, 0x00000007c0000000)
  eden space 66560K, 100% used [0x0000000795580000,0x0000000799680000,0x0000000799680000)
  from space 5120K, 99% used [0x0000000799680000,0x0000000799b7e870,0x0000000799b80000)
  to   space 14848K, 0% used [0x000000079c300000,0x000000079c300000,0x000000079d180000)
 ParOldGen       total 53248K, used 21617K [0x0000000740000000, 0x0000000743400000, 0x0000000795580000)
  object space 53248K, 40% used [0x0000000740000000,0x000000074151c498,0x0000000743400000)
 Metaspace       used 24034K, capacity 24299K, committed 24576K, reserved 1071104K
  class space    used 2413K, capacity 2516K, committed 2560K, reserved 1048576K
Event: 6.136 GC heap after
Heap after GC invocations=7 (full 1):
 PSYoungGen      total 112128K, used 5146K [0x0000000795580000, 0x000000079df80000, 0x00000007c0000000)
  eden space 97280K, 0% used [0x0000000795580000,0x0000000795580000,0x000000079b480000)
  from space 14848K, 34% used [0x000000079c300000,0x000000079c806870,0x000000079d180000)
  to   space 14848K, 0% used [0x000000079b480000,0x000000079b480000,0x000000079c300000)
 ParOldGen       total 53248K, used 21617K [0x0000000740000000, 0x0000000743400000, 0x0000000795580000)
  object space 53248K, 40% used [0x0000000740000000,0x000000074151c498,0x0000000743400000)
 Metaspace       used 24034K, capacity 24299K, committed 24576K, reserved 1071104K
  class space    used 2413K, capacity 2516K, committed 2560K, reserved 1048576K
}
Event: 6.838 GC heap before
{Heap before GC invocations=8 (full 1):
 PSYoungGen      total 112128K, used 102426K [0x0000000795580000, 0x000000079df80000, 0x00000007c0000000)
  eden space 97280K, 100% used [0x0000000795580000,0x000000079b480000,0x000000079b480000)
  from space 14848K, 34% used [0x000000079c300000,0x000000079c806870,0x000000079d180000)
  to   space 14848K, 0% used [0x000000079b480000,0x000000079b480000,0x000000079c300000)
 ParOldGen       total 53248K, used 21617K [0x0000000740000000, 0x0000000743400000, 0x0000000795580000)
  object space 53248K, 40% used [0x0000000740000000,0x000000074151c498,0x0000000743400000)
 Metaspace       used 24062K, capacity 24363K, committed 24576K, reserved 1071104K
  class space    used 2413K, capacity 2516K, committed 2560K, reserved 1048576K
Event: 6.843 GC heap after
Heap after GC invocations=8 (full 1):
 PSYoungGen      total 112128K, used 5146K [0x0000000795580000, 0x00000007a0c80000, 0x00000007c0000000)
  eden space 97280K, 0% used [0x0000000795580000,0x0000000795580000,0x000000079b480000)
  from space 14848K, 34% used [0x000000079b480000,0x000000079b986870,0x000000079c300000)
  to   space 14336K, 0% used [0x000000079fe80000,0x000000079fe80000,0x00000007a0c80000)
 ParOldGen       total 53248K, used 21617K [0x0000000740000000, 0x0000000743400000, 0x0000000795580000)
  object space 53248K, 40% used [0x0000000740000000,0x000000074151c498,0x0000000743400000)
 Metaspace       used 24062K, capacity 24363K, committed 24576K, reserved 1071104K
  class space    used 2413K, capacity 2516K, committed 2560K, reserved 1048576K
}
Event: 7.526 GC heap before
{Heap before GC invocations=9 (full 1):
 PSYoungGen      total 112128K, used 102426K [0x0000000795580000, 0x00000007a0c80000, 0x00000007c0000000)
  eden space 97280K, 100% used [0x0000000795580000,0x000000079b480000,0x000000079b480000)
  from space 14848K, 34% used [0x000000079b480000,0x000000079b986870,0x000000079c300000)
  to   space 14336K, 0% used [0x000000079fe80000,0x000000079fe80000,0x00000007a0c80000)
 ParOldGen       total 53248K, used 21617K [0x0000000740000000, 0x0000000743400000, 0x0000000795580000)
  object space 53248K, 40% used [0x0000000740000000,0x000000074151c498,0x0000000743400000)
 Metaspace       used 24126K, capacity 24369K, committed 24576K, reserved 1071104K
  class space    used 2414K, capacity 2517K, committed 2560K, reserved 1048576K
Event: 7.531 GC heap after
Heap after GC invocations=9 (full 1):
 PSYoungGen      total 167936K, used 1184K [0x0000000795580000, 0x00000007a0a80000, 0x00000007c0000000)
  eden space 155648K, 0% used [0x0000000795580000,0x0000000795580000,0x000000079ed80000)
  from space 12288K, 9% used [0x000000079fe80000,0x000000079ffa8080,0x00000007a0a80000)
  to   space 14848K, 0% used [0x000000079ed80000,0x000000079ed80000,0x000000079fc00000)
 ParOldGen       total 53248K, used 25676K [0x0000000740000000, 0x0000000743400000, 0x0000000795580000)
  object space 53248K, 48% used [0x0000000740000000,0x00000007419130f8,0x0000000743400000)
 Metaspace       used 24126K, capacity 24369K, committed 24576K, reserved 1071104K
  class space    used 2414K, capacity 2517K, committed 2560K, reserved 1048576K
}
Event: 8.653 GC heap before
{Heap before GC invocations=10 (full 1):
 PSYoungGen      total 167936K, used 156832K [0x0000000795580000, 0x00000007a0a80000, 0x00000007c0000000)
  eden space 155648K, 100% used [0x0000000795580000,0x000000079ed80000,0x000000079ed80000)
  from space 12288K, 9% used [0x000000079fe80000,0x000000079ffa8080,0x00000007a0a80000)
  to   space 14848K, 0% used [0x000000079ed80000,0x000000079ed80000,0x000000079fc00000)
 ParOldGen       total 53248K, used 25676K [0x0000000740000000, 0x0000000743400000, 0x0000000795580000)
  object space 53248K, 48% used [0x0000000740000000,0x00000007419130f8,0x0000000743400000)
 Metaspace       used 24239K, capacity 24497K, committed 24832K, reserved 1071104K
  class space    used 2415K, capacity 2517K, committed 2560K, reserved 1048576K
Event: 8.655 GC heap after
Heap after GC invocations=10 (full 1):
 PSYoungGen      total 170496K, used 160K [0x0000000795580000, 0x00000007a3d00000, 0x00000007c0000000)
  eden space 155648K, 0% used [0x0000000795580000,0x0000000795580000,0x000000079ed80000)
  from space 14848K, 1% used [0x000000079ed80000,0x000000079eda8000,0x000000079fc00000)
  to   space 15360K, 0% used [0x00000007a2e00000,0x00000007a2e00000,0x00000007a3d00000)
 ParOldGen       total 53248K, used 26660K [0x0000000740000000, 0x0000000743400000, 0x0000000795580000)
  object space 53248K, 50% used [0x0000000740000000,0x0000000741a09178,0x0000000743400000)
 Metaspace       used 24239K, capacity 24497K, committed 24832K, reserved 1071104K
  class space    used 2415K, capacity 2517K, committed 2560K, reserved 1048576K
}
Event: 9.641 GC heap before
{Heap before GC invocations=11 (full 1):
 PSYoungGen      total 170496K, used 155808K [0x0000000795580000, 0x00000007a3d00000, 0x00000007c0000000)
  eden space 155648K, 100% used [0x0000000795580000,0x000000079ed80000,0x000000079ed80000)
  from space 14848K, 1% used [0x000000079ed80000,0x000000079eda8000,0x000000079fc00000)
  to   space 15360K, 0% used [0x00000007a2e00000,0x00000007a2e00000,0x00000007a3d00000)
 ParOldGen       total 53248K, used 26660K [0x0000000740000000, 0x0000000743400000, 0x0000000795580000)
  object space 53248K, 50% used [0x0000000740000000,0x0000000741a09178,0x0000000743400000)
 Metaspace       used 24312K, capacity 24625K, committed 24832K, reserved 1071104K
  class space    used 2415K, capacity 2517K, committed 2560K, reserved 1048576K
Event: 9.643 GC heap after
Heap after GC invocations=11 (full 1):
 PSYoungGen      total 210432K, used 160K [0x0000000795580000, 0x00000007a3780000, 0x00000007c0000000)
  eden space 200704K, 0% used [0x0000000795580000,0x0000000795580000,0x00000007a1980000)
  from space 9728K, 1% used [0x00000007a2e00000,0x00000007a2e28000,0x00000007a3780000)
  to   space 15360K, 0% used [0x00000007a1980000,0x00000007a1980000,0x00000007a2880000)
 ParOldGen       total 53248K, used 26700K [0x0000000740000000, 0x0000000743400000, 0x0000000795580000)
  object space 53248K, 50% used [0x0000000740000000,0x0000000741a13178,0x0000000743400000)
 Metaspace       used 24312K, capacity 24625K, committed 24832K, reserved 1071104K
  class space    used 2415K, capacity 2517K, committed 2560K, reserved 1048576K
}

Deoptimization events (10 events):
Event: 8.597 Thread 0x00007ff8001ef000 Uncommon trap: reason=unstable_if action=reinterpret pc=0x0000000116d7dcd0 method=de.fhpotsdam.unfolding.marker.SimplePointMarker.isInside(FFFF)Z @ 31
Event: 8.621 Thread 0x00007ff8001ef000 Uncommon trap: reason=unstable_if action=reinterpret pc=0x0000000116ce5544 method=module6.CommonMarker.draw(Lprocessing/core/PGraphics;FF)V @ 18
Event: 8.622 Thread 0x00007ff8001ef000 Uncommon trap: reason=unstable_if action=reinterpret pc=0x00000001167b7410 method=java.awt.font.FontRenderContext.equals(Ljava/awt/font/FontRenderContext;)Z @ 2
Event: 8.622 Thread 0x00007ff8001ef000 Uncommon trap: reason=unstable_if action=reinterpret pc=0x0000000116a59a38 method=java.awt.font.FontRenderContext.equals(Ljava/awt/font/FontRenderContext;)Z @ 2
Event: 8.623 Thread 0x00007ff8001ef000 Uncommon trap: reason=unstable_if action=reinterpret pc=0x0000000116cf7fc0 method=processing.core.PGraphics.text([CIIFF)V @ 41
Event: 8.623 Thread 0x00007ff8001ef000 Uncommon trap: reason=unstable_if action=reinterpret pc=0x000000011677fa90 method=processing.core.PApplet.max(II)I @ 2
Event: 8.626 Thread 0x00007ff8001ef000 Uncommon trap: reason=unstable_if action=reinterpret pc=0x0000000116cb025c method=processing.core.PFont.indexActual(C)I @ 4
Event: 9.704 Thread 0x00007ff800910800 Uncommon trap: reason=unstable_if action=reinterpret pc=0x00000001167c7854 method=java.awt.Font.equals(Ljava/lang/Object;)Z @ 2
Event: 9.750 Thread 0x00007ff7ffa4c000 Uncommon trap: reason=class_check action=maybe_recompile pc=0x00000001168ba610 method=java.util.HashMap.putVal(ILjava/lang/Object;Ljava/lang/Object;ZZ)Ljava/lang/Object; @ 91
Event: 9.750 Thread 0x00007ff7ffa4c000 Uncommon trap: reason=class_check action=maybe_recompile pc=0x00000001168ba610 method=java.util.HashMap.putVal(ILjava/lang/Object;Ljava/lang/Object;ZZ)Ljava/lang/Object; @ 91

Internal exceptions (10 events):
Event: 0.217 Thread 0x00007ff7ff009800 Exception <a 'java/lang/NoSuchFieldError': method resolution failed> (0x0000000795785f98) thrown at [/Users/java_re/workspace/8-2-build-macosx-x86_64/jdk8u111/7883/hotspot/src/share/vm/prims/methodHandles.cpp, line 1146]
Event: 0.219 Thread 0x00007ff7ff009800 Exception <a 'java/lang/NoSuchFieldError': method resolution failed> (0x0000000795793768) thrown at [/Users/java_re/workspace/8-2-build-macosx-x86_64/jdk8u111/7883/hotspot/src/share/vm/prims/methodHandles.cpp, line 1146]
Event: 0.432 Thread 0x00007ff7ff009800 Exception <a 'java/io/FileNotFoundException'> (0x000000079580ee90) thrown at [/Users/java_re/workspace/8-2-build-macosx-x86_64/jdk8u111/7883/hotspot/src/share/vm/prims/jni.cpp, line 709]
Event: 0.432 Thread 0x00007ff7ff009800 Exception <a 'java/io/FileNotFoundException'> (0x000000079580f9f8) thrown at [/Users/java_re/workspace/8-2-build-macosx-x86_64/jdk8u111/7883/hotspot/src/share/vm/prims/jni.cpp, line 709]
Event: 0.602 Thread 0x00007ff7ff009800 Exception <a 'java/io/FileNotFoundException'> (0x000000079594b4a0) thrown at [/Users/java_re/workspace/8-2-build-macosx-x86_64/jdk8u111/7883/hotspot/src/share/vm/prims/jni.cpp, line 709]
Event: 2.273 Thread 0x00007ff7ff309800 Exception <a 'java/lang/UnsatisfiedLinkError': com.jogamp.common.util.JarUtil.fixNativeLibAttribs(Ljava/lang/String;)Z> (0x0000000796b5a5f0) thrown at [/Users/java_re/workspace/8-2-build-macosx-x86_64/jdk8u111/7883/hotspot/src/share/vm/prims/nativeLookup.
Event: 2.583 Thread 0x00007ff7ff01a800 Exception <a 'java/lang/NullPointerException'> (0x00000007956a61c0) thrown at [/Users/java_re/workspace/8-2-build-macosx-x86_64/jdk8u111/7883/hotspot/src/share/vm/interpreter/linkResolver.cpp, line 1178]
Event: 3.170 Thread 0x00007ff8001ef000 Exception <a 'java/io/FileNotFoundException'> (0x0000000795ec7ea8) thrown at [/Users/java_re/workspace/8-2-build-macosx-x86_64/jdk8u111/7883/hotspot/src/share/vm/prims/jni.cpp, line 709]
Event: 3.171 Thread 0x00007ff8001ef000 Exception <a 'java/io/FileNotFoundException'> (0x0000000795ece2c0) thrown at [/Users/java_re/workspace/8-2-build-macosx-x86_64/jdk8u111/7883/hotspot/src/share/vm/prims/jni.cpp, line 709]
Event: 3.171 Thread 0x00007ff8001ef000 Implicit null exception at 0x00000001165c06b6 to 0x00000001165c0a85

Events (10 events):
Event: 9.762 loading class com/jogamp/nativewindow/awt/JAWTWindow$JAWTComponentListener$2
Event: 9.762 loading class com/jogamp/nativewindow/awt/JAWTWindow$JAWTComponentListener$2 done
Event: 9.763 loading class jogamp/nativewindow/jawt/macosx/MacOSXJAWTWindow$1
Event: 9.763 loading class jogamp/nativewindow/jawt/macosx/MacOSXJAWTWindow$1 done
Event: 9.765 loading class java/awt/LightweightDispatcher$2
Event: 9.765 loading class java/awt/LightweightDispatcher$2 done
Event: 9.765 loading class java/awt/event/AWTEventListenerProxy
Event: 9.765 loading class java/awt/event/AWTEventListenerProxy done
Event: 9.765 loading class java/awt/Toolkit$ToolkitEventMulticaster
Event: 9.765 loading class java/awt/Toolkit$ToolkitEventMulticaster done


Dynamic libraries:
0x00000000222bc000 	/System/Library/Frameworks/Cocoa.framework/Versions/A/Cocoa
0x00000000222bc000 	/System/Library/Frameworks/Security.framework/Versions/A/Security
0x00000000222bc000 	/System/Library/Frameworks/ApplicationServices.framework/Versions/A/ApplicationServices
0x00000000222bc000 	/usr/lib/libz.1.dylib
0x00000000222bc000 	/usr/lib/libSystem.B.dylib
0x00000000222bc000 	/usr/lib/libobjc.A.dylib
0x00000000222bc000 	/System/Library/Frameworks/CoreFoundation.framework/Versions/A/CoreFoundation
0x00000000222bc000 	/System/Library/Frameworks/Foundation.framework/Versions/C/Foundation
0x00000000222bc000 	/System/Library/Frameworks/AppKit.framework/Versions/C/AppKit
0x00000000222bc000 	/System/Library/Frameworks/CoreData.framework/Versions/A/CoreData
0x00000000222bc000 	/System/Library/PrivateFrameworks/RemoteViewServices.framework/Versions/A/RemoteViewServices
0x00000000222bc000 	/System/Library/PrivateFrameworks/UIFoundation.framework/Versions/A/UIFoundation
0x00000000222bc000 	/System/Library/PrivateFrameworks/DFRFoundation.framework/Versions/A/DFRFoundation
0x00000000222bc000 	/usr/lib/libenergytrace.dylib
0x00000000222bc000 	/System/Library/PrivateFrameworks/SkyLight.framework/Versions/A/SkyLight
0x00000000222bc000 	/System/Library/Frameworks/CoreGraphics.framework/Versions/A/CoreGraphics
0x00000000222bc000 	/usr/lib/libScreenReader.dylib
0x00000000222bc000 	/System/Library/Frameworks/Accelerate.framework/Versions/A/Accelerate
0x00000000222bc000 	/System/Library/Frameworks/IOSurface.framework/Versions/A/IOSurface
0x00000000222bc000 	/System/Library/Frameworks/AudioToolbox.framework/Versions/A/AudioToolbox
0x00000000222bc000 	/System/Library/Frameworks/AudioUnit.framework/Versions/A/AudioUnit
0x00000000222bc000 	/System/Library/PrivateFrameworks/DataDetectorsCore.framework/Versions/A/DataDetectorsCore
0x00000000222bc000 	/System/Library/PrivateFrameworks/DesktopServicesPriv.framework/Versions/A/DesktopServicesPriv
0x00000000222bc000 	/System/Library/Frameworks/Carbon.framework/Versions/A/Frameworks/HIToolbox.framework/Versions/A/HIToolbox
0x00000000222bc000 	/usr/lib/libicucore.A.dylib
0x00000000222bc000 	/System/Library/Frameworks/QuartzCore.framework/Versions/A/QuartzCore
0x00000000222bc000 	/System/Library/Frameworks/Carbon.framework/Versions/A/Frameworks/SpeechRecognition.framework/Versions/A/SpeechRecognition
0x00000000222bc000 	/usr/lib/libauto.dylib
0x00000000222bc000 	/usr/lib/libxml2.2.dylib
0x00000000222bc000 	/System/Library/PrivateFrameworks/CoreUI.framework/Versions/A/CoreUI
0x00000000222bc000 	/System/Library/Frameworks/CoreAudio.framework/Versions/A/CoreAudio
0x00000000222bc000 	/System/Library/Frameworks/DiskArbitration.framework/Versions/A/DiskArbitration
0x00000000222bc000 	/usr/lib/liblangid.dylib
0x00000000222bc000 	/System/Library/PrivateFrameworks/MultitouchSupport.framework/Versions/A/MultitouchSupport
0x00000000222bc000 	/System/Library/Frameworks/IOKit.framework/Versions/A/IOKit
0x00000000222bc000 	/usr/lib/libDiagnosticMessagesClient.dylib
0x00000000222bc000 	/System/Library/Frameworks/CoreServices.framework/Versions/A/CoreServices
0x00000000222bc000 	/System/Library/PrivateFrameworks/PerformanceAnalysis.framework/Versions/A/PerformanceAnalysis
0x00000000222bc000 	/System/Library/PrivateFrameworks/GenerationalStorage.framework/Versions/A/GenerationalStorage
0x00000000222bc000 	/System/Library/Frameworks/OpenGL.framework/Versions/A/OpenGL
0x00000000222bc000 	/System/Library/Frameworks/CoreImage.framework/Versions/A/CoreImage
0x00000000222bc000 	/System/Library/Frameworks/CoreText.framework/Versions/A/CoreText
0x00000000222bc000 	/System/Library/Frameworks/ImageIO.framework/Versions/A/ImageIO
0x00000000222bc000 	/System/Library/PrivateFrameworks/Backup.framework/Versions/A/Backup
0x00000000222bc000 	/usr/lib/libarchive.2.dylib
0x00000000222bc000 	/System/Library/Frameworks/CFNetwork.framework/Versions/A/CFNetwork
0x00000000222bc000 	/System/Library/Frameworks/SystemConfiguration.framework/Versions/A/SystemConfiguration
0x00000000222bc000 	/usr/lib/libCRFSuite.dylib
0x00000000222bc000 	/usr/lib/libc++.1.dylib
0x00000000222bc000 	/usr/lib/libc++abi.dylib
0x00000000222bc000 	/usr/lib/system/libcache.dylib
0x00000000222bc000 	/usr/lib/system/libcommonCrypto.dylib
0x00000000222bc000 	/usr/lib/system/libcompiler_rt.dylib
0x00000000222bc000 	/usr/lib/system/libcopyfile.dylib
0x00000000222bc000 	/usr/lib/system/libcorecrypto.dylib
0x00000000222bc000 	/usr/lib/system/libdispatch.dylib
0x00000000222bc000 	/usr/lib/system/libdyld.dylib
0x00000000222bc000 	/usr/lib/system/libkeymgr.dylib
0x00000000222bc000 	/usr/lib/system/liblaunch.dylib
0x00000000222bc000 	/usr/lib/system/libmacho.dylib
0x00000000222bc000 	/usr/lib/system/libquarantine.dylib
0x00000000222bc000 	/usr/lib/system/libremovefile.dylib
0x00000000222bc000 	/usr/lib/system/libsystem_asl.dylib
0x00000000222bc000 	/usr/lib/system/libsystem_blocks.dylib
0x00000000222bc000 	/usr/lib/system/libsystem_c.dylib
0x00000000222bc000 	/usr/lib/system/libsystem_configuration.dylib
0x00000000222bc000 	/usr/lib/system/libsystem_coreservices.dylib
0x00000000222bc000 	/usr/lib/system/libsystem_coretls.dylib
0x00000000222bc000 	/usr/lib/system/libsystem_dnssd.dylib
0x00000000222bc000 	/usr/lib/system/libsystem_info.dylib
0x00000000222bc000 	/usr/lib/system/libsystem_kernel.dylib
0x00000000222bc000 	/usr/lib/system/libsystem_m.dylib
0x00000000222bc000 	/usr/lib/system/libsystem_malloc.dylib
0x00000000222bc000 	/usr/lib/system/libsystem_network.dylib
0x00000000222bc000 	/usr/lib/system/libsystem_networkextension.dylib
0x00000000222bc000 	/usr/lib/system/libsystem_notify.dylib
0x00000000222bc000 	/usr/lib/system/libsystem_platform.dylib
0x00000000222bc000 	/usr/lib/system/libsystem_pthread.dylib
0x00000000222bc000 	/usr/lib/system/libsystem_sandbox.dylib
0x00000000222bc000 	/usr/lib/system/libsystem_secinit.dylib
0x00000000222bc000 	/usr/lib/system/libsystem_symptoms.dylib
0x00000000222bc000 	/usr/lib/system/libsystem_trace.dylib
0x00000000222bc000 	/usr/lib/system/libunwind.dylib
0x00000000222bc000 	/usr/lib/system/libxpc.dylib
0x00000000222bc000 	/usr/lib/libbsm.0.dylib
0x00000000222bc000 	/usr/lib/system/libkxld.dylib
0x00000000222bc000 	/usr/lib/libcoretls.dylib
0x00000000222bc000 	/usr/lib/libcoretls_cfhelpers.dylib
0x00000000222bc000 	/usr/lib/libOpenScriptingUtil.dylib
0x00000000222bc000 	/usr/lib/libpam.2.dylib
0x00000000222bc000 	/usr/lib/libsqlite3.dylib
0x00000000222bc000 	/usr/lib/libxar.1.dylib
0x00000000222bc000 	/usr/lib/libbz2.1.0.dylib
0x00000000222bc000 	/usr/lib/liblzma.5.dylib
0x00000000222bc000 	/usr/lib/libnetwork.dylib
0x00000000222bc000 	/usr/lib/libpcap.A.dylib
0x00000000222bc000 	/System/Library/Frameworks/CoreServices.framework/Versions/A/Frameworks/FSEvents.framework/Versions/A/FSEvents
0x00000000222bc000 	/System/Library/Frameworks/CoreServices.framework/Versions/A/Frameworks/CarbonCore.framework/Versions/A/CarbonCore
0x00000000222bc000 	/System/Library/Frameworks/CoreServices.framework/Versions/A/Frameworks/Metadata.framework/Versions/A/Metadata
0x00000000222bc000 	/System/Library/Frameworks/CoreServices.framework/Versions/A/Frameworks/OSServices.framework/Versions/A/OSServices
0x00000000222bc000 	/System/Library/Frameworks/CoreServices.framework/Versions/A/Frameworks/SearchKit.framework/Versions/A/SearchKit
0x00000000222bc000 	/System/Library/Frameworks/CoreServices.framework/Versions/A/Frameworks/AE.framework/Versions/A/AE
0x00000000222bc000 	/System/Library/Frameworks/CoreServices.framework/Versions/A/Frameworks/LaunchServices.framework/Versions/A/LaunchServices
0x00000000222bc000 	/System/Library/Frameworks/CoreServices.framework/Versions/A/Frameworks/DictionaryServices.framework/Versions/A/DictionaryServices
0x00000000222bc000 	/System/Library/Frameworks/CoreServices.framework/Versions/A/Frameworks/SharedFileList.framework/Versions/A/SharedFileList
0x00000000222bc000 	/System/Library/Frameworks/NetFS.framework/Versions/A/NetFS
0x00000000222bc000 	/System/Library/PrivateFrameworks/NetAuth.framework/Versions/A/NetAuth
0x00000000222bc000 	/System/Library/PrivateFrameworks/login.framework/Versions/A/Frameworks/loginsupport.framework/Versions/A/loginsupport
0x00000000222bc000 	/System/Library/PrivateFrameworks/TCC.framework/Versions/A/TCC
0x00000000222bc000 	/usr/lib/libmecabra.dylib
0x00000000222bc000 	/System/Library/Frameworks/ApplicationServices.framework/Versions/A/Frameworks/ATS.framework/Versions/A/ATS
0x00000000222bc000 	/System/Library/Frameworks/ApplicationServices.framework/Versions/A/Frameworks/ColorSync.framework/Versions/A/ColorSync
0x00000000222bc000 	/System/Library/Frameworks/ApplicationServices.framework/Versions/A/Frameworks/HIServices.framework/Versions/A/HIServices
0x00000000222bc000 	/System/Library/Frameworks/ApplicationServices.framework/Versions/A/Frameworks/LangAnalysis.framework/Versions/A/LangAnalysis
0x00000000222bc000 	/System/Library/Frameworks/ApplicationServices.framework/Versions/A/Frameworks/PrintCore.framework/Versions/A/PrintCore
0x00000000222bc000 	/System/Library/Frameworks/ApplicationServices.framework/Versions/A/Frameworks/QD.framework/Versions/A/QD
0x00000000222bc000 	/System/Library/Frameworks/ApplicationServices.framework/Versions/A/Frameworks/SpeechSynthesis.framework/Versions/A/SpeechSynthesis
0x00000000222bc000 	/System/Library/Frameworks/Accelerate.framework/Versions/A/Frameworks/vImage.framework/Versions/A/vImage
0x00000000222bc000 	/System/Library/Frameworks/Accelerate.framework/Versions/A/Frameworks/vecLib.framework/Versions/A/vecLib
0x00000000222bc000 	/System/Library/Frameworks/Accelerate.framework/Versions/A/Frameworks/vecLib.framework/Versions/A/libvDSP.dylib
0x00000000222bc000 	/System/Library/Frameworks/Accelerate.framework/Versions/A/Frameworks/vecLib.framework/Versions/A/libBNNS.dylib
0x00000000222bc000 	/System/Library/Frameworks/Accelerate.framework/Versions/A/Frameworks/vecLib.framework/Versions/A/libQuadrature.dylib
0x00000000222bc000 	/System/Library/Frameworks/Accelerate.framework/Versions/A/Frameworks/vecLib.framework/Versions/A/libvMisc.dylib
0x00000000222bc000 	/System/Library/Frameworks/Accelerate.framework/Versions/A/Frameworks/vecLib.framework/Versions/A/libLAPACK.dylib
0x00000000222bc000 	/System/Library/Frameworks/Accelerate.framework/Versions/A/Frameworks/vecLib.framework/Versions/A/libBLAS.dylib
0x00000000222bc000 	/System/Library/Frameworks/Accelerate.framework/Versions/A/Frameworks/vecLib.framework/Versions/A/libLinearAlgebra.dylib
0x00000000222bc000 	/System/Library/Frameworks/Accelerate.framework/Versions/A/Frameworks/vecLib.framework/Versions/A/libSparseBLAS.dylib
0x00000000222bc000 	/System/Library/Frameworks/ApplicationServices.framework/Versions/A/Frameworks/ATS.framework/Versions/A/Resources/libFontParser.dylib
0x00000000222bc000 	/System/Library/Frameworks/ApplicationServices.framework/Versions/A/Frameworks/ATS.framework/Versions/A/Resources/libFontRegistry.dylib
0x00000000222bc000 	/System/Library/Frameworks/ImageIO.framework/Versions/A/Resources/libJPEG.dylib
0x00000000222bc000 	/System/Library/Frameworks/ImageIO.framework/Versions/A/Resources/libTIFF.dylib
0x00000000222bc000 	/System/Library/Frameworks/ImageIO.framework/Versions/A/Resources/libPng.dylib
0x00000000222bc000 	/System/Library/Frameworks/ImageIO.framework/Versions/A/Resources/libGIF.dylib
0x00000000222bc000 	/System/Library/Frameworks/ImageIO.framework/Versions/A/Resources/libJP2.dylib
0x00000000222bc000 	/System/Library/Frameworks/ImageIO.framework/Versions/A/Resources/libRadiance.dylib
0x00000000222bc000 	/usr/lib/libcompression.dylib
0x00000000222bc000 	/System/Library/PrivateFrameworks/AppleJPEG.framework/Versions/A/AppleJPEG
0x00000000222bc000 	/usr/lib/libcups.2.dylib
0x00000000222bc000 	/System/Library/Frameworks/Kerberos.framework/Versions/A/Kerberos
0x00000000222bc000 	/System/Library/Frameworks/GSS.framework/Versions/A/GSS
0x00000000222bc000 	/usr/lib/libresolv.9.dylib
0x00000000222bc000 	/usr/lib/libiconv.2.dylib
0x00000000222bc000 	/System/Library/PrivateFrameworks/Heimdal.framework/Versions/A/Heimdal
0x00000000222bc000 	/usr/lib/libheimdal-asn1.dylib
0x00000000222bc000 	/System/Library/Frameworks/OpenDirectory.framework/Versions/A/OpenDirectory
0x00000000222bc000 	/System/Library/PrivateFrameworks/CommonAuth.framework/Versions/A/CommonAuth
0x00000000222bc000 	/System/Library/Frameworks/OpenDirectory.framework/Versions/A/Frameworks/CFOpenDirectory.framework/Versions/A/CFOpenDirectory
0x00000000222bc000 	/System/Library/Frameworks/SecurityFoundation.framework/Versions/A/SecurityFoundation
0x00000000222bc000 	/System/Library/PrivateFrameworks/LanguageModeling.framework/Versions/A/LanguageModeling
0x00000000222bc000 	/usr/lib/libmarisa.dylib
0x00000000222bc000 	/usr/lib/libChineseTokenizer.dylib
0x00000000222bc000 	/usr/lib/libcmph.dylib
0x00000000222bc000 	/System/Library/PrivateFrameworks/CoreEmoji.framework/Versions/A/CoreEmoji
0x00000000222bc000 	/System/Library/Frameworks/ServiceManagement.framework/Versions/A/ServiceManagement
0x00000000222bc000 	/usr/lib/libxslt.1.dylib
0x00000000222bc000 	/System/Library/Frameworks/Carbon.framework/Versions/A/Frameworks/Ink.framework/Versions/A/Ink
0x00000000222bc000 	/System/Library/PrivateFrameworks/TextureIO.framework/Versions/A/TextureIO
0x00000000222bc000 	/System/Library/Frameworks/Metal.framework/Versions/A/Metal
0x00000000222bc000 	/usr/lib/libate.dylib
0x00000000222bc000 	/System/Library/PrivateFrameworks/GPUCompiler.framework/libmetal_timestamp.dylib
0x00000000222bc000 	/System/Library/Frameworks/OpenGL.framework/Versions/A/Libraries/libCoreFSCache.dylib
0x00000000222bc000 	/System/Library/PrivateFrameworks/IOAccelerator.framework/Versions/A/IOAccelerator
0x00000000222bc000 	/System/Library/Frameworks/CoreVideo.framework/Versions/A/CoreVideo
0x00000000222bc000 	/usr/lib/libFosl_dynamic.dylib
0x00000000222bc000 	/System/Library/PrivateFrameworks/MetalPerformanceShaders.framework/Versions/A/MetalPerformanceShaders
0x00000000222bc000 	/System/Library/PrivateFrameworks/FaceCore.framework/Versions/A/FaceCore
0x00000000222bc000 	/System/Library/Frameworks/OpenCL.framework/Versions/A/OpenCL
0x00000000222bc000 	/System/Library/Frameworks/OpenGL.framework/Versions/A/Libraries/libGLU.dylib
0x00000000222bc000 	/System/Library/Frameworks/OpenGL.framework/Versions/A/Libraries/libGFXShared.dylib
0x00000000222bc000 	/System/Library/Frameworks/OpenGL.framework/Versions/A/Libraries/libGL.dylib
0x00000000222bc000 	/System/Library/Frameworks/OpenGL.framework/Versions/A/Libraries/libGLImage.dylib
0x00000000222bc000 	/System/Library/Frameworks/OpenGL.framework/Versions/A/Libraries/libCVMSPluginSupport.dylib
0x00000000222bc000 	/System/Library/Frameworks/OpenGL.framework/Versions/A/Libraries/libCoreVMClient.dylib
0x00000000222bc000 	/System/Library/PrivateFrameworks/CrashReporterSupport.framework/Versions/A/CrashReporterSupport
0x00000000222bc000 	/System/Library/PrivateFrameworks/Sharing.framework/Versions/A/Sharing
0x00000000222bc000 	/System/Library/PrivateFrameworks/IconServices.framework/Versions/A/IconServices
0x00000000222bc000 	/System/Library/PrivateFrameworks/ProtocolBuffer.framework/Versions/A/ProtocolBuffer
0x00000000222bc000 	/System/Library/PrivateFrameworks/Apple80211.framework/Versions/A/Apple80211
0x00000000222bc000 	/System/Library/Frameworks/CoreWLAN.framework/Versions/A/CoreWLAN
0x00000000222bc000 	/System/Library/PrivateFrameworks/CoreUtils.framework/Versions/A/CoreUtils
0x00000000222bc000 	/System/Library/Frameworks/IOBluetooth.framework/Versions/A/IOBluetooth
0x00000000222bc000 	/System/Library/PrivateFrameworks/CoreWiFi.framework/Versions/A/CoreWiFi
0x00000000222bc000 	/System/Library/Frameworks/CoreBluetooth.framework/Versions/A/CoreBluetooth
0x00000000222bc000 	/System/Library/Frameworks/CoreDisplay.framework/Versions/A/CoreDisplay
0x00000000222bc000 	/System/Library/PrivateFrameworks/IOPresentment.framework/Versions/A/IOPresentment
0x00000000222bc000 	/System/Library/PrivateFrameworks/DSExternalDisplay.framework/Versions/A/DSExternalDisplay
0x00000000222bc000 	/System/Library/PrivateFrameworks/DebugSymbols.framework/Versions/A/DebugSymbols
0x00000000222bc000 	/System/Library/PrivateFrameworks/CoreSymbolication.framework/Versions/A/CoreSymbolication
0x00000000222bc000 	/System/Library/PrivateFrameworks/Symbolication.framework/Versions/A/Symbolication
0x00000000222bc000 	/System/Library/PrivateFrameworks/AppleFSCompression.framework/Versions/A/AppleFSCompression
0x00000000222bc000 	/System/Library/PrivateFrameworks/SpeechRecognitionCore.framework/Versions/A/SpeechRecognitionCore
0x00000000222bc000 	/System/Library/PrivateFrameworks/ChunkingLibrary.framework/Versions/A/ChunkingLibrary
0x0000000109942000 	/Library/Java/JavaVirtualMachines/jdk1.8.0_111.jdk/Contents/Home/jre/lib/server/libjvm.dylib
0x000000010a8e3000 	/usr/lib/libstdc++.6.dylib
0x000000010a99c000 	/Library/Java/JavaVirtualMachines/jdk1.8.0_111.jdk/Contents/Home/jre/lib/libverify.dylib
0x000000010a9aa000 	/Library/Java/JavaVirtualMachines/jdk1.8.0_111.jdk/Contents/Home/jre/lib/libjava.dylib
0x000000010a9e9000 	/Library/Java/JavaVirtualMachines/jdk1.8.0_111.jdk/Contents/Home/jre/lib/libzip.dylib
0x0000000111b63000 	/System/Library/Frameworks/JavaVM.framework/Frameworks/JavaRuntimeSupport.framework/JavaRuntimeSupport
0x0000000111b7d000 	/System/Library/Frameworks/JavaVM.framework/Versions/A/Frameworks/JavaNativeFoundation.framework/Versions/A/JavaNativeFoundation
0x000000010a9f3000 	/System/Library/Frameworks/JavaVM.framework/Versions/A/JavaVM
0x00000000222bc000 	/System/Library/Frameworks/Carbon.framework/Versions/A/Carbon
0x0000000111b92000 	/System/Library/PrivateFrameworks/JavaLaunching.framework/Versions/A/JavaLaunching
0x00000000222bc000 	/System/Library/Frameworks/Carbon.framework/Versions/A/Frameworks/CommonPanels.framework/Versions/A/CommonPanels
0x00000000222bc000 	/System/Library/Frameworks/Carbon.framework/Versions/A/Frameworks/Help.framework/Versions/A/Help
0x00000000222bc000 	/System/Library/Frameworks/Carbon.framework/Versions/A/Frameworks/ImageCapture.framework/Versions/A/ImageCapture
0x00000000222bc000 	/System/Library/Frameworks/Carbon.framework/Versions/A/Frameworks/OpenScripting.framework/Versions/A/OpenScripting
0x00000000222bc000 	/System/Library/Frameworks/Carbon.framework/Versions/A/Frameworks/Print.framework/Versions/A/Print
0x00000000222bc000 	/System/Library/Frameworks/Carbon.framework/Versions/A/Frameworks/SecurityHI.framework/Versions/A/SecurityHI
0x00000001134a1000 	/Library/Java/JavaVirtualMachines/jdk1.8.0_111.jdk/Contents/Home/jre/lib/libawt.dylib
0x0000000113549000 	/Library/Java/JavaVirtualMachines/jdk1.8.0_111.jdk/Contents/Home/jre/lib/./libmlib_image.dylib
0x0000000113615000 	/Library/Java/JavaVirtualMachines/jdk1.8.0_111.jdk/Contents/Home/jre/lib/libawt_lwawt.dylib
0x00000001136ca000 	/Library/Java/JavaVirtualMachines/jdk1.8.0_111.jdk/Contents/Home/jre/lib/./libosxapp.dylib
0x00000000222bc000 	/System/Library/Frameworks/ExceptionHandling.framework/Versions/A/ExceptionHandling
0x00000000222bc000 	/System/Library/PrivateFrameworks/CoreServicesInternal.framework/Versions/A/CoreServicesInternal
0x00000000222bc000 	/System/Library/CoreServices/RawCamera.bundle/Contents/MacOS/RawCamera
0x000000011375e000 	/System/Library/Frameworks/Accelerate.framework/Frameworks/vImage.framework/Versions/A/Libraries/libCGInterfaces.dylib
0x00000000222bc000 	/System/Library/Frameworks/ApplicationServices.framework/Versions/A/Frameworks/ATS.framework/Versions/A/Resources/libTrueTypeScaler.dylib
0x0000000115781000 	/System/Library/Frameworks/OpenGL.framework/Resources/GLEngine.bundle/GLEngine
0x00000000222bc000 	/System/Library/Frameworks/OpenGL.framework/Versions/A/Libraries/libGLProgrammability.dylib
0x0000000115966000 	/System/Library/Extensions/AppleIntelBDWGraphicsGLDriver.bundle/Contents/MacOS/AppleIntelBDWGraphicsGLDriver
0x00000000222bc000 	/System/Library/PrivateFrameworks/GPUSupport.framework/Versions/A/Libraries/libGPUSupportMercury.dylib
0x0000000113fd4000 	/System/Library/Frameworks/OpenGL.framework/Resources//GLRendererFloat.bundle/GLRendererFloat
0x00000000222bc000 	/System/Library/Frameworks/OpenCL.framework/Versions/A/Libraries/libcldcpuengine.dylib
0x00000000222bc000 	/usr/lib/libcrypto.0.9.8.dylib
0x00000000222bc000 	/System/Library/PrivateFrameworks/TrustEvaluationAgent.framework/Versions/A/TrustEvaluationAgent
0x00000001160d0000 	/System/Library/Extensions/AppleIntelBDWGraphicsMTLDriver.bundle/Contents/MacOS/AppleIntelBDWGraphicsMTLDriver
0x00000000222bc000 	/System/Library/PrivateFrameworks/FamilyControls.framework/Versions/A/FamilyControls
0x00000000222bc000 	/System/Library/PrivateFrameworks/CommerceKit.framework/Versions/A/Frameworks/CommerceCore.framework/Versions/A/CommerceCore
0x00000000222bc000 	/System/Library/PrivateFrameworks/SystemAdministration.framework/Versions/A/SystemAdministration
0x00000000222bc000 	/System/Library/PrivateFrameworks/AppContainer.framework/Versions/A/AppContainer
0x00000000222bc000 	/System/Library/PrivateFrameworks/SecCodeWrapper.framework/Versions/A/SecCodeWrapper
0x00000000222bc000 	/System/Library/Frameworks/DirectoryService.framework/Versions/A/DirectoryService
0x00000000222bc000 	/System/Library/PrivateFrameworks/DiskImages.framework/Versions/A/DiskImages
0x00000000222bc000 	/System/Library/PrivateFrameworks/LoginUIKit.framework/Versions/A/Frameworks/LoginUICore.framework/Versions/A/LoginUICore
0x00000000222bc000 	/usr/lib/libCoreStorage.dylib
0x00000000222bc000 	/usr/lib/libcsfde.dylib
0x00000000222bc000 	/usr/lib/libodfde.dylib
0x00000000222bc000 	/System/Library/Frameworks/DiscRecording.framework/Versions/A/DiscRecording
0x00000000222bc000 	/usr/lib/libcurl.4.dylib
0x00000000222bc000 	/System/Library/PrivateFrameworks/MediaKit.framework/Versions/A/MediaKit
0x00000000222bc000 	/System/Library/PrivateFrameworks/ProtectedCloudStorage.framework/Versions/A/ProtectedCloudStorage
0x00000000222bc000 	/System/Library/PrivateFrameworks/EFILogin.framework/Versions/A/EFILogin
0x00000000222bc000 	/usr/lib/libutil.dylib
0x00000000222bc000 	/System/Library/Frameworks/LDAP.framework/Versions/A/LDAP
0x00000000222bc000 	/usr/lib/libsasl2.2.dylib
0x00000000222bc000 	/System/Library/PrivateFrameworks/CoreDaemon.framework/Versions/B/CoreDaemon
0x00000000222bc000 	/System/Library/PrivateFrameworks/AppleSRP.framework/Versions/A/AppleSRP
0x00000000222bc000 	/System/Library/PrivateFrameworks/APFS.framework/Versions/A/APFS
0x0000000127113000 	/Library/Java/JavaVirtualMachines/jdk1.8.0_111.jdk/Contents/Home/jre/lib/libfontmanager.dylib
0x00000000222bc000 	/System/Library/PrivateFrameworks/ViewBridge.framework/Versions/A/ViewBridge
0x00000000222bc000 	/System/Library/PrivateFrameworks/XPCService.framework/Versions/A/XPCService
0x00000000222bc000 	/System/Library/PrivateFrameworks/AppSandbox.framework/Versions/A/AppSandbox
0x00000000222bc000 	/usr/lib/libsandbox.1.dylib
0x00000000222bc000 	/usr/lib/libMatch.1.dylib
0x00000001284fb000 	/Library/Java/JavaVirtualMachines/jdk1.8.0_111.jdk/Contents/Home/jre/lib/libosxui.dylib
0x0000000129284000 	/Library/Java/JavaVirtualMachines/jdk1.8.0_111.jdk/Contents/Home/jre/lib/libnet.dylib
0x000000012929b000 	/Library/Java/JavaVirtualMachines/jdk1.8.0_111.jdk/Contents/Home/jre/lib/libnio.dylib
0x00000001284f4000 	/private/var/folders/99/pp3fz67d34l2n2q9ztrt9jpr0000gn/T/jogamp_0000/file_cache/jln4223684338367433261/jln9181505677066208714/libgluegen-rt.jnilib
0x000000012904c000 	/private/var/folders/99/pp3fz67d34l2n2q9ztrt9jpr0000gn/T/jogamp_0000/file_cache/jln4223684338367433261/jln9181505677066208714/libnativewindow_awt.jnilib
0x000000015495b000 	/Library/Java/JavaVirtualMachines/jdk1.8.0_111.jdk/Contents/Home/jre/lib/libjawt.dylib
0x000000015495e000 	/private/var/folders/99/pp3fz67d34l2n2q9ztrt9jpr0000gn/T/jogamp_0000/file_cache/jln4223684338367433261/jln9181505677066208714/libnativewindow_macosx.jnilib
0x000000015bbf8000 	/private/var/folders/99/pp3fz67d34l2n2q9ztrt9jpr0000gn/T/jogamp_0000/file_cache/jln4223684338367433261/jln9181505677066208714/libjogl_desktop.jnilib
0x0000000115575000 	/Library/Java/JavaVirtualMachines/jdk1.8.0_111.jdk/Contents/Home/jre/lib/libsunec.dylib
0x0000000160447000 	/Library/Java/JavaVirtualMachines/jdk1.8.0_111.jdk/Contents/Home/jre/lib/libt2k.dylib
0x0000000154968000 	/Library/Java/JavaVirtualMachines/jdk1.8.0_111.jdk/Contents/Home/jre/lib/libjpeg.dylib

VM Arguments:
jvm_args: -Djava.security.policy=java.policy.applet -Dfile.encoding=UTF-8 
java_command: sun.applet.AppletViewer module6.EarthquakeCityMap1492715898119.html
java_class_path (initial): /Users/loris/Documents/workspace/UCSD/UCSDUnfoldingMaps/build:/Users/loris/Documents/workspace/UCSD/UCSDUnfoldingMaps/lib/core.jar:/Users/loris/Documents/workspace/UCSD/UCSDUnfoldingMaps/lib/gluegen-rt.jar:/Users/loris/Documents/workspace/UCSD/UCSDUnfoldingMaps/lib/jogl-all.jar:/Users/loris/Documents/workspace/UCSD/UCSDUnfoldingMaps/lib/log4j-1.2.15.jar:/Users/loris/Documents/workspace/UCSD/UCSDUnfoldingMaps/lib/sqlite-jdbc-3.7.2.jar:/Users/loris/Documents/workspace/UCSD/UCSDUnfoldingMaps/lib/json4processing.jar:/Users/loris/Documents/workspace/UCSD/UCSDUnfoldingMaps/lib/libTUIO.jar:/Users/loris/Documents/workspace/UCSD/UCSDUnfoldingMaps/lib/unfolding.0.9.7-uscd.jar
Launcher Type: SUN_STANDARD

Environment Variables:
PATH=/usr/bin:/bin:/usr/sbin:/sbin
SHELL=/bin/bash

Signal Handlers:
SIGSEGV: [libjvm.dylib+0x5b03ed], sa_mask[0]=11111111011111110111111111111111, sa_flags=SA_ONSTACK|SA_RESTART|SA_SIGINFO
SIGBUS: [libjvm.dylib+0x5b03ed], sa_mask[0]=11111111011111110111111111111111, sa_flags=SA_RESTART|SA_SIGINFO
SIGFPE: [libjvm.dylib+0x48711c], sa_mask[0]=11111111011111110111111111111111, sa_flags=SA_RESTART|SA_SIGINFO
SIGPIPE: [libjvm.dylib+0x48711c], sa_mask[0]=11111111011111110111111111111111, sa_flags=SA_RESTART|SA_SIGINFO
SIGXFSZ: [libjvm.dylib+0x48711c], sa_mask[0]=11111111011111110111111111111111, sa_flags=SA_RESTART|SA_SIGINFO
SIGILL: [libjvm.dylib+0x48711c], sa_mask[0]=11111111011111110111111111111111, sa_flags=SA_RESTART|SA_SIGINFO
SIGUSR1: SIG_DFL, sa_mask[0]=00000000000000000000000000000000, sa_flags=none
SIGUSR2: [libjvm.dylib+0x486c3a], sa_mask[0]=00100000000000000000000000000000, sa_flags=SA_RESTART|SA_SIGINFO
SIGHUP: [libjvm.dylib+0x485211], sa_mask[0]=11111111011111110111111111111111, sa_flags=SA_RESTART|SA_SIGINFO
SIGINT: [libjvm.dylib+0x485211], sa_mask[0]=11111111011111110111111111111111, sa_flags=SA_RESTART|SA_SIGINFO
SIGTERM: [libjvm.dylib+0x485211], sa_mask[0]=11111111011111110111111111111111, sa_flags=SA_RESTART|SA_SIGINFO
SIGQUIT: [libjvm.dylib+0x485211], sa_mask[0]=11111111011111110111111111111111, sa_flags=SA_RESTART|SA_SIGINFO


---------------  S Y S T E M  ---------------

OS:Bsduname:Darwin 16.5.0 Darwin Kernel Version 16.5.0: Fri Mar  3 16:52:33 PST 2017; root:xnu-3789.51.2~3/RELEASE_X86_64 x86_64
rlimit: STACK 8192k, CORE 0k, NPROC 709, NOFILE 10240, AS infinity
load average:2.12 1.66 1.55

CPU:total 4 (2 cores per cpu, 2 threads per core) family 6 model 61 stepping 4, cmov, cx8, fxsr, mmx, sse, sse2, sse3, ssse3, sse4.1, sse4.2, popcnt, avx, avx2, aes, clmul, erms, 3dnowpref, lzcnt, ht, tsc, tscinvbit, bmi1, bmi2, adx

Memory: 4k page, physical 8388608k(300956k free)

/proc/meminfo:


vm_info: Java HotSpot(TM) 64-Bit Server VM (25.111-b14) for bsd-amd64 JRE (1.8.0_111-b14), built on Sep 22 2016 15:31:41 by "java_re" with gcc 4.2.1 (Based on Apple Inc. build 5658) (LLVM build 2336.11.00)

time: Thu Apr 20 21:18:27 2017
elapsed time: 9 seconds (0d 0h 0m 9s)

