#
# A fatal error has been detected by the Java Runtime Environment:
#
#  SIGSEGV (0xb) at pc=0x00007fffac52705d, pid=874, tid=0x0000000000000307
#
# JRE version: Java(TM) SE Runtime Environment (8.0_111-b14) (build 1.8.0_111-b14)
# Java VM: Java HotSpot(TM) 64-Bit Server VM (25.111-b14 mixed mode bsd-amd64 compressed oops)
# Problematic frame:
# C  [libobjc.A.dylib+0x705d]  objc_msgSend+0x1d
#
# Failed to write core dump. Core dumps have been disabled. To enable core dumping, try "ulimit -c unlimited" before starting Java again
#
# If you would like to submit a bug report, please visit:
#   http://bugreport.java.com/bugreport/crash.jsp
# The crash happened outside the Java Virtual Machine in native code.
# See problematic frame for where to report the bug.
#

---------------  T H R E A D  ---------------

Current thread (0x00007fa26d0ce800):  JavaThread "AWT-AppKit" daemon [_thread_in_native, id=775, stack(0x00007fff52e4b000,0x00007fff5364b000)]

siginfo: si_signo: 11 (SIGSEGV), si_code: 1 (SEGV_MAPERR), si_addr: 0x000007fa26ef7298

Registers:
RAX=0x00007fa26c494420, RBX=0x0000000157607450, RCX=0x00007fa26e900010, RDX=0x0000000000000000
RSP=0x00007fff53646408, RBP=0x00007fff536464c0, RSI=0x00007fff95dda134, RDI=0x00007fa26ef9c650
R8 =0x0000000000000018, R9 =0x00007fa26e900040, R10=0x000007fa26ef7280, R11=0x00007fff95dda134
R12=0x0000000000000000, R13=0x000000015e7cbe10, R14=0x0000000157607440, R15=0x00007fa26d0ce800
RIP=0x00007fffac52705d, EFLAGS=0x0000000000010202, ERR=0x0000000000000004
  TRAPNO=0x000000000000000e

Top of Stack: (sp=0x00007fff53646408)
0x00007fff53646408:   0000000157605157 00007fff53646460
0x00007fff53646418:   0000000000000003 00007fff53646440
0x00007fff53646428:   000000010d1f27be 000000015e7cbe10
0x00007fff53646438:   000000015e7cbe10 00007fa26c494420
0x00007fff53646448:   00000001576076a0 0000000157607710
0x00007fff53646458:   00007fffb258b6d0 00007fffb31bb1e0
0x00007fff53646468:   0000000157607450 0000000157607690
0x00007fff53646478:   00007fa26c494420 00007fa26ef9c650
0x00007fff53646488:   00007fa2719ee900 00007fa26c494420
0x00007fff53646498:   00007fa26ef9c650 00007fff53646540
0x00007fff536464a8:   00007fa26d0ce9f8 000000015e7cbe10
0x00007fff536464b8:   00007fff53646568 00007fff53646530
0x00007fff536464c8:   0000000110cb89f4 00007fff53646530
0x00007fff536464d8:   0000000110cb8779 0000000110cc49a3
0x00007fff536464e8:   0000000110cb8742 00007fff536464f0
0x00007fff536464f8:   000000015e7cbe10 00007fff53646568
0x00007fff53646508:   000000015e7cd440 0000000000000000
0x00007fff53646518:   000000015e7cbe10 0000000000000000
0x00007fff53646528:   00007fff53646550 00007fff536465b0
0x00007fff53646538:   0000000110ca92bd 00000007402fd858
0x00007fff53646548:   0000000110cb2538 00007fa26c494420
0x00007fff53646558:   0000000110cb3e39 00007fa26ef9c650
0x00007fff53646568:   0000000110cb3e02 00007fff53646570
0x00007fff53646578:   000000015e7cbfda 00007fff536465d8
0x00007fff53646588:   000000015e7cd440 0000000000000000
0x00007fff53646598:   000000015e7cbfe8 00007fff53646550
0x00007fff536465a8:   00007fff536465c0 00007fff53646620
0x00007fff536465b8:   0000000110ca92bd 00007fa26c494420
0x00007fff536465c8:   00000007403c9d20 00007fa26ef9c650
0x00007fff536465d8:   00000007403c9d20 00007fff536465e0
0x00007fff536465e8:   0000000160ddde4e 00007fff53646630
0x00007fff536465f8:   0000000160dddf08 0000000000000000 

Instructions: (pc=0x00007fffac52705d)
0x00007fffac52703d:   0f 1f 00 48 85 ff 2e 74 62 40 f6 c7 01 2e 75 66
0x00007fffac52704d:   49 ba f8 ff ff ff ff 7f 00 00 4c 23 17 49 89 f3
0x00007fffac52705d:   45 23 5a 18 49 c1 e3 04 4d 03 5a 10 49 3b 33 75
0x00007fffac52706d:   04 41 ff 63 08 49 83 3b 01 76 0d 49 83 c3 10 49 

Register to memory mapping:

RAX=0x00007fa26c494420 is an unknown value
RBX=0x0000000157607450: Java_jogamp_nativewindow_macosx_OSXUtil_GetScreenRefreshRate0+0x1cf0 in /private/var/folders/99/pp3fz67d34l2n2q9ztrt9jpr0000gn/T/jogamp_0000/file_cache/jln6537594605427483512/jln1012680502339464659/libnativewindow_macosx.jnilib at 0x0000000157600000
RCX=0x00007fa26e900010 is an unknown value
RDX=0x0000000000000000 is an unknown value
RSP=0x00007fff53646408 is pointing into the stack for thread: 0x00007fa26d0ce800
RBP=0x00007fff536464c0 is pointing into the stack for thread: 0x00007fa26d0ce800
RSI=0x00007fff95dda134: __NSStyleNameIndexTable+0x7fcec in /System/Library/Frameworks/AppKit.framework/Versions/C/AppKit at 0x00007fff9516d000
RDI=0x00007fa26ef9c650 is an unknown value
R8 =0x0000000000000018 is an unknown value
R9 =0x00007fa26e900040 is an unknown value
R10=0x000007fa26ef7280 is an unknown value
R11=0x00007fff95dda134: __NSStyleNameIndexTable+0x7fcec in /System/Library/Frameworks/AppKit.framework/Versions/C/AppKit at 0x00007fff9516d000
R12=0x0000000000000000 is an unknown value
R13={method} {0x000000015e7cbe10} 'UnsetJAWTRootSurfaceLayer0' '(JJ)V' in 'jogamp/nativewindow/jawt/macosx/MacOSXJAWTWindow'
R14=0x0000000157607440: Java_jogamp_nativewindow_macosx_OSXUtil_GetScreenRefreshRate0+0x1ce0 in /private/var/folders/99/pp3fz67d34l2n2q9ztrt9jpr0000gn/T/jogamp_0000/file_cache/jln6537594605427483512/jln1012680502339464659/libnativewindow_macosx.jnilib at 0x0000000157600000
R15=0x00007fa26d0ce800 is a thread


Stack: [0x00007fff52e4b000,0x00007fff5364b000],  sp=0x00007fff53646408,  free space=8173k
Native frames: (J=compiled Java code, j=interpreted, Vv=VM code, C=native code)
C  [libobjc.A.dylib+0x705d]  objc_msgSend+0x1d
j  jogamp.nativewindow.jawt.macosx.MacOSXJAWTWindow.UnsetJAWTRootSurfaceLayer0(JJ)V+0
j  jogamp.nativewindow.jawt.macosx.MacOSXJAWTWindow.access$200(JJ)V+2
j  jogamp.nativewindow.jawt.macosx.MacOSXJAWTWindow$1.run()V+38
j  com.jogamp.common.util.RunnableTask.run()V+24
v  ~StubRoutines::call_stub
V  [libjvm.dylib+0x2ecf8a]
V  [libjvm.dylib+0x324119]
V  [libjvm.dylib+0x3168e7]
C  [libnativewindow_macosx.jnilib+0x5326]  Java_jogamp_nativewindow_jawt_macosx_MacOSXJAWTWindow_UnsetJAWTRootSurfaceLayer0+0x2b6
C  [Foundation+0x7184a]  __NSThreadPerformPerform+0x146
C  [CoreFoundation+0xa73c1]  __CFRUNLOOP_IS_CALLING_OUT_TO_A_SOURCE0_PERFORM_FUNCTION__+0x11
C  [CoreFoundation+0x88247]  __CFRunLoopDoSources0+0x1a7
C  [CoreFoundation+0x877c6]  __CFRunLoopRun+0x3a6
C  [CoreFoundation+0x871c4]  CFRunLoopRunSpecific+0x1a4
C  [HIToolbox+0x30ebc]  RunCurrentEventLoopInMode+0xf0
C  [HIToolbox+0x30bf9]  ReceiveNextEventCommon+0xb8
C  [HIToolbox+0x30b26]  _BlockUntilNextEventMatchingListInModeWithFilter+0x47
C  [AppKit+0x46e24]  _DPSNextEvent+0x460
C  [AppKit+0x7c285e]  -[NSApplication(NSEvent) _nextEventMatchingEventMask:untilDate:inMode:dequeue:]+0xaec
C  [libosxapp.dylib+0x23aa]  -[NSApplicationAWT nextEventMatchingMask:untilDate:inMode:dequeue:]+0x7c
C  [AppKit+0x3b7ab]  -[NSApplication run]+0x39e
C  [libosxapp.dylib+0x214d]  +[NSApplicationAWT runAWTLoopWithApp:]+0x9c
C  [libawt_lwawt.dylib+0x444b3]  -[AWTStarter starter:]+0x389
C  [Foundation+0x7184a]  __NSThreadPerformPerform+0x146
C  [CoreFoundation+0xa73c1]  __CFRUNLOOP_IS_CALLING_OUT_TO_A_SOURCE0_PERFORM_FUNCTION__+0x11
C  [CoreFoundation+0x882cd]  __CFRunLoopDoSources0+0x22d
C  [CoreFoundation+0x877c6]  __CFRunLoopRun+0x3a6
C  [CoreFoundation+0x871c4]  CFRunLoopRunSpecific+0x1a4
C  [java+0x6465]  CreateExecutionEnvironment+0x367
C  [java+0x218c]  JLI_Launch+0x7a0
C  [java+0x84c2]  main+0x65
C  [java+0x19e4]  start+0x34
C  0x0000000000000007

Java frames: (J=compiled Java code, j=interpreted, Vv=VM code)
j  jogamp.nativewindow.jawt.macosx.MacOSXJAWTWindow.UnsetJAWTRootSurfaceLayer0(JJ)V+0
j  jogamp.nativewindow.jawt.macosx.MacOSXJAWTWindow.access$200(JJ)V+2
j  jogamp.nativewindow.jawt.macosx.MacOSXJAWTWindow$1.run()V+38
j  com.jogamp.common.util.RunnableTask.run()V+24
v  ~StubRoutines::call_stub

---------------  P R O C E S S  ---------------

Java Threads: ( => current thread )
  0x00007fa26c86f800 JavaThread "Thread-19" [_thread_blocked, id=4207, stack(0x000070000c2c9000,0x000070000c3c9000)]
  0x00007fa2728dd000 JavaThread "Image Fetcher 2" daemon [_thread_blocked, id=73475, stack(0x000070000e3b8000,0x000070000e4b8000)]
  0x00007fa2726ad000 JavaThread "Image Fetcher 1" daemon [_thread_blocked, id=72963, stack(0x000070000e2b5000,0x000070000e3b5000)]
  0x00007fa272719800 JavaThread "Image Fetcher 0" daemon [_thread_blocked, id=72451, stack(0x000070000e1b2000,0x000070000e2b2000)]
  0x00007fa26ce79800 JavaThread "Keep-Alive-Timer" daemon [_thread_blocked, id=71995, stack(0x000070000e0af000,0x000070000e1af000)]
  0x00007fa26dc9b000 JavaThread "AWT-EventQueue-1" [_thread_in_native, id=66575, stack(0x000070000da9a000,0x000070000db9a000)]
  0x00007fa26daf9000 JavaThread "DestroyJavaVM" [_thread_blocked, id=7171, stack(0x000070000c452000,0x000070000c552000)]
  0x00007fa26ca37800 JavaThread "AWT-EventQueue-0" [_thread_blocked, id=60179, stack(0x000070000d894000,0x000070000d994000)]
  0x00007fa26e105800 JavaThread "Java2D Disposer" daemon [_thread_blocked, id=56847, stack(0x000070000d60b000,0x000070000d70b000)]
  0x00007fa26d0f7000 JavaThread "Java2D Queue Flusher" daemon [_thread_blocked, id=54791, stack(0x000070000d508000,0x000070000d608000)]
  0x00007fa26e0cf800 JavaThread "AWT-Shutdown" [_thread_blocked, id=29471, stack(0x000070000d2ff000,0x000070000d3ff000)]
=>0x00007fa26d0ce800 JavaThread "AWT-AppKit" daemon [_thread_in_native, id=775, stack(0x00007fff52e4b000,0x00007fff5364b000)]
  0x00007fa26d030000 JavaThread "Service Thread" daemon [_thread_blocked, id=18691, stack(0x000070000d076000,0x000070000d176000)]
  0x00007fa26c84c800 JavaThread "C1 CompilerThread2" daemon [_thread_blocked, id=18179, stack(0x000070000cf73000,0x000070000d073000)]
  0x00007fa26c84c000 JavaThread "C2 CompilerThread1" daemon [_thread_blocked, id=17667, stack(0x000070000ce70000,0x000070000cf70000)]
  0x00007fa26d819800 JavaThread "C2 CompilerThread0" daemon [_thread_blocked, id=17155, stack(0x000070000cd6d000,0x000070000ce6d000)]
  0x00007fa26d819000 JavaThread "Signal Dispatcher" daemon [_thread_blocked, id=16643, stack(0x000070000cc6a000,0x000070000cd6a000)]
  0x00007fa26e009800 JavaThread "Finalizer" daemon [_thread_blocked, id=12547, stack(0x000070000cb67000,0x000070000cc67000)]
  0x00007fa26e006800 JavaThread "Reference Handler" daemon [_thread_blocked, id=12035, stack(0x000070000ca64000,0x000070000cb64000)]

Other Threads:
  0x00007fa26d802000 VMThread [stack: 0x000070000c961000,0x000070000ca61000] [id=11523]
  0x00007fa26e015800 WatcherThread [stack: 0x000070000d179000,0x000070000d279000] [id=19203]

VM state:not at safepoint (normal execution)

VM Mutex/Monitor currently owned by a thread: None

Heap:
 PSYoungGen      total 110080K, used 60647K [0x0000000795580000, 0x00000007a0700000, 0x00000007c0000000)
  eden space 95232K, 58% used [0x0000000795580000,0x0000000798ba71f8,0x000000079b280000)
  from space 14848K, 34% used [0x000000079b280000,0x000000079b792ae0,0x000000079c100000)
  to   space 14336K, 0% used [0x000000079f900000,0x000000079f900000,0x00000007a0700000)
 ParOldGen       total 53760K, used 21541K [0x0000000740000000, 0x0000000743480000, 0x0000000795580000)
  object space 53760K, 40% used [0x0000000740000000,0x0000000741509780,0x0000000743480000)
 Metaspace       used 24146K, capacity 24367K, committed 24576K, reserved 1071104K
  class space    used 2421K, capacity 2516K, committed 2560K, reserved 1048576K

Card table byte_map: [0x000000010e361000,0x000000010e762000] byte_map_base: 0x000000010a961000

Marking Bits: (ParMarkBitMap*) 0x000000010d8efd20
 Begin Bits: [0x000000011fca1000, 0x0000000121ca1000)
 End Bits:   [0x0000000121ca1000, 0x0000000123ca1000)

Polling page: 0x000000010c72e000

CodeCache: size=245760Kb used=9442Kb max_used=9442Kb free=236317Kb
 bounds [0x0000000110ca1000, 0x00000001115f1000, 0x000000011fca1000]
 total_blobs=3536 nmethods=2612 adapters=837
 compilation: enabled

Compilation events (10 events):
Event: 7.142 Thread 0x00007fa26c84c800 3006       3       sun.java2d.SunGraphics2D::invalidatePipe (41 bytes)
Event: 7.142 Thread 0x00007fa26c84c800 nmethod 3006 0x00000001115e15d0 code [0x00000001115e1740, 0x00000001115e1930]
Event: 7.153 Thread 0x00007fa26c84c800 3007       3       java.lang.Math::max (12 bytes)
Event: 7.153 Thread 0x00007fa26c84c800 nmethod 3007 0x00000001115e1250 code [0x00000001115e13c0, 0x00000001115e1550]
Event: 7.172 Thread 0x00007fa26c84c800 3008       3       java.security.CodeSource::matchCerts (254 bytes)
Event: 7.175 Thread 0x00007fa26c84c800 nmethod 3008 0x00000001115dff50 code [0x00000001115e0160, 0x00000001115e0cf8]
Event: 7.185 Thread 0x00007fa26c84c800 3009       1       sun.java2d.SurfaceData::isValid (5 bytes)
Event: 7.185 Thread 0x00007fa26c84c800 nmethod 3009 0x00000001115df950 code [0x00000001115dfaa0, 0x00000001115dfbb0]
Event: 7.185 Thread 0x00007fa26c84c800 3010       3       sun.java2d.pipe.RenderBuffer::putFloat (26 bytes)
Event: 7.185 Thread 0x00007fa26c84c800 nmethod 3010 0x00000001115df590 code [0x00000001115df700, 0x00000001115df890]

GC Heap History (10 events):
Event: 3.549 GC heap before
{Heap before GC invocations=4 (full 1):
 PSYoungGen      total 38400K, used 5117K [0x0000000795580000, 0x000000079a080000, 0x00000007c0000000)
  eden space 33280K, 0% used [0x0000000795580000,0x0000000795580000,0x0000000797600000)
  from space 5120K, 99% used [0x0000000797600000,0x0000000797aff418,0x0000000797b00000)
  to   space 5120K, 0% used [0x0000000799b80000,0x0000000799b80000,0x000000079a080000)
 ParOldGen       total 87552K, used 4135K [0x0000000740000000, 0x0000000745580000, 0x0000000795580000)
  object space 87552K, 4% used [0x0000000740000000,0x0000000740409ff0,0x0000000745580000)
 Metaspace       used 20908K, capacity 21139K, committed 21248K, reserved 1069056K
  class space    used 2151K, capacity 2256K, committed 2304K, reserved 1048576K
Event: 3.586 GC heap after
Heap after GC invocations=4 (full 1):
 PSYoungGen      total 38400K, used 0K [0x0000000795580000, 0x000000079a080000, 0x00000007c0000000)
  eden space 33280K, 0% used [0x0000000795580000,0x0000000795580000,0x0000000797600000)
  from space 5120K, 0% used [0x0000000797600000,0x0000000797600000,0x0000000797b00000)
  to   space 5120K, 0% used [0x0000000799b80000,0x0000000799b80000,0x000000079a080000)
 ParOldGen       total 53760K, used 7622K [0x0000000740000000, 0x0000000743480000, 0x0000000795580000)
  object space 53760K, 14% used [0x0000000740000000,0x0000000740771868,0x0000000743480000)
 Metaspace       used 20908K, capacity 21139K, committed 21248K, reserved 1069056K
  class space    used 2151K, capacity 2256K, committed 2304K, reserved 1048576K
}
Event: 5.102 GC heap before
{Heap before GC invocations=5 (full 1):
 PSYoungGen      total 38400K, used 33280K [0x0000000795580000, 0x000000079a080000, 0x00000007c0000000)
  eden space 33280K, 100% used [0x0000000795580000,0x0000000797600000,0x0000000797600000)
  from space 5120K, 0% used [0x0000000797600000,0x0000000797600000,0x0000000797b00000)
  to   space 5120K, 0% used [0x0000000799b80000,0x0000000799b80000,0x000000079a080000)
 ParOldGen       total 53760K, used 7622K [0x0000000740000000, 0x0000000743480000, 0x0000000795580000)
  object space 53760K, 14% used [0x0000000740000000,0x0000000740771868,0x0000000743480000)
 Metaspace       used 23740K, capacity 23977K, committed 24320K, reserved 1071104K
  class space    used 2412K, capacity 2515K, committed 2560K, reserved 1048576K
Event: 5.111 GC heap after
Heap after GC invocations=5 (full 1):
 PSYoungGen      total 61952K, used 5106K [0x0000000795580000, 0x000000079a080000, 0x00000007c0000000)
  eden space 56832K, 0% used [0x0000000795580000,0x0000000795580000,0x0000000798d00000)
  from space 5120K, 99% used [0x0000000799b80000,0x000000079a07cad0,0x000000079a080000)
  to   space 5120K, 0% used [0x0000000799680000,0x0000000799680000,0x0000000799b80000)
 ParOldGen       total 53760K, used 16160K [0x0000000740000000, 0x0000000743480000, 0x0000000795580000)
  object space 53760K, 30% used [0x0000000740000000,0x0000000740fc81a0,0x0000000743480000)
 Metaspace       used 23740K, capacity 23977K, committed 24320K, reserved 1071104K
  class space    used 2412K, capacity 2515K, committed 2560K, reserved 1048576K
}
Event: 5.568 GC heap before
{Heap before GC invocations=6 (full 1):
 PSYoungGen      total 61952K, used 61938K [0x0000000795580000, 0x000000079a080000, 0x00000007c0000000)
  eden space 56832K, 100% used [0x0000000795580000,0x0000000798d00000,0x0000000798d00000)
  from space 5120K, 99% used [0x0000000799b80000,0x000000079a07cad0,0x000000079a080000)
  to   space 5120K, 0% used [0x0000000799680000,0x0000000799680000,0x0000000799b80000)
 ParOldGen       total 53760K, used 16160K [0x0000000740000000, 0x0000000743480000, 0x0000000795580000)
  object space 53760K, 30% used [0x0000000740000000,0x0000000740fc81a0,0x0000000743480000)
 Metaspace       used 23996K, capacity 24297K, committed 24576K, reserved 1071104K
  class space    used 2412K, capacity 2515K, committed 2560K, reserved 1048576K
Event: 5.573 GC heap after
Heap after GC invocations=6 (full 1):
 PSYoungGen      total 71680K, used 5114K [0x0000000795580000, 0x000000079cf80000, 0x00000007c0000000)
  eden space 66560K, 0% used [0x0000000795580000,0x0000000795580000,0x0000000799680000)
  from space 5120K, 99% used [0x0000000799680000,0x0000000799b7e8b0,0x0000000799b80000)
  to   space 14848K, 0% used [0x000000079c100000,0x000000079c100000,0x000000079cf80000)
 ParOldGen       total 53760K, used 21525K [0x0000000740000000, 0x0000000743480000, 0x0000000795580000)
  object space 53760K, 40% used [0x0000000740000000,0x0000000741505780,0x0000000743480000)
 Metaspace       used 23996K, capacity 24297K, committed 24576K, reserved 1071104K
  class space    used 2412K, capacity 2515K, committed 2560K, reserved 1048576K
}
Event: 6.068 GC heap before
{Heap before GC invocations=7 (full 1):
 PSYoungGen      total 71680K, used 71674K [0x0000000795580000, 0x000000079cf80000, 0x00000007c0000000)
  eden space 66560K, 100% used [0x0000000795580000,0x0000000799680000,0x0000000799680000)
  from space 5120K, 99% used [0x0000000799680000,0x0000000799b7e8b0,0x0000000799b80000)
  to   space 14848K, 0% used [0x000000079c100000,0x000000079c100000,0x000000079cf80000)
 ParOldGen       total 53760K, used 21525K [0x0000000740000000, 0x0000000743480000, 0x0000000795580000)
  object space 53760K, 40% used [0x0000000740000000,0x0000000741505780,0x0000000743480000)
 Metaspace       used 24047K, capacity 24303K, committed 24576K, reserved 1071104K
  class space    used 2414K, capacity 2516K, committed 2560K, reserved 1048576K
Event: 6.075 GC heap after
Heap after GC invocations=7 (full 1):
 PSYoungGen      total 110080K, used 5194K [0x0000000795580000, 0x000000079dd80000, 0x00000007c0000000)
  eden space 95232K, 0% used [0x0000000795580000,0x0000000795580000,0x000000079b280000)
  from space 14848K, 34% used [0x000000079c100000,0x000000079c612ae0,0x000000079cf80000)
  to   space 14848K, 0% used [0x000000079b280000,0x000000079b280000,0x000000079c100000)
 ParOldGen       total 53760K, used 21533K [0x0000000740000000, 0x0000000743480000, 0x0000000795580000)
  object space 53760K, 40% used [0x0000000740000000,0x0000000741507780,0x0000000743480000)
 Metaspace       used 24047K, capacity 24303K, committed 24576K, reserved 1071104K
  class space    used 2414K, capacity 2516K, committed 2560K, reserved 1048576K
}
Event: 6.779 GC heap before
{Heap before GC invocations=8 (full 1):
 PSYoungGen      total 110080K, used 100426K [0x0000000795580000, 0x000000079dd80000, 0x00000007c0000000)
  eden space 95232K, 100% used [0x0000000795580000,0x000000079b280000,0x000000079b280000)
  from space 14848K, 34% used [0x000000079c100000,0x000000079c612ae0,0x000000079cf80000)
  to   space 14848K, 0% used [0x000000079b280000,0x000000079b280000,0x000000079c100000)
 ParOldGen       total 53760K, used 21533K [0x0000000740000000, 0x0000000743480000, 0x0000000795580000)
  object space 53760K, 40% used [0x0000000740000000,0x0000000741507780,0x0000000743480000)
 Metaspace       used 24083K, capacity 24367K, committed 24576K, reserved 1071104K
  class space    used 2414K, capacity 2516K, committed 2560K, reserved 1048576K
Event: 6.784 GC heap after
Heap after GC invocations=8 (full 1):
 PSYoungGen      total 110080K, used 5194K [0x0000000795580000, 0x00000007a0700000, 0x00000007c0000000)
  eden space 95232K, 0% used [0x0000000795580000,0x0000000795580000,0x000000079b280000)
  from space 14848K, 34% used [0x000000079b280000,0x000000079b792ae0,0x000000079c100000)
  to   space 14336K, 0% used [0x000000079f900000,0x000000079f900000,0x00000007a0700000)
 ParOldGen       total 53760K, used 21541K [0x0000000740000000, 0x0000000743480000, 0x0000000795580000)
  object space 53760K, 40% used [0x0000000740000000,0x0000000741509780,0x0000000743480000)
 Metaspace       used 24083K, capacity 24367K, committed 24576K, reserved 1071104K
  class space    used 2414K, capacity 2516K, committed 2560K, reserved 1048576K
}

Deoptimization events (10 events):
Event: 4.955 Thread 0x00007fa26dc9b000 Uncommon trap: reason=bimorphic action=maybe_recompile pc=0x00000001113c7064 method=java.util.regex.Pattern$Curly.match0(Ljava/util/regex/Matcher;IILjava/lang/CharSequence;)Z @ 31
Event: 4.955 Thread 0x00007fa26dc9b000 Uncommon trap: reason=bimorphic action=maybe_recompile pc=0x00000001113c7064 method=java.util.regex.Pattern$Curly.match0(Ljava/util/regex/Matcher;IILjava/lang/CharSequence;)Z @ 31
Event: 4.955 Thread 0x00007fa26dc9b000 Uncommon trap: reason=bimorphic action=maybe_recompile pc=0x00000001113c7064 method=java.util.regex.Pattern$Curly.match0(Ljava/util/regex/Matcher;IILjava/lang/CharSequence;)Z @ 31
Event: 4.955 Thread 0x00007fa26dc9b000 Uncommon trap: reason=bimorphic action=maybe_recompile pc=0x00000001113c7064 method=java.util.regex.Pattern$Curly.match0(Ljava/util/regex/Matcher;IILjava/lang/CharSequence;)Z @ 31
Event: 4.999 Thread 0x00007fa26dc9b000 Uncommon trap: reason=unstable_if action=reinterpret pc=0x000000011148d3f8 method=processing.opengl.PGraphicsOpenGL$InGeometry.addVertex(FFFIFFFFFIFIIIFIZ)I @ 218
Event: 5.062 Thread 0x00007fa26dc9b000 Uncommon trap: reason=unstable_if action=reinterpret pc=0x0000000111470dd0 method=processing.opengl.PGraphicsOpenGL$InGeometry.addEdge(IIZZ)I @ 40
Event: 5.062 Thread 0x00007fa26dc9b000 Uncommon trap: reason=unstable_if action=reinterpret pc=0x00000001114a74e8 method=processing.opengl.PGraphicsOpenGL$Tessellator.addLineSegment3D(III[SZ)I @ 20
Event: 7.125 Thread 0x00007fa26ca37800 Uncommon trap: reason=unstable_if action=reinterpret pc=0x00000001113c82e4 method=java.awt.font.FontRenderContext.equals(Ljava/awt/font/FontRenderContext;)Z @ 2
Event: 7.170 Thread 0x00007fa26ca1b000 Uncommon trap: reason=class_check action=maybe_recompile pc=0x000000011112e070 method=java.util.HashMap.putVal(ILjava/lang/Object;Ljava/lang/Object;ZZ)Ljava/lang/Object; @ 91
Event: 7.170 Thread 0x00007fa26ca1b000 Uncommon trap: reason=class_check action=maybe_recompile pc=0x000000011112e070 method=java.util.HashMap.putVal(ILjava/lang/Object;Ljava/lang/Object;ZZ)Ljava/lang/Object; @ 91

Internal exceptions (10 events):
Event: 0.169 Thread 0x00007fa26d007800 Exception <a 'java/lang/NoSuchFieldError': method resolution failed> (0x0000000795785f98) thrown at [/Users/java_re/workspace/8-2-build-macosx-x86_64/jdk8u111/7883/hotspot/src/share/vm/prims/methodHandles.cpp, line 1146]
Event: 0.172 Thread 0x00007fa26d007800 Exception <a 'java/lang/NoSuchFieldError': method resolution failed> (0x0000000795793768) thrown at [/Users/java_re/workspace/8-2-build-macosx-x86_64/jdk8u111/7883/hotspot/src/share/vm/prims/methodHandles.cpp, line 1146]
Event: 0.350 Thread 0x00007fa26d007800 Exception <a 'java/io/FileNotFoundException'> (0x000000079580ee90) thrown at [/Users/java_re/workspace/8-2-build-macosx-x86_64/jdk8u111/7883/hotspot/src/share/vm/prims/jni.cpp, line 709]
Event: 0.350 Thread 0x00007fa26d007800 Exception <a 'java/io/FileNotFoundException'> (0x000000079580f9f8) thrown at [/Users/java_re/workspace/8-2-build-macosx-x86_64/jdk8u111/7883/hotspot/src/share/vm/prims/jni.cpp, line 709]
Event: 0.457 Thread 0x00007fa26d007800 Exception <a 'java/io/FileNotFoundException'> (0x000000079594b4a0) thrown at [/Users/java_re/workspace/8-2-build-macosx-x86_64/jdk8u111/7883/hotspot/src/share/vm/prims/jni.cpp, line 709]
Event: 2.066 Thread 0x00007fa26cbc4800 Exception <a 'java/lang/UnsatisfiedLinkError': com.jogamp.common.util.JarUtil.fixNativeLibAttribs(Ljava/lang/String;)Z> (0x0000000796b3f918) thrown at [/Users/java_re/workspace/8-2-build-macosx-x86_64/jdk8u111/7883/hotspot/src/share/vm/prims/nativeLookup.
Event: 2.369 Thread 0x00007fa26e009800 Exception <a 'java/lang/NullPointerException'> (0x00000007956a61d0) thrown at [/Users/java_re/workspace/8-2-build-macosx-x86_64/jdk8u111/7883/hotspot/src/share/vm/interpreter/linkResolver.cpp, line 1178]
Event: 2.985 Thread 0x00007fa26dc9b000 Exception <a 'java/io/FileNotFoundException'> (0x0000000795f4de40) thrown at [/Users/java_re/workspace/8-2-build-macosx-x86_64/jdk8u111/7883/hotspot/src/share/vm/prims/jni.cpp, line 709]
Event: 2.985 Thread 0x00007fa26dc9b000 Exception <a 'java/io/FileNotFoundException'> (0x0000000795f54258) thrown at [/Users/java_re/workspace/8-2-build-macosx-x86_64/jdk8u111/7883/hotspot/src/share/vm/prims/jni.cpp, line 709]
Event: 2.985 Thread 0x00007fa26dc9b000 Implicit null exception at 0x0000000110e4a836 to 0x0000000110e4ac05

Events (10 events):
Event: 7.183 loading class jogamp/nativewindow/jawt/macosx/MacOSXJAWTWindow$1 done
Event: 7.184 loading class java/awt/LightweightDispatcher$2
Event: 7.184 loading class java/awt/LightweightDispatcher$2 done
Event: 7.184 loading class java/awt/event/AWTEventListenerProxy
Event: 7.184 loading class java/awt/event/AWTEventListenerProxy done
Event: 7.184 loading class java/awt/Toolkit$ToolkitEventMulticaster
Event: 7.184 loading class java/awt/Toolkit$ToolkitEventMulticaster done
Event: 7.184 Thread 0x00007fa26ca1b000 Thread exited: 0x00007fa26ca1b000
Event: 7.185 loading class java/awt/Window$1DisposeAction
Event: 7.185 loading class java/awt/Window$1DisposeAction done


Dynamic libraries:
0x00000000222bc000 	/System/Library/Frameworks/Cocoa.framework/Versions/A/Cocoa
0x00000000222bc000 	/System/Library/Frameworks/Security.framework/Versions/A/Security
0x00000000222bc000 	/System/Library/Frameworks/ApplicationServices.framework/Versions/A/ApplicationServices
0x00000000222bc000 	/usr/lib/libz.1.dylib
0x00000000222bc000 	/usr/lib/libSystem.B.dylib
0x00000000222bc000 	/usr/lib/libobjc.A.dylib
0x00000000222bc000 	/System/Library/Frameworks/CoreFoundation.framework/Versions/A/CoreFoundation
0x00000000222bc000 	/System/Library/Frameworks/Foundation.framework/Versions/C/Foundation
0x00000000222bc000 	/System/Library/Frameworks/AppKit.framework/Versions/C/AppKit
0x00000000222bc000 	/System/Library/Frameworks/CoreData.framework/Versions/A/CoreData
0x00000000222bc000 	/System/Library/PrivateFrameworks/RemoteViewServices.framework/Versions/A/RemoteViewServices
0x00000000222bc000 	/System/Library/PrivateFrameworks/UIFoundation.framework/Versions/A/UIFoundation
0x00000000222bc000 	/System/Library/PrivateFrameworks/DFRFoundation.framework/Versions/A/DFRFoundation
0x00000000222bc000 	/usr/lib/libenergytrace.dylib
0x00000000222bc000 	/System/Library/PrivateFrameworks/SkyLight.framework/Versions/A/SkyLight
0x00000000222bc000 	/System/Library/Frameworks/CoreGraphics.framework/Versions/A/CoreGraphics
0x00000000222bc000 	/usr/lib/libScreenReader.dylib
0x00000000222bc000 	/System/Library/Frameworks/Accelerate.framework/Versions/A/Accelerate
0x00000000222bc000 	/System/Library/Frameworks/IOSurface.framework/Versions/A/IOSurface
0x00000000222bc000 	/System/Library/Frameworks/AudioToolbox.framework/Versions/A/AudioToolbox
0x00000000222bc000 	/System/Library/Frameworks/AudioUnit.framework/Versions/A/AudioUnit
0x00000000222bc000 	/System/Library/PrivateFrameworks/DataDetectorsCore.framework/Versions/A/DataDetectorsCore
0x00000000222bc000 	/System/Library/PrivateFrameworks/DesktopServicesPriv.framework/Versions/A/DesktopServicesPriv
0x00000000222bc000 	/System/Library/Frameworks/Carbon.framework/Versions/A/Frameworks/HIToolbox.framework/Versions/A/HIToolbox
0x00000000222bc000 	/usr/lib/libicucore.A.dylib
0x00000000222bc000 	/System/Library/Frameworks/QuartzCore.framework/Versions/A/QuartzCore
0x00000000222bc000 	/System/Library/Frameworks/Carbon.framework/Versions/A/Frameworks/SpeechRecognition.framework/Versions/A/SpeechRecognition
0x00000000222bc000 	/usr/lib/libauto.dylib
0x00000000222bc000 	/usr/lib/libxml2.2.dylib
0x00000000222bc000 	/System/Library/PrivateFrameworks/CoreUI.framework/Versions/A/CoreUI
0x00000000222bc000 	/System/Library/Frameworks/CoreAudio.framework/Versions/A/CoreAudio
0x00000000222bc000 	/System/Library/Frameworks/DiskArbitration.framework/Versions/A/DiskArbitration
0x00000000222bc000 	/usr/lib/liblangid.dylib
0x00000000222bc000 	/System/Library/PrivateFrameworks/MultitouchSupport.framework/Versions/A/MultitouchSupport
0x00000000222bc000 	/System/Library/Frameworks/IOKit.framework/Versions/A/IOKit
0x00000000222bc000 	/usr/lib/libDiagnosticMessagesClient.dylib
0x00000000222bc000 	/System/Library/Frameworks/CoreServices.framework/Versions/A/CoreServices
0x00000000222bc000 	/System/Library/PrivateFrameworks/PerformanceAnalysis.framework/Versions/A/PerformanceAnalysis
0x00000000222bc000 	/System/Library/PrivateFrameworks/GenerationalStorage.framework/Versions/A/GenerationalStorage
0x00000000222bc000 	/System/Library/Frameworks/OpenGL.framework/Versions/A/OpenGL
0x00000000222bc000 	/System/Library/Frameworks/CoreImage.framework/Versions/A/CoreImage
0x00000000222bc000 	/System/Library/Frameworks/CoreText.framework/Versions/A/CoreText
0x00000000222bc000 	/System/Library/Frameworks/ImageIO.framework/Versions/A/ImageIO
0x00000000222bc000 	/System/Library/PrivateFrameworks/Backup.framework/Versions/A/Backup
0x00000000222bc000 	/usr/lib/libarchive.2.dylib
0x00000000222bc000 	/System/Library/Frameworks/CFNetwork.framework/Versions/A/CFNetwork
0x00000000222bc000 	/System/Library/Frameworks/SystemConfiguration.framework/Versions/A/SystemConfiguration
0x00000000222bc000 	/usr/lib/libCRFSuite.dylib
0x00000000222bc000 	/usr/lib/libc++.1.dylib
0x00000000222bc000 	/usr/lib/libc++abi.dylib
0x00000000222bc000 	/usr/lib/system/libcache.dylib
0x00000000222bc000 	/usr/lib/system/libcommonCrypto.dylib
0x00000000222bc000 	/usr/lib/system/libcompiler_rt.dylib
0x00000000222bc000 	/usr/lib/system/libcopyfile.dylib
0x00000000222bc000 	/usr/lib/system/libcorecrypto.dylib
0x00000000222bc000 	/usr/lib/system/libdispatch.dylib
0x00000000222bc000 	/usr/lib/system/libdyld.dylib
0x00000000222bc000 	/usr/lib/system/libkeymgr.dylib
0x00000000222bc000 	/usr/lib/system/liblaunch.dylib
0x00000000222bc000 	/usr/lib/system/libmacho.dylib
0x00000000222bc000 	/usr/lib/system/libquarantine.dylib
0x00000000222bc000 	/usr/lib/system/libremovefile.dylib
0x00000000222bc000 	/usr/lib/system/libsystem_asl.dylib
0x00000000222bc000 	/usr/lib/system/libsystem_blocks.dylib
0x00000000222bc000 	/usr/lib/system/libsystem_c.dylib
0x00000000222bc000 	/usr/lib/system/libsystem_configuration.dylib
0x00000000222bc000 	/usr/lib/system/libsystem_coreservices.dylib
0x00000000222bc000 	/usr/lib/system/libsystem_coretls.dylib
0x00000000222bc000 	/usr/lib/system/libsystem_dnssd.dylib
0x00000000222bc000 	/usr/lib/system/libsystem_info.dylib
0x00000000222bc000 	/usr/lib/system/libsystem_kernel.dylib
0x00000000222bc000 	/usr/lib/system/libsystem_m.dylib
0x00000000222bc000 	/usr/lib/system/libsystem_malloc.dylib
0x00000000222bc000 	/usr/lib/system/libsystem_network.dylib
0x00000000222bc000 	/usr/lib/system/libsystem_networkextension.dylib
0x00000000222bc000 	/usr/lib/system/libsystem_notify.dylib
0x00000000222bc000 	/usr/lib/system/libsystem_platform.dylib
0x00000000222bc000 	/usr/lib/system/libsystem_pthread.dylib
0x00000000222bc000 	/usr/lib/system/libsystem_sandbox.dylib
0x00000000222bc000 	/usr/lib/system/libsystem_secinit.dylib
0x00000000222bc000 	/usr/lib/system/libsystem_symptoms.dylib
0x00000000222bc000 	/usr/lib/system/libsystem_trace.dylib
0x00000000222bc000 	/usr/lib/system/libunwind.dylib
0x00000000222bc000 	/usr/lib/system/libxpc.dylib
0x00000000222bc000 	/usr/lib/libbsm.0.dylib
0x00000000222bc000 	/usr/lib/system/libkxld.dylib
0x00000000222bc000 	/usr/lib/libcoretls.dylib
0x00000000222bc000 	/usr/lib/libcoretls_cfhelpers.dylib
0x00000000222bc000 	/usr/lib/libOpenScriptingUtil.dylib
0x00000000222bc000 	/usr/lib/libpam.2.dylib
0x00000000222bc000 	/usr/lib/libsqlite3.dylib
0x00000000222bc000 	/usr/lib/libxar.1.dylib
0x00000000222bc000 	/usr/lib/libbz2.1.0.dylib
0x00000000222bc000 	/usr/lib/liblzma.5.dylib
0x00000000222bc000 	/usr/lib/libnetwork.dylib
0x00000000222bc000 	/usr/lib/libpcap.A.dylib
0x00000000222bc000 	/System/Library/Frameworks/CoreServices.framework/Versions/A/Frameworks/FSEvents.framework/Versions/A/FSEvents
0x00000000222bc000 	/System/Library/Frameworks/CoreServices.framework/Versions/A/Frameworks/CarbonCore.framework/Versions/A/CarbonCore
0x00000000222bc000 	/System/Library/Frameworks/CoreServices.framework/Versions/A/Frameworks/Metadata.framework/Versions/A/Metadata
0x00000000222bc000 	/System/Library/Frameworks/CoreServices.framework/Versions/A/Frameworks/OSServices.framework/Versions/A/OSServices
0x00000000222bc000 	/System/Library/Frameworks/CoreServices.framework/Versions/A/Frameworks/SearchKit.framework/Versions/A/SearchKit
0x00000000222bc000 	/System/Library/Frameworks/CoreServices.framework/Versions/A/Frameworks/AE.framework/Versions/A/AE
0x00000000222bc000 	/System/Library/Frameworks/CoreServices.framework/Versions/A/Frameworks/LaunchServices.framework/Versions/A/LaunchServices
0x00000000222bc000 	/System/Library/Frameworks/CoreServices.framework/Versions/A/Frameworks/DictionaryServices.framework/Versions/A/DictionaryServices
0x00000000222bc000 	/System/Library/Frameworks/CoreServices.framework/Versions/A/Frameworks/SharedFileList.framework/Versions/A/SharedFileList
0x00000000222bc000 	/System/Library/Frameworks/NetFS.framework/Versions/A/NetFS
0x00000000222bc000 	/System/Library/PrivateFrameworks/NetAuth.framework/Versions/A/NetAuth
0x00000000222bc000 	/System/Library/PrivateFrameworks/login.framework/Versions/A/Frameworks/loginsupport.framework/Versions/A/loginsupport
0x00000000222bc000 	/System/Library/PrivateFrameworks/TCC.framework/Versions/A/TCC
0x00000000222bc000 	/usr/lib/libmecabra.dylib
0x00000000222bc000 	/System/Library/Frameworks/ApplicationServices.framework/Versions/A/Frameworks/ATS.framework/Versions/A/ATS
0x00000000222bc000 	/System/Library/Frameworks/ApplicationServices.framework/Versions/A/Frameworks/ColorSync.framework/Versions/A/ColorSync
0x00000000222bc000 	/System/Library/Frameworks/ApplicationServices.framework/Versions/A/Frameworks/HIServices.framework/Versions/A/HIServices
0x00000000222bc000 	/System/Library/Frameworks/ApplicationServices.framework/Versions/A/Frameworks/LangAnalysis.framework/Versions/A/LangAnalysis
0x00000000222bc000 	/System/Library/Frameworks/ApplicationServices.framework/Versions/A/Frameworks/PrintCore.framework/Versions/A/PrintCore
0x00000000222bc000 	/System/Library/Frameworks/ApplicationServices.framework/Versions/A/Frameworks/QD.framework/Versions/A/QD
0x00000000222bc000 	/System/Library/Frameworks/ApplicationServices.framework/Versions/A/Frameworks/SpeechSynthesis.framework/Versions/A/SpeechSynthesis
0x00000000222bc000 	/System/Library/Frameworks/Accelerate.framework/Versions/A/Frameworks/vImage.framework/Versions/A/vImage
0x00000000222bc000 	/System/Library/Frameworks/Accelerate.framework/Versions/A/Frameworks/vecLib.framework/Versions/A/vecLib
0x00000000222bc000 	/System/Library/Frameworks/Accelerate.framework/Versions/A/Frameworks/vecLib.framework/Versions/A/libvDSP.dylib
0x00000000222bc000 	/System/Library/Frameworks/Accelerate.framework/Versions/A/Frameworks/vecLib.framework/Versions/A/libBNNS.dylib
0x00000000222bc000 	/System/Library/Frameworks/Accelerate.framework/Versions/A/Frameworks/vecLib.framework/Versions/A/libQuadrature.dylib
0x00000000222bc000 	/System/Library/Frameworks/Accelerate.framework/Versions/A/Frameworks/vecLib.framework/Versions/A/libvMisc.dylib
0x00000000222bc000 	/System/Library/Frameworks/Accelerate.framework/Versions/A/Frameworks/vecLib.framework/Versions/A/libLAPACK.dylib
0x00000000222bc000 	/System/Library/Frameworks/Accelerate.framework/Versions/A/Frameworks/vecLib.framework/Versions/A/libBLAS.dylib
0x00000000222bc000 	/System/Library/Frameworks/Accelerate.framework/Versions/A/Frameworks/vecLib.framework/Versions/A/libLinearAlgebra.dylib
0x00000000222bc000 	/System/Library/Frameworks/Accelerate.framework/Versions/A/Frameworks/vecLib.framework/Versions/A/libSparseBLAS.dylib
0x00000000222bc000 	/System/Library/Frameworks/ApplicationServices.framework/Versions/A/Frameworks/ATS.framework/Versions/A/Resources/libFontParser.dylib
0x00000000222bc000 	/System/Library/Frameworks/ApplicationServices.framework/Versions/A/Frameworks/ATS.framework/Versions/A/Resources/libFontRegistry.dylib
0x00000000222bc000 	/System/Library/Frameworks/ImageIO.framework/Versions/A/Resources/libJPEG.dylib
0x00000000222bc000 	/System/Library/Frameworks/ImageIO.framework/Versions/A/Resources/libTIFF.dylib
0x00000000222bc000 	/System/Library/Frameworks/ImageIO.framework/Versions/A/Resources/libPng.dylib
0x00000000222bc000 	/System/Library/Frameworks/ImageIO.framework/Versions/A/Resources/libGIF.dylib
0x00000000222bc000 	/System/Library/Frameworks/ImageIO.framework/Versions/A/Resources/libJP2.dylib
0x00000000222bc000 	/System/Library/Frameworks/ImageIO.framework/Versions/A/Resources/libRadiance.dylib
0x00000000222bc000 	/usr/lib/libcompression.dylib
0x00000000222bc000 	/System/Library/PrivateFrameworks/AppleJPEG.framework/Versions/A/AppleJPEG
0x00000000222bc000 	/usr/lib/libcups.2.dylib
0x00000000222bc000 	/System/Library/Frameworks/Kerberos.framework/Versions/A/Kerberos
0x00000000222bc000 	/System/Library/Frameworks/GSS.framework/Versions/A/GSS
0x00000000222bc000 	/usr/lib/libresolv.9.dylib
0x00000000222bc000 	/usr/lib/libiconv.2.dylib
0x00000000222bc000 	/System/Library/PrivateFrameworks/Heimdal.framework/Versions/A/Heimdal
0x00000000222bc000 	/usr/lib/libheimdal-asn1.dylib
0x00000000222bc000 	/System/Library/Frameworks/OpenDirectory.framework/Versions/A/OpenDirectory
0x00000000222bc000 	/System/Library/PrivateFrameworks/CommonAuth.framework/Versions/A/CommonAuth
0x00000000222bc000 	/System/Library/Frameworks/OpenDirectory.framework/Versions/A/Frameworks/CFOpenDirectory.framework/Versions/A/CFOpenDirectory
0x00000000222bc000 	/System/Library/Frameworks/SecurityFoundation.framework/Versions/A/SecurityFoundation
0x00000000222bc000 	/System/Library/PrivateFrameworks/LanguageModeling.framework/Versions/A/LanguageModeling
0x00000000222bc000 	/usr/lib/libmarisa.dylib
0x00000000222bc000 	/usr/lib/libChineseTokenizer.dylib
0x00000000222bc000 	/usr/lib/libcmph.dylib
0x00000000222bc000 	/System/Library/PrivateFrameworks/CoreEmoji.framework/Versions/A/CoreEmoji
0x00000000222bc000 	/System/Library/Frameworks/ServiceManagement.framework/Versions/A/ServiceManagement
0x00000000222bc000 	/usr/lib/libxslt.1.dylib
0x00000000222bc000 	/System/Library/Frameworks/Carbon.framework/Versions/A/Frameworks/Ink.framework/Versions/A/Ink
0x00000000222bc000 	/System/Library/PrivateFrameworks/TextureIO.framework/Versions/A/TextureIO
0x00000000222bc000 	/System/Library/Frameworks/Metal.framework/Versions/A/Metal
0x00000000222bc000 	/usr/lib/libate.dylib
0x00000000222bc000 	/System/Library/PrivateFrameworks/GPUCompiler.framework/libmetal_timestamp.dylib
0x00000000222bc000 	/System/Library/Frameworks/OpenGL.framework/Versions/A/Libraries/libCoreFSCache.dylib
0x00000000222bc000 	/System/Library/PrivateFrameworks/IOAccelerator.framework/Versions/A/IOAccelerator
0x00000000222bc000 	/System/Library/Frameworks/CoreVideo.framework/Versions/A/CoreVideo
0x00000000222bc000 	/usr/lib/libFosl_dynamic.dylib
0x00000000222bc000 	/System/Library/PrivateFrameworks/MetalPerformanceShaders.framework/Versions/A/MetalPerformanceShaders
0x00000000222bc000 	/System/Library/PrivateFrameworks/FaceCore.framework/Versions/A/FaceCore
0x00000000222bc000 	/System/Library/Frameworks/OpenCL.framework/Versions/A/OpenCL
0x00000000222bc000 	/System/Library/Frameworks/OpenGL.framework/Versions/A/Libraries/libGLU.dylib
0x00000000222bc000 	/System/Library/Frameworks/OpenGL.framework/Versions/A/Libraries/libGFXShared.dylib
0x00000000222bc000 	/System/Library/Frameworks/OpenGL.framework/Versions/A/Libraries/libGL.dylib
0x00000000222bc000 	/System/Library/Frameworks/OpenGL.framework/Versions/A/Libraries/libGLImage.dylib
0x00000000222bc000 	/System/Library/Frameworks/OpenGL.framework/Versions/A/Libraries/libCVMSPluginSupport.dylib
0x00000000222bc000 	/System/Library/Frameworks/OpenGL.framework/Versions/A/Libraries/libCoreVMClient.dylib
0x00000000222bc000 	/System/Library/PrivateFrameworks/CrashReporterSupport.framework/Versions/A/CrashReporterSupport
0x00000000222bc000 	/System/Library/PrivateFrameworks/Sharing.framework/Versions/A/Sharing
0x00000000222bc000 	/System/Library/PrivateFrameworks/IconServices.framework/Versions/A/IconServices
0x00000000222bc000 	/System/Library/PrivateFrameworks/ProtocolBuffer.framework/Versions/A/ProtocolBuffer
0x00000000222bc000 	/System/Library/PrivateFrameworks/Apple80211.framework/Versions/A/Apple80211
0x00000000222bc000 	/System/Library/Frameworks/CoreWLAN.framework/Versions/A/CoreWLAN
0x00000000222bc000 	/System/Library/PrivateFrameworks/CoreUtils.framework/Versions/A/CoreUtils
0x00000000222bc000 	/System/Library/Frameworks/IOBluetooth.framework/Versions/A/IOBluetooth
0x00000000222bc000 	/System/Library/PrivateFrameworks/CoreWiFi.framework/Versions/A/CoreWiFi
0x00000000222bc000 	/System/Library/Frameworks/CoreBluetooth.framework/Versions/A/CoreBluetooth
0x00000000222bc000 	/System/Library/Frameworks/CoreDisplay.framework/Versions/A/CoreDisplay
0x00000000222bc000 	/System/Library/PrivateFrameworks/IOPresentment.framework/Versions/A/IOPresentment
0x00000000222bc000 	/System/Library/PrivateFrameworks/DSExternalDisplay.framework/Versions/A/DSExternalDisplay
0x00000000222bc000 	/System/Library/PrivateFrameworks/DebugSymbols.framework/Versions/A/DebugSymbols
0x00000000222bc000 	/System/Library/PrivateFrameworks/CoreSymbolication.framework/Versions/A/CoreSymbolication
0x00000000222bc000 	/System/Library/PrivateFrameworks/Symbolication.framework/Versions/A/Symbolication
0x00000000222bc000 	/System/Library/PrivateFrameworks/AppleFSCompression.framework/Versions/A/AppleFSCompression
0x00000000222bc000 	/System/Library/PrivateFrameworks/SpeechRecognitionCore.framework/Versions/A/SpeechRecognitionCore
0x00000000222bc000 	/System/Library/PrivateFrameworks/ChunkingLibrary.framework/Versions/A/ChunkingLibrary
0x000000010d000000 	/Library/Java/JavaVirtualMachines/jdk1.8.0_111.jdk/Contents/Home/jre/lib/server/libjvm.dylib
0x000000010c632000 	/usr/lib/libstdc++.6.dylib
0x000000010c6eb000 	/Library/Java/JavaVirtualMachines/jdk1.8.0_111.jdk/Contents/Home/jre/lib/libverify.dylib
0x000000010c6f9000 	/Library/Java/JavaVirtualMachines/jdk1.8.0_111.jdk/Contents/Home/jre/lib/libjava.dylib
0x000000010c738000 	/Library/Java/JavaVirtualMachines/jdk1.8.0_111.jdk/Contents/Home/jre/lib/libzip.dylib
0x0000000110859000 	/System/Library/Frameworks/JavaVM.framework/Frameworks/JavaRuntimeSupport.framework/JavaRuntimeSupport
0x0000000110873000 	/System/Library/Frameworks/JavaVM.framework/Versions/A/Frameworks/JavaNativeFoundation.framework/Versions/A/JavaNativeFoundation
0x000000010c7ed000 	/System/Library/Frameworks/JavaVM.framework/Versions/A/JavaVM
0x00000000222bc000 	/System/Library/Frameworks/Carbon.framework/Versions/A/Carbon
0x0000000110888000 	/System/Library/PrivateFrameworks/JavaLaunching.framework/Versions/A/JavaLaunching
0x00000000222bc000 	/System/Library/Frameworks/Carbon.framework/Versions/A/Frameworks/CommonPanels.framework/Versions/A/CommonPanels
0x00000000222bc000 	/System/Library/Frameworks/Carbon.framework/Versions/A/Frameworks/Help.framework/Versions/A/Help
0x00000000222bc000 	/System/Library/Frameworks/Carbon.framework/Versions/A/Frameworks/ImageCapture.framework/Versions/A/ImageCapture
0x00000000222bc000 	/System/Library/Frameworks/Carbon.framework/Versions/A/Frameworks/OpenScripting.framework/Versions/A/OpenScripting
0x00000000222bc000 	/System/Library/Frameworks/Carbon.framework/Versions/A/Frameworks/Print.framework/Versions/A/Print
0x00000000222bc000 	/System/Library/Frameworks/Carbon.framework/Versions/A/Frameworks/SecurityHI.framework/Versions/A/SecurityHI
0x00000001108d8000 	/Library/Java/JavaVirtualMachines/jdk1.8.0_111.jdk/Contents/Home/jre/lib/libawt.dylib
0x0000000110980000 	/Library/Java/JavaVirtualMachines/jdk1.8.0_111.jdk/Contents/Home/jre/lib/./libmlib_image.dylib
0x0000000110a4c000 	/Library/Java/JavaVirtualMachines/jdk1.8.0_111.jdk/Contents/Home/jre/lib/libawt_lwawt.dylib
0x0000000110b01000 	/Library/Java/JavaVirtualMachines/jdk1.8.0_111.jdk/Contents/Home/jre/lib/./libosxapp.dylib
0x00000000222bc000 	/System/Library/Frameworks/ExceptionHandling.framework/Versions/A/ExceptionHandling
0x00000000222bc000 	/System/Library/PrivateFrameworks/CoreServicesInternal.framework/Versions/A/CoreServicesInternal
0x00000000222bc000 	/System/Library/CoreServices/RawCamera.bundle/Contents/MacOS/RawCamera
0x0000000110b9d000 	/System/Library/Frameworks/Accelerate.framework/Frameworks/vImage.framework/Versions/A/Libraries/libCGInterfaces.dylib
0x00000000222bc000 	/System/Library/Frameworks/ApplicationServices.framework/Versions/A/Frameworks/ATS.framework/Versions/A/Resources/libTrueTypeScaler.dylib
0x00000001274b9000 	/System/Library/Frameworks/OpenGL.framework/Resources/GLEngine.bundle/GLEngine
0x00000000222bc000 	/System/Library/Frameworks/OpenGL.framework/Versions/A/Libraries/libGLProgrammability.dylib
0x000000012769e000 	/System/Library/Extensions/AppleIntelBDWGraphicsGLDriver.bundle/Contents/MacOS/AppleIntelBDWGraphicsGLDriver
0x00000000222bc000 	/System/Library/PrivateFrameworks/GPUSupport.framework/Versions/A/Libraries/libGPUSupportMercury.dylib
0x0000000127e08000 	/System/Library/Frameworks/OpenGL.framework/Resources//GLRendererFloat.bundle/GLRendererFloat
0x00000000222bc000 	/System/Library/Frameworks/OpenCL.framework/Versions/A/Libraries/libcldcpuengine.dylib
0x00000000222bc000 	/usr/lib/libcrypto.0.9.8.dylib
0x00000000222bc000 	/System/Library/PrivateFrameworks/TrustEvaluationAgent.framework/Versions/A/TrustEvaluationAgent
0x0000000127e3c000 	/System/Library/Extensions/AppleIntelBDWGraphicsMTLDriver.bundle/Contents/MacOS/AppleIntelBDWGraphicsMTLDriver
0x00000000222bc000 	/System/Library/PrivateFrameworks/FamilyControls.framework/Versions/A/FamilyControls
0x00000000222bc000 	/System/Library/PrivateFrameworks/CommerceKit.framework/Versions/A/Frameworks/CommerceCore.framework/Versions/A/CommerceCore
0x00000000222bc000 	/System/Library/PrivateFrameworks/SystemAdministration.framework/Versions/A/SystemAdministration
0x00000000222bc000 	/System/Library/PrivateFrameworks/AppContainer.framework/Versions/A/AppContainer
0x00000000222bc000 	/System/Library/PrivateFrameworks/SecCodeWrapper.framework/Versions/A/SecCodeWrapper
0x00000000222bc000 	/System/Library/Frameworks/DirectoryService.framework/Versions/A/DirectoryService
0x00000000222bc000 	/System/Library/PrivateFrameworks/DiskImages.framework/Versions/A/DiskImages
0x00000000222bc000 	/System/Library/PrivateFrameworks/LoginUIKit.framework/Versions/A/Frameworks/LoginUICore.framework/Versions/A/LoginUICore
0x00000000222bc000 	/usr/lib/libCoreStorage.dylib
0x00000000222bc000 	/usr/lib/libcsfde.dylib
0x00000000222bc000 	/usr/lib/libodfde.dylib
0x00000000222bc000 	/System/Library/Frameworks/DiscRecording.framework/Versions/A/DiscRecording
0x00000000222bc000 	/usr/lib/libcurl.4.dylib
0x00000000222bc000 	/System/Library/PrivateFrameworks/MediaKit.framework/Versions/A/MediaKit
0x00000000222bc000 	/System/Library/PrivateFrameworks/ProtectedCloudStorage.framework/Versions/A/ProtectedCloudStorage
0x00000000222bc000 	/System/Library/PrivateFrameworks/EFILogin.framework/Versions/A/EFILogin
0x00000000222bc000 	/usr/lib/libutil.dylib
0x00000000222bc000 	/System/Library/Frameworks/LDAP.framework/Versions/A/LDAP
0x00000000222bc000 	/usr/lib/libsasl2.2.dylib
0x00000000222bc000 	/System/Library/PrivateFrameworks/CoreDaemon.framework/Versions/B/CoreDaemon
0x00000000222bc000 	/System/Library/PrivateFrameworks/AppleSRP.framework/Versions/A/AppleSRP
0x00000000222bc000 	/System/Library/PrivateFrameworks/APFS.framework/Versions/A/APFS
0x0000000129dfe000 	/Library/Java/JavaVirtualMachines/jdk1.8.0_111.jdk/Contents/Home/jre/lib/libfontmanager.dylib
0x000000012b1f0000 	/Library/Java/JavaVirtualMachines/jdk1.8.0_111.jdk/Contents/Home/jre/lib/libosxui.dylib
0x00000000222bc000 	/System/Library/PrivateFrameworks/ViewBridge.framework/Versions/A/ViewBridge
0x00000000222bc000 	/System/Library/PrivateFrameworks/XPCService.framework/Versions/A/XPCService
0x00000000222bc000 	/System/Library/PrivateFrameworks/AppSandbox.framework/Versions/A/AppSandbox
0x00000000222bc000 	/usr/lib/libsandbox.1.dylib
0x00000000222bc000 	/usr/lib/libMatch.1.dylib
0x000000012bf77000 	/Library/Java/JavaVirtualMachines/jdk1.8.0_111.jdk/Contents/Home/jre/lib/libnet.dylib
0x000000012bf8e000 	/Library/Java/JavaVirtualMachines/jdk1.8.0_111.jdk/Contents/Home/jre/lib/libnio.dylib
0x000000012af77000 	/private/var/folders/99/pp3fz67d34l2n2q9ztrt9jpr0000gn/T/jogamp_0000/file_cache/jln6537594605427483512/jln1012680502339464659/libgluegen-rt.jnilib
0x000000012af7b000 	/private/var/folders/99/pp3fz67d34l2n2q9ztrt9jpr0000gn/T/jogamp_0000/file_cache/jln6537594605427483512/jln1012680502339464659/libnativewindow_awt.jnilib
0x00000001575fd000 	/Library/Java/JavaVirtualMachines/jdk1.8.0_111.jdk/Contents/Home/jre/lib/libjawt.dylib
0x0000000157600000 	/private/var/folders/99/pp3fz67d34l2n2q9ztrt9jpr0000gn/T/jogamp_0000/file_cache/jln6537594605427483512/jln1012680502339464659/libnativewindow_macosx.jnilib
0x000000015763d000 	/private/var/folders/99/pp3fz67d34l2n2q9ztrt9jpr0000gn/T/jogamp_0000/file_cache/jln6537594605427483512/jln1012680502339464659/libjogl_desktop.jnilib
0x0000000125619000 	/Library/Java/JavaVirtualMachines/jdk1.8.0_111.jdk/Contents/Home/jre/lib/libsunec.dylib
0x0000000162e9c000 	/Library/Java/JavaVirtualMachines/jdk1.8.0_111.jdk/Contents/Home/jre/lib/libt2k.dylib
0x00000001603a3000 	/Library/Java/JavaVirtualMachines/jdk1.8.0_111.jdk/Contents/Home/jre/lib/libjpeg.dylib

VM Arguments:
jvm_args: -Djava.security.policy=java.policy.applet -Dfile.encoding=UTF-8 
java_command: sun.applet.AppletViewer module6.EarthquakeCityMap1492717377246.html
java_class_path (initial): /Users/loris/Documents/workspace/UCSD/UCSDUnfoldingMaps/build:/Users/loris/Documents/workspace/UCSD/UCSDUnfoldingMaps/lib/core.jar:/Users/loris/Documents/workspace/UCSD/UCSDUnfoldingMaps/lib/gluegen-rt.jar:/Users/loris/Documents/workspace/UCSD/UCSDUnfoldingMaps/lib/jogl-all.jar:/Users/loris/Documents/workspace/UCSD/UCSDUnfoldingMaps/lib/log4j-1.2.15.jar:/Users/loris/Documents/workspace/UCSD/UCSDUnfoldingMaps/lib/sqlite-jdbc-3.7.2.jar:/Users/loris/Documents/workspace/UCSD/UCSDUnfoldingMaps/lib/json4processing.jar:/Users/loris/Documents/workspace/UCSD/UCSDUnfoldingMaps/lib/libTUIO.jar:/Users/loris/Documents/workspace/UCSD/UCSDUnfoldingMaps/lib/unfolding.0.9.7-uscd.jar
Launcher Type: SUN_STANDARD

Environment Variables:
PATH=/usr/bin:/bin:/usr/sbin:/sbin
SHELL=/bin/bash

Signal Handlers:
SIGSEGV: [libjvm.dylib+0x5b03ed], sa_mask[0]=11111111011111110111111111111111, sa_flags=SA_ONSTACK|SA_RESTART|SA_SIGINFO
SIGBUS: [libjvm.dylib+0x5b03ed], sa_mask[0]=11111111011111110111111111111111, sa_flags=SA_RESTART|SA_SIGINFO
SIGFPE: [libjvm.dylib+0x48711c], sa_mask[0]=11111111011111110111111111111111, sa_flags=SA_RESTART|SA_SIGINFO
SIGPIPE: [libjvm.dylib+0x48711c], sa_mask[0]=11111111011111110111111111111111, sa_flags=SA_RESTART|SA_SIGINFO
SIGXFSZ: [libjvm.dylib+0x48711c], sa_mask[0]=11111111011111110111111111111111, sa_flags=SA_RESTART|SA_SIGINFO
SIGILL: [libjvm.dylib+0x48711c], sa_mask[0]=11111111011111110111111111111111, sa_flags=SA_RESTART|SA_SIGINFO
SIGUSR1: SIG_DFL, sa_mask[0]=00000000000000000000000000000000, sa_flags=none
SIGUSR2: [libjvm.dylib+0x486c3a], sa_mask[0]=00100000000000000000000000000000, sa_flags=SA_RESTART|SA_SIGINFO
SIGHUP: [libjvm.dylib+0x485211], sa_mask[0]=11111111011111110111111111111111, sa_flags=SA_RESTART|SA_SIGINFO
SIGINT: [libjvm.dylib+0x485211], sa_mask[0]=11111111011111110111111111111111, sa_flags=SA_RESTART|SA_SIGINFO
SIGTERM: [libjvm.dylib+0x485211], sa_mask[0]=11111111011111110111111111111111, sa_flags=SA_RESTART|SA_SIGINFO
SIGQUIT: [libjvm.dylib+0x485211], sa_mask[0]=11111111011111110111111111111111, sa_flags=SA_RESTART|SA_SIGINFO


---------------  S Y S T E M  ---------------

OS:Bsduname:Darwin 16.5.0 Darwin Kernel Version 16.5.0: Fri Mar  3 16:52:33 PST 2017; root:xnu-3789.51.2~3/RELEASE_X86_64 x86_64
rlimit: STACK 8192k, CORE 0k, NPROC 709, NOFILE 10240, AS infinity
load average:1.94 2.07 1.85

CPU:total 4 (2 cores per cpu, 2 threads per core) family 6 model 61 stepping 4, cmov, cx8, fxsr, mmx, sse, sse2, sse3, ssse3, sse4.1, sse4.2, popcnt, avx, avx2, aes, clmul, erms, 3dnowpref, lzcnt, ht, tsc, tscinvbit, bmi1, bmi2, adx

Memory: 4k page, physical 8388608k(382844k free)

/proc/meminfo:


vm_info: Java HotSpot(TM) 64-Bit Server VM (25.111-b14) for bsd-amd64 JRE (1.8.0_111-b14), built on Sep 22 2016 15:31:41 by "java_re" with gcc 4.2.1 (Based on Apple Inc. build 5658) (LLVM build 2336.11.00)

time: Thu Apr 20 21:43:04 2017
elapsed time: 7 seconds (0d 0h 0m 7s)

