#
# A fatal error has been detected by the Java Runtime Environment:
#
#  SIGSEGV (0xb) at pc=0x00007fffac52705d, pid=793, tid=0x0000000000000307
#
# JRE version: Java(TM) SE Runtime Environment (8.0_111-b14) (build 1.8.0_111-b14)
# Java VM: Java HotSpot(TM) 64-Bit Server VM (25.111-b14 mixed mode bsd-amd64 compressed oops)
# Problematic frame:
# C  [libobjc.A.dylib+0x705d]  objc_msgSend+0x1d
#
# Failed to write core dump. Core dumps have been disabled. To enable core dumping, try "ulimit -c unlimited" before starting Java again
#
# If you would like to submit a bug report, please visit:
#   http://bugreport.java.com/bugreport/crash.jsp
# The crash happened outside the Java Virtual Machine in native code.
# See problematic frame for where to report the bug.
#

---------------  T H R E A D  ---------------

Current thread (0x00007ffcb0071000):  JavaThread "AWT-AppKit" daemon [_thread_in_native, id=775, stack(0x00007fff53a19000,0x00007fff54219000)]

siginfo: si_signo: 11 (SIGSEGV), si_code: 1 (SEGV_MAPERR), si_addr: 0x0000000000000018

Registers:
RAX=0x00007ffcb5b7f7b0, RBX=0x0000000156a87450, RCX=0x00007ffcb2500000, RDX=0x0000000000000000
RSP=0x00007fff54214308, RBP=0x00007fff542143c0, RSI=0x00007fff95dda134, RDI=0x00007ffcb597f4f0
R8 =0x0000000000000018, R9 =0x00007ffcb25000b0, R10=0x0000000000000000, R11=0x00007fff95dda134
R12=0x0000000000000000, R13=0x000000015db05bd8, R14=0x0000000156a87440, R15=0x00007ffcb0071000
RIP=0x00007fffac52705d, EFLAGS=0x0000000000010246, ERR=0x0000000000000004
  TRAPNO=0x000000000000000e

Top of Stack: (sp=0x00007fff54214308)
0x00007fff54214308:   0000000156a85157 00007fff54214360
0x00007fff54214318:   0000000000000003 00007fff54214340
0x00007fff54214328:   000000010c5f27be 000000015db05bd8
0x00007fff54214338:   000000015db05bd8 00007ffcb5b7f7b0
0x00007fff54214348:   0000000156a876a0 0000000156a87710
0x00007fff54214358:   00007fffb258b6d0 00007fffb31bb1e0
0x00007fff54214368:   0000000156a87450 0000000156a87690
0x00007fff54214378:   00007ffcb5b7f7b0 00007ffcb597f4f0
0x00007fff54214388:   00007ffcafe39df0 00007ffcb5b7f7b0
0x00007fff54214398:   00007ffcb597f4f0 00007fff54214448
0x00007fff542143a8:   00007ffcb00711f8 000000015db05bd8
0x00007fff542143b8:   00007fff54214470 00007fff54214438
0x00007fff542143c8:   00000001170169f4 000000015db05bd8
0x00007fff542143d8:   00007fff54214470 00007fff54214438
0x00007fff542143e8:   0000000117016787 0000000117016742
0x00007fff542143f8:   00007fff542143f8 000000015db05bd8
0x00007fff54214408:   00007fff54214470 00000001568eee38
0x00007fff54214418:   0000000000000000 000000015db05bd8
0x00007fff54214428:   0000000000000000 00007fff54214458
0x00007fff54214438:   00007fff542144b8 00000001170072bd
0x00007fff54214448:   0000000740480d10 0000000117010538
0x00007fff54214458:   00007ffcb5b7f7b0 00007fff542144b8
0x00007fff54214468:   00007ffcb597f4f0 0000000117011e02
0x00007fff54214478:   00007fff54214478 000000015db05da2
0x00007fff54214488:   00007fff542144e0 00000001568eee38
0x00007fff54214498:   0000000000000000 000000015db05db0
0x00007fff542144a8:   00007fff54214458 00007fff542144c8
0x00007fff542144b8:   00007fff54214528 00000001170072bd
0x00007fff542144c8:   00007ffcb5b7f7b0 00000007402b90d0
0x00007fff542144d8:   00007ffcb597f4f0 00000007402b90d0
0x00007fff542144e8:   00007fff542144e8 0000000166826896
0x00007fff542144f8:   00007fff54214538 0000000166826950 

Instructions: (pc=0x00007fffac52705d)
0x00007fffac52703d:   0f 1f 00 48 85 ff 2e 74 62 40 f6 c7 01 2e 75 66
0x00007fffac52704d:   49 ba f8 ff ff ff ff 7f 00 00 4c 23 17 49 89 f3
0x00007fffac52705d:   45 23 5a 18 49 c1 e3 04 4d 03 5a 10 49 3b 33 75
0x00007fffac52706d:   04 41 ff 63 08 49 83 3b 01 76 0d 49 83 c3 10 49 

Register to memory mapping:

RAX=0x00007ffcb5b7f7b0 is an unknown value
RBX=0x0000000156a87450: Java_jogamp_nativewindow_macosx_OSXUtil_GetScreenRefreshRate0+0x1cf0 in /private/var/folders/99/pp3fz67d34l2n2q9ztrt9jpr0000gn/T/jogamp_0000/file_cache/jln6258732021484347321/jln8151207985439291603/libnativewindow_macosx.jnilib at 0x0000000156a80000
RCX=0x00007ffcb2500000 is an unknown value
RDX=0x0000000000000000 is an unknown value
RSP=0x00007fff54214308 is pointing into the stack for thread: 0x00007ffcb0071000
RBP=0x00007fff542143c0 is pointing into the stack for thread: 0x00007ffcb0071000
RSI=0x00007fff95dda134: __NSStyleNameIndexTable+0x7fcec in /System/Library/Frameworks/AppKit.framework/Versions/C/AppKit at 0x00007fff9516d000
RDI=0x00007ffcb597f4f0 is an unknown value
R8 =0x0000000000000018 is an unknown value
R9 =0x00007ffcb25000b0 is an unknown value
R10=0x0000000000000000 is an unknown value
R11=0x00007fff95dda134: __NSStyleNameIndexTable+0x7fcec in /System/Library/Frameworks/AppKit.framework/Versions/C/AppKit at 0x00007fff9516d000
R12=0x0000000000000000 is an unknown value
R13={method} {0x000000015db05bd8} 'UnsetJAWTRootSurfaceLayer0' '(JJ)V' in 'jogamp/nativewindow/jawt/macosx/MacOSXJAWTWindow'
R14=0x0000000156a87440: Java_jogamp_nativewindow_macosx_OSXUtil_GetScreenRefreshRate0+0x1ce0 in /private/var/folders/99/pp3fz67d34l2n2q9ztrt9jpr0000gn/T/jogamp_0000/file_cache/jln6258732021484347321/jln8151207985439291603/libnativewindow_macosx.jnilib at 0x0000000156a80000
R15=0x00007ffcb0071000 is a thread


Stack: [0x00007fff53a19000,0x00007fff54219000],  sp=0x00007fff54214308,  free space=8172k
Native frames: (J=compiled Java code, j=interpreted, Vv=VM code, C=native code)
C  [libobjc.A.dylib+0x705d]  objc_msgSend+0x1d
j  jogamp.nativewindow.jawt.macosx.MacOSXJAWTWindow.UnsetJAWTRootSurfaceLayer0(JJ)V+0
j  jogamp.nativewindow.jawt.macosx.MacOSXJAWTWindow.access$200(JJ)V+2
j  jogamp.nativewindow.jawt.macosx.MacOSXJAWTWindow$1.run()V+38
J 3574 C1 com.jogamp.common.util.RunnableTask.run()V (345 bytes) @ 0x0000000117815af4 [0x0000000117815960+0x194]
v  ~StubRoutines::call_stub
V  [libjvm.dylib+0x2ecf8a]  JavaCalls::call_helper(JavaValue*, methodHandle*, JavaCallArguments*, Thread*)+0x6ae
V  [libjvm.dylib+0x324119]  jni_invoke_nonstatic(JNIEnv_*, JavaValue*, _jobject*, JNICallType, _jmethodID*, JNI_ArgumentPusher*, Thread*)+0x2ec
V  [libjvm.dylib+0x3168e7]  jni_CallVoidMethod+0x16b
C  [libnativewindow_macosx.jnilib+0x5326]  Java_jogamp_nativewindow_jawt_macosx_MacOSXJAWTWindow_UnsetJAWTRootSurfaceLayer0+0x2b6
C  [Foundation+0x7184a]  __NSThreadPerformPerform+0x146
C  [CoreFoundation+0xa73c1]  __CFRUNLOOP_IS_CALLING_OUT_TO_A_SOURCE0_PERFORM_FUNCTION__+0x11
C  [CoreFoundation+0x88247]  __CFRunLoopDoSources0+0x1a7
C  [CoreFoundation+0x877c6]  __CFRunLoopRun+0x3a6
C  [CoreFoundation+0x871c4]  CFRunLoopRunSpecific+0x1a4
C  [HIToolbox+0x30ebc]  RunCurrentEventLoopInMode+0xf0
C  [HIToolbox+0x30bf9]  ReceiveNextEventCommon+0xb8
C  [HIToolbox+0x30b26]  _BlockUntilNextEventMatchingListInModeWithFilter+0x47
C  [AppKit+0x46e24]  _DPSNextEvent+0x460
C  [AppKit+0x7c285e]  -[NSApplication(NSEvent) _nextEventMatchingEventMask:untilDate:inMode:dequeue:]+0xaec
C  [libosxapp.dylib+0x23aa]  -[NSApplicationAWT nextEventMatchingMask:untilDate:inMode:dequeue:]+0x7c
C  [AppKit+0x3b7ab]  -[NSApplication run]+0x39e
C  [libosxapp.dylib+0x214d]  +[NSApplicationAWT runAWTLoopWithApp:]+0x9c
C  [libawt_lwawt.dylib+0x444b3]  -[AWTStarter starter:]+0x389
C  [Foundation+0x7184a]  __NSThreadPerformPerform+0x146
C  [CoreFoundation+0xa73c1]  __CFRUNLOOP_IS_CALLING_OUT_TO_A_SOURCE0_PERFORM_FUNCTION__+0x11
C  [CoreFoundation+0x882cd]  __CFRunLoopDoSources0+0x22d
C  [CoreFoundation+0x877c6]  __CFRunLoopRun+0x3a6
C  [CoreFoundation+0x871c4]  CFRunLoopRunSpecific+0x1a4
C  [java+0x6465]  CreateExecutionEnvironment+0x367
C  [java+0x218c]  JLI_Launch+0x7a0
C  [java+0x84c2]  main+0x65
C  [java+0x19e4]  start+0x34
C  0x0000000000000007

Java frames: (J=compiled Java code, j=interpreted, Vv=VM code)
j  jogamp.nativewindow.jawt.macosx.MacOSXJAWTWindow.UnsetJAWTRootSurfaceLayer0(JJ)V+0
j  jogamp.nativewindow.jawt.macosx.MacOSXJAWTWindow.access$200(JJ)V+2
j  jogamp.nativewindow.jawt.macosx.MacOSXJAWTWindow$1.run()V+38
J 3574 C1 com.jogamp.common.util.RunnableTask.run()V (345 bytes) @ 0x0000000117815af4 [0x0000000117815960+0x194]
v  ~StubRoutines::call_stub

---------------  P R O C E S S  ---------------

Java Threads: ( => current thread )
  0x00007ffcb1f44800 JavaThread "Thread-114" [_thread_blocked, id=34959, stack(0x000070000488e000,0x000070000498e000)]
  0x00007ffcb61a7800 JavaThread "Image Fetcher 1" daemon [_thread_blocked, id=69643, stack(0x000070000478b000,0x000070000488b000)]
  0x00007ffcb69a1800 JavaThread "Image Fetcher 0" daemon [_thread_blocked, id=72195, stack(0x0000700004c9a000,0x0000700004d9a000)]
  0x00007ffcb615f800 JavaThread "Keep-Alive-Timer" daemon [_thread_blocked, id=71739, stack(0x0000700004b97000,0x0000700004c97000)]
  0x00007ffcb1ab0000 JavaThread "AWT-EventQueue-1" [_thread_in_native, id=66575, stack(0x0000700004605000,0x0000700004705000)]
  0x00007ffcb0bfb800 JavaThread "DestroyJavaVM" [_thread_blocked, id=7171, stack(0x0000700002fbd000,0x00007000030bd000)]
  0x00007ffcb1a15000 JavaThread "AWT-EventQueue-0" [_thread_blocked, id=60179, stack(0x00007000043ff000,0x00007000044ff000)]
  0x00007ffcb19a3000 JavaThread "Java2D Disposer" daemon [_thread_blocked, id=56847, stack(0x0000700004176000,0x0000700004276000)]
  0x00007ffcb09c9000 JavaThread "Java2D Queue Flusher" daemon [_thread_blocked, id=54791, stack(0x0000700004073000,0x0000700004173000)]
  0x00007ffcb105f800 JavaThread "AWT-Shutdown" [_thread_blocked, id=29727, stack(0x0000700003e6a000,0x0000700003f6a000)]
=>0x00007ffcb0071000 JavaThread "AWT-AppKit" daemon [_thread_in_native, id=775, stack(0x00007fff53a19000,0x00007fff54219000)]
  0x00007ffcb081c000 JavaThread "Service Thread" daemon [_thread_blocked, id=18691, stack(0x0000700003be1000,0x0000700003ce1000)]
  0x00007ffcb1809000 JavaThread "C1 CompilerThread2" daemon [_thread_blocked, id=18179, stack(0x0000700003ade000,0x0000700003bde000)]
  0x00007ffcb1808000 JavaThread "C2 CompilerThread1" daemon [_thread_blocked, id=17667, stack(0x00007000039db000,0x0000700003adb000)]
  0x00007ffcb081b000 JavaThread "C2 CompilerThread0" daemon [_thread_blocked, id=17155, stack(0x00007000038d8000,0x00007000039d8000)]
  0x00007ffcb101a000 JavaThread "Signal Dispatcher" daemon [_thread_blocked, id=16643, stack(0x00007000037d5000,0x00007000038d5000)]
  0x00007ffcb0054000 JavaThread "Finalizer" daemon [_thread_blocked, id=12547, stack(0x00007000036d2000,0x00007000037d2000)]
  0x00007ffcb0051800 JavaThread "Reference Handler" daemon [_thread_blocked, id=12035, stack(0x00007000035cf000,0x00007000036cf000)]

Other Threads:
  0x00007ffcb1014000 VMThread [stack: 0x00007000034cc000,0x00007000035cc000] [id=11523]
  0x00007ffcb0863800 WatcherThread [stack: 0x0000700003ce4000,0x0000700003de4000] [id=19203]

VM state:not at safepoint (normal execution)

VM Mutex/Monitor currently owned by a thread: None

Heap:
 PSYoungGen      total 478720K, used 328813K [0x0000000795580000, 0x00000007b3f00000, 0x00000007c0000000)
  eden space 460288K, 67% used [0x0000000795580000,0x00000007a86030a0,0x00000007b1700000)
  from space 18432K, 92% used [0x00000007b2b80000,0x00000007b3c18430,0x00000007b3d80000)
  to   space 20480K, 0% used [0x00000007b1700000,0x00000007b1700000,0x00000007b2b00000)
 ParOldGen       total 54784K, used 34659K [0x0000000740000000, 0x0000000743580000, 0x0000000795580000)
  object space 54784K, 63% used [0x0000000740000000,0x00000007421d8e30,0x0000000743580000)
 Metaspace       used 24851K, capacity 25077K, committed 25344K, reserved 1073152K
  class space    used 2423K, capacity 2517K, committed 2560K, reserved 1048576K

Card table byte_map: [0x000000010d761000,0x000000010db62000] byte_map_base: 0x0000000109d61000

Marking Bits: (ParMarkBitMap*) 0x000000010ccefd20
 Begin Bits: [0x000000010de0d000, 0x000000010fe0d000)
 End Bits:   [0x000000010fe0d000, 0x0000000111e0d000)

Polling page: 0x000000010bb60000

CodeCache: size=245760Kb used=11597Kb max_used=11598Kb free=234162Kb
 bounds [0x0000000116fff000, 0x0000000117b6f000, 0x0000000125fff000]
 total_blobs=4266 nmethods=3342 adapters=837
 compilation: enabled

Compilation events (10 events):
Event: 19.992 Thread 0x00007ffcb1809000 4000       3       java.awt.Component::eventEnabled (9 bytes)
Event: 19.992 Thread 0x00007ffcb1809000 nmethod 4000 0x00000001177e5710 code [0x00000001177e5880, 0x00000001177e5aa8]
Event: 19.992 Thread 0x00007ffcb1809000 4001       3       java.awt.Component::eventTypeEnabled (487 bytes)
Event: 19.993 Thread 0x00007ffcb1809000 nmethod 4001 0x0000000117b60bd0 code [0x0000000117b60d80, 0x0000000117b617f0]
Event: 20.039 Thread 0x00007ffcb1809000 4002       1       java.util.concurrent.locks.AbstractQueuedSynchronizer::compareAndSetWaitStatus (13 bytes)
Event: 20.039 Thread 0x00007ffcb1809000 nmethod 4002 0x00000001172b4c10 code [0x00000001172b4d60, 0x00000001172b4e70]
Event: 20.042 Thread 0x00007ffcb1809000 4003       3       java.security.CodeSource::matchCerts (254 bytes)
Event: 20.043 Thread 0x00007ffcb1809000 nmethod 4003 0x00000001178044d0 code [0x00000001178046e0, 0x0000000117805278]
Event: 20.054 Thread 0x00007ffcb1809000 4004       1       sun.java2d.SurfaceData::isValid (5 bytes)
Event: 20.055 Thread 0x00007ffcb1809000 nmethod 4004 0x00000001177ac210 code [0x00000001177ac360, 0x00000001177ac470]

GC Heap History (10 events):
Event: 12.479 GC heap before
{Heap before GC invocations=15 (full 1):
 PSYoungGen      total 261120K, used 255152K [0x0000000795580000, 0x00000007aa080000, 0x00000007c0000000)
  eden space 247296K, 100% used [0x0000000795580000,0x00000007a4700000,0x00000007a4700000)
  from space 13824K, 56% used [0x00000007a4700000,0x00000007a4eac1f0,0x00000007a5480000)
  to   space 13312K, 0% used [0x00000007a9380000,0x00000007a9380000,0x00000007aa080000)
 ParOldGen       total 54784K, used 34627K [0x0000000740000000, 0x0000000743580000, 0x0000000795580000)
  object space 54784K, 63% used [0x0000000740000000,0x00000007421d0e30,0x0000000743580000)
 Metaspace       used 24580K, capacity 24821K, committed 25088K, reserved 1071104K
  class space    used 2415K, capacity 2517K, committed 2560K, reserved 1048576K
Event: 12.487 GC heap after
Heap after GC invocations=15 (full 1):
 PSYoungGen      total 324608K, used 11488K [0x0000000795580000, 0x00000007aa380000, 0x00000007c0000000)
  eden space 311296K, 0% used [0x0000000795580000,0x0000000795580000,0x00000007a8580000)
  from space 13312K, 86% used [0x00000007a9380000,0x00000007a9eb82c0,0x00000007aa080000)
  to   space 14336K, 0% used [0x00000007a8580000,0x00000007a8580000,0x00000007a9380000)
 ParOldGen       total 54784K, used 34635K [0x0000000740000000, 0x0000000743580000, 0x0000000795580000)
  object space 54784K, 63% used [0x0000000740000000,0x00000007421d2e30,0x0000000743580000)
 Metaspace       used 24580K, capacity 24821K, committed 25088K, reserved 1071104K
  class space    used 2415K, capacity 2517K, committed 2560K, reserved 1048576K
}
Event: 13.874 GC heap before
{Heap before GC invocations=16 (full 1):
 PSYoungGen      total 324608K, used 322784K [0x0000000795580000, 0x00000007aa380000, 0x00000007c0000000)
  eden space 311296K, 100% used [0x0000000795580000,0x00000007a8580000,0x00000007a8580000)
  from space 13312K, 86% used [0x00000007a9380000,0x00000007a9eb82c0,0x00000007aa080000)
  to   space 14336K, 0% used [0x00000007a8580000,0x00000007a8580000,0x00000007a9380000)
 ParOldGen       total 54784K, used 34635K [0x0000000740000000, 0x0000000743580000, 0x0000000795580000)
  object space 54784K, 63% used [0x0000000740000000,0x00000007421d2e30,0x0000000743580000)
 Metaspace       used 24592K, capacity 24821K, committed 25088K, reserved 1071104K
  class space    used 2415K, capacity 2517K, committed 2560K, reserved 1048576K
Event: 13.885 GC heap after
Heap after GC invocations=16 (full 1):
 PSYoungGen      total 325632K, used 11472K [0x0000000795580000, 0x00000007af400000, 0x00000007c0000000)
  eden space 311296K, 0% used [0x0000000795580000,0x0000000795580000,0x00000007a8580000)
  from space 14336K, 80% used [0x00000007a8580000,0x00000007a90b42d0,0x00000007a9380000)
  to   space 15360K, 0% used [0x00000007ae500000,0x00000007ae500000,0x00000007af400000)
 ParOldGen       total 54784K, used 34635K [0x0000000740000000, 0x0000000743580000, 0x0000000795580000)
  object space 54784K, 63% used [0x0000000740000000,0x00000007421d2e30,0x0000000743580000)
 Metaspace       used 24592K, capacity 24821K, committed 25088K, reserved 1071104K
  class space    used 2415K, capacity 2517K, committed 2560K, reserved 1048576K
}
Event: 15.210 GC heap before
{Heap before GC invocations=17 (full 1):
 PSYoungGen      total 325632K, used 322768K [0x0000000795580000, 0x00000007af400000, 0x00000007c0000000)
  eden space 311296K, 100% used [0x0000000795580000,0x00000007a8580000,0x00000007a8580000)
  from space 14336K, 80% used [0x00000007a8580000,0x00000007a90b42d0,0x00000007a9380000)
  to   space 15360K, 0% used [0x00000007ae500000,0x00000007ae500000,0x00000007af400000)
 ParOldGen       total 54784K, used 34635K [0x0000000740000000, 0x0000000743580000, 0x0000000795580000)
  object space 54784K, 63% used [0x0000000740000000,0x00000007421d2e30,0x0000000743580000)
 Metaspace       used 24650K, capacity 24949K, committed 25088K, reserved 1071104K
  class space    used 2415K, capacity 2517K, committed 2560K, reserved 1048576K
Event: 15.220 GC heap after
Heap after GC invocations=17 (full 1):
 PSYoungGen      total 408064K, used 12560K [0x0000000795580000, 0x00000007af500000, 0x00000007c0000000)
  eden space 392704K, 0% used [0x0000000795580000,0x0000000795580000,0x00000007ad500000)
  from space 15360K, 81% used [0x00000007ae500000,0x00000007af144310,0x00000007af400000)
  to   space 16384K, 0% used [0x00000007ad500000,0x00000007ad500000,0x00000007ae500000)
 ParOldGen       total 54784K, used 34643K [0x0000000740000000, 0x0000000743580000, 0x0000000795580000)
  object space 54784K, 63% used [0x0000000740000000,0x00000007421d4e30,0x0000000743580000)
 Metaspace       used 24650K, capacity 24949K, committed 25088K, reserved 1071104K
  class space    used 2415K, capacity 2517K, committed 2560K, reserved 1048576K
}
Event: 16.939 GC heap before
{Heap before GC invocations=18 (full 1):
 PSYoungGen      total 408064K, used 405264K [0x0000000795580000, 0x00000007af500000, 0x00000007c0000000)
  eden space 392704K, 100% used [0x0000000795580000,0x00000007ad500000,0x00000007ad500000)
  from space 15360K, 81% used [0x00000007ae500000,0x00000007af144310,0x00000007af400000)
  to   space 16384K, 0% used [0x00000007ad500000,0x00000007ad500000,0x00000007ae500000)
 ParOldGen       total 54784K, used 34643K [0x0000000740000000, 0x0000000743580000, 0x0000000795580000)
  object space 54784K, 63% used [0x0000000740000000,0x00000007421d4e30,0x0000000743580000)
 Metaspace       used 24722K, capacity 25013K, committed 25344K, reserved 1073152K
  class space    used 2415K, capacity 2517K, committed 2560K, reserved 1048576K
Event: 16.954 GC heap after
Heap after GC invocations=18 (full 1):
 PSYoungGen      total 409088K, used 15744K [0x0000000795580000, 0x00000007b3d80000, 0x00000007c0000000)
  eden space 392704K, 0% used [0x0000000795580000,0x0000000795580000,0x00000007ad500000)
  from space 16384K, 96% used [0x00000007ad500000,0x00000007ae4603c0,0x00000007ae500000)
  to   space 18432K, 0% used [0x00000007b2b80000,0x00000007b2b80000,0x00000007b3d80000)
 ParOldGen       total 54784K, used 34651K [0x0000000740000000, 0x0000000743580000, 0x0000000795580000)
  object space 54784K, 63% used [0x0000000740000000,0x00000007421d6e30,0x0000000743580000)
 Metaspace       used 24722K, capacity 25013K, committed 25344K, reserved 1073152K
  class space    used 2415K, capacity 2517K, committed 2560K, reserved 1048576K
}
Event: 18.600 GC heap before
{Heap before GC invocations=19 (full 1):
 PSYoungGen      total 409088K, used 408448K [0x0000000795580000, 0x00000007b3d80000, 0x00000007c0000000)
  eden space 392704K, 100% used [0x0000000795580000,0x00000007ad500000,0x00000007ad500000)
  from space 16384K, 96% used [0x00000007ad500000,0x00000007ae4603c0,0x00000007ae500000)
  to   space 18432K, 0% used [0x00000007b2b80000,0x00000007b2b80000,0x00000007b3d80000)
 ParOldGen       total 54784K, used 34651K [0x0000000740000000, 0x0000000743580000, 0x0000000795580000)
  object space 54784K, 63% used [0x0000000740000000,0x00000007421d6e30,0x0000000743580000)
 Metaspace       used 24802K, capacity 25077K, committed 25344K, reserved 1073152K
  class space    used 2415K, capacity 2517K, committed 2560K, reserved 1048576K
Event: 18.610 GC heap after
Heap after GC invocations=19 (full 1):
 PSYoungGen      total 478720K, used 16993K [0x0000000795580000, 0x00000007b3f00000, 0x00000007c0000000)
  eden space 460288K, 0% used [0x0000000795580000,0x0000000795580000,0x00000007b1700000)
  from space 18432K, 92% used [0x00000007b2b80000,0x00000007b3c18430,0x00000007b3d80000)
  to   space 20480K, 0% used [0x00000007b1700000,0x00000007b1700000,0x00000007b2b00000)
 ParOldGen       total 54784K, used 34659K [0x0000000740000000, 0x0000000743580000, 0x0000000795580000)
  object space 54784K, 63% used [0x0000000740000000,0x00000007421d8e30,0x0000000743580000)
 Metaspace       used 24802K, capacity 25077K, committed 25344K, reserved 1073152K
  class space    used 2415K, capacity 2517K, committed 2560K, reserved 1048576K
}

Deoptimization events (10 events):
Event: 7.497 Thread 0x00007ffcb1ab0000 Uncommon trap: reason=unstable_if action=reinterpret pc=0x0000000117938d44 method=java.text.DecimalFormat.subformat(Ljava/lang/StringBuffer;Ljava/text/Format$FieldDelegate;ZZIIII)Ljava/lang/StringBuffer; @ 753
Event: 7.504 Thread 0x00007ffcb1ab0000 Uncommon trap: reason=unstable_if action=reinterpret pc=0x0000000117959d4c method=module6.CommonMarker.draw(Lprocessing/core/PGraphics;FF)V @ 4
Event: 8.071 Thread 0x00007ffcb1ab0000 Uncommon trap: reason=unstable_if action=reinterpret pc=0x00000001175925a4 method=java.lang.Math.round(F)I @ 36
Event: 16.490 Thread 0x00007ffcb1ab0000 Uncommon trap: reason=predicate action=maybe_recompile pc=0x0000000117ae9998 method=java.util.Arrays.fill([Ljava/lang/Object;IILjava/lang/Object;)V @ 16
Event: 16.620 Thread 0x00007ffcb1ab0000 Uncommon trap: reason=array_check action=maybe_recompile pc=0x0000000117214408 method=java.util.Arrays.fill([Ljava/lang/Object;IILjava/lang/Object;)V @ 20
Event: 19.992 Thread 0x00007ffcb1ab0000 Uncommon trap: reason=unstable_if action=reinterpret pc=0x0000000117843128 method=com.jogamp.common.util.VersionNumber.compareTo(Lcom/jogamp/common/util/VersionNumber;)I @ 21
Event: 19.995 Thread 0x00007ffcb1a15000 Uncommon trap: reason=unstable_if action=reinterpret pc=0x000000011766cb54 method=java.awt.Font.equals(Ljava/lang/Object;)Z @ 2
Event: 20.038 Thread 0x00007ffcb01d4000 Uncommon trap: reason=class_check action=maybe_recompile pc=0x000000011749286c method=java.util.HashMap.putVal(ILjava/lang/Object;Ljava/lang/Object;ZZ)Ljava/lang/Object; @ 91
Event: 20.038 Thread 0x00007ffcb01d4000 Uncommon trap: reason=class_check action=maybe_recompile pc=0x000000011749286c method=java.util.HashMap.putVal(ILjava/lang/Object;Ljava/lang/Object;ZZ)Ljava/lang/Object; @ 91
Event: 20.053 Thread 0x00007ffcb1ab0000 Uncommon trap: reason=unstable_if action=reinterpret pc=0x00000001177149f8 method=java.security.AccessControlContext.optimize()Ljava/security/AccessControlContext; @ 233

Internal exceptions (10 events):
Event: 0.152 Thread 0x00007ffcb1802000 Exception <a 'java/lang/NoSuchFieldError': method resolution failed> (0x0000000795785f98) thrown at [/Users/java_re/workspace/8-2-build-macosx-x86_64/jdk8u111/7883/hotspot/src/share/vm/prims/methodHandles.cpp, line 1146]
Event: 0.154 Thread 0x00007ffcb1802000 Exception <a 'java/lang/NoSuchFieldError': method resolution failed> (0x0000000795793768) thrown at [/Users/java_re/workspace/8-2-build-macosx-x86_64/jdk8u111/7883/hotspot/src/share/vm/prims/methodHandles.cpp, line 1146]
Event: 0.330 Thread 0x00007ffcb1802000 Exception <a 'java/io/FileNotFoundException'> (0x000000079580ee90) thrown at [/Users/java_re/workspace/8-2-build-macosx-x86_64/jdk8u111/7883/hotspot/src/share/vm/prims/jni.cpp, line 709]
Event: 0.331 Thread 0x00007ffcb1802000 Exception <a 'java/io/FileNotFoundException'> (0x000000079580f9f8) thrown at [/Users/java_re/workspace/8-2-build-macosx-x86_64/jdk8u111/7883/hotspot/src/share/vm/prims/jni.cpp, line 709]
Event: 0.449 Thread 0x00007ffcb1802000 Exception <a 'java/io/FileNotFoundException'> (0x000000079594b4a0) thrown at [/Users/java_re/workspace/8-2-build-macosx-x86_64/jdk8u111/7883/hotspot/src/share/vm/prims/jni.cpp, line 709]
Event: 1.981 Thread 0x00007ffcb1802000 Exception <a 'java/lang/UnsatisfiedLinkError': com.jogamp.common.util.JarUtil.fixNativeLibAttribs(Ljava/lang/String;)Z> (0x0000000796be89b0) thrown at [/Users/java_re/workspace/8-2-build-macosx-x86_64/jdk8u111/7883/hotspot/src/share/vm/prims/nativeLookup.
Event: 2.269 Thread 0x00007ffcb0054000 Exception <a 'java/lang/NullPointerException'> (0x00000007956a71a0) thrown at [/Users/java_re/workspace/8-2-build-macosx-x86_64/jdk8u111/7883/hotspot/src/share/vm/interpreter/linkResolver.cpp, line 1178]
Event: 2.866 Thread 0x00007ffcb1ab0000 Exception <a 'java/io/FileNotFoundException'> (0x0000000795ec9f78) thrown at [/Users/java_re/workspace/8-2-build-macosx-x86_64/jdk8u111/7883/hotspot/src/share/vm/prims/jni.cpp, line 709]
Event: 2.866 Thread 0x00007ffcb1ab0000 Exception <a 'java/io/FileNotFoundException'> (0x0000000795ed0390) thrown at [/Users/java_re/workspace/8-2-build-macosx-x86_64/jdk8u111/7883/hotspot/src/share/vm/prims/jni.cpp, line 709]
Event: 2.866 Thread 0x00007ffcb1ab0000 Implicit null exception at 0x00000001171a7876 to 0x00000001171a7c45

Events (10 events):
Event: 20.053 Thread 0x00007ffcb1ab0000 DEOPT UNPACKING pc=0x0000000117004229 sp=0x0000700004702880 mode 2
Event: 20.053 loading class java/awt/LightweightDispatcher$2
Event: 20.054 loading class java/awt/LightweightDispatcher$2 done
Event: 20.054 loading class java/awt/event/AWTEventListenerProxy
Event: 20.054 loading class java/awt/event/AWTEventListenerProxy done
Event: 20.054 loading class java/awt/Toolkit$ToolkitEventMulticaster
Event: 20.054 loading class java/awt/Toolkit$ToolkitEventMulticaster done
Event: 20.054 Thread 0x00007ffcb01d4000 Thread exited: 0x00007ffcb01d4000
Event: 20.054 loading class java/awt/Window$1DisposeAction
Event: 20.054 loading class java/awt/Window$1DisposeAction done


Dynamic libraries:
0x00000000222bc000 	/System/Library/Frameworks/Cocoa.framework/Versions/A/Cocoa
0x00000000222bc000 	/System/Library/Frameworks/Security.framework/Versions/A/Security
0x00000000222bc000 	/System/Library/Frameworks/ApplicationServices.framework/Versions/A/ApplicationServices
0x00000000222bc000 	/usr/lib/libz.1.dylib
0x00000000222bc000 	/usr/lib/libSystem.B.dylib
0x00000000222bc000 	/usr/lib/libobjc.A.dylib
0x00000000222bc000 	/System/Library/Frameworks/CoreFoundation.framework/Versions/A/CoreFoundation
0x00000000222bc000 	/System/Library/Frameworks/Foundation.framework/Versions/C/Foundation
0x00000000222bc000 	/System/Library/Frameworks/AppKit.framework/Versions/C/AppKit
0x00000000222bc000 	/System/Library/Frameworks/CoreData.framework/Versions/A/CoreData
0x00000000222bc000 	/System/Library/PrivateFrameworks/RemoteViewServices.framework/Versions/A/RemoteViewServices
0x00000000222bc000 	/System/Library/PrivateFrameworks/UIFoundation.framework/Versions/A/UIFoundation
0x00000000222bc000 	/System/Library/PrivateFrameworks/DFRFoundation.framework/Versions/A/DFRFoundation
0x00000000222bc000 	/usr/lib/libenergytrace.dylib
0x00000000222bc000 	/System/Library/PrivateFrameworks/SkyLight.framework/Versions/A/SkyLight
0x00000000222bc000 	/System/Library/Frameworks/CoreGraphics.framework/Versions/A/CoreGraphics
0x00000000222bc000 	/usr/lib/libScreenReader.dylib
0x00000000222bc000 	/System/Library/Frameworks/Accelerate.framework/Versions/A/Accelerate
0x00000000222bc000 	/System/Library/Frameworks/IOSurface.framework/Versions/A/IOSurface
0x00000000222bc000 	/System/Library/Frameworks/AudioToolbox.framework/Versions/A/AudioToolbox
0x00000000222bc000 	/System/Library/Frameworks/AudioUnit.framework/Versions/A/AudioUnit
0x00000000222bc000 	/System/Library/PrivateFrameworks/DataDetectorsCore.framework/Versions/A/DataDetectorsCore
0x00000000222bc000 	/System/Library/PrivateFrameworks/DesktopServicesPriv.framework/Versions/A/DesktopServicesPriv
0x00000000222bc000 	/System/Library/Frameworks/Carbon.framework/Versions/A/Frameworks/HIToolbox.framework/Versions/A/HIToolbox
0x00000000222bc000 	/usr/lib/libicucore.A.dylib
0x00000000222bc000 	/System/Library/Frameworks/QuartzCore.framework/Versions/A/QuartzCore
0x00000000222bc000 	/System/Library/Frameworks/Carbon.framework/Versions/A/Frameworks/SpeechRecognition.framework/Versions/A/SpeechRecognition
0x00000000222bc000 	/usr/lib/libauto.dylib
0x00000000222bc000 	/usr/lib/libxml2.2.dylib
0x00000000222bc000 	/System/Library/PrivateFrameworks/CoreUI.framework/Versions/A/CoreUI
0x00000000222bc000 	/System/Library/Frameworks/CoreAudio.framework/Versions/A/CoreAudio
0x00000000222bc000 	/System/Library/Frameworks/DiskArbitration.framework/Versions/A/DiskArbitration
0x00000000222bc000 	/usr/lib/liblangid.dylib
0x00000000222bc000 	/System/Library/PrivateFrameworks/MultitouchSupport.framework/Versions/A/MultitouchSupport
0x00000000222bc000 	/System/Library/Frameworks/IOKit.framework/Versions/A/IOKit
0x00000000222bc000 	/usr/lib/libDiagnosticMessagesClient.dylib
0x00000000222bc000 	/System/Library/Frameworks/CoreServices.framework/Versions/A/CoreServices
0x00000000222bc000 	/System/Library/PrivateFrameworks/PerformanceAnalysis.framework/Versions/A/PerformanceAnalysis
0x00000000222bc000 	/System/Library/PrivateFrameworks/GenerationalStorage.framework/Versions/A/GenerationalStorage
0x00000000222bc000 	/System/Library/Frameworks/OpenGL.framework/Versions/A/OpenGL
0x00000000222bc000 	/System/Library/Frameworks/CoreImage.framework/Versions/A/CoreImage
0x00000000222bc000 	/System/Library/Frameworks/CoreText.framework/Versions/A/CoreText
0x00000000222bc000 	/System/Library/Frameworks/ImageIO.framework/Versions/A/ImageIO
0x00000000222bc000 	/System/Library/PrivateFrameworks/Backup.framework/Versions/A/Backup
0x00000000222bc000 	/usr/lib/libarchive.2.dylib
0x00000000222bc000 	/System/Library/Frameworks/CFNetwork.framework/Versions/A/CFNetwork
0x00000000222bc000 	/System/Library/Frameworks/SystemConfiguration.framework/Versions/A/SystemConfiguration
0x00000000222bc000 	/usr/lib/libCRFSuite.dylib
0x00000000222bc000 	/usr/lib/libc++.1.dylib
0x00000000222bc000 	/usr/lib/libc++abi.dylib
0x00000000222bc000 	/usr/lib/system/libcache.dylib
0x00000000222bc000 	/usr/lib/system/libcommonCrypto.dylib
0x00000000222bc000 	/usr/lib/system/libcompiler_rt.dylib
0x00000000222bc000 	/usr/lib/system/libcopyfile.dylib
0x00000000222bc000 	/usr/lib/system/libcorecrypto.dylib
0x00000000222bc000 	/usr/lib/system/libdispatch.dylib
0x00000000222bc000 	/usr/lib/system/libdyld.dylib
0x00000000222bc000 	/usr/lib/system/libkeymgr.dylib
0x00000000222bc000 	/usr/lib/system/liblaunch.dylib
0x00000000222bc000 	/usr/lib/system/libmacho.dylib
0x00000000222bc000 	/usr/lib/system/libquarantine.dylib
0x00000000222bc000 	/usr/lib/system/libremovefile.dylib
0x00000000222bc000 	/usr/lib/system/libsystem_asl.dylib
0x00000000222bc000 	/usr/lib/system/libsystem_blocks.dylib
0x00000000222bc000 	/usr/lib/system/libsystem_c.dylib
0x00000000222bc000 	/usr/lib/system/libsystem_configuration.dylib
0x00000000222bc000 	/usr/lib/system/libsystem_coreservices.dylib
0x00000000222bc000 	/usr/lib/system/libsystem_coretls.dylib
0x00000000222bc000 	/usr/lib/system/libsystem_dnssd.dylib
0x00000000222bc000 	/usr/lib/system/libsystem_info.dylib
0x00000000222bc000 	/usr/lib/system/libsystem_kernel.dylib
0x00000000222bc000 	/usr/lib/system/libsystem_m.dylib
0x00000000222bc000 	/usr/lib/system/libsystem_malloc.dylib
0x00000000222bc000 	/usr/lib/system/libsystem_network.dylib
0x00000000222bc000 	/usr/lib/system/libsystem_networkextension.dylib
0x00000000222bc000 	/usr/lib/system/libsystem_notify.dylib
0x00000000222bc000 	/usr/lib/system/libsystem_platform.dylib
0x00000000222bc000 	/usr/lib/system/libsystem_pthread.dylib
0x00000000222bc000 	/usr/lib/system/libsystem_sandbox.dylib
0x00000000222bc000 	/usr/lib/system/libsystem_secinit.dylib
0x00000000222bc000 	/usr/lib/system/libsystem_symptoms.dylib
0x00000000222bc000 	/usr/lib/system/libsystem_trace.dylib
0x00000000222bc000 	/usr/lib/system/libunwind.dylib
0x00000000222bc000 	/usr/lib/system/libxpc.dylib
0x00000000222bc000 	/usr/lib/libbsm.0.dylib
0x00000000222bc000 	/usr/lib/system/libkxld.dylib
0x00000000222bc000 	/usr/lib/libcoretls.dylib
0x00000000222bc000 	/usr/lib/libcoretls_cfhelpers.dylib
0x00000000222bc000 	/usr/lib/libOpenScriptingUtil.dylib
0x00000000222bc000 	/usr/lib/libpam.2.dylib
0x00000000222bc000 	/usr/lib/libsqlite3.dylib
0x00000000222bc000 	/usr/lib/libxar.1.dylib
0x00000000222bc000 	/usr/lib/libbz2.1.0.dylib
0x00000000222bc000 	/usr/lib/liblzma.5.dylib
0x00000000222bc000 	/usr/lib/libnetwork.dylib
0x00000000222bc000 	/usr/lib/libpcap.A.dylib
0x00000000222bc000 	/System/Library/Frameworks/CoreServices.framework/Versions/A/Frameworks/FSEvents.framework/Versions/A/FSEvents
0x00000000222bc000 	/System/Library/Frameworks/CoreServices.framework/Versions/A/Frameworks/CarbonCore.framework/Versions/A/CarbonCore
0x00000000222bc000 	/System/Library/Frameworks/CoreServices.framework/Versions/A/Frameworks/Metadata.framework/Versions/A/Metadata
0x00000000222bc000 	/System/Library/Frameworks/CoreServices.framework/Versions/A/Frameworks/OSServices.framework/Versions/A/OSServices
0x00000000222bc000 	/System/Library/Frameworks/CoreServices.framework/Versions/A/Frameworks/SearchKit.framework/Versions/A/SearchKit
0x00000000222bc000 	/System/Library/Frameworks/CoreServices.framework/Versions/A/Frameworks/AE.framework/Versions/A/AE
0x00000000222bc000 	/System/Library/Frameworks/CoreServices.framework/Versions/A/Frameworks/LaunchServices.framework/Versions/A/LaunchServices
0x00000000222bc000 	/System/Library/Frameworks/CoreServices.framework/Versions/A/Frameworks/DictionaryServices.framework/Versions/A/DictionaryServices
0x00000000222bc000 	/System/Library/Frameworks/CoreServices.framework/Versions/A/Frameworks/SharedFileList.framework/Versions/A/SharedFileList
0x00000000222bc000 	/System/Library/Frameworks/NetFS.framework/Versions/A/NetFS
0x00000000222bc000 	/System/Library/PrivateFrameworks/NetAuth.framework/Versions/A/NetAuth
0x00000000222bc000 	/System/Library/PrivateFrameworks/login.framework/Versions/A/Frameworks/loginsupport.framework/Versions/A/loginsupport
0x00000000222bc000 	/System/Library/PrivateFrameworks/TCC.framework/Versions/A/TCC
0x00000000222bc000 	/usr/lib/libmecabra.dylib
0x00000000222bc000 	/System/Library/Frameworks/ApplicationServices.framework/Versions/A/Frameworks/ATS.framework/Versions/A/ATS
0x00000000222bc000 	/System/Library/Frameworks/ApplicationServices.framework/Versions/A/Frameworks/ColorSync.framework/Versions/A/ColorSync
0x00000000222bc000 	/System/Library/Frameworks/ApplicationServices.framework/Versions/A/Frameworks/HIServices.framework/Versions/A/HIServices
0x00000000222bc000 	/System/Library/Frameworks/ApplicationServices.framework/Versions/A/Frameworks/LangAnalysis.framework/Versions/A/LangAnalysis
0x00000000222bc000 	/System/Library/Frameworks/ApplicationServices.framework/Versions/A/Frameworks/PrintCore.framework/Versions/A/PrintCore
0x00000000222bc000 	/System/Library/Frameworks/ApplicationServices.framework/Versions/A/Frameworks/QD.framework/Versions/A/QD
0x00000000222bc000 	/System/Library/Frameworks/ApplicationServices.framework/Versions/A/Frameworks/SpeechSynthesis.framework/Versions/A/SpeechSynthesis
0x00000000222bc000 	/System/Library/Frameworks/Accelerate.framework/Versions/A/Frameworks/vImage.framework/Versions/A/vImage
0x00000000222bc000 	/System/Library/Frameworks/Accelerate.framework/Versions/A/Frameworks/vecLib.framework/Versions/A/vecLib
0x00000000222bc000 	/System/Library/Frameworks/Accelerate.framework/Versions/A/Frameworks/vecLib.framework/Versions/A/libvDSP.dylib
0x00000000222bc000 	/System/Library/Frameworks/Accelerate.framework/Versions/A/Frameworks/vecLib.framework/Versions/A/libBNNS.dylib
0x00000000222bc000 	/System/Library/Frameworks/Accelerate.framework/Versions/A/Frameworks/vecLib.framework/Versions/A/libQuadrature.dylib
0x00000000222bc000 	/System/Library/Frameworks/Accelerate.framework/Versions/A/Frameworks/vecLib.framework/Versions/A/libvMisc.dylib
0x00000000222bc000 	/System/Library/Frameworks/Accelerate.framework/Versions/A/Frameworks/vecLib.framework/Versions/A/libLAPACK.dylib
0x00000000222bc000 	/System/Library/Frameworks/Accelerate.framework/Versions/A/Frameworks/vecLib.framework/Versions/A/libBLAS.dylib
0x00000000222bc000 	/System/Library/Frameworks/Accelerate.framework/Versions/A/Frameworks/vecLib.framework/Versions/A/libLinearAlgebra.dylib
0x00000000222bc000 	/System/Library/Frameworks/Accelerate.framework/Versions/A/Frameworks/vecLib.framework/Versions/A/libSparseBLAS.dylib
0x00000000222bc000 	/System/Library/Frameworks/ApplicationServices.framework/Versions/A/Frameworks/ATS.framework/Versions/A/Resources/libFontParser.dylib
0x00000000222bc000 	/System/Library/Frameworks/ApplicationServices.framework/Versions/A/Frameworks/ATS.framework/Versions/A/Resources/libFontRegistry.dylib
0x00000000222bc000 	/System/Library/Frameworks/ImageIO.framework/Versions/A/Resources/libJPEG.dylib
0x00000000222bc000 	/System/Library/Frameworks/ImageIO.framework/Versions/A/Resources/libTIFF.dylib
0x00000000222bc000 	/System/Library/Frameworks/ImageIO.framework/Versions/A/Resources/libPng.dylib
0x00000000222bc000 	/System/Library/Frameworks/ImageIO.framework/Versions/A/Resources/libGIF.dylib
0x00000000222bc000 	/System/Library/Frameworks/ImageIO.framework/Versions/A/Resources/libJP2.dylib
0x00000000222bc000 	/System/Library/Frameworks/ImageIO.framework/Versions/A/Resources/libRadiance.dylib
0x00000000222bc000 	/usr/lib/libcompression.dylib
0x00000000222bc000 	/System/Library/PrivateFrameworks/AppleJPEG.framework/Versions/A/AppleJPEG
0x00000000222bc000 	/usr/lib/libcups.2.dylib
0x00000000222bc000 	/System/Library/Frameworks/Kerberos.framework/Versions/A/Kerberos
0x00000000222bc000 	/System/Library/Frameworks/GSS.framework/Versions/A/GSS
0x00000000222bc000 	/usr/lib/libresolv.9.dylib
0x00000000222bc000 	/usr/lib/libiconv.2.dylib
0x00000000222bc000 	/System/Library/PrivateFrameworks/Heimdal.framework/Versions/A/Heimdal
0x00000000222bc000 	/usr/lib/libheimdal-asn1.dylib
0x00000000222bc000 	/System/Library/Frameworks/OpenDirectory.framework/Versions/A/OpenDirectory
0x00000000222bc000 	/System/Library/PrivateFrameworks/CommonAuth.framework/Versions/A/CommonAuth
0x00000000222bc000 	/System/Library/Frameworks/OpenDirectory.framework/Versions/A/Frameworks/CFOpenDirectory.framework/Versions/A/CFOpenDirectory
0x00000000222bc000 	/System/Library/Frameworks/SecurityFoundation.framework/Versions/A/SecurityFoundation
0x00000000222bc000 	/System/Library/PrivateFrameworks/LanguageModeling.framework/Versions/A/LanguageModeling
0x00000000222bc000 	/usr/lib/libmarisa.dylib
0x00000000222bc000 	/usr/lib/libChineseTokenizer.dylib
0x00000000222bc000 	/usr/lib/libcmph.dylib
0x00000000222bc000 	/System/Library/PrivateFrameworks/CoreEmoji.framework/Versions/A/CoreEmoji
0x00000000222bc000 	/System/Library/Frameworks/ServiceManagement.framework/Versions/A/ServiceManagement
0x00000000222bc000 	/usr/lib/libxslt.1.dylib
0x00000000222bc000 	/System/Library/Frameworks/Carbon.framework/Versions/A/Frameworks/Ink.framework/Versions/A/Ink
0x00000000222bc000 	/System/Library/PrivateFrameworks/TextureIO.framework/Versions/A/TextureIO
0x00000000222bc000 	/System/Library/Frameworks/Metal.framework/Versions/A/Metal
0x00000000222bc000 	/usr/lib/libate.dylib
0x00000000222bc000 	/System/Library/PrivateFrameworks/GPUCompiler.framework/libmetal_timestamp.dylib
0x00000000222bc000 	/System/Library/Frameworks/OpenGL.framework/Versions/A/Libraries/libCoreFSCache.dylib
0x00000000222bc000 	/System/Library/PrivateFrameworks/IOAccelerator.framework/Versions/A/IOAccelerator
0x00000000222bc000 	/System/Library/Frameworks/CoreVideo.framework/Versions/A/CoreVideo
0x00000000222bc000 	/usr/lib/libFosl_dynamic.dylib
0x00000000222bc000 	/System/Library/PrivateFrameworks/MetalPerformanceShaders.framework/Versions/A/MetalPerformanceShaders
0x00000000222bc000 	/System/Library/PrivateFrameworks/FaceCore.framework/Versions/A/FaceCore
0x00000000222bc000 	/System/Library/Frameworks/OpenCL.framework/Versions/A/OpenCL
0x00000000222bc000 	/System/Library/Frameworks/OpenGL.framework/Versions/A/Libraries/libGLU.dylib
0x00000000222bc000 	/System/Library/Frameworks/OpenGL.framework/Versions/A/Libraries/libGFXShared.dylib
0x00000000222bc000 	/System/Library/Frameworks/OpenGL.framework/Versions/A/Libraries/libGL.dylib
0x00000000222bc000 	/System/Library/Frameworks/OpenGL.framework/Versions/A/Libraries/libGLImage.dylib
0x00000000222bc000 	/System/Library/Frameworks/OpenGL.framework/Versions/A/Libraries/libCVMSPluginSupport.dylib
0x00000000222bc000 	/System/Library/Frameworks/OpenGL.framework/Versions/A/Libraries/libCoreVMClient.dylib
0x00000000222bc000 	/System/Library/PrivateFrameworks/CrashReporterSupport.framework/Versions/A/CrashReporterSupport
0x00000000222bc000 	/System/Library/PrivateFrameworks/Sharing.framework/Versions/A/Sharing
0x00000000222bc000 	/System/Library/PrivateFrameworks/IconServices.framework/Versions/A/IconServices
0x00000000222bc000 	/System/Library/PrivateFrameworks/ProtocolBuffer.framework/Versions/A/ProtocolBuffer
0x00000000222bc000 	/System/Library/PrivateFrameworks/Apple80211.framework/Versions/A/Apple80211
0x00000000222bc000 	/System/Library/Frameworks/CoreWLAN.framework/Versions/A/CoreWLAN
0x00000000222bc000 	/System/Library/PrivateFrameworks/CoreUtils.framework/Versions/A/CoreUtils
0x00000000222bc000 	/System/Library/Frameworks/IOBluetooth.framework/Versions/A/IOBluetooth
0x00000000222bc000 	/System/Library/PrivateFrameworks/CoreWiFi.framework/Versions/A/CoreWiFi
0x00000000222bc000 	/System/Library/Frameworks/CoreBluetooth.framework/Versions/A/CoreBluetooth
0x00000000222bc000 	/System/Library/Frameworks/CoreDisplay.framework/Versions/A/CoreDisplay
0x00000000222bc000 	/System/Library/PrivateFrameworks/IOPresentment.framework/Versions/A/IOPresentment
0x00000000222bc000 	/System/Library/PrivateFrameworks/DSExternalDisplay.framework/Versions/A/DSExternalDisplay
0x00000000222bc000 	/System/Library/PrivateFrameworks/DebugSymbols.framework/Versions/A/DebugSymbols
0x00000000222bc000 	/System/Library/PrivateFrameworks/CoreSymbolication.framework/Versions/A/CoreSymbolication
0x00000000222bc000 	/System/Library/PrivateFrameworks/Symbolication.framework/Versions/A/Symbolication
0x00000000222bc000 	/System/Library/PrivateFrameworks/AppleFSCompression.framework/Versions/A/AppleFSCompression
0x00000000222bc000 	/System/Library/PrivateFrameworks/SpeechRecognitionCore.framework/Versions/A/SpeechRecognitionCore
0x00000000222bc000 	/System/Library/PrivateFrameworks/ChunkingLibrary.framework/Versions/A/ChunkingLibrary
0x000000010c400000 	/Library/Java/JavaVirtualMachines/jdk1.8.0_111.jdk/Contents/Home/jre/lib/server/libjvm.dylib
0x000000010ba64000 	/usr/lib/libstdc++.6.dylib
0x000000010bb1d000 	/Library/Java/JavaVirtualMachines/jdk1.8.0_111.jdk/Contents/Home/jre/lib/libverify.dylib
0x000000010bb2b000 	/Library/Java/JavaVirtualMachines/jdk1.8.0_111.jdk/Contents/Home/jre/lib/libjava.dylib
0x000000010bb6a000 	/Library/Java/JavaVirtualMachines/jdk1.8.0_111.jdk/Contents/Home/jre/lib/libzip.dylib
0x000000010bbe4000 	/System/Library/Frameworks/JavaVM.framework/Frameworks/JavaRuntimeSupport.framework/JavaRuntimeSupport
0x0000000113c94000 	/System/Library/Frameworks/JavaVM.framework/Versions/A/Frameworks/JavaNativeFoundation.framework/Versions/A/JavaNativeFoundation
0x0000000113ca9000 	/System/Library/Frameworks/JavaVM.framework/Versions/A/JavaVM
0x00000000222bc000 	/System/Library/Frameworks/Carbon.framework/Versions/A/Carbon
0x0000000113cb6000 	/System/Library/PrivateFrameworks/JavaLaunching.framework/Versions/A/JavaLaunching
0x00000000222bc000 	/System/Library/Frameworks/Carbon.framework/Versions/A/Frameworks/CommonPanels.framework/Versions/A/CommonPanels
0x00000000222bc000 	/System/Library/Frameworks/Carbon.framework/Versions/A/Frameworks/Help.framework/Versions/A/Help
0x00000000222bc000 	/System/Library/Frameworks/Carbon.framework/Versions/A/Frameworks/ImageCapture.framework/Versions/A/ImageCapture
0x00000000222bc000 	/System/Library/Frameworks/Carbon.framework/Versions/A/Frameworks/OpenScripting.framework/Versions/A/OpenScripting
0x00000000222bc000 	/System/Library/Frameworks/Carbon.framework/Versions/A/Frameworks/Print.framework/Versions/A/Print
0x00000000222bc000 	/System/Library/Frameworks/Carbon.framework/Versions/A/Frameworks/SecurityHI.framework/Versions/A/SecurityHI
0x00000001155c3000 	/Library/Java/JavaVirtualMachines/jdk1.8.0_111.jdk/Contents/Home/jre/lib/libawt.dylib
0x000000011566b000 	/Library/Java/JavaVirtualMachines/jdk1.8.0_111.jdk/Contents/Home/jre/lib/./libmlib_image.dylib
0x0000000115737000 	/Library/Java/JavaVirtualMachines/jdk1.8.0_111.jdk/Contents/Home/jre/lib/libawt_lwawt.dylib
0x00000001157ec000 	/Library/Java/JavaVirtualMachines/jdk1.8.0_111.jdk/Contents/Home/jre/lib/./libosxapp.dylib
0x00000000222bc000 	/System/Library/Frameworks/ExceptionHandling.framework/Versions/A/ExceptionHandling
0x00000000222bc000 	/System/Library/PrivateFrameworks/CoreServicesInternal.framework/Versions/A/CoreServicesInternal
0x00000000222bc000 	/System/Library/CoreServices/RawCamera.bundle/Contents/MacOS/RawCamera
0x0000000115880000 	/System/Library/Frameworks/Accelerate.framework/Frameworks/vImage.framework/Versions/A/Libraries/libCGInterfaces.dylib
0x00000000222bc000 	/System/Library/Frameworks/ApplicationServices.framework/Versions/A/Frameworks/ATS.framework/Versions/A/Resources/libTrueTypeScaler.dylib
0x0000000126a4c000 	/System/Library/Frameworks/OpenGL.framework/Resources/GLEngine.bundle/GLEngine
0x00000000222bc000 	/System/Library/Frameworks/OpenGL.framework/Versions/A/Libraries/libGLProgrammability.dylib
0x0000000126c31000 	/System/Library/Extensions/AppleIntelBDWGraphicsGLDriver.bundle/Contents/MacOS/AppleIntelBDWGraphicsGLDriver
0x00000000222bc000 	/System/Library/PrivateFrameworks/GPUSupport.framework/Versions/A/Libraries/libGPUSupportMercury.dylib
0x0000000116033000 	/System/Library/Frameworks/OpenGL.framework/Resources//GLRendererFloat.bundle/GLRendererFloat
0x00000000222bc000 	/System/Library/Frameworks/OpenCL.framework/Versions/A/Libraries/libcldcpuengine.dylib
0x00000000222bc000 	/usr/lib/libcrypto.0.9.8.dylib
0x00000000222bc000 	/System/Library/PrivateFrameworks/TrustEvaluationAgent.framework/Versions/A/TrustEvaluationAgent
0x000000012739b000 	/System/Library/Extensions/AppleIntelBDWGraphicsMTLDriver.bundle/Contents/MacOS/AppleIntelBDWGraphicsMTLDriver
0x00000000222bc000 	/System/Library/PrivateFrameworks/FamilyControls.framework/Versions/A/FamilyControls
0x00000000222bc000 	/System/Library/PrivateFrameworks/CommerceKit.framework/Versions/A/Frameworks/CommerceCore.framework/Versions/A/CommerceCore
0x00000000222bc000 	/System/Library/PrivateFrameworks/SystemAdministration.framework/Versions/A/SystemAdministration
0x00000000222bc000 	/System/Library/PrivateFrameworks/AppContainer.framework/Versions/A/AppContainer
0x00000000222bc000 	/System/Library/PrivateFrameworks/SecCodeWrapper.framework/Versions/A/SecCodeWrapper
0x00000000222bc000 	/System/Library/Frameworks/DirectoryService.framework/Versions/A/DirectoryService
0x00000000222bc000 	/System/Library/PrivateFrameworks/DiskImages.framework/Versions/A/DiskImages
0x00000000222bc000 	/System/Library/PrivateFrameworks/LoginUIKit.framework/Versions/A/Frameworks/LoginUICore.framework/Versions/A/LoginUICore
0x00000000222bc000 	/usr/lib/libCoreStorage.dylib
0x00000000222bc000 	/usr/lib/libcsfde.dylib
0x00000000222bc000 	/usr/lib/libodfde.dylib
0x00000000222bc000 	/System/Library/Frameworks/DiscRecording.framework/Versions/A/DiscRecording
0x00000000222bc000 	/usr/lib/libcurl.4.dylib
0x00000000222bc000 	/System/Library/PrivateFrameworks/MediaKit.framework/Versions/A/MediaKit
0x00000000222bc000 	/System/Library/PrivateFrameworks/ProtectedCloudStorage.framework/Versions/A/ProtectedCloudStorage
0x00000000222bc000 	/System/Library/PrivateFrameworks/EFILogin.framework/Versions/A/EFILogin
0x00000000222bc000 	/usr/lib/libutil.dylib
0x00000000222bc000 	/System/Library/Frameworks/LDAP.framework/Versions/A/LDAP
0x00000000222bc000 	/usr/lib/libsasl2.2.dylib
0x00000000222bc000 	/System/Library/PrivateFrameworks/CoreDaemon.framework/Versions/B/CoreDaemon
0x00000000222bc000 	/System/Library/PrivateFrameworks/AppleSRP.framework/Versions/A/AppleSRP
0x00000000222bc000 	/System/Library/PrivateFrameworks/APFS.framework/Versions/A/APFS
0x0000000129244000 	/Library/Java/JavaVirtualMachines/jdk1.8.0_111.jdk/Contents/Home/jre/lib/libfontmanager.dylib
0x000000012a624000 	/Library/Java/JavaVirtualMachines/jdk1.8.0_111.jdk/Contents/Home/jre/lib/libosxui.dylib
0x00000000222bc000 	/System/Library/PrivateFrameworks/ViewBridge.framework/Versions/A/ViewBridge
0x00000000222bc000 	/System/Library/PrivateFrameworks/XPCService.framework/Versions/A/XPCService
0x00000000222bc000 	/System/Library/PrivateFrameworks/AppSandbox.framework/Versions/A/AppSandbox
0x00000000222bc000 	/usr/lib/libsandbox.1.dylib
0x00000000222bc000 	/usr/lib/libMatch.1.dylib
0x000000012b3a5000 	/Library/Java/JavaVirtualMachines/jdk1.8.0_111.jdk/Contents/Home/jre/lib/libnet.dylib
0x000000012b3bc000 	/Library/Java/JavaVirtualMachines/jdk1.8.0_111.jdk/Contents/Home/jre/lib/libnio.dylib
0x000000012a61d000 	/private/var/folders/99/pp3fz67d34l2n2q9ztrt9jpr0000gn/T/jogamp_0000/file_cache/jln6258732021484347321/jln8151207985439291603/libgluegen-rt.jnilib
0x000000012a621000 	/private/var/folders/99/pp3fz67d34l2n2q9ztrt9jpr0000gn/T/jogamp_0000/file_cache/jln6258732021484347321/jln8151207985439291603/libnativewindow_awt.jnilib
0x000000012d10d000 	/Library/Java/JavaVirtualMachines/jdk1.8.0_111.jdk/Contents/Home/jre/lib/libjawt.dylib
0x0000000156a80000 	/private/var/folders/99/pp3fz67d34l2n2q9ztrt9jpr0000gn/T/jogamp_0000/file_cache/jln6258732021484347321/jln8151207985439291603/libnativewindow_macosx.jnilib
0x000000015dc24000 	/private/var/folders/99/pp3fz67d34l2n2q9ztrt9jpr0000gn/T/jogamp_0000/file_cache/jln6258732021484347321/jln8151207985439291603/libjogl_desktop.jnilib
0x000000015fd39000 	/Library/Java/JavaVirtualMachines/jdk1.8.0_111.jdk/Contents/Home/jre/lib/libsunec.dylib
0x000000015fe21000 	/Library/Java/JavaVirtualMachines/jdk1.8.0_111.jdk/Contents/Home/jre/lib/libt2k.dylib
0x0000000160529000 	/Library/Java/JavaVirtualMachines/jdk1.8.0_111.jdk/Contents/Home/jre/lib/libjpeg.dylib

VM Arguments:
jvm_args: -Djava.security.policy=java.policy.applet -Dfile.encoding=UTF-8 
java_command: sun.applet.AppletViewer module6.EarthquakeCityMap1492715762015.html
java_class_path (initial): /Users/loris/Documents/workspace/UCSD/UCSDUnfoldingMaps/build:/Users/loris/Documents/workspace/UCSD/UCSDUnfoldingMaps/lib/core.jar:/Users/loris/Documents/workspace/UCSD/UCSDUnfoldingMaps/lib/gluegen-rt.jar:/Users/loris/Documents/workspace/UCSD/UCSDUnfoldingMaps/lib/jogl-all.jar:/Users/loris/Documents/workspace/UCSD/UCSDUnfoldingMaps/lib/log4j-1.2.15.jar:/Users/loris/Documents/workspace/UCSD/UCSDUnfoldingMaps/lib/sqlite-jdbc-3.7.2.jar:/Users/loris/Documents/workspace/UCSD/UCSDUnfoldingMaps/lib/json4processing.jar:/Users/loris/Documents/workspace/UCSD/UCSDUnfoldingMaps/lib/libTUIO.jar:/Users/loris/Documents/workspace/UCSD/UCSDUnfoldingMaps/lib/unfolding.0.9.7-uscd.jar
Launcher Type: SUN_STANDARD

Environment Variables:
PATH=/usr/bin:/bin:/usr/sbin:/sbin
SHELL=/bin/bash

Signal Handlers:
SIGSEGV: [libjvm.dylib+0x5b03ed], sa_mask[0]=11111111011111110111111111111111, sa_flags=SA_ONSTACK|SA_RESTART|SA_SIGINFO
SIGBUS: [libjvm.dylib+0x5b03ed], sa_mask[0]=11111111011111110111111111111111, sa_flags=SA_RESTART|SA_SIGINFO
SIGFPE: [libjvm.dylib+0x48711c], sa_mask[0]=11111111011111110111111111111111, sa_flags=SA_RESTART|SA_SIGINFO
SIGPIPE: [libjvm.dylib+0x48711c], sa_mask[0]=11111111011111110111111111111111, sa_flags=SA_RESTART|SA_SIGINFO
SIGXFSZ: [libjvm.dylib+0x48711c], sa_mask[0]=11111111011111110111111111111111, sa_flags=SA_RESTART|SA_SIGINFO
SIGILL: [libjvm.dylib+0x48711c], sa_mask[0]=11111111011111110111111111111111, sa_flags=SA_RESTART|SA_SIGINFO
SIGUSR1: SIG_DFL, sa_mask[0]=00000000000000000000000000000000, sa_flags=none
SIGUSR2: [libjvm.dylib+0x486c3a], sa_mask[0]=00100000000000000000000000000000, sa_flags=SA_RESTART|SA_SIGINFO
SIGHUP: [libjvm.dylib+0x485211], sa_mask[0]=11111111011111110111111111111111, sa_flags=SA_RESTART|SA_SIGINFO
SIGINT: [libjvm.dylib+0x485211], sa_mask[0]=11111111011111110111111111111111, sa_flags=SA_RESTART|SA_SIGINFO
SIGTERM: [libjvm.dylib+0x485211], sa_mask[0]=11111111011111110111111111111111, sa_flags=SA_RESTART|SA_SIGINFO
SIGQUIT: [libjvm.dylib+0x485211], sa_mask[0]=11111111011111110111111111111111, sa_flags=SA_RESTART|SA_SIGINFO


---------------  S Y S T E M  ---------------

OS:Bsduname:Darwin 16.5.0 Darwin Kernel Version 16.5.0: Fri Mar  3 16:52:33 PST 2017; root:xnu-3789.51.2~3/RELEASE_X86_64 x86_64
rlimit: STACK 8192k, CORE 0k, NPROC 709, NOFILE 10240, AS infinity
load average:1.58 1.50 1.49

CPU:total 4 (2 cores per cpu, 2 threads per core) family 6 model 61 stepping 4, cmov, cx8, fxsr, mmx, sse, sse2, sse3, ssse3, sse4.1, sse4.2, popcnt, avx, avx2, aes, clmul, erms, 3dnowpref, lzcnt, ht, tsc, tscinvbit, bmi1, bmi2, adx

Memory: 4k page, physical 8388608k(48320k free)

/proc/meminfo:


vm_info: Java HotSpot(TM) 64-Bit Server VM (25.111-b14) for bsd-amd64 JRE (1.8.0_111-b14), built on Sep 22 2016 15:31:41 by "java_re" with gcc 4.2.1 (Based on Apple Inc. build 5658) (LLVM build 2336.11.00)

time: Thu Apr 20 21:16:22 2017
elapsed time: 20 seconds (0d 0h 0m 20s)

