#
# A fatal error has been detected by the Java Runtime Environment:
#
#  SIGSEGV (0xb) at pc=0x00007fffac52705d, pid=787, tid=0x0000000000000307
#
# JRE version: Java(TM) SE Runtime Environment (8.0_111-b14) (build 1.8.0_111-b14)
# Java VM: Java HotSpot(TM) 64-Bit Server VM (25.111-b14 mixed mode bsd-amd64 compressed oops)
# Problematic frame:
# C  [libobjc.A.dylib+0x705d]  objc_msgSend+0x1d
#
# Failed to write core dump. Core dumps have been disabled. To enable core dumping, try "ulimit -c unlimited" before starting Java again
#
# If you would like to submit a bug report, please visit:
#   http://bugreport.java.com/bugreport/crash.jsp
# The crash happened outside the Java Virtual Machine in native code.
# See problematic frame for where to report the bug.
#

---------------  T H R E A D  ---------------

Current thread (0x00007fcb13880000):  JavaThread "AWT-AppKit" daemon [_thread_in_native, id=775, stack(0x00007fff5b356000,0x00007fff5bb56000)]

siginfo: si_signo: 11 (SIGSEGV), si_code: 1 (SEGV_MAPERR), si_addr: 0x0000000000000018

Registers:
RAX=0x00007fcb18044ed0, RBX=0x000000014ef98450, RCX=0x00007fcb14d01050, RDX=0x0000000000000000
RSP=0x00007fff5bb51308, RBP=0x00007fff5bb513c0, RSI=0x00007fff95dda134, RDI=0x00007fcb1806f680
R8 =0x0000000000000018, R9 =0x00007fcb14d01070, R10=0x0000000000000000, R11=0x00007fff95dda134
R12=0x0000000000000000, R13=0x0000000156f7f168, R14=0x000000014ef98440, R15=0x00007fcb13880000
RIP=0x00007fffac52705d, EFLAGS=0x0000000000010246, ERR=0x0000000000000004
  TRAPNO=0x000000000000000e

Top of Stack: (sp=0x00007fff5bb51308)
0x00007fff5bb51308:   000000014ef96157 00007fff5bb51360
0x00007fff5bb51318:   0000000000000003 00007fff5bb51340
0x00007fff5bb51328:   0000000104bf27be 0000000156f7f168
0x00007fff5bb51338:   0000000156f7f168 00007fcb18044ed0
0x00007fff5bb51348:   000000014ef986a0 000000014ef98710
0x00007fff5bb51358:   00007fffb258b6d0 00007fffb31bb1e0
0x00007fff5bb51368:   000000014ef98450 000000014ef98690
0x00007fff5bb51378:   00007fcb18044ed0 00007fcb1806f680
0x00007fff5bb51388:   00007fcb12560b80 00007fcb18044ed0
0x00007fff5bb51398:   00007fcb1806f680 00007fff5bb51448
0x00007fff5bb513a8:   00007fcb138801f8 0000000156f7f168
0x00007fff5bb513b8:   00007fff5bb51470 00007fff5bb51438
0x00007fff5bb513c8:   00000001074919f4 0000000156f7f168
0x00007fff5bb513d8:   00007fff5bb51470 00007fff5bb51438
0x00007fff5bb513e8:   0000000107491787 0000000107491742
0x00007fff5bb513f8:   00007fff5bb513f8 0000000156f7f168
0x00007fff5bb51408:   00007fff5bb51470 0000000156f81da0
0x00007fff5bb51418:   0000000000000000 0000000156f7f168
0x00007fff5bb51428:   0000000000000000 00007fff5bb51458
0x00007fff5bb51438:   00007fff5bb514b8 00000001074822bd
0x00007fff5bb51448:   0000000740427050 000000010748b538
0x00007fff5bb51458:   00007fcb18044ed0 00007fff5bb514b8
0x00007fff5bb51468:   00007fcb1806f680 000000010748ce02
0x00007fff5bb51478:   00007fff5bb51478 0000000156f7f332
0x00007fff5bb51488:   00007fff5bb514e0 0000000156f81da0
0x00007fff5bb51498:   0000000000000000 0000000156f7f340
0x00007fff5bb514a8:   00007fff5bb51458 00007fff5bb514c8
0x00007fff5bb514b8:   00007fff5bb51528 00000001074822bd
0x00007fff5bb514c8:   00007fcb18044ed0 00000007403a4ed0
0x00007fff5bb514d8:   00007fcb1806f680 00000007403a4ed0
0x00007fff5bb514e8:   00007fff5bb514e8 000000011ee719a6
0x00007fff5bb514f8:   00007fff5bb51538 000000011ee71a60 

Instructions: (pc=0x00007fffac52705d)
0x00007fffac52703d:   0f 1f 00 48 85 ff 2e 74 62 40 f6 c7 01 2e 75 66
0x00007fffac52704d:   49 ba f8 ff ff ff ff 7f 00 00 4c 23 17 49 89 f3
0x00007fffac52705d:   45 23 5a 18 49 c1 e3 04 4d 03 5a 10 49 3b 33 75
0x00007fffac52706d:   04 41 ff 63 08 49 83 3b 01 76 0d 49 83 c3 10 49 

Register to memory mapping:

RAX=0x00007fcb18044ed0 is an unknown value
RBX=0x000000014ef98450: Java_jogamp_nativewindow_macosx_OSXUtil_GetScreenRefreshRate0+0x1cf0 in /private/var/folders/99/pp3fz67d34l2n2q9ztrt9jpr0000gn/T/jogamp_0000/file_cache/jln5507158525077214898/jln6836661203917424823/libnativewindow_macosx.jnilib at 0x000000014ef91000
RCX=0x00007fcb14d01050 is an unknown value
RDX=0x0000000000000000 is an unknown value
RSP=0x00007fff5bb51308 is pointing into the stack for thread: 0x00007fcb13880000
RBP=0x00007fff5bb513c0 is pointing into the stack for thread: 0x00007fcb13880000
RSI=0x00007fff95dda134: __NSStyleNameIndexTable+0x7fcec in /System/Library/Frameworks/AppKit.framework/Versions/C/AppKit at 0x00007fff9516d000
RDI=0x00007fcb1806f680 is an unknown value
R8 =0x0000000000000018 is an unknown value
R9 =0x00007fcb14d01070 is an unknown value
R10=0x0000000000000000 is an unknown value
R11=0x00007fff95dda134: __NSStyleNameIndexTable+0x7fcec in /System/Library/Frameworks/AppKit.framework/Versions/C/AppKit at 0x00007fff9516d000
R12=0x0000000000000000 is an unknown value
R13={method} {0x0000000156f7f168} 'UnsetJAWTRootSurfaceLayer0' '(JJ)V' in 'jogamp/nativewindow/jawt/macosx/MacOSXJAWTWindow'
R14=0x000000014ef98440: Java_jogamp_nativewindow_macosx_OSXUtil_GetScreenRefreshRate0+0x1ce0 in /private/var/folders/99/pp3fz67d34l2n2q9ztrt9jpr0000gn/T/jogamp_0000/file_cache/jln5507158525077214898/jln6836661203917424823/libnativewindow_macosx.jnilib at 0x000000014ef91000
R15=0x00007fcb13880000 is a thread


Stack: [0x00007fff5b356000,0x00007fff5bb56000],  sp=0x00007fff5bb51308,  free space=8172k
Native frames: (J=compiled Java code, j=interpreted, Vv=VM code, C=native code)
C  [libobjc.A.dylib+0x705d]  objc_msgSend+0x1d
j  jogamp.nativewindow.jawt.macosx.MacOSXJAWTWindow.UnsetJAWTRootSurfaceLayer0(JJ)V+0
j  jogamp.nativewindow.jawt.macosx.MacOSXJAWTWindow.access$200(JJ)V+2
j  jogamp.nativewindow.jawt.macosx.MacOSXJAWTWindow$1.run()V+38
J 2796 C1 com.jogamp.common.util.RunnableTask.run()V (345 bytes) @ 0x000000010766c25c [0x000000010766c1a0+0xbc]
v  ~StubRoutines::call_stub
V  [libjvm.dylib+0x2ecf8a]  JavaCalls::call_helper(JavaValue*, methodHandle*, JavaCallArguments*, Thread*)+0x6ae
V  [libjvm.dylib+0x324119]  jni_invoke_nonstatic(JNIEnv_*, JavaValue*, _jobject*, JNICallType, _jmethodID*, JNI_ArgumentPusher*, Thread*)+0x2ec
V  [libjvm.dylib+0x3168e7]  jni_CallVoidMethod+0x16b
C  [libnativewindow_macosx.jnilib+0x5326]  Java_jogamp_nativewindow_jawt_macosx_MacOSXJAWTWindow_UnsetJAWTRootSurfaceLayer0+0x2b6
C  [Foundation+0x7184a]  __NSThreadPerformPerform+0x146
C  [CoreFoundation+0xa73c1]  __CFRUNLOOP_IS_CALLING_OUT_TO_A_SOURCE0_PERFORM_FUNCTION__+0x11
C  [CoreFoundation+0x882cd]  __CFRunLoopDoSources0+0x22d
C  [CoreFoundation+0x877c6]  __CFRunLoopRun+0x3a6
C  [CoreFoundation+0x871c4]  CFRunLoopRunSpecific+0x1a4
C  [HIToolbox+0x30ebc]  RunCurrentEventLoopInMode+0xf0
C  [HIToolbox+0x30bf9]  ReceiveNextEventCommon+0xb8
C  [HIToolbox+0x30b26]  _BlockUntilNextEventMatchingListInModeWithFilter+0x47
C  [AppKit+0x46e24]  _DPSNextEvent+0x460
C  [AppKit+0x7c285e]  -[NSApplication(NSEvent) _nextEventMatchingEventMask:untilDate:inMode:dequeue:]+0xaec
C  [libosxapp.dylib+0x23aa]  -[NSApplicationAWT nextEventMatchingMask:untilDate:inMode:dequeue:]+0x7c
C  [AppKit+0x3b7ab]  -[NSApplication run]+0x39e
C  [libosxapp.dylib+0x214d]  +[NSApplicationAWT runAWTLoopWithApp:]+0x9c
C  [libawt_lwawt.dylib+0x444b3]  -[AWTStarter starter:]+0x389
C  [Foundation+0x7184a]  __NSThreadPerformPerform+0x146
C  [CoreFoundation+0xa73c1]  __CFRUNLOOP_IS_CALLING_OUT_TO_A_SOURCE0_PERFORM_FUNCTION__+0x11
C  [CoreFoundation+0x882cd]  __CFRunLoopDoSources0+0x22d
C  [CoreFoundation+0x877c6]  __CFRunLoopRun+0x3a6
C  [CoreFoundation+0x871c4]  CFRunLoopRunSpecific+0x1a4
C  [java+0x6465]  CreateExecutionEnvironment+0x367
C  [java+0x218c]  JLI_Launch+0x7a0
C  [java+0x84c2]  main+0x65
C  [java+0x19e4]  start+0x34
C  0x0000000000000007

Java frames: (J=compiled Java code, j=interpreted, Vv=VM code)
j  jogamp.nativewindow.jawt.macosx.MacOSXJAWTWindow.UnsetJAWTRootSurfaceLayer0(JJ)V+0
j  jogamp.nativewindow.jawt.macosx.MacOSXJAWTWindow.access$200(JJ)V+2
j  jogamp.nativewindow.jawt.macosx.MacOSXJAWTWindow$1.run()V+38
J 2796 C1 com.jogamp.common.util.RunnableTask.run()V (345 bytes) @ 0x000000010766c25c [0x000000010766c1a0+0xbc]
v  ~StubRoutines::call_stub

---------------  P R O C E S S  ---------------

Java Threads: ( => current thread )
  0x00007fcb18b8d000 JavaThread "Thread-43" [_thread_blocked, id=73359, stack(0x00007000070f0000,0x00007000071f0000)]
  0x00007fcb192d0000 JavaThread "Keep-Alive-Timer" daemon [_thread_blocked, id=71739, stack(0x00007000074fc000,0x00007000075fc000)]
  0x00007fcb14122000 JavaThread "AWT-EventQueue-1" [_thread_in_native, id=66831, stack(0x0000700006fed000,0x00007000070ed000)]
  0x00007fcb128fb000 JavaThread "DestroyJavaVM" [_thread_blocked, id=7171, stack(0x0000700005922000,0x0000700005a22000)]
  0x00007fcb128e8000 JavaThread "AWT-EventQueue-0" [_thread_blocked, id=64263, stack(0x0000700006de7000,0x0000700006ee7000)]
  0x00007fcb128c9800 JavaThread "Java2D Disposer" daemon [_thread_blocked, id=57103, stack(0x0000700006b5e000,0x0000700006c5e000)]
  0x00007fcb13255000 JavaThread "Java2D Queue Flusher" daemon [_thread_blocked, id=47923, stack(0x0000700006a5b000,0x0000700006b5b000)]
  0x00007fcb13154800 JavaThread "AWT-Shutdown" [_thread_blocked, id=29727, stack(0x00007000067cf000,0x00007000068cf000)]
=>0x00007fcb13880000 JavaThread "AWT-AppKit" daemon [_thread_in_native, id=775, stack(0x00007fff5b356000,0x00007fff5bb56000)]
  0x00007fcb13814800 JavaThread "Service Thread" daemon [_thread_blocked, id=18691, stack(0x0000700006546000,0x0000700006646000)]
  0x00007fcb13813800 JavaThread "C1 CompilerThread2" daemon [_thread_blocked, id=18179, stack(0x0000700006443000,0x0000700006543000)]
  0x00007fcb1303b000 JavaThread "C2 CompilerThread1" daemon [_thread_blocked, id=17667, stack(0x0000700006340000,0x0000700006440000)]
  0x00007fcb13036000 JavaThread "C2 CompilerThread0" daemon [_thread_blocked, id=17155, stack(0x000070000623d000,0x000070000633d000)]
  0x00007fcb13035800 JavaThread "Signal Dispatcher" daemon [_thread_blocked, id=16643, stack(0x000070000613a000,0x000070000623a000)]
  0x00007fcb1400b800 JavaThread "Finalizer" daemon [_thread_blocked, id=12547, stack(0x0000700006037000,0x0000700006137000)]
  0x00007fcb1400a800 JavaThread "Reference Handler" daemon [_thread_blocked, id=12035, stack(0x0000700005f34000,0x0000700006034000)]

Other Threads:
  0x00007fcb1301a800 VMThread [stack: 0x0000700005e31000,0x0000700005f31000] [id=11523]
  0x00007fcb1384e000 WatcherThread [stack: 0x0000700006649000,0x0000700006749000] [id=19203]

VM state:not at safepoint (normal execution)

VM Mutex/Monitor currently owned by a thread: None

Heap:
 PSYoungGen      total 304640K, used 178698K [0x0000000795580000, 0x00000007a9080000, 0x00000007c0000000)
  eden space 294912K, 59% used [0x0000000795580000,0x00000007a00d28d0,0x00000007a7580000)
  from space 9728K, 33% used [0x00000007a8700000,0x00000007a8a300c0,0x00000007a9080000)
  to   space 13824K, 0% used [0x00000007a7580000,0x00000007a7580000,0x00000007a8300000)
 ParOldGen       total 53760K, used 31236K [0x0000000740000000, 0x0000000743480000, 0x0000000795580000)
  object space 53760K, 58% used [0x0000000740000000,0x0000000741e81050,0x0000000743480000)
 Metaspace       used 24548K, capacity 24813K, committed 25088K, reserved 1071104K
  class space    used 2420K, capacity 2517K, committed 2560K, reserved 1048576K

Card table byte_map: [0x0000000105d9f000,0x00000001061a0000] byte_map_base: 0x000000010239f000

Marking Bits: (ParMarkBitMap*) 0x00000001052efd20
 Begin Bits: [0x000000011647a000, 0x000000011847a000)
 End Bits:   [0x000000011847a000, 0x000000011a47a000)

Polling page: 0x00000001041ee000

CodeCache: size=245760Kb used=10440Kb max_used=10457Kb free=235319Kb
 bounds [0x000000010747a000, 0x0000000107eca000, 0x000000011647a000]
 total_blobs=3979 nmethods=3055 adapters=837
 compilation: enabled

Compilation events (10 events):
Event: 15.507 Thread 0x00007fcb13813800 nmethod 3824 0x0000000107da49d0 code [0x0000000107da4b40, 0x0000000107da4d10]
Event: 15.508 Thread 0x00007fcb13813800 3825       3       java.util.concurrent.locks.AbstractQueuedSynchronizer::enq (58 bytes)
Event: 15.508 Thread 0x00007fcb13813800 nmethod 3825 0x0000000107da40d0 code [0x0000000107da4260, 0x0000000107da47b0]
Event: 15.508 Thread 0x00007fcb13813800 3826       3       java.util.concurrent.locks.AbstractQueuedSynchronizer::transferForSignal (45 bytes)
Event: 15.510 Thread 0x00007fcb13813800 nmethod 3826 0x0000000107da3890 code [0x0000000107da3a40, 0x0000000107da3f18]
Event: 15.510 Thread 0x00007fcb13813800 3827       3       sun.java2d.SunGraphics2D::setColor (108 bytes)
Event: 15.510 Thread 0x00007fcb13813800 nmethod 3827 0x0000000107da3110 code [0x0000000107da32a0, 0x0000000107da37d8]
Event: 15.510 Thread 0x00007fcb13813800 3828       3       java.security.CodeSource::matchCerts (254 bytes)
Event: 15.512 Thread 0x00007fcb13813800 nmethod 3828 0x0000000107da1e10 code [0x0000000107da2020, 0x0000000107da2bb8]
Event: 15.521 Thread 0x00007fcb13036000 3829       4       java.security.AccessControlContext::combine (205 bytes)

GC Heap History (10 events):
Event: 9.775 GC heap before
{Heap before GC invocations=11 (full 1):
 PSYoungGen      total 166400K, used 155008K [0x0000000795580000, 0x00000007a3580000, 0x00000007c0000000)
  eden space 150528K, 100% used [0x0000000795580000,0x000000079e880000,0x000000079e880000)
  from space 15872K, 28% used [0x000000079e880000,0x000000079ece0140,0x000000079f800000)
  to   space 15360K, 0% used [0x00000007a2680000,0x00000007a2680000,0x00000007a3580000)
 ParOldGen       total 53760K, used 27897K [0x0000000740000000, 0x0000000743480000, 0x0000000795580000)
  object space 53760K, 51% used [0x0000000740000000,0x0000000741b3e630,0x0000000743480000)
 Metaspace       used 24276K, capacity 24557K, committed 24832K, reserved 1071104K
  class space    used 2412K, capacity 2517K, committed 2560K, reserved 1048576K
Event: 9.779 GC heap after
Heap after GC invocations=11 (full 1):
 PSYoungGen      total 205824K, used 6464K [0x0000000795580000, 0x00000007a3080000, 0x00000007c0000000)
  eden space 195584K, 0% used [0x0000000795580000,0x0000000795580000,0x00000007a1480000)
  from space 10240K, 63% used [0x00000007a2680000,0x00000007a2cd01a0,0x00000007a3080000)
  to   space 14336K, 0% used [0x00000007a1480000,0x00000007a1480000,0x00000007a2280000)
 ParOldGen       total 53760K, used 27971K [0x0000000740000000, 0x0000000743480000, 0x0000000795580000)
  object space 53760K, 52% used [0x0000000740000000,0x0000000741b50ed0,0x0000000743480000)
 Metaspace       used 24276K, capacity 24557K, committed 24832K, reserved 1071104K
  class space    used 2412K, capacity 2517K, committed 2560K, reserved 1048576K
}
Event: 10.976 GC heap before
{Heap before GC invocations=12 (full 1):
 PSYoungGen      total 205824K, used 202048K [0x0000000795580000, 0x00000007a3080000, 0x00000007c0000000)
  eden space 195584K, 100% used [0x0000000795580000,0x00000007a1480000,0x00000007a1480000)
  from space 10240K, 63% used [0x00000007a2680000,0x00000007a2cd01a0,0x00000007a3080000)
  to   space 14336K, 0% used [0x00000007a1480000,0x00000007a1480000,0x00000007a2280000)
 ParOldGen       total 53760K, used 27971K [0x0000000740000000, 0x0000000743480000, 0x0000000795580000)
  object space 53760K, 52% used [0x0000000740000000,0x0000000741b50ed0,0x0000000743480000)
 Metaspace       used 24348K, capacity 24621K, committed 24832K, reserved 1071104K
  class space    used 2412K, capacity 2517K, committed 2560K, reserved 1048576K
Event: 10.979 GC heap after
Heap after GC invocations=12 (full 1):
 PSYoungGen      total 209920K, used 3232K [0x0000000795580000, 0x00000007a6400000, 0x00000007c0000000)
  eden space 195584K, 0% used [0x0000000795580000,0x0000000795580000,0x00000007a1480000)
  from space 14336K, 22% used [0x00000007a1480000,0x00000007a17a80c0,0x00000007a2280000)
  to   space 14336K, 0% used [0x00000007a5600000,0x00000007a5600000,0x00000007a6400000)
 ParOldGen       total 53760K, used 31212K [0x0000000740000000, 0x0000000743480000, 0x0000000795580000)
  object space 53760K, 58% used [0x0000000740000000,0x0000000741e7b050,0x0000000743480000)
 Metaspace       used 24348K, capacity 24621K, committed 24832K, reserved 1071104K
  class space    used 2412K, capacity 2517K, committed 2560K, reserved 1048576K
}
Event: 11.965 GC heap before
{Heap before GC invocations=13 (full 1):
 PSYoungGen      total 209920K, used 198816K [0x0000000795580000, 0x00000007a6400000, 0x00000007c0000000)
  eden space 195584K, 100% used [0x0000000795580000,0x00000007a1480000,0x00000007a1480000)
  from space 14336K, 22% used [0x00000007a1480000,0x00000007a17a80c0,0x00000007a2280000)
  to   space 14336K, 0% used [0x00000007a5600000,0x00000007a5600000,0x00000007a6400000)
 ParOldGen       total 53760K, used 31212K [0x0000000740000000, 0x0000000743480000, 0x0000000795580000)
  object space 53760K, 58% used [0x0000000740000000,0x0000000741e7b050,0x0000000743480000)
 Metaspace       used 24365K, capacity 24621K, committed 24832K, reserved 1071104K
  class space    used 2412K, capacity 2517K, committed 2560K, reserved 1048576K
Event: 11.968 GC heap after
Heap after GC invocations=13 (full 1):
 PSYoungGen      total 254464K, used 3264K [0x0000000795580000, 0x00000007a6000000, 0x00000007c0000000)
  eden space 244224K, 0% used [0x0000000795580000,0x0000000795580000,0x00000007a4400000)
  from space 10240K, 31% used [0x00000007a5600000,0x00000007a59300c0,0x00000007a6000000)
  to   space 14336K, 0% used [0x00000007a4400000,0x00000007a4400000,0x00000007a5200000)
 ParOldGen       total 53760K, used 31220K [0x0000000740000000, 0x0000000743480000, 0x0000000795580000)
  object space 53760K, 58% used [0x0000000740000000,0x0000000741e7d050,0x0000000743480000)
 Metaspace       used 24365K, capacity 24621K, committed 24832K, reserved 1071104K
  class space    used 2412K, capacity 2517K, committed 2560K, reserved 1048576K
}
Event: 13.288 GC heap before
{Heap before GC invocations=14 (full 1):
 PSYoungGen      total 254464K, used 247488K [0x0000000795580000, 0x00000007a6000000, 0x00000007c0000000)
  eden space 244224K, 100% used [0x0000000795580000,0x00000007a4400000,0x00000007a4400000)
  from space 10240K, 31% used [0x00000007a5600000,0x00000007a59300c0,0x00000007a6000000)
  to   space 14336K, 0% used [0x00000007a4400000,0x00000007a4400000,0x00000007a5200000)
 ParOldGen       total 53760K, used 31220K [0x0000000740000000, 0x0000000743480000, 0x0000000795580000)
  object space 53760K, 58% used [0x0000000740000000,0x0000000741e7d050,0x0000000743480000)
 Metaspace       used 24436K, capacity 24749K, committed 25088K, reserved 1071104K
  class space    used 2412K, capacity 2517K, committed 2560K, reserved 1048576K
Event: 13.291 GC heap after
Heap after GC invocations=14 (full 1):
 PSYoungGen      total 258560K, used 3232K [0x0000000795580000, 0x00000007a9480000, 0x00000007c0000000)
  eden space 244224K, 0% used [0x0000000795580000,0x0000000795580000,0x00000007a4400000)
  from space 14336K, 22% used [0x00000007a4400000,0x00000007a47280c0,0x00000007a5200000)
  to   space 13824K, 0% used [0x00000007a8700000,0x00000007a8700000,0x00000007a9480000)
 ParOldGen       total 53760K, used 31228K [0x0000000740000000, 0x0000000743480000, 0x0000000795580000)
  object space 53760K, 58% used [0x0000000740000000,0x0000000741e7f050,0x0000000743480000)
 Metaspace       used 24436K, capacity 24749K, committed 25088K, reserved 1071104K
  class space    used 2412K, capacity 2517K, committed 2560K, reserved 1048576K
}
Event: 14.550 GC heap before
{Heap before GC invocations=15 (full 1):
 PSYoungGen      total 258560K, used 247456K [0x0000000795580000, 0x00000007a9480000, 0x00000007c0000000)
  eden space 244224K, 100% used [0x0000000795580000,0x00000007a4400000,0x00000007a4400000)
  from space 14336K, 22% used [0x00000007a4400000,0x00000007a47280c0,0x00000007a5200000)
  to   space 13824K, 0% used [0x00000007a8700000,0x00000007a8700000,0x00000007a9480000)
 ParOldGen       total 53760K, used 31228K [0x0000000740000000, 0x0000000743480000, 0x0000000795580000)
  object space 53760K, 58% used [0x0000000740000000,0x0000000741e7f050,0x0000000743480000)
 Metaspace       used 24506K, capacity 24749K, committed 25088K, reserved 1071104K
  class space    used 2412K, capacity 2517K, committed 2560K, reserved 1048576K
Event: 14.554 GC heap after
Heap after GC invocations=15 (full 1):
 PSYoungGen      total 304640K, used 3264K [0x0000000795580000, 0x00000007a9080000, 0x00000007c0000000)
  eden space 294912K, 0% used [0x0000000795580000,0x0000000795580000,0x00000007a7580000)
  from space 9728K, 33% used [0x00000007a8700000,0x00000007a8a300c0,0x00000007a9080000)
  to   space 13824K, 0% used [0x00000007a7580000,0x00000007a7580000,0x00000007a8300000)
 ParOldGen       total 53760K, used 31236K [0x0000000740000000, 0x0000000743480000, 0x0000000795580000)
  object space 53760K, 58% used [0x0000000740000000,0x0000000741e81050,0x0000000743480000)
 Metaspace       used 24506K, capacity 24749K, committed 25088K, reserved 1071104K
  class space    used 2412K, capacity 2517K, committed 2560K, reserved 1048576K
}

Deoptimization events (10 events):
Event: 8.777 Thread 0x00007fcb14122000 Uncommon trap: reason=unstable_if action=reinterpret pc=0x0000000107c7ac24 method=java.lang.Math.round(F)I @ 36
Event: 9.309 Thread 0x00007fcb14122000 Uncommon trap: reason=unstable_if action=reinterpret pc=0x0000000107d0c8d8 method=java.lang.Math.round(F)I @ 36
Event: 14.668 Thread 0x00007fcb14122000 Uncommon trap: reason=unstable_if action=reinterpret pc=0x0000000107a4b528 method=module6.EarthquakeCityMap.selectMarkerIfHover(Ljava/util/List;)V @ 53
Event: 14.693 Thread 0x00007fcb14122000 Uncommon trap: reason=class_check action=maybe_recompile pc=0x0000000107bd9080 method=module6.CommonMarker.draw(Lprocessing/core/PGraphics;FF)V @ 25
Event: 15.459 Thread 0x00007fcb14122000 Uncommon trap: reason=unstable_if action=reinterpret pc=0x0000000107a7cba8 method=com.jogamp.common.util.VersionNumber.compareTo(Lcom/jogamp/common/util/VersionNumber;)I @ 21
Event: 15.464 Thread 0x00007fcb128e8000 Uncommon trap: reason=unstable_if action=reinterpret pc=0x0000000107db9814 method=java.awt.Font.equals(Ljava/lang/Object;)Z @ 2
Event: 15.507 Thread 0x00007fcb14121800 Uncommon trap: reason=class_check action=maybe_recompile pc=0x000000010791cf54 method=java.util.HashMap.putVal(ILjava/lang/Object;Ljava/lang/Object;ZZ)Ljava/lang/Object; @ 91
Event: 15.507 Thread 0x00007fcb14121800 Uncommon trap: reason=class_check action=maybe_recompile pc=0x000000010791cf54 method=java.util.HashMap.putVal(ILjava/lang/Object;Ljava/lang/Object;ZZ)Ljava/lang/Object; @ 91
Event: 15.507 Thread 0x00007fcb14121800 Uncommon trap: reason=class_check action=maybe_recompile pc=0x00000001078fa310 method=java.util.HashMap.putVal(ILjava/lang/Object;Ljava/lang/Object;ZZ)Ljava/lang/Object; @ 91
Event: 15.521 Thread 0x00007fcb14122000 Uncommon trap: reason=unstable_if action=reinterpret pc=0x0000000107dcb030 method=java.security.AccessControlContext.optimize()Ljava/security/AccessControlContext; @ 233

Internal exceptions (10 events):
Event: 0.154 Thread 0x00007fcb13002800 Exception <a 'java/lang/NoSuchFieldError': method resolution failed> (0x0000000795785f98) thrown at [/Users/java_re/workspace/8-2-build-macosx-x86_64/jdk8u111/7883/hotspot/src/share/vm/prims/methodHandles.cpp, line 1146]
Event: 0.156 Thread 0x00007fcb13002800 Exception <a 'java/lang/NoSuchFieldError': method resolution failed> (0x0000000795793768) thrown at [/Users/java_re/workspace/8-2-build-macosx-x86_64/jdk8u111/7883/hotspot/src/share/vm/prims/methodHandles.cpp, line 1146]
Event: 0.326 Thread 0x00007fcb13002800 Exception <a 'java/io/FileNotFoundException'> (0x000000079580ee90) thrown at [/Users/java_re/workspace/8-2-build-macosx-x86_64/jdk8u111/7883/hotspot/src/share/vm/prims/jni.cpp, line 709]
Event: 0.326 Thread 0x00007fcb13002800 Exception <a 'java/io/FileNotFoundException'> (0x000000079580f9f8) thrown at [/Users/java_re/workspace/8-2-build-macosx-x86_64/jdk8u111/7883/hotspot/src/share/vm/prims/jni.cpp, line 709]
Event: 0.531 Thread 0x00007fcb13002800 Exception <a 'java/io/FileNotFoundException'> (0x000000079594b4a0) thrown at [/Users/java_re/workspace/8-2-build-macosx-x86_64/jdk8u111/7883/hotspot/src/share/vm/prims/jni.cpp, line 709]
Event: 2.270 Thread 0x00007fcb13386800 Exception <a 'java/lang/UnsatisfiedLinkError': com.jogamp.common.util.JarUtil.fixNativeLibAttribs(Ljava/lang/String;)Z> (0x0000000796bd5c08) thrown at [/Users/java_re/workspace/8-2-build-macosx-x86_64/jdk8u111/7883/hotspot/src/share/vm/prims/nativeLookup.
Event: 2.571 Thread 0x00007fcb1400b800 Exception <a 'java/lang/NullPointerException'> (0x00000007956a6c50) thrown at [/Users/java_re/workspace/8-2-build-macosx-x86_64/jdk8u111/7883/hotspot/src/share/vm/interpreter/linkResolver.cpp, line 1178]
Event: 3.202 Thread 0x00007fcb14122000 Exception <a 'java/io/FileNotFoundException'> (0x0000000795ee63c8) thrown at [/Users/java_re/workspace/8-2-build-macosx-x86_64/jdk8u111/7883/hotspot/src/share/vm/prims/jni.cpp, line 709]
Event: 3.203 Thread 0x00007fcb14122000 Exception <a 'java/io/FileNotFoundException'> (0x0000000795eec7e0) thrown at [/Users/java_re/workspace/8-2-build-macosx-x86_64/jdk8u111/7883/hotspot/src/share/vm/prims/jni.cpp, line 709]
Event: 3.203 Thread 0x00007fcb14122000 Implicit null exception at 0x0000000107618236 to 0x0000000107618605

Events (10 events):
Event: 15.521 Thread 0x00007fcb14122000 Uncommon trap: trap_request=0xffffff65 fr.pc=0x0000000107dcb030
Event: 15.521 Thread 0x00007fcb14122000 DEOPT PACKING pc=0x0000000107dcb030 sp=0x00007000070ea8b0
Event: 15.521 Thread 0x00007fcb14122000 DEOPT UNPACKING pc=0x000000010747f229 sp=0x00007000070ea880 mode 2
Event: 15.521 loading class java/awt/LightweightDispatcher$2
Event: 15.521 loading class java/awt/LightweightDispatcher$2 done
Event: 15.521 loading class java/awt/event/AWTEventListenerProxy
Event: 15.521 loading class java/awt/event/AWTEventListenerProxy done
Event: 15.521 loading class java/awt/Toolkit$ToolkitEventMulticaster
Event: 15.521 loading class java/awt/Toolkit$ToolkitEventMulticaster done
Event: 15.522 Thread 0x00007fcb14121800 Thread exited: 0x00007fcb14121800


Dynamic libraries:
0x00000000222bc000 	/System/Library/Frameworks/Cocoa.framework/Versions/A/Cocoa
0x00000000222bc000 	/System/Library/Frameworks/Security.framework/Versions/A/Security
0x00000000222bc000 	/System/Library/Frameworks/ApplicationServices.framework/Versions/A/ApplicationServices
0x00000000222bc000 	/usr/lib/libz.1.dylib
0x00000000222bc000 	/usr/lib/libSystem.B.dylib
0x00000000222bc000 	/usr/lib/libobjc.A.dylib
0x00000000222bc000 	/System/Library/Frameworks/CoreFoundation.framework/Versions/A/CoreFoundation
0x00000000222bc000 	/System/Library/Frameworks/Foundation.framework/Versions/C/Foundation
0x00000000222bc000 	/System/Library/Frameworks/AppKit.framework/Versions/C/AppKit
0x00000000222bc000 	/System/Library/Frameworks/CoreData.framework/Versions/A/CoreData
0x00000000222bc000 	/System/Library/PrivateFrameworks/RemoteViewServices.framework/Versions/A/RemoteViewServices
0x00000000222bc000 	/System/Library/PrivateFrameworks/UIFoundation.framework/Versions/A/UIFoundation
0x00000000222bc000 	/System/Library/PrivateFrameworks/DFRFoundation.framework/Versions/A/DFRFoundation
0x00000000222bc000 	/usr/lib/libenergytrace.dylib
0x00000000222bc000 	/System/Library/PrivateFrameworks/SkyLight.framework/Versions/A/SkyLight
0x00000000222bc000 	/System/Library/Frameworks/CoreGraphics.framework/Versions/A/CoreGraphics
0x00000000222bc000 	/usr/lib/libScreenReader.dylib
0x00000000222bc000 	/System/Library/Frameworks/Accelerate.framework/Versions/A/Accelerate
0x00000000222bc000 	/System/Library/Frameworks/IOSurface.framework/Versions/A/IOSurface
0x00000000222bc000 	/System/Library/Frameworks/AudioToolbox.framework/Versions/A/AudioToolbox
0x00000000222bc000 	/System/Library/Frameworks/AudioUnit.framework/Versions/A/AudioUnit
0x00000000222bc000 	/System/Library/PrivateFrameworks/DataDetectorsCore.framework/Versions/A/DataDetectorsCore
0x00000000222bc000 	/System/Library/PrivateFrameworks/DesktopServicesPriv.framework/Versions/A/DesktopServicesPriv
0x00000000222bc000 	/System/Library/Frameworks/Carbon.framework/Versions/A/Frameworks/HIToolbox.framework/Versions/A/HIToolbox
0x00000000222bc000 	/usr/lib/libicucore.A.dylib
0x00000000222bc000 	/System/Library/Frameworks/QuartzCore.framework/Versions/A/QuartzCore
0x00000000222bc000 	/System/Library/Frameworks/Carbon.framework/Versions/A/Frameworks/SpeechRecognition.framework/Versions/A/SpeechRecognition
0x00000000222bc000 	/usr/lib/libauto.dylib
0x00000000222bc000 	/usr/lib/libxml2.2.dylib
0x00000000222bc000 	/System/Library/PrivateFrameworks/CoreUI.framework/Versions/A/CoreUI
0x00000000222bc000 	/System/Library/Frameworks/CoreAudio.framework/Versions/A/CoreAudio
0x00000000222bc000 	/System/Library/Frameworks/DiskArbitration.framework/Versions/A/DiskArbitration
0x00000000222bc000 	/usr/lib/liblangid.dylib
0x00000000222bc000 	/System/Library/PrivateFrameworks/MultitouchSupport.framework/Versions/A/MultitouchSupport
0x00000000222bc000 	/System/Library/Frameworks/IOKit.framework/Versions/A/IOKit
0x00000000222bc000 	/usr/lib/libDiagnosticMessagesClient.dylib
0x00000000222bc000 	/System/Library/Frameworks/CoreServices.framework/Versions/A/CoreServices
0x00000000222bc000 	/System/Library/PrivateFrameworks/PerformanceAnalysis.framework/Versions/A/PerformanceAnalysis
0x00000000222bc000 	/System/Library/PrivateFrameworks/GenerationalStorage.framework/Versions/A/GenerationalStorage
0x00000000222bc000 	/System/Library/Frameworks/OpenGL.framework/Versions/A/OpenGL
0x00000000222bc000 	/System/Library/Frameworks/CoreImage.framework/Versions/A/CoreImage
0x00000000222bc000 	/System/Library/Frameworks/CoreText.framework/Versions/A/CoreText
0x00000000222bc000 	/System/Library/Frameworks/ImageIO.framework/Versions/A/ImageIO
0x00000000222bc000 	/System/Library/PrivateFrameworks/Backup.framework/Versions/A/Backup
0x00000000222bc000 	/usr/lib/libarchive.2.dylib
0x00000000222bc000 	/System/Library/Frameworks/CFNetwork.framework/Versions/A/CFNetwork
0x00000000222bc000 	/System/Library/Frameworks/SystemConfiguration.framework/Versions/A/SystemConfiguration
0x00000000222bc000 	/usr/lib/libCRFSuite.dylib
0x00000000222bc000 	/usr/lib/libc++.1.dylib
0x00000000222bc000 	/usr/lib/libc++abi.dylib
0x00000000222bc000 	/usr/lib/system/libcache.dylib
0x00000000222bc000 	/usr/lib/system/libcommonCrypto.dylib
0x00000000222bc000 	/usr/lib/system/libcompiler_rt.dylib
0x00000000222bc000 	/usr/lib/system/libcopyfile.dylib
0x00000000222bc000 	/usr/lib/system/libcorecrypto.dylib
0x00000000222bc000 	/usr/lib/system/libdispatch.dylib
0x00000000222bc000 	/usr/lib/system/libdyld.dylib
0x00000000222bc000 	/usr/lib/system/libkeymgr.dylib
0x00000000222bc000 	/usr/lib/system/liblaunch.dylib
0x00000000222bc000 	/usr/lib/system/libmacho.dylib
0x00000000222bc000 	/usr/lib/system/libquarantine.dylib
0x00000000222bc000 	/usr/lib/system/libremovefile.dylib
0x00000000222bc000 	/usr/lib/system/libsystem_asl.dylib
0x00000000222bc000 	/usr/lib/system/libsystem_blocks.dylib
0x00000000222bc000 	/usr/lib/system/libsystem_c.dylib
0x00000000222bc000 	/usr/lib/system/libsystem_configuration.dylib
0x00000000222bc000 	/usr/lib/system/libsystem_coreservices.dylib
0x00000000222bc000 	/usr/lib/system/libsystem_coretls.dylib
0x00000000222bc000 	/usr/lib/system/libsystem_dnssd.dylib
0x00000000222bc000 	/usr/lib/system/libsystem_info.dylib
0x00000000222bc000 	/usr/lib/system/libsystem_kernel.dylib
0x00000000222bc000 	/usr/lib/system/libsystem_m.dylib
0x00000000222bc000 	/usr/lib/system/libsystem_malloc.dylib
0x00000000222bc000 	/usr/lib/system/libsystem_network.dylib
0x00000000222bc000 	/usr/lib/system/libsystem_networkextension.dylib
0x00000000222bc000 	/usr/lib/system/libsystem_notify.dylib
0x00000000222bc000 	/usr/lib/system/libsystem_platform.dylib
0x00000000222bc000 	/usr/lib/system/libsystem_pthread.dylib
0x00000000222bc000 	/usr/lib/system/libsystem_sandbox.dylib
0x00000000222bc000 	/usr/lib/system/libsystem_secinit.dylib
0x00000000222bc000 	/usr/lib/system/libsystem_symptoms.dylib
0x00000000222bc000 	/usr/lib/system/libsystem_trace.dylib
0x00000000222bc000 	/usr/lib/system/libunwind.dylib
0x00000000222bc000 	/usr/lib/system/libxpc.dylib
0x00000000222bc000 	/usr/lib/libbsm.0.dylib
0x00000000222bc000 	/usr/lib/system/libkxld.dylib
0x00000000222bc000 	/usr/lib/libcoretls.dylib
0x00000000222bc000 	/usr/lib/libcoretls_cfhelpers.dylib
0x00000000222bc000 	/usr/lib/libOpenScriptingUtil.dylib
0x00000000222bc000 	/usr/lib/libpam.2.dylib
0x00000000222bc000 	/usr/lib/libsqlite3.dylib
0x00000000222bc000 	/usr/lib/libxar.1.dylib
0x00000000222bc000 	/usr/lib/libbz2.1.0.dylib
0x00000000222bc000 	/usr/lib/liblzma.5.dylib
0x00000000222bc000 	/usr/lib/libnetwork.dylib
0x00000000222bc000 	/usr/lib/libpcap.A.dylib
0x00000000222bc000 	/System/Library/Frameworks/CoreServices.framework/Versions/A/Frameworks/FSEvents.framework/Versions/A/FSEvents
0x00000000222bc000 	/System/Library/Frameworks/CoreServices.framework/Versions/A/Frameworks/CarbonCore.framework/Versions/A/CarbonCore
0x00000000222bc000 	/System/Library/Frameworks/CoreServices.framework/Versions/A/Frameworks/Metadata.framework/Versions/A/Metadata
0x00000000222bc000 	/System/Library/Frameworks/CoreServices.framework/Versions/A/Frameworks/OSServices.framework/Versions/A/OSServices
0x00000000222bc000 	/System/Library/Frameworks/CoreServices.framework/Versions/A/Frameworks/SearchKit.framework/Versions/A/SearchKit
0x00000000222bc000 	/System/Library/Frameworks/CoreServices.framework/Versions/A/Frameworks/AE.framework/Versions/A/AE
0x00000000222bc000 	/System/Library/Frameworks/CoreServices.framework/Versions/A/Frameworks/LaunchServices.framework/Versions/A/LaunchServices
0x00000000222bc000 	/System/Library/Frameworks/CoreServices.framework/Versions/A/Frameworks/DictionaryServices.framework/Versions/A/DictionaryServices
0x00000000222bc000 	/System/Library/Frameworks/CoreServices.framework/Versions/A/Frameworks/SharedFileList.framework/Versions/A/SharedFileList
0x00000000222bc000 	/System/Library/Frameworks/NetFS.framework/Versions/A/NetFS
0x00000000222bc000 	/System/Library/PrivateFrameworks/NetAuth.framework/Versions/A/NetAuth
0x00000000222bc000 	/System/Library/PrivateFrameworks/login.framework/Versions/A/Frameworks/loginsupport.framework/Versions/A/loginsupport
0x00000000222bc000 	/System/Library/PrivateFrameworks/TCC.framework/Versions/A/TCC
0x00000000222bc000 	/usr/lib/libmecabra.dylib
0x00000000222bc000 	/System/Library/Frameworks/ApplicationServices.framework/Versions/A/Frameworks/ATS.framework/Versions/A/ATS
0x00000000222bc000 	/System/Library/Frameworks/ApplicationServices.framework/Versions/A/Frameworks/ColorSync.framework/Versions/A/ColorSync
0x00000000222bc000 	/System/Library/Frameworks/ApplicationServices.framework/Versions/A/Frameworks/HIServices.framework/Versions/A/HIServices
0x00000000222bc000 	/System/Library/Frameworks/ApplicationServices.framework/Versions/A/Frameworks/LangAnalysis.framework/Versions/A/LangAnalysis
0x00000000222bc000 	/System/Library/Frameworks/ApplicationServices.framework/Versions/A/Frameworks/PrintCore.framework/Versions/A/PrintCore
0x00000000222bc000 	/System/Library/Frameworks/ApplicationServices.framework/Versions/A/Frameworks/QD.framework/Versions/A/QD
0x00000000222bc000 	/System/Library/Frameworks/ApplicationServices.framework/Versions/A/Frameworks/SpeechSynthesis.framework/Versions/A/SpeechSynthesis
0x00000000222bc000 	/System/Library/Frameworks/Accelerate.framework/Versions/A/Frameworks/vImage.framework/Versions/A/vImage
0x00000000222bc000 	/System/Library/Frameworks/Accelerate.framework/Versions/A/Frameworks/vecLib.framework/Versions/A/vecLib
0x00000000222bc000 	/System/Library/Frameworks/Accelerate.framework/Versions/A/Frameworks/vecLib.framework/Versions/A/libvDSP.dylib
0x00000000222bc000 	/System/Library/Frameworks/Accelerate.framework/Versions/A/Frameworks/vecLib.framework/Versions/A/libBNNS.dylib
0x00000000222bc000 	/System/Library/Frameworks/Accelerate.framework/Versions/A/Frameworks/vecLib.framework/Versions/A/libQuadrature.dylib
0x00000000222bc000 	/System/Library/Frameworks/Accelerate.framework/Versions/A/Frameworks/vecLib.framework/Versions/A/libvMisc.dylib
0x00000000222bc000 	/System/Library/Frameworks/Accelerate.framework/Versions/A/Frameworks/vecLib.framework/Versions/A/libLAPACK.dylib
0x00000000222bc000 	/System/Library/Frameworks/Accelerate.framework/Versions/A/Frameworks/vecLib.framework/Versions/A/libBLAS.dylib
0x00000000222bc000 	/System/Library/Frameworks/Accelerate.framework/Versions/A/Frameworks/vecLib.framework/Versions/A/libLinearAlgebra.dylib
0x00000000222bc000 	/System/Library/Frameworks/Accelerate.framework/Versions/A/Frameworks/vecLib.framework/Versions/A/libSparseBLAS.dylib
0x00000000222bc000 	/System/Library/Frameworks/ApplicationServices.framework/Versions/A/Frameworks/ATS.framework/Versions/A/Resources/libFontParser.dylib
0x00000000222bc000 	/System/Library/Frameworks/ApplicationServices.framework/Versions/A/Frameworks/ATS.framework/Versions/A/Resources/libFontRegistry.dylib
0x00000000222bc000 	/System/Library/Frameworks/ImageIO.framework/Versions/A/Resources/libJPEG.dylib
0x00000000222bc000 	/System/Library/Frameworks/ImageIO.framework/Versions/A/Resources/libTIFF.dylib
0x00000000222bc000 	/System/Library/Frameworks/ImageIO.framework/Versions/A/Resources/libPng.dylib
0x00000000222bc000 	/System/Library/Frameworks/ImageIO.framework/Versions/A/Resources/libGIF.dylib
0x00000000222bc000 	/System/Library/Frameworks/ImageIO.framework/Versions/A/Resources/libJP2.dylib
0x00000000222bc000 	/System/Library/Frameworks/ImageIO.framework/Versions/A/Resources/libRadiance.dylib
0x00000000222bc000 	/usr/lib/libcompression.dylib
0x00000000222bc000 	/System/Library/PrivateFrameworks/AppleJPEG.framework/Versions/A/AppleJPEG
0x00000000222bc000 	/usr/lib/libcups.2.dylib
0x00000000222bc000 	/System/Library/Frameworks/Kerberos.framework/Versions/A/Kerberos
0x00000000222bc000 	/System/Library/Frameworks/GSS.framework/Versions/A/GSS
0x00000000222bc000 	/usr/lib/libresolv.9.dylib
0x00000000222bc000 	/usr/lib/libiconv.2.dylib
0x00000000222bc000 	/System/Library/PrivateFrameworks/Heimdal.framework/Versions/A/Heimdal
0x00000000222bc000 	/usr/lib/libheimdal-asn1.dylib
0x00000000222bc000 	/System/Library/Frameworks/OpenDirectory.framework/Versions/A/OpenDirectory
0x00000000222bc000 	/System/Library/PrivateFrameworks/CommonAuth.framework/Versions/A/CommonAuth
0x00000000222bc000 	/System/Library/Frameworks/OpenDirectory.framework/Versions/A/Frameworks/CFOpenDirectory.framework/Versions/A/CFOpenDirectory
0x00000000222bc000 	/System/Library/Frameworks/SecurityFoundation.framework/Versions/A/SecurityFoundation
0x00000000222bc000 	/System/Library/PrivateFrameworks/LanguageModeling.framework/Versions/A/LanguageModeling
0x00000000222bc000 	/usr/lib/libmarisa.dylib
0x00000000222bc000 	/usr/lib/libChineseTokenizer.dylib
0x00000000222bc000 	/usr/lib/libcmph.dylib
0x00000000222bc000 	/System/Library/PrivateFrameworks/CoreEmoji.framework/Versions/A/CoreEmoji
0x00000000222bc000 	/System/Library/Frameworks/ServiceManagement.framework/Versions/A/ServiceManagement
0x00000000222bc000 	/usr/lib/libxslt.1.dylib
0x00000000222bc000 	/System/Library/Frameworks/Carbon.framework/Versions/A/Frameworks/Ink.framework/Versions/A/Ink
0x00000000222bc000 	/System/Library/PrivateFrameworks/TextureIO.framework/Versions/A/TextureIO
0x00000000222bc000 	/System/Library/Frameworks/Metal.framework/Versions/A/Metal
0x00000000222bc000 	/usr/lib/libate.dylib
0x00000000222bc000 	/System/Library/PrivateFrameworks/GPUCompiler.framework/libmetal_timestamp.dylib
0x00000000222bc000 	/System/Library/Frameworks/OpenGL.framework/Versions/A/Libraries/libCoreFSCache.dylib
0x00000000222bc000 	/System/Library/PrivateFrameworks/IOAccelerator.framework/Versions/A/IOAccelerator
0x00000000222bc000 	/System/Library/Frameworks/CoreVideo.framework/Versions/A/CoreVideo
0x00000000222bc000 	/usr/lib/libFosl_dynamic.dylib
0x00000000222bc000 	/System/Library/PrivateFrameworks/MetalPerformanceShaders.framework/Versions/A/MetalPerformanceShaders
0x00000000222bc000 	/System/Library/PrivateFrameworks/FaceCore.framework/Versions/A/FaceCore
0x00000000222bc000 	/System/Library/Frameworks/OpenCL.framework/Versions/A/OpenCL
0x00000000222bc000 	/System/Library/Frameworks/OpenGL.framework/Versions/A/Libraries/libGLU.dylib
0x00000000222bc000 	/System/Library/Frameworks/OpenGL.framework/Versions/A/Libraries/libGFXShared.dylib
0x00000000222bc000 	/System/Library/Frameworks/OpenGL.framework/Versions/A/Libraries/libGL.dylib
0x00000000222bc000 	/System/Library/Frameworks/OpenGL.framework/Versions/A/Libraries/libGLImage.dylib
0x00000000222bc000 	/System/Library/Frameworks/OpenGL.framework/Versions/A/Libraries/libCVMSPluginSupport.dylib
0x00000000222bc000 	/System/Library/Frameworks/OpenGL.framework/Versions/A/Libraries/libCoreVMClient.dylib
0x00000000222bc000 	/System/Library/PrivateFrameworks/CrashReporterSupport.framework/Versions/A/CrashReporterSupport
0x00000000222bc000 	/System/Library/PrivateFrameworks/Sharing.framework/Versions/A/Sharing
0x00000000222bc000 	/System/Library/PrivateFrameworks/IconServices.framework/Versions/A/IconServices
0x00000000222bc000 	/System/Library/PrivateFrameworks/ProtocolBuffer.framework/Versions/A/ProtocolBuffer
0x00000000222bc000 	/System/Library/PrivateFrameworks/Apple80211.framework/Versions/A/Apple80211
0x00000000222bc000 	/System/Library/Frameworks/CoreWLAN.framework/Versions/A/CoreWLAN
0x00000000222bc000 	/System/Library/PrivateFrameworks/CoreUtils.framework/Versions/A/CoreUtils
0x00000000222bc000 	/System/Library/Frameworks/IOBluetooth.framework/Versions/A/IOBluetooth
0x00000000222bc000 	/System/Library/PrivateFrameworks/CoreWiFi.framework/Versions/A/CoreWiFi
0x00000000222bc000 	/System/Library/Frameworks/CoreBluetooth.framework/Versions/A/CoreBluetooth
0x00000000222bc000 	/System/Library/Frameworks/CoreDisplay.framework/Versions/A/CoreDisplay
0x00000000222bc000 	/System/Library/PrivateFrameworks/IOPresentment.framework/Versions/A/IOPresentment
0x00000000222bc000 	/System/Library/PrivateFrameworks/DSExternalDisplay.framework/Versions/A/DSExternalDisplay
0x00000000222bc000 	/System/Library/PrivateFrameworks/DebugSymbols.framework/Versions/A/DebugSymbols
0x00000000222bc000 	/System/Library/PrivateFrameworks/CoreSymbolication.framework/Versions/A/CoreSymbolication
0x00000000222bc000 	/System/Library/PrivateFrameworks/Symbolication.framework/Versions/A/Symbolication
0x00000000222bc000 	/System/Library/PrivateFrameworks/AppleFSCompression.framework/Versions/A/AppleFSCompression
0x00000000222bc000 	/System/Library/PrivateFrameworks/SpeechRecognitionCore.framework/Versions/A/SpeechRecognitionCore
0x00000000222bc000 	/System/Library/PrivateFrameworks/ChunkingLibrary.framework/Versions/A/ChunkingLibrary
0x0000000104a00000 	/Library/Java/JavaVirtualMachines/jdk1.8.0_111.jdk/Contents/Home/jre/lib/server/libjvm.dylib
0x0000000104127000 	/usr/lib/libstdc++.6.dylib
0x00000001041e0000 	/Library/Java/JavaVirtualMachines/jdk1.8.0_111.jdk/Contents/Home/jre/lib/libverify.dylib
0x00000001059a1000 	/Library/Java/JavaVirtualMachines/jdk1.8.0_111.jdk/Contents/Home/jre/lib/libjava.dylib
0x00000001059d6000 	/Library/Java/JavaVirtualMachines/jdk1.8.0_111.jdk/Contents/Home/jre/lib/libzip.dylib
0x000000011b3da000 	/System/Library/Frameworks/JavaVM.framework/Frameworks/JavaRuntimeSupport.framework/JavaRuntimeSupport
0x000000011b3f4000 	/System/Library/Frameworks/JavaVM.framework/Versions/A/Frameworks/JavaNativeFoundation.framework/Versions/A/JavaNativeFoundation
0x00000001073e2000 	/System/Library/Frameworks/JavaVM.framework/Versions/A/JavaVM
0x00000000222bc000 	/System/Library/Frameworks/Carbon.framework/Versions/A/Carbon
0x000000011b409000 	/System/Library/PrivateFrameworks/JavaLaunching.framework/Versions/A/JavaLaunching
0x00000000222bc000 	/System/Library/Frameworks/Carbon.framework/Versions/A/Frameworks/CommonPanels.framework/Versions/A/CommonPanels
0x00000000222bc000 	/System/Library/Frameworks/Carbon.framework/Versions/A/Frameworks/Help.framework/Versions/A/Help
0x00000000222bc000 	/System/Library/Frameworks/Carbon.framework/Versions/A/Frameworks/ImageCapture.framework/Versions/A/ImageCapture
0x00000000222bc000 	/System/Library/Frameworks/Carbon.framework/Versions/A/Frameworks/OpenScripting.framework/Versions/A/OpenScripting
0x00000000222bc000 	/System/Library/Frameworks/Carbon.framework/Versions/A/Frameworks/Print.framework/Versions/A/Print
0x00000000222bc000 	/System/Library/Frameworks/Carbon.framework/Versions/A/Frameworks/SecurityHI.framework/Versions/A/SecurityHI
0x000000011cd12000 	/Library/Java/JavaVirtualMachines/jdk1.8.0_111.jdk/Contents/Home/jre/lib/libawt.dylib
0x000000011cdba000 	/Library/Java/JavaVirtualMachines/jdk1.8.0_111.jdk/Contents/Home/jre/lib/./libmlib_image.dylib
0x000000011ce86000 	/Library/Java/JavaVirtualMachines/jdk1.8.0_111.jdk/Contents/Home/jre/lib/libawt_lwawt.dylib
0x000000011cf3b000 	/Library/Java/JavaVirtualMachines/jdk1.8.0_111.jdk/Contents/Home/jre/lib/./libosxapp.dylib
0x00000000222bc000 	/System/Library/Frameworks/ExceptionHandling.framework/Versions/A/ExceptionHandling
0x00000000222bc000 	/System/Library/PrivateFrameworks/CoreServicesInternal.framework/Versions/A/CoreServicesInternal
0x00000000222bc000 	/System/Library/CoreServices/RawCamera.bundle/Contents/MacOS/RawCamera
0x000000011cfce000 	/System/Library/Frameworks/Accelerate.framework/Frameworks/vImage.framework/Versions/A/Libraries/libCGInterfaces.dylib
0x00000000222bc000 	/System/Library/Frameworks/ApplicationServices.framework/Versions/A/Frameworks/ATS.framework/Versions/A/Resources/libTrueTypeScaler.dylib
0x000000011eff1000 	/System/Library/Frameworks/OpenGL.framework/Resources/GLEngine.bundle/GLEngine
0x00000000222bc000 	/System/Library/Frameworks/OpenGL.framework/Versions/A/Libraries/libGLProgrammability.dylib
0x000000011f1d6000 	/System/Library/Extensions/AppleIntelBDWGraphicsGLDriver.bundle/Contents/MacOS/AppleIntelBDWGraphicsGLDriver
0x00000000222bc000 	/System/Library/PrivateFrameworks/GPUSupport.framework/Versions/A/Libraries/libGPUSupportMercury.dylib
0x000000011d844000 	/System/Library/Frameworks/OpenGL.framework/Resources//GLRendererFloat.bundle/GLRendererFloat
0x00000000222bc000 	/System/Library/Frameworks/OpenCL.framework/Versions/A/Libraries/libcldcpuengine.dylib
0x00000000222bc000 	/usr/lib/libcrypto.0.9.8.dylib
0x00000000222bc000 	/System/Library/PrivateFrameworks/TrustEvaluationAgent.framework/Versions/A/TrustEvaluationAgent
0x000000011f940000 	/System/Library/Extensions/AppleIntelBDWGraphicsMTLDriver.bundle/Contents/MacOS/AppleIntelBDWGraphicsMTLDriver
0x00000000222bc000 	/System/Library/PrivateFrameworks/FamilyControls.framework/Versions/A/FamilyControls
0x00000000222bc000 	/System/Library/PrivateFrameworks/CommerceKit.framework/Versions/A/Frameworks/CommerceCore.framework/Versions/A/CommerceCore
0x00000000222bc000 	/System/Library/PrivateFrameworks/SystemAdministration.framework/Versions/A/SystemAdministration
0x00000000222bc000 	/System/Library/PrivateFrameworks/AppContainer.framework/Versions/A/AppContainer
0x00000000222bc000 	/System/Library/PrivateFrameworks/SecCodeWrapper.framework/Versions/A/SecCodeWrapper
0x00000000222bc000 	/System/Library/Frameworks/DirectoryService.framework/Versions/A/DirectoryService
0x00000000222bc000 	/System/Library/PrivateFrameworks/DiskImages.framework/Versions/A/DiskImages
0x00000000222bc000 	/System/Library/PrivateFrameworks/LoginUIKit.framework/Versions/A/Frameworks/LoginUICore.framework/Versions/A/LoginUICore
0x00000000222bc000 	/usr/lib/libCoreStorage.dylib
0x00000000222bc000 	/usr/lib/libcsfde.dylib
0x00000000222bc000 	/usr/lib/libodfde.dylib
0x00000000222bc000 	/System/Library/Frameworks/DiscRecording.framework/Versions/A/DiscRecording
0x00000000222bc000 	/usr/lib/libcurl.4.dylib
0x00000000222bc000 	/System/Library/PrivateFrameworks/MediaKit.framework/Versions/A/MediaKit
0x00000000222bc000 	/System/Library/PrivateFrameworks/ProtectedCloudStorage.framework/Versions/A/ProtectedCloudStorage
0x00000000222bc000 	/System/Library/PrivateFrameworks/EFILogin.framework/Versions/A/EFILogin
0x00000000222bc000 	/usr/lib/libutil.dylib
0x00000000222bc000 	/System/Library/Frameworks/LDAP.framework/Versions/A/LDAP
0x00000000222bc000 	/usr/lib/libsasl2.2.dylib
0x00000000222bc000 	/System/Library/PrivateFrameworks/CoreDaemon.framework/Versions/B/CoreDaemon
0x00000000222bc000 	/System/Library/PrivateFrameworks/AppleSRP.framework/Versions/A/AppleSRP
0x00000000222bc000 	/System/Library/PrivateFrameworks/APFS.framework/Versions/A/APFS
0x00000001218f3000 	/Library/Java/JavaVirtualMachines/jdk1.8.0_111.jdk/Contents/Home/jre/lib/libfontmanager.dylib
0x00000000222bc000 	/System/Library/PrivateFrameworks/ViewBridge.framework/Versions/A/ViewBridge
0x00000000222bc000 	/System/Library/PrivateFrameworks/XPCService.framework/Versions/A/XPCService
0x00000000222bc000 	/System/Library/PrivateFrameworks/AppSandbox.framework/Versions/A/AppSandbox
0x00000000222bc000 	/usr/lib/libsandbox.1.dylib
0x00000000222bc000 	/usr/lib/libMatch.1.dylib
0x0000000122ce5000 	/Library/Java/JavaVirtualMachines/jdk1.8.0_111.jdk/Contents/Home/jre/lib/libosxui.dylib
0x0000000123a66000 	/Library/Java/JavaVirtualMachines/jdk1.8.0_111.jdk/Contents/Home/jre/lib/libnet.dylib
0x0000000123a7d000 	/Library/Java/JavaVirtualMachines/jdk1.8.0_111.jdk/Contents/Home/jre/lib/libnio.dylib
0x0000000122a6c000 	/private/var/folders/99/pp3fz67d34l2n2q9ztrt9jpr0000gn/T/jogamp_0000/file_cache/jln5507158525077214898/jln6836661203917424823/libgluegen-rt.jnilib
0x0000000122a70000 	/private/var/folders/99/pp3fz67d34l2n2q9ztrt9jpr0000gn/T/jogamp_0000/file_cache/jln5507158525077214898/jln6836661203917424823/libnativewindow_awt.jnilib
0x00000001257ce000 	/Library/Java/JavaVirtualMachines/jdk1.8.0_111.jdk/Contents/Home/jre/lib/libjawt.dylib
0x000000014ef91000 	/private/var/folders/99/pp3fz67d34l2n2q9ztrt9jpr0000gn/T/jogamp_0000/file_cache/jln5507158525077214898/jln6836661203917424823/libnativewindow_macosx.jnilib
0x000000014f1ce000 	/private/var/folders/99/pp3fz67d34l2n2q9ztrt9jpr0000gn/T/jogamp_0000/file_cache/jln5507158525077214898/jln6836661203917424823/libjogl_desktop.jnilib
0x000000011ebd9000 	/Library/Java/JavaVirtualMachines/jdk1.8.0_111.jdk/Contents/Home/jre/lib/libsunec.dylib
0x0000000158ddc000 	/Library/Java/JavaVirtualMachines/jdk1.8.0_111.jdk/Contents/Home/jre/lib/libt2k.dylib
0x000000014f7ee000 	/Library/Java/JavaVirtualMachines/jdk1.8.0_111.jdk/Contents/Home/jre/lib/libjpeg.dylib

VM Arguments:
jvm_args: -Djava.security.policy=java.policy.applet -Dfile.encoding=UTF-8 
java_command: sun.applet.AppletViewer module6.EarthquakeCityMap1492715704167.html
java_class_path (initial): /Users/loris/Documents/workspace/UCSD/UCSDUnfoldingMaps/build:/Users/loris/Documents/workspace/UCSD/UCSDUnfoldingMaps/lib/core.jar:/Users/loris/Documents/workspace/UCSD/UCSDUnfoldingMaps/lib/gluegen-rt.jar:/Users/loris/Documents/workspace/UCSD/UCSDUnfoldingMaps/lib/jogl-all.jar:/Users/loris/Documents/workspace/UCSD/UCSDUnfoldingMaps/lib/log4j-1.2.15.jar:/Users/loris/Documents/workspace/UCSD/UCSDUnfoldingMaps/lib/sqlite-jdbc-3.7.2.jar:/Users/loris/Documents/workspace/UCSD/UCSDUnfoldingMaps/lib/json4processing.jar:/Users/loris/Documents/workspace/UCSD/UCSDUnfoldingMaps/lib/libTUIO.jar:/Users/loris/Documents/workspace/UCSD/UCSDUnfoldingMaps/lib/unfolding.0.9.7-uscd.jar
Launcher Type: SUN_STANDARD

Environment Variables:
PATH=/usr/bin:/bin:/usr/sbin:/sbin
SHELL=/bin/bash

Signal Handlers:
SIGSEGV: [libjvm.dylib+0x5b03ed], sa_mask[0]=11111111011111110111111111111111, sa_flags=SA_ONSTACK|SA_RESTART|SA_SIGINFO
SIGBUS: [libjvm.dylib+0x5b03ed], sa_mask[0]=11111111011111110111111111111111, sa_flags=SA_RESTART|SA_SIGINFO
SIGFPE: [libjvm.dylib+0x48711c], sa_mask[0]=11111111011111110111111111111111, sa_flags=SA_RESTART|SA_SIGINFO
SIGPIPE: [libjvm.dylib+0x48711c], sa_mask[0]=11111111011111110111111111111111, sa_flags=SA_RESTART|SA_SIGINFO
SIGXFSZ: [libjvm.dylib+0x48711c], sa_mask[0]=11111111011111110111111111111111, sa_flags=SA_RESTART|SA_SIGINFO
SIGILL: [libjvm.dylib+0x48711c], sa_mask[0]=11111111011111110111111111111111, sa_flags=SA_RESTART|SA_SIGINFO
SIGUSR1: SIG_DFL, sa_mask[0]=00000000000000000000000000000000, sa_flags=none
SIGUSR2: [libjvm.dylib+0x486c3a], sa_mask[0]=00100000000000000000000000000000, sa_flags=SA_RESTART|SA_SIGINFO
SIGHUP: [libjvm.dylib+0x485211], sa_mask[0]=11111111011111110111111111111111, sa_flags=SA_RESTART|SA_SIGINFO
SIGINT: [libjvm.dylib+0x485211], sa_mask[0]=11111111011111110111111111111111, sa_flags=SA_RESTART|SA_SIGINFO
SIGTERM: [libjvm.dylib+0x485211], sa_mask[0]=11111111011111110111111111111111, sa_flags=SA_RESTART|SA_SIGINFO
SIGQUIT: [libjvm.dylib+0x485211], sa_mask[0]=11111111011111110111111111111111, sa_flags=SA_RESTART|SA_SIGINFO


---------------  S Y S T E M  ---------------

OS:Bsduname:Darwin 16.5.0 Darwin Kernel Version 16.5.0: Fri Mar  3 16:52:33 PST 2017; root:xnu-3789.51.2~3/RELEASE_X86_64 x86_64
rlimit: STACK 8192k, CORE 0k, NPROC 709, NOFILE 10240, AS infinity
load average:1.87 1.53 1.50

CPU:total 4 (2 cores per cpu, 2 threads per core) family 6 model 61 stepping 4, cmov, cx8, fxsr, mmx, sse, sse2, sse3, ssse3, sse4.1, sse4.2, popcnt, avx, avx2, aes, clmul, erms, 3dnowpref, lzcnt, ht, tsc, tscinvbit, bmi1, bmi2, adx

Memory: 4k page, physical 8388608k(69548k free)

/proc/meminfo:


vm_info: Java HotSpot(TM) 64-Bit Server VM (25.111-b14) for bsd-amd64 JRE (1.8.0_111-b14), built on Sep 22 2016 15:31:41 by "java_re" with gcc 4.2.1 (Based on Apple Inc. build 5658) (LLVM build 2336.11.00)

time: Thu Apr 20 21:15:19 2017
elapsed time: 15 seconds (0d 0h 0m 15s)

